[2024-05-21T03:35:29.936+0000] {processor.py:161} INFO - Started process (PID=85) to work on /home/airflow/.local/lib/python3.9/site-packages/airflow/example_dags/plugins/event_listener.py
[2024-05-21T03:35:29.938+0000] {processor.py:830} INFO - Processing file /home/airflow/.local/lib/python3.9/site-packages/airflow/example_dags/plugins/event_listener.py for tasks to queue
[2024-05-21T03:35:29.941+0000] {logging_mixin.py:188} INFO - [2024-05-21T03:35:29.940+0000] {dagbag.py:540} INFO - Filling up the DagBag from /home/airflow/.local/lib/python3.9/site-packages/airflow/example_dags/plugins/event_listener.py
[2024-05-21T03:35:29.951+0000] {processor.py:842} WARNING - No viable dags retrieved from /home/airflow/.local/lib/python3.9/site-packages/airflow/example_dags/plugins/event_listener.py
[2024-05-21T03:35:29.966+0000] {processor.py:183} INFO - Processing /home/airflow/.local/lib/python3.9/site-packages/airflow/example_dags/plugins/event_listener.py took 0.033 seconds
[2024-05-21T03:36:09.691+0000] {processor.py:161} INFO - Started process (PID=148) to work on /home/airflow/.local/lib/python3.9/site-packages/airflow/example_dags/plugins/event_listener.py
[2024-05-21T03:36:09.698+0000] {processor.py:830} INFO - Processing file /home/airflow/.local/lib/python3.9/site-packages/airflow/example_dags/plugins/event_listener.py for tasks to queue
[2024-05-21T03:36:09.711+0000] {logging_mixin.py:188} INFO - [2024-05-21T03:36:09.710+0000] {dagbag.py:540} INFO - Filling up the DagBag from /home/airflow/.local/lib/python3.9/site-packages/airflow/example_dags/plugins/event_listener.py
[2024-05-21T03:36:09.721+0000] {processor.py:842} WARNING - No viable dags retrieved from /home/airflow/.local/lib/python3.9/site-packages/airflow/example_dags/plugins/event_listener.py
[2024-05-21T03:36:09.789+0000] {processor.py:183} INFO - Processing /home/airflow/.local/lib/python3.9/site-packages/airflow/example_dags/plugins/event_listener.py took 0.135 seconds
[2024-05-21T03:36:46.896+0000] {processor.py:161} INFO - Started process (PID=205) to work on /home/airflow/.local/lib/python3.9/site-packages/airflow/example_dags/plugins/event_listener.py
[2024-05-21T03:36:46.916+0000] {processor.py:830} INFO - Processing file /home/airflow/.local/lib/python3.9/site-packages/airflow/example_dags/plugins/event_listener.py for tasks to queue
[2024-05-21T03:36:46.919+0000] {logging_mixin.py:188} INFO - [2024-05-21T03:36:46.918+0000] {dagbag.py:540} INFO - Filling up the DagBag from /home/airflow/.local/lib/python3.9/site-packages/airflow/example_dags/plugins/event_listener.py
[2024-05-21T03:36:46.922+0000] {processor.py:842} WARNING - No viable dags retrieved from /home/airflow/.local/lib/python3.9/site-packages/airflow/example_dags/plugins/event_listener.py
[2024-05-21T03:36:46.934+0000] {processor.py:183} INFO - Processing /home/airflow/.local/lib/python3.9/site-packages/airflow/example_dags/plugins/event_listener.py took 0.041 seconds
[2024-05-21T03:37:39.227+0000] {processor.py:161} INFO - Started process (PID=269) to work on /home/airflow/.local/lib/python3.9/site-packages/airflow/example_dags/plugins/event_listener.py
[2024-05-21T03:37:39.228+0000] {processor.py:830} INFO - Processing file /home/airflow/.local/lib/python3.9/site-packages/airflow/example_dags/plugins/event_listener.py for tasks to queue
[2024-05-21T03:37:39.231+0000] {logging_mixin.py:188} INFO - [2024-05-21T03:37:39.230+0000] {dagbag.py:540} INFO - Filling up the DagBag from /home/airflow/.local/lib/python3.9/site-packages/airflow/example_dags/plugins/event_listener.py
[2024-05-21T03:37:39.234+0000] {processor.py:842} WARNING - No viable dags retrieved from /home/airflow/.local/lib/python3.9/site-packages/airflow/example_dags/plugins/event_listener.py
[2024-05-21T03:37:39.249+0000] {processor.py:183} INFO - Processing /home/airflow/.local/lib/python3.9/site-packages/airflow/example_dags/plugins/event_listener.py took 0.026 seconds
[2024-05-21T03:38:34.474+0000] {processor.py:161} INFO - Started process (PID=332) to work on /home/airflow/.local/lib/python3.9/site-packages/airflow/example_dags/plugins/event_listener.py
[2024-05-21T03:38:34.476+0000] {processor.py:830} INFO - Processing file /home/airflow/.local/lib/python3.9/site-packages/airflow/example_dags/plugins/event_listener.py for tasks to queue
[2024-05-21T03:38:34.479+0000] {logging_mixin.py:188} INFO - [2024-05-21T03:38:34.478+0000] {dagbag.py:540} INFO - Filling up the DagBag from /home/airflow/.local/lib/python3.9/site-packages/airflow/example_dags/plugins/event_listener.py
[2024-05-21T03:38:34.482+0000] {processor.py:842} WARNING - No viable dags retrieved from /home/airflow/.local/lib/python3.9/site-packages/airflow/example_dags/plugins/event_listener.py
[2024-05-21T03:38:34.502+0000] {processor.py:183} INFO - Processing /home/airflow/.local/lib/python3.9/site-packages/airflow/example_dags/plugins/event_listener.py took 0.032 seconds
[2024-05-21T03:39:05.905+0000] {processor.py:161} INFO - Started process (PID=398) to work on /home/airflow/.local/lib/python3.9/site-packages/airflow/example_dags/plugins/event_listener.py
[2024-05-21T03:39:05.907+0000] {processor.py:830} INFO - Processing file /home/airflow/.local/lib/python3.9/site-packages/airflow/example_dags/plugins/event_listener.py for tasks to queue
[2024-05-21T03:39:05.910+0000] {logging_mixin.py:188} INFO - [2024-05-21T03:39:05.910+0000] {dagbag.py:540} INFO - Filling up the DagBag from /home/airflow/.local/lib/python3.9/site-packages/airflow/example_dags/plugins/event_listener.py
[2024-05-21T03:39:05.914+0000] {processor.py:842} WARNING - No viable dags retrieved from /home/airflow/.local/lib/python3.9/site-packages/airflow/example_dags/plugins/event_listener.py
[2024-05-21T03:39:05.951+0000] {processor.py:183} INFO - Processing /home/airflow/.local/lib/python3.9/site-packages/airflow/example_dags/plugins/event_listener.py took 0.051 seconds
[2024-05-21T05:48:15.513+0000] {processor.py:161} INFO - Started process (PID=85) to work on /home/airflow/.local/lib/python3.9/site-packages/airflow/example_dags/plugins/event_listener.py
[2024-05-21T05:48:15.514+0000] {processor.py:830} INFO - Processing file /home/airflow/.local/lib/python3.9/site-packages/airflow/example_dags/plugins/event_listener.py for tasks to queue
[2024-05-21T05:48:15.516+0000] {logging_mixin.py:188} INFO - [2024-05-21T05:48:15.515+0000] {dagbag.py:540} INFO - Filling up the DagBag from /home/airflow/.local/lib/python3.9/site-packages/airflow/example_dags/plugins/event_listener.py
[2024-05-21T05:48:15.518+0000] {processor.py:842} WARNING - No viable dags retrieved from /home/airflow/.local/lib/python3.9/site-packages/airflow/example_dags/plugins/event_listener.py
[2024-05-21T05:48:15.530+0000] {processor.py:183} INFO - Processing /home/airflow/.local/lib/python3.9/site-packages/airflow/example_dags/plugins/event_listener.py took 0.020 seconds
[2024-05-21T05:48:46.804+0000] {processor.py:161} INFO - Started process (PID=142) to work on /home/airflow/.local/lib/python3.9/site-packages/airflow/example_dags/plugins/event_listener.py
[2024-05-21T05:48:46.805+0000] {processor.py:830} INFO - Processing file /home/airflow/.local/lib/python3.9/site-packages/airflow/example_dags/plugins/event_listener.py for tasks to queue
[2024-05-21T05:48:46.807+0000] {logging_mixin.py:188} INFO - [2024-05-21T05:48:46.806+0000] {dagbag.py:540} INFO - Filling up the DagBag from /home/airflow/.local/lib/python3.9/site-packages/airflow/example_dags/plugins/event_listener.py
[2024-05-21T05:48:46.809+0000] {processor.py:842} WARNING - No viable dags retrieved from /home/airflow/.local/lib/python3.9/site-packages/airflow/example_dags/plugins/event_listener.py
[2024-05-21T05:48:46.821+0000] {processor.py:183} INFO - Processing /home/airflow/.local/lib/python3.9/site-packages/airflow/example_dags/plugins/event_listener.py took 0.020 seconds
[2024-05-21T05:49:17.239+0000] {processor.py:161} INFO - Started process (PID=199) to work on /home/airflow/.local/lib/python3.9/site-packages/airflow/example_dags/plugins/event_listener.py
[2024-05-21T05:49:17.241+0000] {processor.py:830} INFO - Processing file /home/airflow/.local/lib/python3.9/site-packages/airflow/example_dags/plugins/event_listener.py for tasks to queue
[2024-05-21T05:49:17.242+0000] {logging_mixin.py:188} INFO - [2024-05-21T05:49:17.242+0000] {dagbag.py:540} INFO - Filling up the DagBag from /home/airflow/.local/lib/python3.9/site-packages/airflow/example_dags/plugins/event_listener.py
[2024-05-21T05:49:17.244+0000] {processor.py:842} WARNING - No viable dags retrieved from /home/airflow/.local/lib/python3.9/site-packages/airflow/example_dags/plugins/event_listener.py
[2024-05-21T05:49:17.259+0000] {processor.py:183} INFO - Processing /home/airflow/.local/lib/python3.9/site-packages/airflow/example_dags/plugins/event_listener.py took 0.023 seconds
[2024-05-21T05:49:47.421+0000] {processor.py:161} INFO - Started process (PID=260) to work on /home/airflow/.local/lib/python3.9/site-packages/airflow/example_dags/plugins/event_listener.py
[2024-05-21T05:49:47.422+0000] {processor.py:830} INFO - Processing file /home/airflow/.local/lib/python3.9/site-packages/airflow/example_dags/plugins/event_listener.py for tasks to queue
[2024-05-21T05:49:47.424+0000] {logging_mixin.py:188} INFO - [2024-05-21T05:49:47.424+0000] {dagbag.py:540} INFO - Filling up the DagBag from /home/airflow/.local/lib/python3.9/site-packages/airflow/example_dags/plugins/event_listener.py
[2024-05-21T05:49:47.426+0000] {processor.py:842} WARNING - No viable dags retrieved from /home/airflow/.local/lib/python3.9/site-packages/airflow/example_dags/plugins/event_listener.py
[2024-05-21T05:49:47.438+0000] {processor.py:183} INFO - Processing /home/airflow/.local/lib/python3.9/site-packages/airflow/example_dags/plugins/event_listener.py took 0.020 seconds
[2024-05-21T05:50:18.198+0000] {processor.py:161} INFO - Started process (PID=317) to work on /home/airflow/.local/lib/python3.9/site-packages/airflow/example_dags/plugins/event_listener.py
[2024-05-21T05:50:18.199+0000] {processor.py:830} INFO - Processing file /home/airflow/.local/lib/python3.9/site-packages/airflow/example_dags/plugins/event_listener.py for tasks to queue
[2024-05-21T05:50:18.202+0000] {logging_mixin.py:188} INFO - [2024-05-21T05:50:18.201+0000] {dagbag.py:540} INFO - Filling up the DagBag from /home/airflow/.local/lib/python3.9/site-packages/airflow/example_dags/plugins/event_listener.py
[2024-05-21T05:50:18.204+0000] {processor.py:842} WARNING - No viable dags retrieved from /home/airflow/.local/lib/python3.9/site-packages/airflow/example_dags/plugins/event_listener.py
[2024-05-21T05:50:18.217+0000] {processor.py:183} INFO - Processing /home/airflow/.local/lib/python3.9/site-packages/airflow/example_dags/plugins/event_listener.py took 0.022 seconds
[2024-05-21T05:50:48.737+0000] {processor.py:161} INFO - Started process (PID=378) to work on /home/airflow/.local/lib/python3.9/site-packages/airflow/example_dags/plugins/event_listener.py
[2024-05-21T05:50:48.738+0000] {processor.py:830} INFO - Processing file /home/airflow/.local/lib/python3.9/site-packages/airflow/example_dags/plugins/event_listener.py for tasks to queue
[2024-05-21T05:50:48.740+0000] {logging_mixin.py:188} INFO - [2024-05-21T05:50:48.740+0000] {dagbag.py:540} INFO - Filling up the DagBag from /home/airflow/.local/lib/python3.9/site-packages/airflow/example_dags/plugins/event_listener.py
[2024-05-21T05:50:48.742+0000] {processor.py:842} WARNING - No viable dags retrieved from /home/airflow/.local/lib/python3.9/site-packages/airflow/example_dags/plugins/event_listener.py
[2024-05-21T05:50:48.754+0000] {processor.py:183} INFO - Processing /home/airflow/.local/lib/python3.9/site-packages/airflow/example_dags/plugins/event_listener.py took 0.020 seconds
[2024-05-21T05:51:19.383+0000] {processor.py:161} INFO - Started process (PID=435) to work on /home/airflow/.local/lib/python3.9/site-packages/airflow/example_dags/plugins/event_listener.py
[2024-05-21T05:51:19.384+0000] {processor.py:830} INFO - Processing file /home/airflow/.local/lib/python3.9/site-packages/airflow/example_dags/plugins/event_listener.py for tasks to queue
[2024-05-21T05:51:19.386+0000] {logging_mixin.py:188} INFO - [2024-05-21T05:51:19.386+0000] {dagbag.py:540} INFO - Filling up the DagBag from /home/airflow/.local/lib/python3.9/site-packages/airflow/example_dags/plugins/event_listener.py
[2024-05-21T05:51:19.389+0000] {processor.py:842} WARNING - No viable dags retrieved from /home/airflow/.local/lib/python3.9/site-packages/airflow/example_dags/plugins/event_listener.py
[2024-05-21T05:51:19.401+0000] {processor.py:183} INFO - Processing /home/airflow/.local/lib/python3.9/site-packages/airflow/example_dags/plugins/event_listener.py took 0.020 seconds
[2024-05-21T05:51:50.293+0000] {processor.py:161} INFO - Started process (PID=492) to work on /home/airflow/.local/lib/python3.9/site-packages/airflow/example_dags/plugins/event_listener.py
[2024-05-21T05:51:50.294+0000] {processor.py:830} INFO - Processing file /home/airflow/.local/lib/python3.9/site-packages/airflow/example_dags/plugins/event_listener.py for tasks to queue
[2024-05-21T05:51:50.296+0000] {logging_mixin.py:188} INFO - [2024-05-21T05:51:50.296+0000] {dagbag.py:540} INFO - Filling up the DagBag from /home/airflow/.local/lib/python3.9/site-packages/airflow/example_dags/plugins/event_listener.py
[2024-05-21T05:51:50.298+0000] {processor.py:842} WARNING - No viable dags retrieved from /home/airflow/.local/lib/python3.9/site-packages/airflow/example_dags/plugins/event_listener.py
[2024-05-21T05:51:50.309+0000] {processor.py:183} INFO - Processing /home/airflow/.local/lib/python3.9/site-packages/airflow/example_dags/plugins/event_listener.py took 0.018 seconds
