[2024-05-21T03:35:30.018+0000] {processor.py:161} INFO - Started process (PID=86) to work on /home/airflow/.local/lib/python3.9/site-packages/airflow/example_dags/plugins/workday.py
[2024-05-21T03:35:30.020+0000] {processor.py:830} INFO - Processing file /home/airflow/.local/lib/python3.9/site-packages/airflow/example_dags/plugins/workday.py for tasks to queue
[2024-05-21T03:35:30.022+0000] {logging_mixin.py:188} INFO - [2024-05-21T03:35:30.022+0000] {dagbag.py:540} INFO - Filling up the DagBag from /home/airflow/.local/lib/python3.9/site-packages/airflow/example_dags/plugins/workday.py
[2024-05-21T03:35:30.391+0000] {processor.py:842} WARNING - No viable dags retrieved from /home/airflow/.local/lib/python3.9/site-packages/airflow/example_dags/plugins/workday.py
[2024-05-21T03:35:30.404+0000] {processor.py:183} INFO - Processing /home/airflow/.local/lib/python3.9/site-packages/airflow/example_dags/plugins/workday.py took 0.389 seconds
[2024-05-21T03:36:09.802+0000] {processor.py:161} INFO - Started process (PID=149) to work on /home/airflow/.local/lib/python3.9/site-packages/airflow/example_dags/plugins/workday.py
[2024-05-21T03:36:09.803+0000] {processor.py:830} INFO - Processing file /home/airflow/.local/lib/python3.9/site-packages/airflow/example_dags/plugins/workday.py for tasks to queue
[2024-05-21T03:36:09.806+0000] {logging_mixin.py:188} INFO - [2024-05-21T03:36:09.805+0000] {dagbag.py:540} INFO - Filling up the DagBag from /home/airflow/.local/lib/python3.9/site-packages/airflow/example_dags/plugins/workday.py
[2024-05-21T03:36:14.719+0000] {processor.py:842} WARNING - No viable dags retrieved from /home/airflow/.local/lib/python3.9/site-packages/airflow/example_dags/plugins/workday.py
[2024-05-21T03:36:14.735+0000] {processor.py:183} INFO - Processing /home/airflow/.local/lib/python3.9/site-packages/airflow/example_dags/plugins/workday.py took 4.936 seconds
[2024-05-21T03:36:47.115+0000] {processor.py:161} INFO - Started process (PID=207) to work on /home/airflow/.local/lib/python3.9/site-packages/airflow/example_dags/plugins/workday.py
[2024-05-21T03:36:47.136+0000] {processor.py:830} INFO - Processing file /home/airflow/.local/lib/python3.9/site-packages/airflow/example_dags/plugins/workday.py for tasks to queue
[2024-05-21T03:36:47.140+0000] {logging_mixin.py:188} INFO - [2024-05-21T03:36:47.139+0000] {dagbag.py:540} INFO - Filling up the DagBag from /home/airflow/.local/lib/python3.9/site-packages/airflow/example_dags/plugins/workday.py
[2024-05-21T03:36:49.431+0000] {processor.py:842} WARNING - No viable dags retrieved from /home/airflow/.local/lib/python3.9/site-packages/airflow/example_dags/plugins/workday.py
[2024-05-21T03:36:49.511+0000] {processor.py:183} INFO - Processing /home/airflow/.local/lib/python3.9/site-packages/airflow/example_dags/plugins/workday.py took 2.400 seconds
[2024-05-21T03:37:39.260+0000] {processor.py:161} INFO - Started process (PID=270) to work on /home/airflow/.local/lib/python3.9/site-packages/airflow/example_dags/plugins/workday.py
[2024-05-21T03:37:39.261+0000] {processor.py:830} INFO - Processing file /home/airflow/.local/lib/python3.9/site-packages/airflow/example_dags/plugins/workday.py for tasks to queue
[2024-05-21T03:37:39.264+0000] {logging_mixin.py:188} INFO - [2024-05-21T03:37:39.263+0000] {dagbag.py:540} INFO - Filling up the DagBag from /home/airflow/.local/lib/python3.9/site-packages/airflow/example_dags/plugins/workday.py
[2024-05-21T03:37:41.172+0000] {processor.py:842} WARNING - No viable dags retrieved from /home/airflow/.local/lib/python3.9/site-packages/airflow/example_dags/plugins/workday.py
[2024-05-21T03:37:41.209+0000] {processor.py:183} INFO - Processing /home/airflow/.local/lib/python3.9/site-packages/airflow/example_dags/plugins/workday.py took 1.952 seconds
[2024-05-21T03:38:34.509+0000] {processor.py:161} INFO - Started process (PID=333) to work on /home/airflow/.local/lib/python3.9/site-packages/airflow/example_dags/plugins/workday.py
[2024-05-21T03:38:34.511+0000] {processor.py:830} INFO - Processing file /home/airflow/.local/lib/python3.9/site-packages/airflow/example_dags/plugins/workday.py for tasks to queue
[2024-05-21T03:38:34.514+0000] {logging_mixin.py:188} INFO - [2024-05-21T03:38:34.513+0000] {dagbag.py:540} INFO - Filling up the DagBag from /home/airflow/.local/lib/python3.9/site-packages/airflow/example_dags/plugins/workday.py
[2024-05-21T03:38:36.352+0000] {processor.py:842} WARNING - No viable dags retrieved from /home/airflow/.local/lib/python3.9/site-packages/airflow/example_dags/plugins/workday.py
[2024-05-21T03:38:36.458+0000] {processor.py:183} INFO - Processing /home/airflow/.local/lib/python3.9/site-packages/airflow/example_dags/plugins/workday.py took 1.952 seconds
[2024-05-21T03:39:08.125+0000] {processor.py:161} INFO - Started process (PID=406) to work on /home/airflow/.local/lib/python3.9/site-packages/airflow/example_dags/plugins/workday.py
[2024-05-21T03:39:08.127+0000] {processor.py:830} INFO - Processing file /home/airflow/.local/lib/python3.9/site-packages/airflow/example_dags/plugins/workday.py for tasks to queue
[2024-05-21T03:39:08.146+0000] {logging_mixin.py:188} INFO - [2024-05-21T03:39:08.142+0000] {dagbag.py:540} INFO - Filling up the DagBag from /home/airflow/.local/lib/python3.9/site-packages/airflow/example_dags/plugins/workday.py
[2024-05-21T03:39:09.018+0000] {processor.py:842} WARNING - No viable dags retrieved from /home/airflow/.local/lib/python3.9/site-packages/airflow/example_dags/plugins/workday.py
[2024-05-21T03:39:09.082+0000] {processor.py:183} INFO - Processing /home/airflow/.local/lib/python3.9/site-packages/airflow/example_dags/plugins/workday.py took 0.966 seconds
[2024-05-21T05:48:15.571+0000] {processor.py:161} INFO - Started process (PID=86) to work on /home/airflow/.local/lib/python3.9/site-packages/airflow/example_dags/plugins/workday.py
[2024-05-21T05:48:15.573+0000] {processor.py:830} INFO - Processing file /home/airflow/.local/lib/python3.9/site-packages/airflow/example_dags/plugins/workday.py for tasks to queue
[2024-05-21T05:48:15.574+0000] {logging_mixin.py:188} INFO - [2024-05-21T05:48:15.574+0000] {dagbag.py:540} INFO - Filling up the DagBag from /home/airflow/.local/lib/python3.9/site-packages/airflow/example_dags/plugins/workday.py
[2024-05-21T05:48:15.778+0000] {processor.py:842} WARNING - No viable dags retrieved from /home/airflow/.local/lib/python3.9/site-packages/airflow/example_dags/plugins/workday.py
[2024-05-21T05:48:15.790+0000] {processor.py:183} INFO - Processing /home/airflow/.local/lib/python3.9/site-packages/airflow/example_dags/plugins/workday.py took 0.222 seconds
[2024-05-21T05:48:46.891+0000] {processor.py:161} INFO - Started process (PID=144) to work on /home/airflow/.local/lib/python3.9/site-packages/airflow/example_dags/plugins/workday.py
[2024-05-21T05:48:46.892+0000] {processor.py:830} INFO - Processing file /home/airflow/.local/lib/python3.9/site-packages/airflow/example_dags/plugins/workday.py for tasks to queue
[2024-05-21T05:48:46.894+0000] {logging_mixin.py:188} INFO - [2024-05-21T05:48:46.894+0000] {dagbag.py:540} INFO - Filling up the DagBag from /home/airflow/.local/lib/python3.9/site-packages/airflow/example_dags/plugins/workday.py
[2024-05-21T05:48:47.092+0000] {processor.py:842} WARNING - No viable dags retrieved from /home/airflow/.local/lib/python3.9/site-packages/airflow/example_dags/plugins/workday.py
[2024-05-21T05:48:47.102+0000] {processor.py:183} INFO - Processing /home/airflow/.local/lib/python3.9/site-packages/airflow/example_dags/plugins/workday.py took 0.213 seconds
[2024-05-21T05:49:17.262+0000] {processor.py:161} INFO - Started process (PID=200) to work on /home/airflow/.local/lib/python3.9/site-packages/airflow/example_dags/plugins/workday.py
[2024-05-21T05:49:17.263+0000] {processor.py:830} INFO - Processing file /home/airflow/.local/lib/python3.9/site-packages/airflow/example_dags/plugins/workday.py for tasks to queue
[2024-05-21T05:49:17.265+0000] {logging_mixin.py:188} INFO - [2024-05-21T05:49:17.265+0000] {dagbag.py:540} INFO - Filling up the DagBag from /home/airflow/.local/lib/python3.9/site-packages/airflow/example_dags/plugins/workday.py
[2024-05-21T05:49:17.469+0000] {processor.py:842} WARNING - No viable dags retrieved from /home/airflow/.local/lib/python3.9/site-packages/airflow/example_dags/plugins/workday.py
[2024-05-21T05:49:17.481+0000] {processor.py:183} INFO - Processing /home/airflow/.local/lib/python3.9/site-packages/airflow/example_dags/plugins/workday.py took 0.222 seconds
[2024-05-21T05:49:47.540+0000] {processor.py:161} INFO - Started process (PID=262) to work on /home/airflow/.local/lib/python3.9/site-packages/airflow/example_dags/plugins/workday.py
[2024-05-21T05:49:47.542+0000] {processor.py:830} INFO - Processing file /home/airflow/.local/lib/python3.9/site-packages/airflow/example_dags/plugins/workday.py for tasks to queue
[2024-05-21T05:49:47.543+0000] {logging_mixin.py:188} INFO - [2024-05-21T05:49:47.543+0000] {dagbag.py:540} INFO - Filling up the DagBag from /home/airflow/.local/lib/python3.9/site-packages/airflow/example_dags/plugins/workday.py
[2024-05-21T05:49:47.757+0000] {processor.py:842} WARNING - No viable dags retrieved from /home/airflow/.local/lib/python3.9/site-packages/airflow/example_dags/plugins/workday.py
[2024-05-21T05:49:47.770+0000] {processor.py:183} INFO - Processing /home/airflow/.local/lib/python3.9/site-packages/airflow/example_dags/plugins/workday.py took 0.233 seconds
[2024-05-21T05:50:18.249+0000] {processor.py:161} INFO - Started process (PID=319) to work on /home/airflow/.local/lib/python3.9/site-packages/airflow/example_dags/plugins/workday.py
[2024-05-21T05:50:18.250+0000] {processor.py:830} INFO - Processing file /home/airflow/.local/lib/python3.9/site-packages/airflow/example_dags/plugins/workday.py for tasks to queue
[2024-05-21T05:50:18.252+0000] {logging_mixin.py:188} INFO - [2024-05-21T05:50:18.252+0000] {dagbag.py:540} INFO - Filling up the DagBag from /home/airflow/.local/lib/python3.9/site-packages/airflow/example_dags/plugins/workday.py
[2024-05-21T05:50:18.579+0000] {processor.py:842} WARNING - No viable dags retrieved from /home/airflow/.local/lib/python3.9/site-packages/airflow/example_dags/plugins/workday.py
[2024-05-21T05:50:18.590+0000] {processor.py:183} INFO - Processing /home/airflow/.local/lib/python3.9/site-packages/airflow/example_dags/plugins/workday.py took 0.345 seconds
[2024-05-21T05:50:48.840+0000] {processor.py:161} INFO - Started process (PID=380) to work on /home/airflow/.local/lib/python3.9/site-packages/airflow/example_dags/plugins/workday.py
[2024-05-21T05:50:48.841+0000] {processor.py:830} INFO - Processing file /home/airflow/.local/lib/python3.9/site-packages/airflow/example_dags/plugins/workday.py for tasks to queue
[2024-05-21T05:50:48.843+0000] {logging_mixin.py:188} INFO - [2024-05-21T05:50:48.843+0000] {dagbag.py:540} INFO - Filling up the DagBag from /home/airflow/.local/lib/python3.9/site-packages/airflow/example_dags/plugins/workday.py
[2024-05-21T05:50:49.187+0000] {processor.py:842} WARNING - No viable dags retrieved from /home/airflow/.local/lib/python3.9/site-packages/airflow/example_dags/plugins/workday.py
[2024-05-21T05:50:49.201+0000] {processor.py:183} INFO - Processing /home/airflow/.local/lib/python3.9/site-packages/airflow/example_dags/plugins/workday.py took 0.364 seconds
[2024-05-21T05:51:19.431+0000] {processor.py:161} INFO - Started process (PID=437) to work on /home/airflow/.local/lib/python3.9/site-packages/airflow/example_dags/plugins/workday.py
[2024-05-21T05:51:19.433+0000] {processor.py:830} INFO - Processing file /home/airflow/.local/lib/python3.9/site-packages/airflow/example_dags/plugins/workday.py for tasks to queue
[2024-05-21T05:51:19.434+0000] {logging_mixin.py:188} INFO - [2024-05-21T05:51:19.434+0000] {dagbag.py:540} INFO - Filling up the DagBag from /home/airflow/.local/lib/python3.9/site-packages/airflow/example_dags/plugins/workday.py
[2024-05-21T05:51:19.748+0000] {processor.py:842} WARNING - No viable dags retrieved from /home/airflow/.local/lib/python3.9/site-packages/airflow/example_dags/plugins/workday.py
[2024-05-21T05:51:19.759+0000] {processor.py:183} INFO - Processing /home/airflow/.local/lib/python3.9/site-packages/airflow/example_dags/plugins/workday.py took 0.330 seconds
[2024-05-21T05:51:50.340+0000] {processor.py:161} INFO - Started process (PID=494) to work on /home/airflow/.local/lib/python3.9/site-packages/airflow/example_dags/plugins/workday.py
[2024-05-21T05:51:50.341+0000] {processor.py:830} INFO - Processing file /home/airflow/.local/lib/python3.9/site-packages/airflow/example_dags/plugins/workday.py for tasks to queue
[2024-05-21T05:51:50.343+0000] {logging_mixin.py:188} INFO - [2024-05-21T05:51:50.343+0000] {dagbag.py:540} INFO - Filling up the DagBag from /home/airflow/.local/lib/python3.9/site-packages/airflow/example_dags/plugins/workday.py
[2024-05-21T05:51:50.644+0000] {processor.py:842} WARNING - No viable dags retrieved from /home/airflow/.local/lib/python3.9/site-packages/airflow/example_dags/plugins/workday.py
[2024-05-21T05:51:50.656+0000] {processor.py:183} INFO - Processing /home/airflow/.local/lib/python3.9/site-packages/airflow/example_dags/plugins/workday.py took 0.318 seconds
