[2024-05-21T03:35:22.780+0000] {processor.py:161} INFO - Started process (PID=38) to work on /opt/airflow/dags/dag_decorators.py
[2024-05-21T03:35:22.787+0000] {processor.py:830} INFO - Processing file /opt/airflow/dags/dag_decorators.py for tasks to queue
[2024-05-21T03:35:22.788+0000] {logging_mixin.py:188} INFO - [2024-05-21T03:35:22.788+0000] {dagbag.py:540} INFO - Filling up the DagBag from /opt/airflow/dags/dag_decorators.py
[2024-05-21T03:35:24.039+0000] {processor.py:840} INFO - DAG(s) 'data_merging_etl_dag' retrieved from /opt/airflow/dags/dag_decorators.py
[2024-05-21T03:35:24.417+0000] {logging_mixin.py:188} INFO - [2024-05-21T03:35:24.416+0000] {override.py:1769} INFO - Created Permission View: can delete on DAG:data_merging_etl_dag
[2024-05-21T03:35:24.461+0000] {logging_mixin.py:188} INFO - [2024-05-21T03:35:24.460+0000] {override.py:1769} INFO - Created Permission View: can edit on DAG:data_merging_etl_dag
[2024-05-21T03:35:24.538+0000] {logging_mixin.py:188} INFO - [2024-05-21T03:35:24.538+0000] {override.py:1769} INFO - Created Permission View: can read on DAG:data_merging_etl_dag
[2024-05-21T03:35:24.540+0000] {logging_mixin.py:188} INFO - [2024-05-21T03:35:24.539+0000] {dag.py:3047} INFO - Sync 1 DAGs
[2024-05-21T03:35:24.563+0000] {logging_mixin.py:188} INFO - [2024-05-21T03:35:24.563+0000] {dag.py:3069} INFO - Creating ORM DAG for data_merging_etl_dag
[2024-05-21T03:35:24.575+0000] {logging_mixin.py:188} INFO - [2024-05-21T03:35:24.575+0000] {dag.py:3834} INFO - Setting next_dagrun for data_merging_etl_dag to 2024-05-20 00:00:00+00:00, run_after=2024-05-21 00:00:00+00:00
[2024-05-21T03:35:24.645+0000] {processor.py:183} INFO - Processing /opt/airflow/dags/dag_decorators.py took 1.872 seconds
[2024-05-21T03:35:57.045+0000] {processor.py:161} INFO - Started process (PID=99) to work on /opt/airflow/dags/dag_decorators.py
[2024-05-21T03:35:57.095+0000] {processor.py:830} INFO - Processing file /opt/airflow/dags/dag_decorators.py for tasks to queue
[2024-05-21T03:35:57.098+0000] {logging_mixin.py:188} INFO - [2024-05-21T03:35:57.098+0000] {dagbag.py:540} INFO - Filling up the DagBag from /opt/airflow/dags/dag_decorators.py
[2024-05-21T03:36:05.187+0000] {processor.py:840} INFO - DAG(s) 'data_merging_etl_dag' retrieved from /opt/airflow/dags/dag_decorators.py
[2024-05-21T03:36:05.354+0000] {logging_mixin.py:188} INFO - [2024-05-21T03:36:05.354+0000] {dag.py:3047} INFO - Sync 1 DAGs
[2024-05-21T03:36:05.445+0000] {logging_mixin.py:188} INFO - [2024-05-21T03:36:05.445+0000] {dag.py:3834} INFO - Setting next_dagrun for data_merging_etl_dag to 2024-05-20 00:00:00+00:00, run_after=2024-05-21 00:00:00+00:00
[2024-05-21T03:36:05.478+0000] {processor.py:183} INFO - Processing /opt/airflow/dags/dag_decorators.py took 8.437 seconds
[2024-05-21T03:36:36.321+0000] {processor.py:161} INFO - Started process (PID=160) to work on /opt/airflow/dags/dag_decorators.py
[2024-05-21T03:36:36.322+0000] {processor.py:830} INFO - Processing file /opt/airflow/dags/dag_decorators.py for tasks to queue
[2024-05-21T03:36:36.324+0000] {logging_mixin.py:188} INFO - [2024-05-21T03:36:36.324+0000] {dagbag.py:540} INFO - Filling up the DagBag from /opt/airflow/dags/dag_decorators.py
[2024-05-21T03:36:37.545+0000] {processor.py:840} INFO - DAG(s) 'data_merging_etl_dag' retrieved from /opt/airflow/dags/dag_decorators.py
[2024-05-21T03:36:37.589+0000] {logging_mixin.py:188} INFO - [2024-05-21T03:36:37.589+0000] {dag.py:3047} INFO - Sync 1 DAGs
[2024-05-21T03:36:37.609+0000] {logging_mixin.py:188} INFO - [2024-05-21T03:36:37.609+0000] {dag.py:3834} INFO - Setting next_dagrun for data_merging_etl_dag to 2024-05-20 00:00:00+00:00, run_after=2024-05-21 00:00:00+00:00
[2024-05-21T03:36:37.657+0000] {processor.py:183} INFO - Processing /opt/airflow/dags/dag_decorators.py took 1.388 seconds
[2024-05-21T03:37:32.255+0000] {processor.py:161} INFO - Started process (PID=226) to work on /opt/airflow/dags/dag_decorators.py
[2024-05-21T03:37:32.257+0000] {processor.py:830} INFO - Processing file /opt/airflow/dags/dag_decorators.py for tasks to queue
[2024-05-21T03:37:32.262+0000] {logging_mixin.py:188} INFO - [2024-05-21T03:37:32.261+0000] {dagbag.py:540} INFO - Filling up the DagBag from /opt/airflow/dags/dag_decorators.py
[2024-05-21T03:37:33.724+0000] {processor.py:840} INFO - DAG(s) 'data_merging_etl_dag' retrieved from /opt/airflow/dags/dag_decorators.py
[2024-05-21T03:37:33.754+0000] {logging_mixin.py:188} INFO - [2024-05-21T03:37:33.753+0000] {dag.py:3047} INFO - Sync 1 DAGs
[2024-05-21T03:37:33.786+0000] {logging_mixin.py:188} INFO - [2024-05-21T03:37:33.785+0000] {dag.py:3834} INFO - Setting next_dagrun for data_merging_etl_dag to 2024-05-21 00:00:00+00:00, run_after=2024-05-22 00:00:00+00:00
[2024-05-21T03:37:33.818+0000] {processor.py:183} INFO - Processing /opt/airflow/dags/dag_decorators.py took 1.571 seconds
[2024-05-21T03:38:04.244+0000] {processor.py:161} INFO - Started process (PID=284) to work on /opt/airflow/dags/dag_decorators.py
[2024-05-21T03:38:04.246+0000] {processor.py:830} INFO - Processing file /opt/airflow/dags/dag_decorators.py for tasks to queue
[2024-05-21T03:38:04.250+0000] {logging_mixin.py:188} INFO - [2024-05-21T03:38:04.250+0000] {dagbag.py:540} INFO - Filling up the DagBag from /opt/airflow/dags/dag_decorators.py
[2024-05-21T03:38:11.347+0000] {processor.py:840} INFO - DAG(s) 'data_merging_etl_dag' retrieved from /opt/airflow/dags/dag_decorators.py
[2024-05-21T03:38:12.971+0000] {logging_mixin.py:188} INFO - [2024-05-21T03:38:12.940+0000] {dag.py:3047} INFO - Sync 1 DAGs
[2024-05-21T03:38:13.164+0000] {logging_mixin.py:188} INFO - [2024-05-21T03:38:13.163+0000] {dag.py:3834} INFO - Setting next_dagrun for data_merging_etl_dag to 2024-05-21 00:00:00+00:00, run_after=2024-05-22 00:00:00+00:00
[2024-05-21T03:38:13.316+0000] {processor.py:183} INFO - Processing /opt/airflow/dags/dag_decorators.py took 9.076 seconds
[2024-05-21T03:38:43.734+0000] {processor.py:161} INFO - Started process (PID=346) to work on /opt/airflow/dags/dag_decorators.py
[2024-05-21T03:38:43.754+0000] {processor.py:830} INFO - Processing file /opt/airflow/dags/dag_decorators.py for tasks to queue
[2024-05-21T03:38:43.757+0000] {logging_mixin.py:188} INFO - [2024-05-21T03:38:43.756+0000] {dagbag.py:540} INFO - Filling up the DagBag from /opt/airflow/dags/dag_decorators.py
[2024-05-21T03:38:46.970+0000] {processor.py:840} INFO - DAG(s) 'data_merging_etl_dag' retrieved from /opt/airflow/dags/dag_decorators.py
[2024-05-21T03:38:47.041+0000] {logging_mixin.py:188} INFO - [2024-05-21T03:38:47.039+0000] {dag.py:3047} INFO - Sync 1 DAGs
[2024-05-21T03:38:47.177+0000] {logging_mixin.py:188} INFO - [2024-05-21T03:38:47.176+0000] {dag.py:3834} INFO - Setting next_dagrun for data_merging_etl_dag to 2024-05-21 00:00:00+00:00, run_after=2024-05-22 00:00:00+00:00
[2024-05-21T03:38:47.226+0000] {processor.py:183} INFO - Processing /opt/airflow/dags/dag_decorators.py took 3.495 seconds
[2024-05-21T03:39:19.830+0000] {processor.py:161} INFO - Started process (PID=412) to work on /opt/airflow/dags/dag_decorators.py
[2024-05-21T03:39:19.852+0000] {processor.py:830} INFO - Processing file /opt/airflow/dags/dag_decorators.py for tasks to queue
[2024-05-21T03:39:19.855+0000] {logging_mixin.py:188} INFO - [2024-05-21T03:39:19.855+0000] {dagbag.py:540} INFO - Filling up the DagBag from /opt/airflow/dags/dag_decorators.py
[2024-05-21T03:39:21.318+0000] {processor.py:840} INFO - DAG(s) 'data_merging_etl_dag' retrieved from /opt/airflow/dags/dag_decorators.py
[2024-05-21T03:39:21.458+0000] {logging_mixin.py:188} INFO - [2024-05-21T03:39:21.457+0000] {dag.py:3047} INFO - Sync 1 DAGs
[2024-05-21T03:39:21.479+0000] {logging_mixin.py:188} INFO - [2024-05-21T03:39:21.479+0000] {dag.py:3834} INFO - Setting next_dagrun for data_merging_etl_dag to 2024-05-21 00:00:00+00:00, run_after=2024-05-22 00:00:00+00:00
[2024-05-21T03:39:22.217+0000] {processor.py:183} INFO - Processing /opt/airflow/dags/dag_decorators.py took 2.389 seconds
[2024-05-21T05:48:12.235+0000] {processor.py:161} INFO - Started process (PID=38) to work on /opt/airflow/dags/dag_decorators.py
[2024-05-21T05:48:12.242+0000] {processor.py:830} INFO - Processing file /opt/airflow/dags/dag_decorators.py for tasks to queue
[2024-05-21T05:48:12.252+0000] {logging_mixin.py:188} INFO - [2024-05-21T05:48:12.252+0000] {dagbag.py:540} INFO - Filling up the DagBag from /opt/airflow/dags/dag_decorators.py
[2024-05-21T05:48:13.069+0000] {processor.py:840} INFO - DAG(s) 'data_merging_etl_dag' retrieved from /opt/airflow/dags/dag_decorators.py
[2024-05-21T05:48:13.344+0000] {logging_mixin.py:188} INFO - [2024-05-21T05:48:13.344+0000] {dag.py:3047} INFO - Sync 1 DAGs
[2024-05-21T05:48:13.359+0000] {logging_mixin.py:188} INFO - [2024-05-21T05:48:13.359+0000] {dag.py:3834} INFO - Setting next_dagrun for data_merging_etl_dag to 2024-05-21 00:00:00+00:00, run_after=2024-05-22 00:00:00+00:00
[2024-05-21T05:48:13.386+0000] {processor.py:183} INFO - Processing /opt/airflow/dags/dag_decorators.py took 1.179 seconds
[2024-05-21T05:48:43.627+0000] {processor.py:161} INFO - Started process (PID=99) to work on /opt/airflow/dags/dag_decorators.py
[2024-05-21T05:48:43.628+0000] {processor.py:830} INFO - Processing file /opt/airflow/dags/dag_decorators.py for tasks to queue
[2024-05-21T05:48:43.630+0000] {logging_mixin.py:188} INFO - [2024-05-21T05:48:43.630+0000] {dagbag.py:540} INFO - Filling up the DagBag from /opt/airflow/dags/dag_decorators.py
[2024-05-21T05:48:43.893+0000] {processor.py:840} INFO - DAG(s) 'data_merging_etl_dag' retrieved from /opt/airflow/dags/dag_decorators.py
[2024-05-21T05:48:43.918+0000] {logging_mixin.py:188} INFO - [2024-05-21T05:48:43.917+0000] {dag.py:3047} INFO - Sync 1 DAGs
[2024-05-21T05:48:44.037+0000] {logging_mixin.py:188} INFO - [2024-05-21T05:48:44.037+0000] {dag.py:3834} INFO - Setting next_dagrun for data_merging_etl_dag to 2024-05-21 00:00:00+00:00, run_after=2024-05-22 00:00:00+00:00
[2024-05-21T05:48:44.056+0000] {processor.py:183} INFO - Processing /opt/airflow/dags/dag_decorators.py took 0.431 seconds
[2024-05-21T05:49:14.214+0000] {processor.py:161} INFO - Started process (PID=154) to work on /opt/airflow/dags/dag_decorators.py
[2024-05-21T05:49:14.215+0000] {processor.py:830} INFO - Processing file /opt/airflow/dags/dag_decorators.py for tasks to queue
[2024-05-21T05:49:14.217+0000] {logging_mixin.py:188} INFO - [2024-05-21T05:49:14.216+0000] {dagbag.py:540} INFO - Filling up the DagBag from /opt/airflow/dags/dag_decorators.py
[2024-05-21T05:49:14.557+0000] {processor.py:840} INFO - DAG(s) 'data_merging_etl_dag' retrieved from /opt/airflow/dags/dag_decorators.py
[2024-05-21T05:49:14.573+0000] {logging_mixin.py:188} INFO - [2024-05-21T05:49:14.572+0000] {dag.py:3047} INFO - Sync 1 DAGs
[2024-05-21T05:49:14.588+0000] {logging_mixin.py:188} INFO - [2024-05-21T05:49:14.588+0000] {dag.py:3834} INFO - Setting next_dagrun for data_merging_etl_dag to 2024-05-21 00:00:00+00:00, run_after=2024-05-22 00:00:00+00:00
[2024-05-21T05:49:14.607+0000] {processor.py:183} INFO - Processing /opt/airflow/dags/dag_decorators.py took 0.396 seconds
[2024-05-21T05:49:44.843+0000] {processor.py:161} INFO - Started process (PID=218) to work on /opt/airflow/dags/dag_decorators.py
[2024-05-21T05:49:44.844+0000] {processor.py:830} INFO - Processing file /opt/airflow/dags/dag_decorators.py for tasks to queue
[2024-05-21T05:49:44.847+0000] {logging_mixin.py:188} INFO - [2024-05-21T05:49:44.846+0000] {dagbag.py:540} INFO - Filling up the DagBag from /opt/airflow/dags/dag_decorators.py
[2024-05-21T05:49:45.216+0000] {processor.py:840} INFO - DAG(s) 'data_merging_etl_dag' retrieved from /opt/airflow/dags/dag_decorators.py
[2024-05-21T05:49:45.232+0000] {logging_mixin.py:188} INFO - [2024-05-21T05:49:45.232+0000] {dag.py:3047} INFO - Sync 1 DAGs
[2024-05-21T05:49:45.249+0000] {logging_mixin.py:188} INFO - [2024-05-21T05:49:45.249+0000] {dag.py:3834} INFO - Setting next_dagrun for data_merging_etl_dag to 2024-05-21 00:00:00+00:00, run_after=2024-05-22 00:00:00+00:00
[2024-05-21T05:49:45.267+0000] {processor.py:183} INFO - Processing /opt/airflow/dags/dag_decorators.py took 0.426 seconds
[2024-05-21T05:50:15.985+0000] {processor.py:161} INFO - Started process (PID=275) to work on /opt/airflow/dags/dag_decorators.py
[2024-05-21T05:50:15.986+0000] {processor.py:830} INFO - Processing file /opt/airflow/dags/dag_decorators.py for tasks to queue
[2024-05-21T05:50:15.988+0000] {logging_mixin.py:188} INFO - [2024-05-21T05:50:15.988+0000] {dagbag.py:540} INFO - Filling up the DagBag from /opt/airflow/dags/dag_decorators.py
[2024-05-21T05:50:16.285+0000] {processor.py:840} INFO - DAG(s) 'data_merging_etl_dag' retrieved from /opt/airflow/dags/dag_decorators.py
[2024-05-21T05:50:16.422+0000] {logging_mixin.py:188} INFO - [2024-05-21T05:50:16.422+0000] {dag.py:3047} INFO - Sync 1 DAGs
[2024-05-21T05:50:16.439+0000] {logging_mixin.py:188} INFO - [2024-05-21T05:50:16.439+0000] {dag.py:3834} INFO - Setting next_dagrun for data_merging_etl_dag to 2024-05-21 00:00:00+00:00, run_after=2024-05-22 00:00:00+00:00
[2024-05-21T05:50:16.457+0000] {processor.py:183} INFO - Processing /opt/airflow/dags/dag_decorators.py took 0.475 seconds
[2024-05-21T05:50:46.742+0000] {processor.py:161} INFO - Started process (PID=336) to work on /opt/airflow/dags/dag_decorators.py
[2024-05-21T05:50:46.743+0000] {processor.py:830} INFO - Processing file /opt/airflow/dags/dag_decorators.py for tasks to queue
[2024-05-21T05:50:46.745+0000] {logging_mixin.py:188} INFO - [2024-05-21T05:50:46.745+0000] {dagbag.py:540} INFO - Filling up the DagBag from /opt/airflow/dags/dag_decorators.py
[2024-05-21T05:50:47.098+0000] {processor.py:840} INFO - DAG(s) 'data_merging_etl_dag' retrieved from /opt/airflow/dags/dag_decorators.py
[2024-05-21T05:50:47.113+0000] {logging_mixin.py:188} INFO - [2024-05-21T05:50:47.112+0000] {dag.py:3047} INFO - Sync 1 DAGs
[2024-05-21T05:50:47.127+0000] {logging_mixin.py:188} INFO - [2024-05-21T05:50:47.127+0000] {dag.py:3834} INFO - Setting next_dagrun for data_merging_etl_dag to 2024-05-21 00:00:00+00:00, run_after=2024-05-22 00:00:00+00:00
[2024-05-21T05:50:47.144+0000] {processor.py:183} INFO - Processing /opt/airflow/dags/dag_decorators.py took 0.405 seconds
[2024-05-21T05:51:17.300+0000] {processor.py:161} INFO - Started process (PID=393) to work on /opt/airflow/dags/dag_decorators.py
[2024-05-21T05:51:17.301+0000] {processor.py:830} INFO - Processing file /opt/airflow/dags/dag_decorators.py for tasks to queue
[2024-05-21T05:51:17.302+0000] {logging_mixin.py:188} INFO - [2024-05-21T05:51:17.302+0000] {dagbag.py:540} INFO - Filling up the DagBag from /opt/airflow/dags/dag_decorators.py
[2024-05-21T05:51:17.701+0000] {processor.py:840} INFO - DAG(s) 'data_merging_etl_dag' retrieved from /opt/airflow/dags/dag_decorators.py
[2024-05-21T05:51:17.715+0000] {logging_mixin.py:188} INFO - [2024-05-21T05:51:17.715+0000] {dag.py:3047} INFO - Sync 1 DAGs
[2024-05-21T05:51:17.732+0000] {logging_mixin.py:188} INFO - [2024-05-21T05:51:17.732+0000] {dag.py:3834} INFO - Setting next_dagrun for data_merging_etl_dag to 2024-05-21 00:00:00+00:00, run_after=2024-05-22 00:00:00+00:00
[2024-05-21T05:51:17.747+0000] {processor.py:183} INFO - Processing /opt/airflow/dags/dag_decorators.py took 0.450 seconds
[2024-05-21T05:51:47.941+0000] {processor.py:161} INFO - Started process (PID=450) to work on /opt/airflow/dags/dag_decorators.py
[2024-05-21T05:51:47.942+0000] {processor.py:830} INFO - Processing file /opt/airflow/dags/dag_decorators.py for tasks to queue
[2024-05-21T05:51:47.944+0000] {logging_mixin.py:188} INFO - [2024-05-21T05:51:47.943+0000] {dagbag.py:540} INFO - Filling up the DagBag from /opt/airflow/dags/dag_decorators.py
[2024-05-21T05:51:48.320+0000] {processor.py:840} INFO - DAG(s) 'data_merging_etl_dag' retrieved from /opt/airflow/dags/dag_decorators.py
[2024-05-21T05:51:48.335+0000] {logging_mixin.py:188} INFO - [2024-05-21T05:51:48.334+0000] {dag.py:3047} INFO - Sync 1 DAGs
[2024-05-21T05:51:48.351+0000] {logging_mixin.py:188} INFO - [2024-05-21T05:51:48.351+0000] {dag.py:3834} INFO - Setting next_dagrun for data_merging_etl_dag to 2024-05-21 00:00:00+00:00, run_after=2024-05-22 00:00:00+00:00
[2024-05-21T05:51:48.368+0000] {processor.py:183} INFO - Processing /opt/airflow/dags/dag_decorators.py took 0.430 seconds
