[2024-05-21T03:35:28.114+0000] {processor.py:161} INFO - Started process (PID=70) to work on /home/airflow/.local/lib/python3.9/site-packages/airflow/example_dags/example_trigger_target_dag.py
[2024-05-21T03:35:28.116+0000] {processor.py:830} INFO - Processing file /home/airflow/.local/lib/python3.9/site-packages/airflow/example_dags/example_trigger_target_dag.py for tasks to queue
[2024-05-21T03:35:28.117+0000] {logging_mixin.py:188} INFO - [2024-05-21T03:35:28.117+0000] {dagbag.py:540} INFO - Filling up the DagBag from /home/airflow/.local/lib/python3.9/site-packages/airflow/example_dags/example_trigger_target_dag.py
[2024-05-21T03:35:28.123+0000] {processor.py:840} INFO - DAG(s) 'example_trigger_target_dag' retrieved from /home/airflow/.local/lib/python3.9/site-packages/airflow/example_dags/example_trigger_target_dag.py
[2024-05-21T03:35:28.201+0000] {logging_mixin.py:188} INFO - [2024-05-21T03:35:28.201+0000] {dag.py:3047} INFO - Sync 1 DAGs
[2024-05-21T03:35:28.209+0000] {logging_mixin.py:188} INFO - [2024-05-21T03:35:28.209+0000] {dag.py:3834} INFO - Setting next_dagrun for example_trigger_target_dag to None, run_after=None
[2024-05-21T03:35:28.234+0000] {processor.py:183} INFO - Processing /home/airflow/.local/lib/python3.9/site-packages/airflow/example_dags/example_trigger_target_dag.py took 0.123 seconds
[2024-05-21T03:36:07.027+0000] {processor.py:161} INFO - Started process (PID=127) to work on /home/airflow/.local/lib/python3.9/site-packages/airflow/example_dags/example_trigger_target_dag.py
[2024-05-21T03:36:07.029+0000] {processor.py:830} INFO - Processing file /home/airflow/.local/lib/python3.9/site-packages/airflow/example_dags/example_trigger_target_dag.py for tasks to queue
[2024-05-21T03:36:07.031+0000] {logging_mixin.py:188} INFO - [2024-05-21T03:36:07.031+0000] {dagbag.py:540} INFO - Filling up the DagBag from /home/airflow/.local/lib/python3.9/site-packages/airflow/example_dags/example_trigger_target_dag.py
[2024-05-21T03:36:07.039+0000] {processor.py:840} INFO - DAG(s) 'example_trigger_target_dag' retrieved from /home/airflow/.local/lib/python3.9/site-packages/airflow/example_dags/example_trigger_target_dag.py
[2024-05-21T03:36:07.066+0000] {logging_mixin.py:188} INFO - [2024-05-21T03:36:07.065+0000] {dag.py:3047} INFO - Sync 1 DAGs
[2024-05-21T03:36:07.080+0000] {logging_mixin.py:188} INFO - [2024-05-21T03:36:07.080+0000] {dag.py:3834} INFO - Setting next_dagrun for example_trigger_target_dag to None, run_after=None
[2024-05-21T03:36:07.104+0000] {processor.py:183} INFO - Processing /home/airflow/.local/lib/python3.9/site-packages/airflow/example_dags/example_trigger_target_dag.py took 0.080 seconds
[2024-05-21T03:36:42.558+0000] {processor.py:161} INFO - Started process (PID=190) to work on /home/airflow/.local/lib/python3.9/site-packages/airflow/example_dags/example_trigger_target_dag.py
[2024-05-21T03:36:42.566+0000] {processor.py:830} INFO - Processing file /home/airflow/.local/lib/python3.9/site-packages/airflow/example_dags/example_trigger_target_dag.py for tasks to queue
[2024-05-21T03:36:42.580+0000] {logging_mixin.py:188} INFO - [2024-05-21T03:36:42.580+0000] {dagbag.py:540} INFO - Filling up the DagBag from /home/airflow/.local/lib/python3.9/site-packages/airflow/example_dags/example_trigger_target_dag.py
[2024-05-21T03:36:42.622+0000] {processor.py:840} INFO - DAG(s) 'example_trigger_target_dag' retrieved from /home/airflow/.local/lib/python3.9/site-packages/airflow/example_dags/example_trigger_target_dag.py
[2024-05-21T03:36:42.705+0000] {logging_mixin.py:188} INFO - [2024-05-21T03:36:42.705+0000] {dag.py:3047} INFO - Sync 1 DAGs
[2024-05-21T03:36:42.724+0000] {logging_mixin.py:188} INFO - [2024-05-21T03:36:42.724+0000] {dag.py:3834} INFO - Setting next_dagrun for example_trigger_target_dag to None, run_after=None
[2024-05-21T03:36:42.797+0000] {processor.py:183} INFO - Processing /home/airflow/.local/lib/python3.9/site-packages/airflow/example_dags/example_trigger_target_dag.py took 0.265 seconds
[2024-05-21T03:37:37.923+0000] {processor.py:161} INFO - Started process (PID=254) to work on /home/airflow/.local/lib/python3.9/site-packages/airflow/example_dags/example_trigger_target_dag.py
[2024-05-21T03:37:37.929+0000] {processor.py:830} INFO - Processing file /home/airflow/.local/lib/python3.9/site-packages/airflow/example_dags/example_trigger_target_dag.py for tasks to queue
[2024-05-21T03:37:37.937+0000] {logging_mixin.py:188} INFO - [2024-05-21T03:37:37.937+0000] {dagbag.py:540} INFO - Filling up the DagBag from /home/airflow/.local/lib/python3.9/site-packages/airflow/example_dags/example_trigger_target_dag.py
[2024-05-21T03:37:37.955+0000] {processor.py:840} INFO - DAG(s) 'example_trigger_target_dag' retrieved from /home/airflow/.local/lib/python3.9/site-packages/airflow/example_dags/example_trigger_target_dag.py
[2024-05-21T03:37:37.993+0000] {logging_mixin.py:188} INFO - [2024-05-21T03:37:37.993+0000] {dag.py:3047} INFO - Sync 1 DAGs
[2024-05-21T03:37:38.037+0000] {logging_mixin.py:188} INFO - [2024-05-21T03:37:38.036+0000] {dag.py:3834} INFO - Setting next_dagrun for example_trigger_target_dag to None, run_after=None
[2024-05-21T03:37:38.097+0000] {processor.py:183} INFO - Processing /home/airflow/.local/lib/python3.9/site-packages/airflow/example_dags/example_trigger_target_dag.py took 0.179 seconds
[2024-05-21T03:38:30.282+0000] {processor.py:161} INFO - Started process (PID=311) to work on /home/airflow/.local/lib/python3.9/site-packages/airflow/example_dags/example_trigger_target_dag.py
[2024-05-21T03:38:30.287+0000] {processor.py:830} INFO - Processing file /home/airflow/.local/lib/python3.9/site-packages/airflow/example_dags/example_trigger_target_dag.py for tasks to queue
[2024-05-21T03:38:30.295+0000] {logging_mixin.py:188} INFO - [2024-05-21T03:38:30.294+0000] {dagbag.py:540} INFO - Filling up the DagBag from /home/airflow/.local/lib/python3.9/site-packages/airflow/example_dags/example_trigger_target_dag.py
[2024-05-21T03:38:30.313+0000] {processor.py:840} INFO - DAG(s) 'example_trigger_target_dag' retrieved from /home/airflow/.local/lib/python3.9/site-packages/airflow/example_dags/example_trigger_target_dag.py
[2024-05-21T03:38:30.382+0000] {logging_mixin.py:188} INFO - [2024-05-21T03:38:30.382+0000] {dag.py:3047} INFO - Sync 1 DAGs
[2024-05-21T03:38:30.421+0000] {logging_mixin.py:188} INFO - [2024-05-21T03:38:30.421+0000] {dag.py:3834} INFO - Setting next_dagrun for example_trigger_target_dag to None, run_after=None
[2024-05-21T03:38:30.520+0000] {processor.py:183} INFO - Processing /home/airflow/.local/lib/python3.9/site-packages/airflow/example_dags/example_trigger_target_dag.py took 0.257 seconds
[2024-05-21T03:39:02.161+0000] {processor.py:161} INFO - Started process (PID=376) to work on /home/airflow/.local/lib/python3.9/site-packages/airflow/example_dags/example_trigger_target_dag.py
[2024-05-21T03:39:02.163+0000] {processor.py:830} INFO - Processing file /home/airflow/.local/lib/python3.9/site-packages/airflow/example_dags/example_trigger_target_dag.py for tasks to queue
[2024-05-21T03:39:02.168+0000] {logging_mixin.py:188} INFO - [2024-05-21T03:39:02.168+0000] {dagbag.py:540} INFO - Filling up the DagBag from /home/airflow/.local/lib/python3.9/site-packages/airflow/example_dags/example_trigger_target_dag.py
[2024-05-21T03:39:02.331+0000] {processor.py:840} INFO - DAG(s) 'example_trigger_target_dag' retrieved from /home/airflow/.local/lib/python3.9/site-packages/airflow/example_dags/example_trigger_target_dag.py
[2024-05-21T03:39:02.438+0000] {logging_mixin.py:188} INFO - [2024-05-21T03:39:02.435+0000] {dag.py:3047} INFO - Sync 1 DAGs
[2024-05-21T03:39:02.488+0000] {logging_mixin.py:188} INFO - [2024-05-21T03:39:02.488+0000] {dag.py:3834} INFO - Setting next_dagrun for example_trigger_target_dag to None, run_after=None
[2024-05-21T03:39:02.593+0000] {processor.py:183} INFO - Processing /home/airflow/.local/lib/python3.9/site-packages/airflow/example_dags/example_trigger_target_dag.py took 0.436 seconds
[2024-05-21T05:48:14.747+0000] {processor.py:161} INFO - Started process (PID=70) to work on /home/airflow/.local/lib/python3.9/site-packages/airflow/example_dags/example_trigger_target_dag.py
[2024-05-21T05:48:14.749+0000] {processor.py:830} INFO - Processing file /home/airflow/.local/lib/python3.9/site-packages/airflow/example_dags/example_trigger_target_dag.py for tasks to queue
[2024-05-21T05:48:14.751+0000] {logging_mixin.py:188} INFO - [2024-05-21T05:48:14.750+0000] {dagbag.py:540} INFO - Filling up the DagBag from /home/airflow/.local/lib/python3.9/site-packages/airflow/example_dags/example_trigger_target_dag.py
[2024-05-21T05:48:14.758+0000] {processor.py:840} INFO - DAG(s) 'example_trigger_target_dag' retrieved from /home/airflow/.local/lib/python3.9/site-packages/airflow/example_dags/example_trigger_target_dag.py
[2024-05-21T05:48:14.772+0000] {logging_mixin.py:188} INFO - [2024-05-21T05:48:14.772+0000] {dag.py:3047} INFO - Sync 1 DAGs
[2024-05-21T05:48:14.785+0000] {logging_mixin.py:188} INFO - [2024-05-21T05:48:14.785+0000] {dag.py:3834} INFO - Setting next_dagrun for example_trigger_target_dag to None, run_after=None
[2024-05-21T05:48:14.801+0000] {processor.py:183} INFO - Processing /home/airflow/.local/lib/python3.9/site-packages/airflow/example_dags/example_trigger_target_dag.py took 0.057 seconds
[2024-05-21T05:48:45.693+0000] {processor.py:161} INFO - Started process (PID=127) to work on /home/airflow/.local/lib/python3.9/site-packages/airflow/example_dags/example_trigger_target_dag.py
[2024-05-21T05:48:45.695+0000] {processor.py:830} INFO - Processing file /home/airflow/.local/lib/python3.9/site-packages/airflow/example_dags/example_trigger_target_dag.py for tasks to queue
[2024-05-21T05:48:45.696+0000] {logging_mixin.py:188} INFO - [2024-05-21T05:48:45.696+0000] {dagbag.py:540} INFO - Filling up the DagBag from /home/airflow/.local/lib/python3.9/site-packages/airflow/example_dags/example_trigger_target_dag.py
[2024-05-21T05:48:45.701+0000] {processor.py:840} INFO - DAG(s) 'example_trigger_target_dag' retrieved from /home/airflow/.local/lib/python3.9/site-packages/airflow/example_dags/example_trigger_target_dag.py
[2024-05-21T05:48:45.768+0000] {logging_mixin.py:188} INFO - [2024-05-21T05:48:45.768+0000] {dag.py:3047} INFO - Sync 1 DAGs
[2024-05-21T05:48:45.777+0000] {logging_mixin.py:188} INFO - [2024-05-21T05:48:45.777+0000] {dag.py:3834} INFO - Setting next_dagrun for example_trigger_target_dag to None, run_after=None
[2024-05-21T05:48:45.793+0000] {processor.py:183} INFO - Processing /home/airflow/.local/lib/python3.9/site-packages/airflow/example_dags/example_trigger_target_dag.py took 0.102 seconds
[2024-05-21T05:49:16.192+0000] {processor.py:161} INFO - Started process (PID=184) to work on /home/airflow/.local/lib/python3.9/site-packages/airflow/example_dags/example_trigger_target_dag.py
[2024-05-21T05:49:16.193+0000] {processor.py:830} INFO - Processing file /home/airflow/.local/lib/python3.9/site-packages/airflow/example_dags/example_trigger_target_dag.py for tasks to queue
[2024-05-21T05:49:16.195+0000] {logging_mixin.py:188} INFO - [2024-05-21T05:49:16.195+0000] {dagbag.py:540} INFO - Filling up the DagBag from /home/airflow/.local/lib/python3.9/site-packages/airflow/example_dags/example_trigger_target_dag.py
[2024-05-21T05:49:16.200+0000] {processor.py:840} INFO - DAG(s) 'example_trigger_target_dag' retrieved from /home/airflow/.local/lib/python3.9/site-packages/airflow/example_dags/example_trigger_target_dag.py
[2024-05-21T05:49:16.217+0000] {logging_mixin.py:188} INFO - [2024-05-21T05:49:16.216+0000] {dag.py:3047} INFO - Sync 1 DAGs
[2024-05-21T05:49:16.226+0000] {logging_mixin.py:188} INFO - [2024-05-21T05:49:16.225+0000] {dag.py:3834} INFO - Setting next_dagrun for example_trigger_target_dag to None, run_after=None
[2024-05-21T05:49:16.248+0000] {processor.py:183} INFO - Processing /home/airflow/.local/lib/python3.9/site-packages/airflow/example_dags/example_trigger_target_dag.py took 0.059 seconds
[2024-05-21T05:49:46.477+0000] {processor.py:161} INFO - Started process (PID=245) to work on /home/airflow/.local/lib/python3.9/site-packages/airflow/example_dags/example_trigger_target_dag.py
[2024-05-21T05:49:46.478+0000] {processor.py:830} INFO - Processing file /home/airflow/.local/lib/python3.9/site-packages/airflow/example_dags/example_trigger_target_dag.py for tasks to queue
[2024-05-21T05:49:46.480+0000] {logging_mixin.py:188} INFO - [2024-05-21T05:49:46.480+0000] {dagbag.py:540} INFO - Filling up the DagBag from /home/airflow/.local/lib/python3.9/site-packages/airflow/example_dags/example_trigger_target_dag.py
[2024-05-21T05:49:46.486+0000] {processor.py:840} INFO - DAG(s) 'example_trigger_target_dag' retrieved from /home/airflow/.local/lib/python3.9/site-packages/airflow/example_dags/example_trigger_target_dag.py
[2024-05-21T05:49:46.503+0000] {logging_mixin.py:188} INFO - [2024-05-21T05:49:46.502+0000] {dag.py:3047} INFO - Sync 1 DAGs
[2024-05-21T05:49:46.515+0000] {logging_mixin.py:188} INFO - [2024-05-21T05:49:46.515+0000] {dag.py:3834} INFO - Setting next_dagrun for example_trigger_target_dag to None, run_after=None
[2024-05-21T05:49:46.534+0000] {processor.py:183} INFO - Processing /home/airflow/.local/lib/python3.9/site-packages/airflow/example_dags/example_trigger_target_dag.py took 0.060 seconds
[2024-05-21T05:50:17.440+0000] {processor.py:161} INFO - Started process (PID=302) to work on /home/airflow/.local/lib/python3.9/site-packages/airflow/example_dags/example_trigger_target_dag.py
[2024-05-21T05:50:17.442+0000] {processor.py:830} INFO - Processing file /home/airflow/.local/lib/python3.9/site-packages/airflow/example_dags/example_trigger_target_dag.py for tasks to queue
[2024-05-21T05:50:17.444+0000] {logging_mixin.py:188} INFO - [2024-05-21T05:50:17.443+0000] {dagbag.py:540} INFO - Filling up the DagBag from /home/airflow/.local/lib/python3.9/site-packages/airflow/example_dags/example_trigger_target_dag.py
[2024-05-21T05:50:17.449+0000] {processor.py:840} INFO - DAG(s) 'example_trigger_target_dag' retrieved from /home/airflow/.local/lib/python3.9/site-packages/airflow/example_dags/example_trigger_target_dag.py
[2024-05-21T05:50:17.468+0000] {logging_mixin.py:188} INFO - [2024-05-21T05:50:17.468+0000] {dag.py:3047} INFO - Sync 1 DAGs
[2024-05-21T05:50:17.483+0000] {logging_mixin.py:188} INFO - [2024-05-21T05:50:17.483+0000] {dag.py:3834} INFO - Setting next_dagrun for example_trigger_target_dag to None, run_after=None
[2024-05-21T05:50:17.502+0000] {processor.py:183} INFO - Processing /home/airflow/.local/lib/python3.9/site-packages/airflow/example_dags/example_trigger_target_dag.py took 0.065 seconds
[2024-05-21T05:50:48.042+0000] {processor.py:161} INFO - Started process (PID=363) to work on /home/airflow/.local/lib/python3.9/site-packages/airflow/example_dags/example_trigger_target_dag.py
[2024-05-21T05:50:48.042+0000] {processor.py:830} INFO - Processing file /home/airflow/.local/lib/python3.9/site-packages/airflow/example_dags/example_trigger_target_dag.py for tasks to queue
[2024-05-21T05:50:48.044+0000] {logging_mixin.py:188} INFO - [2024-05-21T05:50:48.044+0000] {dagbag.py:540} INFO - Filling up the DagBag from /home/airflow/.local/lib/python3.9/site-packages/airflow/example_dags/example_trigger_target_dag.py
[2024-05-21T05:50:48.049+0000] {processor.py:840} INFO - DAG(s) 'example_trigger_target_dag' retrieved from /home/airflow/.local/lib/python3.9/site-packages/airflow/example_dags/example_trigger_target_dag.py
[2024-05-21T05:50:48.064+0000] {logging_mixin.py:188} INFO - [2024-05-21T05:50:48.064+0000] {dag.py:3047} INFO - Sync 1 DAGs
[2024-05-21T05:50:48.073+0000] {logging_mixin.py:188} INFO - [2024-05-21T05:50:48.073+0000] {dag.py:3834} INFO - Setting next_dagrun for example_trigger_target_dag to None, run_after=None
[2024-05-21T05:50:48.088+0000] {processor.py:183} INFO - Processing /home/airflow/.local/lib/python3.9/site-packages/airflow/example_dags/example_trigger_target_dag.py took 0.049 seconds
[2024-05-21T05:51:18.608+0000] {processor.py:161} INFO - Started process (PID=420) to work on /home/airflow/.local/lib/python3.9/site-packages/airflow/example_dags/example_trigger_target_dag.py
[2024-05-21T05:51:18.609+0000] {processor.py:830} INFO - Processing file /home/airflow/.local/lib/python3.9/site-packages/airflow/example_dags/example_trigger_target_dag.py for tasks to queue
[2024-05-21T05:51:18.611+0000] {logging_mixin.py:188} INFO - [2024-05-21T05:51:18.611+0000] {dagbag.py:540} INFO - Filling up the DagBag from /home/airflow/.local/lib/python3.9/site-packages/airflow/example_dags/example_trigger_target_dag.py
[2024-05-21T05:51:18.616+0000] {processor.py:840} INFO - DAG(s) 'example_trigger_target_dag' retrieved from /home/airflow/.local/lib/python3.9/site-packages/airflow/example_dags/example_trigger_target_dag.py
[2024-05-21T05:51:18.632+0000] {logging_mixin.py:188} INFO - [2024-05-21T05:51:18.631+0000] {dag.py:3047} INFO - Sync 1 DAGs
[2024-05-21T05:51:18.641+0000] {logging_mixin.py:188} INFO - [2024-05-21T05:51:18.641+0000] {dag.py:3834} INFO - Setting next_dagrun for example_trigger_target_dag to None, run_after=None
[2024-05-21T05:51:18.656+0000] {processor.py:183} INFO - Processing /home/airflow/.local/lib/python3.9/site-packages/airflow/example_dags/example_trigger_target_dag.py took 0.050 seconds
[2024-05-21T05:51:49.544+0000] {processor.py:161} INFO - Started process (PID=477) to work on /home/airflow/.local/lib/python3.9/site-packages/airflow/example_dags/example_trigger_target_dag.py
[2024-05-21T05:51:49.545+0000] {processor.py:830} INFO - Processing file /home/airflow/.local/lib/python3.9/site-packages/airflow/example_dags/example_trigger_target_dag.py for tasks to queue
[2024-05-21T05:51:49.547+0000] {logging_mixin.py:188} INFO - [2024-05-21T05:51:49.546+0000] {dagbag.py:540} INFO - Filling up the DagBag from /home/airflow/.local/lib/python3.9/site-packages/airflow/example_dags/example_trigger_target_dag.py
[2024-05-21T05:51:49.552+0000] {processor.py:840} INFO - DAG(s) 'example_trigger_target_dag' retrieved from /home/airflow/.local/lib/python3.9/site-packages/airflow/example_dags/example_trigger_target_dag.py
[2024-05-21T05:51:49.569+0000] {logging_mixin.py:188} INFO - [2024-05-21T05:51:49.568+0000] {dag.py:3047} INFO - Sync 1 DAGs
[2024-05-21T05:51:49.579+0000] {logging_mixin.py:188} INFO - [2024-05-21T05:51:49.579+0000] {dag.py:3834} INFO - Setting next_dagrun for example_trigger_target_dag to None, run_after=None
[2024-05-21T05:51:49.596+0000] {processor.py:183} INFO - Processing /home/airflow/.local/lib/python3.9/site-packages/airflow/example_dags/example_trigger_target_dag.py took 0.054 seconds
