[2024-05-21T03:35:28.479+0000] {processor.py:161} INFO - Started process (PID=74) to work on /home/airflow/.local/lib/python3.9/site-packages/airflow/example_dags/example_short_circuit_operator.py
[2024-05-21T03:35:28.481+0000] {processor.py:830} INFO - Processing file /home/airflow/.local/lib/python3.9/site-packages/airflow/example_dags/example_short_circuit_operator.py for tasks to queue
[2024-05-21T03:35:28.483+0000] {logging_mixin.py:188} INFO - [2024-05-21T03:35:28.482+0000] {dagbag.py:540} INFO - Filling up the DagBag from /home/airflow/.local/lib/python3.9/site-packages/airflow/example_dags/example_short_circuit_operator.py
[2024-05-21T03:35:28.503+0000] {processor.py:840} INFO - DAG(s) 'example_short_circuit_operator' retrieved from /home/airflow/.local/lib/python3.9/site-packages/airflow/example_dags/example_short_circuit_operator.py
[2024-05-21T03:35:28.590+0000] {logging_mixin.py:188} INFO - [2024-05-21T03:35:28.590+0000] {dag.py:3047} INFO - Sync 1 DAGs
[2024-05-21T03:35:28.611+0000] {logging_mixin.py:188} INFO - [2024-05-21T03:35:28.611+0000] {dag.py:3834} INFO - Setting next_dagrun for example_short_circuit_operator to 2024-05-20 00:00:00+00:00, run_after=2024-05-21 00:00:00+00:00
[2024-05-21T03:35:28.650+0000] {processor.py:183} INFO - Processing /home/airflow/.local/lib/python3.9/site-packages/airflow/example_dags/example_short_circuit_operator.py took 0.174 seconds
[2024-05-21T03:36:07.544+0000] {processor.py:161} INFO - Started process (PID=131) to work on /home/airflow/.local/lib/python3.9/site-packages/airflow/example_dags/example_short_circuit_operator.py
[2024-05-21T03:36:07.546+0000] {processor.py:830} INFO - Processing file /home/airflow/.local/lib/python3.9/site-packages/airflow/example_dags/example_short_circuit_operator.py for tasks to queue
[2024-05-21T03:36:07.550+0000] {logging_mixin.py:188} INFO - [2024-05-21T03:36:07.549+0000] {dagbag.py:540} INFO - Filling up the DagBag from /home/airflow/.local/lib/python3.9/site-packages/airflow/example_dags/example_short_circuit_operator.py
[2024-05-21T03:36:07.563+0000] {processor.py:840} INFO - DAG(s) 'example_short_circuit_operator' retrieved from /home/airflow/.local/lib/python3.9/site-packages/airflow/example_dags/example_short_circuit_operator.py
[2024-05-21T03:36:07.617+0000] {logging_mixin.py:188} INFO - [2024-05-21T03:36:07.616+0000] {dag.py:3047} INFO - Sync 1 DAGs
[2024-05-21T03:36:07.654+0000] {logging_mixin.py:188} INFO - [2024-05-21T03:36:07.653+0000] {dag.py:3834} INFO - Setting next_dagrun for example_short_circuit_operator to 2024-05-20 00:00:00+00:00, run_after=2024-05-21 00:00:00+00:00
[2024-05-21T03:36:07.738+0000] {processor.py:183} INFO - Processing /home/airflow/.local/lib/python3.9/site-packages/airflow/example_dags/example_short_circuit_operator.py took 0.198 seconds
[2024-05-21T03:36:43.237+0000] {processor.py:161} INFO - Started process (PID=194) to work on /home/airflow/.local/lib/python3.9/site-packages/airflow/example_dags/example_short_circuit_operator.py
[2024-05-21T03:36:43.251+0000] {processor.py:830} INFO - Processing file /home/airflow/.local/lib/python3.9/site-packages/airflow/example_dags/example_short_circuit_operator.py for tasks to queue
[2024-05-21T03:36:43.254+0000] {logging_mixin.py:188} INFO - [2024-05-21T03:36:43.254+0000] {dagbag.py:540} INFO - Filling up the DagBag from /home/airflow/.local/lib/python3.9/site-packages/airflow/example_dags/example_short_circuit_operator.py
[2024-05-21T03:36:43.385+0000] {processor.py:840} INFO - DAG(s) 'example_short_circuit_operator' retrieved from /home/airflow/.local/lib/python3.9/site-packages/airflow/example_dags/example_short_circuit_operator.py
[2024-05-21T03:36:43.909+0000] {logging_mixin.py:188} INFO - [2024-05-21T03:36:43.909+0000] {dag.py:3047} INFO - Sync 1 DAGs
[2024-05-21T03:36:44.470+0000] {logging_mixin.py:188} INFO - [2024-05-21T03:36:44.469+0000] {dag.py:3834} INFO - Setting next_dagrun for example_short_circuit_operator to 2024-05-20 00:00:00+00:00, run_after=2024-05-21 00:00:00+00:00
[2024-05-21T03:36:44.543+0000] {processor.py:183} INFO - Processing /home/airflow/.local/lib/python3.9/site-packages/airflow/example_dags/example_short_circuit_operator.py took 1.310 seconds
[2024-05-21T03:37:38.409+0000] {processor.py:161} INFO - Started process (PID=258) to work on /home/airflow/.local/lib/python3.9/site-packages/airflow/example_dags/example_short_circuit_operator.py
[2024-05-21T03:37:38.413+0000] {processor.py:830} INFO - Processing file /home/airflow/.local/lib/python3.9/site-packages/airflow/example_dags/example_short_circuit_operator.py for tasks to queue
[2024-05-21T03:37:38.420+0000] {logging_mixin.py:188} INFO - [2024-05-21T03:37:38.418+0000] {dagbag.py:540} INFO - Filling up the DagBag from /home/airflow/.local/lib/python3.9/site-packages/airflow/example_dags/example_short_circuit_operator.py
[2024-05-21T03:37:38.432+0000] {processor.py:840} INFO - DAG(s) 'example_short_circuit_operator' retrieved from /home/airflow/.local/lib/python3.9/site-packages/airflow/example_dags/example_short_circuit_operator.py
[2024-05-21T03:37:38.498+0000] {logging_mixin.py:188} INFO - [2024-05-21T03:37:38.498+0000] {dag.py:3047} INFO - Sync 1 DAGs
[2024-05-21T03:37:38.543+0000] {logging_mixin.py:188} INFO - [2024-05-21T03:37:38.543+0000] {dag.py:3834} INFO - Setting next_dagrun for example_short_circuit_operator to 2024-05-20 00:00:00+00:00, run_after=2024-05-21 00:00:00+00:00
[2024-05-21T03:37:38.566+0000] {processor.py:183} INFO - Processing /home/airflow/.local/lib/python3.9/site-packages/airflow/example_dags/example_short_circuit_operator.py took 0.164 seconds
[2024-05-21T03:38:31.765+0000] {processor.py:161} INFO - Started process (PID=315) to work on /home/airflow/.local/lib/python3.9/site-packages/airflow/example_dags/example_short_circuit_operator.py
[2024-05-21T03:38:31.779+0000] {processor.py:830} INFO - Processing file /home/airflow/.local/lib/python3.9/site-packages/airflow/example_dags/example_short_circuit_operator.py for tasks to queue
[2024-05-21T03:38:31.797+0000] {logging_mixin.py:188} INFO - [2024-05-21T03:38:31.795+0000] {dagbag.py:540} INFO - Filling up the DagBag from /home/airflow/.local/lib/python3.9/site-packages/airflow/example_dags/example_short_circuit_operator.py
[2024-05-21T03:38:31.850+0000] {processor.py:840} INFO - DAG(s) 'example_short_circuit_operator' retrieved from /home/airflow/.local/lib/python3.9/site-packages/airflow/example_dags/example_short_circuit_operator.py
[2024-05-21T03:38:32.344+0000] {logging_mixin.py:188} INFO - [2024-05-21T03:38:32.344+0000] {dag.py:3047} INFO - Sync 1 DAGs
[2024-05-21T03:38:32.634+0000] {logging_mixin.py:188} INFO - [2024-05-21T03:38:32.633+0000] {dag.py:3834} INFO - Setting next_dagrun for example_short_circuit_operator to 2024-05-20 00:00:00+00:00, run_after=2024-05-21 00:00:00+00:00
[2024-05-21T03:38:32.693+0000] {processor.py:183} INFO - Processing /home/airflow/.local/lib/python3.9/site-packages/airflow/example_dags/example_short_circuit_operator.py took 1.033 seconds
[2024-05-21T03:39:03.507+0000] {processor.py:161} INFO - Started process (PID=380) to work on /home/airflow/.local/lib/python3.9/site-packages/airflow/example_dags/example_short_circuit_operator.py
[2024-05-21T03:39:03.510+0000] {processor.py:830} INFO - Processing file /home/airflow/.local/lib/python3.9/site-packages/airflow/example_dags/example_short_circuit_operator.py for tasks to queue
[2024-05-21T03:39:03.514+0000] {logging_mixin.py:188} INFO - [2024-05-21T03:39:03.514+0000] {dagbag.py:540} INFO - Filling up the DagBag from /home/airflow/.local/lib/python3.9/site-packages/airflow/example_dags/example_short_circuit_operator.py
[2024-05-21T03:39:03.593+0000] {processor.py:840} INFO - DAG(s) 'example_short_circuit_operator' retrieved from /home/airflow/.local/lib/python3.9/site-packages/airflow/example_dags/example_short_circuit_operator.py
[2024-05-21T03:39:03.642+0000] {logging_mixin.py:188} INFO - [2024-05-21T03:39:03.642+0000] {dag.py:3047} INFO - Sync 1 DAGs
[2024-05-21T03:39:03.823+0000] {logging_mixin.py:188} INFO - [2024-05-21T03:39:03.823+0000] {dag.py:3834} INFO - Setting next_dagrun for example_short_circuit_operator to 2024-05-20 00:00:00+00:00, run_after=2024-05-21 00:00:00+00:00
[2024-05-21T03:39:03.964+0000] {processor.py:183} INFO - Processing /home/airflow/.local/lib/python3.9/site-packages/airflow/example_dags/example_short_circuit_operator.py took 0.463 seconds
[2024-05-21T05:48:14.931+0000] {processor.py:161} INFO - Started process (PID=74) to work on /home/airflow/.local/lib/python3.9/site-packages/airflow/example_dags/example_short_circuit_operator.py
[2024-05-21T05:48:14.932+0000] {processor.py:830} INFO - Processing file /home/airflow/.local/lib/python3.9/site-packages/airflow/example_dags/example_short_circuit_operator.py for tasks to queue
[2024-05-21T05:48:14.934+0000] {logging_mixin.py:188} INFO - [2024-05-21T05:48:14.934+0000] {dagbag.py:540} INFO - Filling up the DagBag from /home/airflow/.local/lib/python3.9/site-packages/airflow/example_dags/example_short_circuit_operator.py
[2024-05-21T05:48:14.940+0000] {processor.py:840} INFO - DAG(s) 'example_short_circuit_operator' retrieved from /home/airflow/.local/lib/python3.9/site-packages/airflow/example_dags/example_short_circuit_operator.py
[2024-05-21T05:48:14.949+0000] {logging_mixin.py:188} INFO - [2024-05-21T05:48:14.949+0000] {dag.py:3047} INFO - Sync 1 DAGs
[2024-05-21T05:48:14.966+0000] {logging_mixin.py:188} INFO - [2024-05-21T05:48:14.966+0000] {dag.py:3834} INFO - Setting next_dagrun for example_short_circuit_operator to 2024-05-20 00:00:00+00:00, run_after=2024-05-21 00:00:00+00:00
[2024-05-21T05:48:14.981+0000] {processor.py:183} INFO - Processing /home/airflow/.local/lib/python3.9/site-packages/airflow/example_dags/example_short_circuit_operator.py took 0.052 seconds
[2024-05-21T05:48:45.980+0000] {processor.py:161} INFO - Started process (PID=131) to work on /home/airflow/.local/lib/python3.9/site-packages/airflow/example_dags/example_short_circuit_operator.py
[2024-05-21T05:48:45.982+0000] {processor.py:830} INFO - Processing file /home/airflow/.local/lib/python3.9/site-packages/airflow/example_dags/example_short_circuit_operator.py for tasks to queue
[2024-05-21T05:48:45.983+0000] {logging_mixin.py:188} INFO - [2024-05-21T05:48:45.983+0000] {dagbag.py:540} INFO - Filling up the DagBag from /home/airflow/.local/lib/python3.9/site-packages/airflow/example_dags/example_short_circuit_operator.py
[2024-05-21T05:48:45.989+0000] {processor.py:840} INFO - DAG(s) 'example_short_circuit_operator' retrieved from /home/airflow/.local/lib/python3.9/site-packages/airflow/example_dags/example_short_circuit_operator.py
[2024-05-21T05:48:46.064+0000] {logging_mixin.py:188} INFO - [2024-05-21T05:48:46.064+0000] {dag.py:3047} INFO - Sync 1 DAGs
[2024-05-21T05:48:46.079+0000] {logging_mixin.py:188} INFO - [2024-05-21T05:48:46.079+0000] {dag.py:3834} INFO - Setting next_dagrun for example_short_circuit_operator to 2024-05-20 00:00:00+00:00, run_after=2024-05-21 00:00:00+00:00
[2024-05-21T05:48:46.097+0000] {processor.py:183} INFO - Processing /home/airflow/.local/lib/python3.9/site-packages/airflow/example_dags/example_short_circuit_operator.py took 0.119 seconds
[2024-05-21T05:49:16.429+0000] {processor.py:161} INFO - Started process (PID=188) to work on /home/airflow/.local/lib/python3.9/site-packages/airflow/example_dags/example_short_circuit_operator.py
[2024-05-21T05:49:16.431+0000] {processor.py:830} INFO - Processing file /home/airflow/.local/lib/python3.9/site-packages/airflow/example_dags/example_short_circuit_operator.py for tasks to queue
[2024-05-21T05:49:16.432+0000] {logging_mixin.py:188} INFO - [2024-05-21T05:49:16.432+0000] {dagbag.py:540} INFO - Filling up the DagBag from /home/airflow/.local/lib/python3.9/site-packages/airflow/example_dags/example_short_circuit_operator.py
[2024-05-21T05:49:16.440+0000] {processor.py:840} INFO - DAG(s) 'example_short_circuit_operator' retrieved from /home/airflow/.local/lib/python3.9/site-packages/airflow/example_dags/example_short_circuit_operator.py
[2024-05-21T05:49:16.458+0000] {logging_mixin.py:188} INFO - [2024-05-21T05:49:16.458+0000] {dag.py:3047} INFO - Sync 1 DAGs
[2024-05-21T05:49:16.476+0000] {logging_mixin.py:188} INFO - [2024-05-21T05:49:16.476+0000] {dag.py:3834} INFO - Setting next_dagrun for example_short_circuit_operator to 2024-05-20 00:00:00+00:00, run_after=2024-05-21 00:00:00+00:00
[2024-05-21T05:49:16.492+0000] {processor.py:183} INFO - Processing /home/airflow/.local/lib/python3.9/site-packages/airflow/example_dags/example_short_circuit_operator.py took 0.066 seconds
[2024-05-21T05:49:46.655+0000] {processor.py:161} INFO - Started process (PID=249) to work on /home/airflow/.local/lib/python3.9/site-packages/airflow/example_dags/example_short_circuit_operator.py
[2024-05-21T05:49:46.657+0000] {processor.py:830} INFO - Processing file /home/airflow/.local/lib/python3.9/site-packages/airflow/example_dags/example_short_circuit_operator.py for tasks to queue
[2024-05-21T05:49:46.659+0000] {logging_mixin.py:188} INFO - [2024-05-21T05:49:46.658+0000] {dagbag.py:540} INFO - Filling up the DagBag from /home/airflow/.local/lib/python3.9/site-packages/airflow/example_dags/example_short_circuit_operator.py
[2024-05-21T05:49:46.666+0000] {processor.py:840} INFO - DAG(s) 'example_short_circuit_operator' retrieved from /home/airflow/.local/lib/python3.9/site-packages/airflow/example_dags/example_short_circuit_operator.py
[2024-05-21T05:49:46.684+0000] {logging_mixin.py:188} INFO - [2024-05-21T05:49:46.684+0000] {dag.py:3047} INFO - Sync 1 DAGs
[2024-05-21T05:49:46.702+0000] {logging_mixin.py:188} INFO - [2024-05-21T05:49:46.702+0000] {dag.py:3834} INFO - Setting next_dagrun for example_short_circuit_operator to 2024-05-20 00:00:00+00:00, run_after=2024-05-21 00:00:00+00:00
[2024-05-21T05:49:46.721+0000] {processor.py:183} INFO - Processing /home/airflow/.local/lib/python3.9/site-packages/airflow/example_dags/example_short_circuit_operator.py took 0.068 seconds
[2024-05-21T05:50:17.630+0000] {processor.py:161} INFO - Started process (PID=306) to work on /home/airflow/.local/lib/python3.9/site-packages/airflow/example_dags/example_short_circuit_operator.py
[2024-05-21T05:50:17.631+0000] {processor.py:830} INFO - Processing file /home/airflow/.local/lib/python3.9/site-packages/airflow/example_dags/example_short_circuit_operator.py for tasks to queue
[2024-05-21T05:50:17.633+0000] {logging_mixin.py:188} INFO - [2024-05-21T05:50:17.633+0000] {dagbag.py:540} INFO - Filling up the DagBag from /home/airflow/.local/lib/python3.9/site-packages/airflow/example_dags/example_short_circuit_operator.py
[2024-05-21T05:50:17.639+0000] {processor.py:840} INFO - DAG(s) 'example_short_circuit_operator' retrieved from /home/airflow/.local/lib/python3.9/site-packages/airflow/example_dags/example_short_circuit_operator.py
[2024-05-21T05:50:17.661+0000] {logging_mixin.py:188} INFO - [2024-05-21T05:50:17.661+0000] {dag.py:3047} INFO - Sync 1 DAGs
[2024-05-21T05:50:17.681+0000] {logging_mixin.py:188} INFO - [2024-05-21T05:50:17.681+0000] {dag.py:3834} INFO - Setting next_dagrun for example_short_circuit_operator to 2024-05-20 00:00:00+00:00, run_after=2024-05-21 00:00:00+00:00
[2024-05-21T05:50:17.700+0000] {processor.py:183} INFO - Processing /home/airflow/.local/lib/python3.9/site-packages/airflow/example_dags/example_short_circuit_operator.py took 0.074 seconds
[2024-05-21T05:50:48.205+0000] {processor.py:161} INFO - Started process (PID=367) to work on /home/airflow/.local/lib/python3.9/site-packages/airflow/example_dags/example_short_circuit_operator.py
[2024-05-21T05:50:48.207+0000] {processor.py:830} INFO - Processing file /home/airflow/.local/lib/python3.9/site-packages/airflow/example_dags/example_short_circuit_operator.py for tasks to queue
[2024-05-21T05:50:48.209+0000] {logging_mixin.py:188} INFO - [2024-05-21T05:50:48.209+0000] {dagbag.py:540} INFO - Filling up the DagBag from /home/airflow/.local/lib/python3.9/site-packages/airflow/example_dags/example_short_circuit_operator.py
[2024-05-21T05:50:48.214+0000] {processor.py:840} INFO - DAG(s) 'example_short_circuit_operator' retrieved from /home/airflow/.local/lib/python3.9/site-packages/airflow/example_dags/example_short_circuit_operator.py
[2024-05-21T05:50:48.235+0000] {logging_mixin.py:188} INFO - [2024-05-21T05:50:48.234+0000] {dag.py:3047} INFO - Sync 1 DAGs
[2024-05-21T05:50:48.252+0000] {logging_mixin.py:188} INFO - [2024-05-21T05:50:48.252+0000] {dag.py:3834} INFO - Setting next_dagrun for example_short_circuit_operator to 2024-05-20 00:00:00+00:00, run_after=2024-05-21 00:00:00+00:00
[2024-05-21T05:50:48.269+0000] {processor.py:183} INFO - Processing /home/airflow/.local/lib/python3.9/site-packages/airflow/example_dags/example_short_circuit_operator.py took 0.066 seconds
[2024-05-21T05:51:18.797+0000] {processor.py:161} INFO - Started process (PID=424) to work on /home/airflow/.local/lib/python3.9/site-packages/airflow/example_dags/example_short_circuit_operator.py
[2024-05-21T05:51:18.799+0000] {processor.py:830} INFO - Processing file /home/airflow/.local/lib/python3.9/site-packages/airflow/example_dags/example_short_circuit_operator.py for tasks to queue
[2024-05-21T05:51:18.803+0000] {logging_mixin.py:188} INFO - [2024-05-21T05:51:18.802+0000] {dagbag.py:540} INFO - Filling up the DagBag from /home/airflow/.local/lib/python3.9/site-packages/airflow/example_dags/example_short_circuit_operator.py
[2024-05-21T05:51:18.811+0000] {processor.py:840} INFO - DAG(s) 'example_short_circuit_operator' retrieved from /home/airflow/.local/lib/python3.9/site-packages/airflow/example_dags/example_short_circuit_operator.py
[2024-05-21T05:51:18.836+0000] {logging_mixin.py:188} INFO - [2024-05-21T05:51:18.835+0000] {dag.py:3047} INFO - Sync 1 DAGs
[2024-05-21T05:51:18.855+0000] {logging_mixin.py:188} INFO - [2024-05-21T05:51:18.855+0000] {dag.py:3834} INFO - Setting next_dagrun for example_short_circuit_operator to 2024-05-20 00:00:00+00:00, run_after=2024-05-21 00:00:00+00:00
[2024-05-21T05:51:18.875+0000] {processor.py:183} INFO - Processing /home/airflow/.local/lib/python3.9/site-packages/airflow/example_dags/example_short_circuit_operator.py took 0.086 seconds
[2024-05-21T05:51:49.731+0000] {processor.py:161} INFO - Started process (PID=481) to work on /home/airflow/.local/lib/python3.9/site-packages/airflow/example_dags/example_short_circuit_operator.py
[2024-05-21T05:51:49.732+0000] {processor.py:830} INFO - Processing file /home/airflow/.local/lib/python3.9/site-packages/airflow/example_dags/example_short_circuit_operator.py for tasks to queue
[2024-05-21T05:51:49.734+0000] {logging_mixin.py:188} INFO - [2024-05-21T05:51:49.733+0000] {dagbag.py:540} INFO - Filling up the DagBag from /home/airflow/.local/lib/python3.9/site-packages/airflow/example_dags/example_short_circuit_operator.py
[2024-05-21T05:51:49.739+0000] {processor.py:840} INFO - DAG(s) 'example_short_circuit_operator' retrieved from /home/airflow/.local/lib/python3.9/site-packages/airflow/example_dags/example_short_circuit_operator.py
[2024-05-21T05:51:49.759+0000] {logging_mixin.py:188} INFO - [2024-05-21T05:51:49.759+0000] {dag.py:3047} INFO - Sync 1 DAGs
[2024-05-21T05:51:49.777+0000] {logging_mixin.py:188} INFO - [2024-05-21T05:51:49.777+0000] {dag.py:3834} INFO - Setting next_dagrun for example_short_circuit_operator to 2024-05-20 00:00:00+00:00, run_after=2024-05-21 00:00:00+00:00
[2024-05-21T05:51:49.796+0000] {processor.py:183} INFO - Processing /home/airflow/.local/lib/python3.9/site-packages/airflow/example_dags/example_short_circuit_operator.py took 0.068 seconds
