[2024-05-21T03:35:24.236+0000] {processor.py:161} INFO - Started process (PID=44) to work on /home/airflow/.local/lib/python3.9/site-packages/airflow/example_dags/example_time_delta_sensor_async.py
[2024-05-21T03:35:24.237+0000] {processor.py:830} INFO - Processing file /home/airflow/.local/lib/python3.9/site-packages/airflow/example_dags/example_time_delta_sensor_async.py for tasks to queue
[2024-05-21T03:35:24.239+0000] {logging_mixin.py:188} INFO - [2024-05-21T03:35:24.239+0000] {dagbag.py:540} INFO - Filling up the DagBag from /home/airflow/.local/lib/python3.9/site-packages/airflow/example_dags/example_time_delta_sensor_async.py
[2024-05-21T03:35:24.254+0000] {processor.py:840} INFO - DAG(s) 'example_time_delta_sensor_async' retrieved from /home/airflow/.local/lib/python3.9/site-packages/airflow/example_dags/example_time_delta_sensor_async.py
[2024-05-21T03:35:24.383+0000] {logging_mixin.py:188} INFO - [2024-05-21T03:35:24.382+0000] {dag.py:3047} INFO - Sync 1 DAGs
[2024-05-21T03:35:24.432+0000] {logging_mixin.py:188} INFO - [2024-05-21T03:35:24.431+0000] {dag.py:3834} INFO - Setting next_dagrun for example_time_delta_sensor_async to None, run_after=None
[2024-05-21T03:35:24.532+0000] {processor.py:183} INFO - Processing /home/airflow/.local/lib/python3.9/site-packages/airflow/example_dags/example_time_delta_sensor_async.py took 0.300 seconds
[2024-05-21T03:35:59.495+0000] {processor.py:161} INFO - Started process (PID=101) to work on /home/airflow/.local/lib/python3.9/site-packages/airflow/example_dags/example_time_delta_sensor_async.py
[2024-05-21T03:35:59.513+0000] {processor.py:830} INFO - Processing file /home/airflow/.local/lib/python3.9/site-packages/airflow/example_dags/example_time_delta_sensor_async.py for tasks to queue
[2024-05-21T03:35:59.515+0000] {logging_mixin.py:188} INFO - [2024-05-21T03:35:59.515+0000] {dagbag.py:540} INFO - Filling up the DagBag from /home/airflow/.local/lib/python3.9/site-packages/airflow/example_dags/example_time_delta_sensor_async.py
[2024-05-21T03:35:59.520+0000] {processor.py:840} INFO - DAG(s) 'example_time_delta_sensor_async' retrieved from /home/airflow/.local/lib/python3.9/site-packages/airflow/example_dags/example_time_delta_sensor_async.py
[2024-05-21T03:35:59.544+0000] {logging_mixin.py:188} INFO - [2024-05-21T03:35:59.543+0000] {dag.py:3047} INFO - Sync 1 DAGs
[2024-05-21T03:35:59.556+0000] {logging_mixin.py:188} INFO - [2024-05-21T03:35:59.555+0000] {dag.py:3834} INFO - Setting next_dagrun for example_time_delta_sensor_async to None, run_after=None
[2024-05-21T03:36:00.905+0000] {processor.py:183} INFO - Processing /home/airflow/.local/lib/python3.9/site-packages/airflow/example_dags/example_time_delta_sensor_async.py took 1.413 seconds
[2024-05-21T03:36:31.202+0000] {processor.py:161} INFO - Started process (PID=156) to work on /home/airflow/.local/lib/python3.9/site-packages/airflow/example_dags/example_time_delta_sensor_async.py
[2024-05-21T03:36:31.219+0000] {processor.py:830} INFO - Processing file /home/airflow/.local/lib/python3.9/site-packages/airflow/example_dags/example_time_delta_sensor_async.py for tasks to queue
[2024-05-21T03:36:31.271+0000] {logging_mixin.py:188} INFO - [2024-05-21T03:36:31.221+0000] {dagbag.py:540} INFO - Filling up the DagBag from /home/airflow/.local/lib/python3.9/site-packages/airflow/example_dags/example_time_delta_sensor_async.py
[2024-05-21T03:36:31.841+0000] {processor.py:840} INFO - DAG(s) 'example_time_delta_sensor_async' retrieved from /home/airflow/.local/lib/python3.9/site-packages/airflow/example_dags/example_time_delta_sensor_async.py
[2024-05-21T03:36:32.245+0000] {logging_mixin.py:188} INFO - [2024-05-21T03:36:32.245+0000] {dag.py:3047} INFO - Sync 1 DAGs
[2024-05-21T03:36:32.256+0000] {logging_mixin.py:188} INFO - [2024-05-21T03:36:32.255+0000] {dag.py:3834} INFO - Setting next_dagrun for example_time_delta_sensor_async to None, run_after=None
[2024-05-21T03:36:32.421+0000] {processor.py:183} INFO - Processing /home/airflow/.local/lib/python3.9/site-packages/airflow/example_dags/example_time_delta_sensor_async.py took 1.223 seconds
[2024-05-21T03:37:04.013+0000] {processor.py:161} INFO - Started process (PID=216) to work on /home/airflow/.local/lib/python3.9/site-packages/airflow/example_dags/example_time_delta_sensor_async.py
[2024-05-21T03:37:04.317+0000] {processor.py:830} INFO - Processing file /home/airflow/.local/lib/python3.9/site-packages/airflow/example_dags/example_time_delta_sensor_async.py for tasks to queue
[2024-05-21T03:37:17.066+0000] {logging_mixin.py:188} INFO - [2024-05-21T03:37:17.065+0000] {dagbag.py:540} INFO - Filling up the DagBag from /home/airflow/.local/lib/python3.9/site-packages/airflow/example_dags/example_time_delta_sensor_async.py
[2024-05-21T03:37:18.063+0000] {processor.py:840} INFO - DAG(s) 'example_time_delta_sensor_async' retrieved from /home/airflow/.local/lib/python3.9/site-packages/airflow/example_dags/example_time_delta_sensor_async.py
[2024-05-21T03:37:25.944+0000] {logging_mixin.py:188} INFO - [2024-05-21T03:37:25.944+0000] {dag.py:3047} INFO - Sync 1 DAGs
[2024-05-21T03:37:28.134+0000] {logging_mixin.py:188} INFO - [2024-05-21T03:37:28.134+0000] {dag.py:3834} INFO - Setting next_dagrun for example_time_delta_sensor_async to None, run_after=None
[2024-05-21T03:37:29.496+0000] {processor.py:183} INFO - Processing /home/airflow/.local/lib/python3.9/site-packages/airflow/example_dags/example_time_delta_sensor_async.py took 26.659 seconds
[2024-05-21T03:38:00.790+0000] {processor.py:161} INFO - Started process (PID=273) to work on /home/airflow/.local/lib/python3.9/site-packages/airflow/example_dags/example_time_delta_sensor_async.py
[2024-05-21T03:38:00.820+0000] {processor.py:830} INFO - Processing file /home/airflow/.local/lib/python3.9/site-packages/airflow/example_dags/example_time_delta_sensor_async.py for tasks to queue
[2024-05-21T03:38:00.894+0000] {logging_mixin.py:188} INFO - [2024-05-21T03:38:00.890+0000] {dagbag.py:540} INFO - Filling up the DagBag from /home/airflow/.local/lib/python3.9/site-packages/airflow/example_dags/example_time_delta_sensor_async.py
[2024-05-21T03:38:01.072+0000] {processor.py:840} INFO - DAG(s) 'example_time_delta_sensor_async' retrieved from /home/airflow/.local/lib/python3.9/site-packages/airflow/example_dags/example_time_delta_sensor_async.py
[2024-05-21T03:38:01.730+0000] {logging_mixin.py:188} INFO - [2024-05-21T03:38:01.730+0000] {dag.py:3047} INFO - Sync 1 DAGs
[2024-05-21T03:38:02.012+0000] {logging_mixin.py:188} INFO - [2024-05-21T03:38:02.011+0000] {dag.py:3834} INFO - Setting next_dagrun for example_time_delta_sensor_async to None, run_after=None
[2024-05-21T03:38:02.179+0000] {processor.py:183} INFO - Processing /home/airflow/.local/lib/python3.9/site-packages/airflow/example_dags/example_time_delta_sensor_async.py took 1.497 seconds
[2024-05-21T03:38:35.745+0000] {processor.py:161} INFO - Started process (PID=338) to work on /home/airflow/.local/lib/python3.9/site-packages/airflow/example_dags/example_time_delta_sensor_async.py
[2024-05-21T03:38:35.747+0000] {processor.py:830} INFO - Processing file /home/airflow/.local/lib/python3.9/site-packages/airflow/example_dags/example_time_delta_sensor_async.py for tasks to queue
[2024-05-21T03:38:35.751+0000] {logging_mixin.py:188} INFO - [2024-05-21T03:38:35.750+0000] {dagbag.py:540} INFO - Filling up the DagBag from /home/airflow/.local/lib/python3.9/site-packages/airflow/example_dags/example_time_delta_sensor_async.py
[2024-05-21T03:38:35.763+0000] {processor.py:840} INFO - DAG(s) 'example_time_delta_sensor_async' retrieved from /home/airflow/.local/lib/python3.9/site-packages/airflow/example_dags/example_time_delta_sensor_async.py
[2024-05-21T03:38:35.804+0000] {logging_mixin.py:188} INFO - [2024-05-21T03:38:35.803+0000] {dag.py:3047} INFO - Sync 1 DAGs
[2024-05-21T03:38:35.834+0000] {logging_mixin.py:188} INFO - [2024-05-21T03:38:35.833+0000] {dag.py:3834} INFO - Setting next_dagrun for example_time_delta_sensor_async to None, run_after=None
[2024-05-21T03:38:35.871+0000] {processor.py:183} INFO - Processing /home/airflow/.local/lib/python3.9/site-packages/airflow/example_dags/example_time_delta_sensor_async.py took 0.132 seconds
[2024-05-21T03:39:07.113+0000] {processor.py:161} INFO - Started process (PID=401) to work on /home/airflow/.local/lib/python3.9/site-packages/airflow/example_dags/example_time_delta_sensor_async.py
[2024-05-21T03:39:07.171+0000] {processor.py:830} INFO - Processing file /home/airflow/.local/lib/python3.9/site-packages/airflow/example_dags/example_time_delta_sensor_async.py for tasks to queue
[2024-05-21T03:39:07.173+0000] {logging_mixin.py:188} INFO - [2024-05-21T03:39:07.173+0000] {dagbag.py:540} INFO - Filling up the DagBag from /home/airflow/.local/lib/python3.9/site-packages/airflow/example_dags/example_time_delta_sensor_async.py
[2024-05-21T03:39:07.178+0000] {processor.py:840} INFO - DAG(s) 'example_time_delta_sensor_async' retrieved from /home/airflow/.local/lib/python3.9/site-packages/airflow/example_dags/example_time_delta_sensor_async.py
[2024-05-21T03:39:07.198+0000] {logging_mixin.py:188} INFO - [2024-05-21T03:39:07.198+0000] {dag.py:3047} INFO - Sync 1 DAGs
[2024-05-21T03:39:07.209+0000] {logging_mixin.py:188} INFO - [2024-05-21T03:39:07.209+0000] {dag.py:3834} INFO - Setting next_dagrun for example_time_delta_sensor_async to None, run_after=None
[2024-05-21T03:39:07.417+0000] {processor.py:183} INFO - Processing /home/airflow/.local/lib/python3.9/site-packages/airflow/example_dags/example_time_delta_sensor_async.py took 0.306 seconds
[2024-05-21T05:48:13.363+0000] {processor.py:161} INFO - Started process (PID=44) to work on /home/airflow/.local/lib/python3.9/site-packages/airflow/example_dags/example_time_delta_sensor_async.py
[2024-05-21T05:48:13.365+0000] {processor.py:830} INFO - Processing file /home/airflow/.local/lib/python3.9/site-packages/airflow/example_dags/example_time_delta_sensor_async.py for tasks to queue
[2024-05-21T05:48:13.367+0000] {logging_mixin.py:188} INFO - [2024-05-21T05:48:13.366+0000] {dagbag.py:540} INFO - Filling up the DagBag from /home/airflow/.local/lib/python3.9/site-packages/airflow/example_dags/example_time_delta_sensor_async.py
[2024-05-21T05:48:13.375+0000] {processor.py:840} INFO - DAG(s) 'example_time_delta_sensor_async' retrieved from /home/airflow/.local/lib/python3.9/site-packages/airflow/example_dags/example_time_delta_sensor_async.py
[2024-05-21T05:48:13.391+0000] {logging_mixin.py:188} INFO - [2024-05-21T05:48:13.390+0000] {dag.py:3047} INFO - Sync 1 DAGs
[2024-05-21T05:48:13.404+0000] {logging_mixin.py:188} INFO - [2024-05-21T05:48:13.404+0000] {dag.py:3834} INFO - Setting next_dagrun for example_time_delta_sensor_async to None, run_after=None
[2024-05-21T05:48:13.423+0000] {processor.py:183} INFO - Processing /home/airflow/.local/lib/python3.9/site-packages/airflow/example_dags/example_time_delta_sensor_async.py took 0.064 seconds
[2024-05-21T05:48:43.644+0000] {processor.py:161} INFO - Started process (PID=100) to work on /home/airflow/.local/lib/python3.9/site-packages/airflow/example_dags/example_time_delta_sensor_async.py
[2024-05-21T05:48:43.645+0000] {processor.py:830} INFO - Processing file /home/airflow/.local/lib/python3.9/site-packages/airflow/example_dags/example_time_delta_sensor_async.py for tasks to queue
[2024-05-21T05:48:43.647+0000] {logging_mixin.py:188} INFO - [2024-05-21T05:48:43.647+0000] {dagbag.py:540} INFO - Filling up the DagBag from /home/airflow/.local/lib/python3.9/site-packages/airflow/example_dags/example_time_delta_sensor_async.py
[2024-05-21T05:48:43.650+0000] {processor.py:840} INFO - DAG(s) 'example_time_delta_sensor_async' retrieved from /home/airflow/.local/lib/python3.9/site-packages/airflow/example_dags/example_time_delta_sensor_async.py
[2024-05-21T05:48:43.724+0000] {logging_mixin.py:188} INFO - [2024-05-21T05:48:43.723+0000] {dag.py:3047} INFO - Sync 1 DAGs
[2024-05-21T05:48:43.731+0000] {logging_mixin.py:188} INFO - [2024-05-21T05:48:43.731+0000] {dag.py:3834} INFO - Setting next_dagrun for example_time_delta_sensor_async to None, run_after=None
[2024-05-21T05:48:43.755+0000] {processor.py:183} INFO - Processing /home/airflow/.local/lib/python3.9/site-packages/airflow/example_dags/example_time_delta_sensor_async.py took 0.113 seconds
[2024-05-21T05:49:14.550+0000] {processor.py:161} INFO - Started process (PID=158) to work on /home/airflow/.local/lib/python3.9/site-packages/airflow/example_dags/example_time_delta_sensor_async.py
[2024-05-21T05:49:14.552+0000] {processor.py:830} INFO - Processing file /home/airflow/.local/lib/python3.9/site-packages/airflow/example_dags/example_time_delta_sensor_async.py for tasks to queue
[2024-05-21T05:49:14.554+0000] {logging_mixin.py:188} INFO - [2024-05-21T05:49:14.553+0000] {dagbag.py:540} INFO - Filling up the DagBag from /home/airflow/.local/lib/python3.9/site-packages/airflow/example_dags/example_time_delta_sensor_async.py
[2024-05-21T05:49:14.558+0000] {processor.py:840} INFO - DAG(s) 'example_time_delta_sensor_async' retrieved from /home/airflow/.local/lib/python3.9/site-packages/airflow/example_dags/example_time_delta_sensor_async.py
[2024-05-21T05:49:14.574+0000] {logging_mixin.py:188} INFO - [2024-05-21T05:49:14.573+0000] {dag.py:3047} INFO - Sync 1 DAGs
[2024-05-21T05:49:14.583+0000] {logging_mixin.py:188} INFO - [2024-05-21T05:49:14.583+0000] {dag.py:3834} INFO - Setting next_dagrun for example_time_delta_sensor_async to None, run_after=None
[2024-05-21T05:49:14.598+0000] {processor.py:183} INFO - Processing /home/airflow/.local/lib/python3.9/site-packages/airflow/example_dags/example_time_delta_sensor_async.py took 0.052 seconds
[2024-05-21T05:49:44.741+0000] {processor.py:161} INFO - Started process (PID=217) to work on /home/airflow/.local/lib/python3.9/site-packages/airflow/example_dags/example_time_delta_sensor_async.py
[2024-05-21T05:49:44.743+0000] {processor.py:830} INFO - Processing file /home/airflow/.local/lib/python3.9/site-packages/airflow/example_dags/example_time_delta_sensor_async.py for tasks to queue
[2024-05-21T05:49:44.745+0000] {logging_mixin.py:188} INFO - [2024-05-21T05:49:44.744+0000] {dagbag.py:540} INFO - Filling up the DagBag from /home/airflow/.local/lib/python3.9/site-packages/airflow/example_dags/example_time_delta_sensor_async.py
[2024-05-21T05:49:44.749+0000] {processor.py:840} INFO - DAG(s) 'example_time_delta_sensor_async' retrieved from /home/airflow/.local/lib/python3.9/site-packages/airflow/example_dags/example_time_delta_sensor_async.py
[2024-05-21T05:49:44.767+0000] {logging_mixin.py:188} INFO - [2024-05-21T05:49:44.767+0000] {dag.py:3047} INFO - Sync 1 DAGs
[2024-05-21T05:49:44.777+0000] {logging_mixin.py:188} INFO - [2024-05-21T05:49:44.777+0000] {dag.py:3834} INFO - Setting next_dagrun for example_time_delta_sensor_async to None, run_after=None
[2024-05-21T05:49:44.793+0000] {processor.py:183} INFO - Processing /home/airflow/.local/lib/python3.9/site-packages/airflow/example_dags/example_time_delta_sensor_async.py took 0.054 seconds
[2024-05-21T05:50:14.840+0000] {processor.py:161} INFO - Started process (PID=273) to work on /home/airflow/.local/lib/python3.9/site-packages/airflow/example_dags/example_time_delta_sensor_async.py
[2024-05-21T05:50:14.842+0000] {processor.py:830} INFO - Processing file /home/airflow/.local/lib/python3.9/site-packages/airflow/example_dags/example_time_delta_sensor_async.py for tasks to queue
[2024-05-21T05:50:14.843+0000] {logging_mixin.py:188} INFO - [2024-05-21T05:50:14.843+0000] {dagbag.py:540} INFO - Filling up the DagBag from /home/airflow/.local/lib/python3.9/site-packages/airflow/example_dags/example_time_delta_sensor_async.py
[2024-05-21T05:50:14.847+0000] {processor.py:840} INFO - DAG(s) 'example_time_delta_sensor_async' retrieved from /home/airflow/.local/lib/python3.9/site-packages/airflow/example_dags/example_time_delta_sensor_async.py
[2024-05-21T05:50:14.867+0000] {logging_mixin.py:188} INFO - [2024-05-21T05:50:14.866+0000] {dag.py:3047} INFO - Sync 1 DAGs
[2024-05-21T05:50:14.879+0000] {logging_mixin.py:188} INFO - [2024-05-21T05:50:14.879+0000] {dag.py:3834} INFO - Setting next_dagrun for example_time_delta_sensor_async to None, run_after=None
[2024-05-21T05:50:14.898+0000] {processor.py:183} INFO - Processing /home/airflow/.local/lib/python3.9/site-packages/airflow/example_dags/example_time_delta_sensor_async.py took 0.061 seconds
[2024-05-21T05:50:45.643+0000] {processor.py:161} INFO - Started process (PID=335) to work on /home/airflow/.local/lib/python3.9/site-packages/airflow/example_dags/example_time_delta_sensor_async.py
[2024-05-21T05:50:45.645+0000] {processor.py:830} INFO - Processing file /home/airflow/.local/lib/python3.9/site-packages/airflow/example_dags/example_time_delta_sensor_async.py for tasks to queue
[2024-05-21T05:50:45.646+0000] {logging_mixin.py:188} INFO - [2024-05-21T05:50:45.646+0000] {dagbag.py:540} INFO - Filling up the DagBag from /home/airflow/.local/lib/python3.9/site-packages/airflow/example_dags/example_time_delta_sensor_async.py
[2024-05-21T05:50:45.651+0000] {processor.py:840} INFO - DAG(s) 'example_time_delta_sensor_async' retrieved from /home/airflow/.local/lib/python3.9/site-packages/airflow/example_dags/example_time_delta_sensor_async.py
[2024-05-21T05:50:45.672+0000] {logging_mixin.py:188} INFO - [2024-05-21T05:50:45.672+0000] {dag.py:3047} INFO - Sync 1 DAGs
[2024-05-21T05:50:45.682+0000] {logging_mixin.py:188} INFO - [2024-05-21T05:50:45.682+0000] {dag.py:3834} INFO - Setting next_dagrun for example_time_delta_sensor_async to None, run_after=None
[2024-05-21T05:50:45.701+0000] {processor.py:183} INFO - Processing /home/airflow/.local/lib/python3.9/site-packages/airflow/example_dags/example_time_delta_sensor_async.py took 0.060 seconds
[2024-05-21T05:51:16.213+0000] {processor.py:161} INFO - Started process (PID=392) to work on /home/airflow/.local/lib/python3.9/site-packages/airflow/example_dags/example_time_delta_sensor_async.py
[2024-05-21T05:51:16.214+0000] {processor.py:830} INFO - Processing file /home/airflow/.local/lib/python3.9/site-packages/airflow/example_dags/example_time_delta_sensor_async.py for tasks to queue
[2024-05-21T05:51:16.215+0000] {logging_mixin.py:188} INFO - [2024-05-21T05:51:16.215+0000] {dagbag.py:540} INFO - Filling up the DagBag from /home/airflow/.local/lib/python3.9/site-packages/airflow/example_dags/example_time_delta_sensor_async.py
[2024-05-21T05:51:16.219+0000] {processor.py:840} INFO - DAG(s) 'example_time_delta_sensor_async' retrieved from /home/airflow/.local/lib/python3.9/site-packages/airflow/example_dags/example_time_delta_sensor_async.py
[2024-05-21T05:51:16.238+0000] {logging_mixin.py:188} INFO - [2024-05-21T05:51:16.237+0000] {dag.py:3047} INFO - Sync 1 DAGs
[2024-05-21T05:51:16.247+0000] {logging_mixin.py:188} INFO - [2024-05-21T05:51:16.247+0000] {dag.py:3834} INFO - Setting next_dagrun for example_time_delta_sensor_async to None, run_after=None
[2024-05-21T05:51:16.265+0000] {processor.py:183} INFO - Processing /home/airflow/.local/lib/python3.9/site-packages/airflow/example_dags/example_time_delta_sensor_async.py took 0.055 seconds
[2024-05-21T05:51:46.867+0000] {processor.py:161} INFO - Started process (PID=449) to work on /home/airflow/.local/lib/python3.9/site-packages/airflow/example_dags/example_time_delta_sensor_async.py
[2024-05-21T05:51:46.868+0000] {processor.py:830} INFO - Processing file /home/airflow/.local/lib/python3.9/site-packages/airflow/example_dags/example_time_delta_sensor_async.py for tasks to queue
[2024-05-21T05:51:46.870+0000] {logging_mixin.py:188} INFO - [2024-05-21T05:51:46.870+0000] {dagbag.py:540} INFO - Filling up the DagBag from /home/airflow/.local/lib/python3.9/site-packages/airflow/example_dags/example_time_delta_sensor_async.py
[2024-05-21T05:51:46.874+0000] {processor.py:840} INFO - DAG(s) 'example_time_delta_sensor_async' retrieved from /home/airflow/.local/lib/python3.9/site-packages/airflow/example_dags/example_time_delta_sensor_async.py
[2024-05-21T05:51:46.891+0000] {logging_mixin.py:188} INFO - [2024-05-21T05:51:46.891+0000] {dag.py:3047} INFO - Sync 1 DAGs
[2024-05-21T05:51:46.901+0000] {logging_mixin.py:188} INFO - [2024-05-21T05:51:46.901+0000] {dag.py:3834} INFO - Setting next_dagrun for example_time_delta_sensor_async to None, run_after=None
[2024-05-21T05:51:46.916+0000] {processor.py:183} INFO - Processing /home/airflow/.local/lib/python3.9/site-packages/airflow/example_dags/example_time_delta_sensor_async.py took 0.052 seconds
