[2024-05-21T03:35:24.715+0000] {processor.py:161} INFO - Started process (PID=46) to work on /home/airflow/.local/lib/python3.9/site-packages/airflow/example_dags/example_sensors.py
[2024-05-21T03:35:24.716+0000] {processor.py:830} INFO - Processing file /home/airflow/.local/lib/python3.9/site-packages/airflow/example_dags/example_sensors.py for tasks to queue
[2024-05-21T03:35:24.718+0000] {logging_mixin.py:188} INFO - [2024-05-21T03:35:24.717+0000] {dagbag.py:540} INFO - Filling up the DagBag from /home/airflow/.local/lib/python3.9/site-packages/airflow/example_dags/example_sensors.py
[2024-05-21T03:35:24.744+0000] {processor.py:840} INFO - DAG(s) 'example_sensors' retrieved from /home/airflow/.local/lib/python3.9/site-packages/airflow/example_dags/example_sensors.py
[2024-05-21T03:35:24.847+0000] {logging_mixin.py:188} INFO - [2024-05-21T03:35:24.846+0000] {dag.py:3047} INFO - Sync 1 DAGs
[2024-05-21T03:35:24.858+0000] {logging_mixin.py:188} INFO - [2024-05-21T03:35:24.858+0000] {dag.py:3834} INFO - Setting next_dagrun for example_sensors to None, run_after=None
[2024-05-21T03:35:24.925+0000] {processor.py:183} INFO - Processing /home/airflow/.local/lib/python3.9/site-packages/airflow/example_dags/example_sensors.py took 0.212 seconds
[2024-05-21T03:36:03.771+0000] {processor.py:161} INFO - Started process (PID=103) to work on /home/airflow/.local/lib/python3.9/site-packages/airflow/example_dags/example_sensors.py
[2024-05-21T03:36:03.782+0000] {processor.py:830} INFO - Processing file /home/airflow/.local/lib/python3.9/site-packages/airflow/example_dags/example_sensors.py for tasks to queue
[2024-05-21T03:36:03.784+0000] {logging_mixin.py:188} INFO - [2024-05-21T03:36:03.784+0000] {dagbag.py:540} INFO - Filling up the DagBag from /home/airflow/.local/lib/python3.9/site-packages/airflow/example_dags/example_sensors.py
[2024-05-21T03:36:03.793+0000] {processor.py:840} INFO - DAG(s) 'example_sensors' retrieved from /home/airflow/.local/lib/python3.9/site-packages/airflow/example_dags/example_sensors.py
[2024-05-21T03:36:03.836+0000] {logging_mixin.py:188} INFO - [2024-05-21T03:36:03.836+0000] {dag.py:3047} INFO - Sync 1 DAGs
[2024-05-21T03:36:03.857+0000] {logging_mixin.py:188} INFO - [2024-05-21T03:36:03.857+0000] {dag.py:3834} INFO - Setting next_dagrun for example_sensors to None, run_after=None
[2024-05-21T03:36:03.927+0000] {processor.py:183} INFO - Processing /home/airflow/.local/lib/python3.9/site-packages/airflow/example_dags/example_sensors.py took 0.160 seconds
[2024-05-21T03:36:34.186+0000] {processor.py:161} INFO - Started process (PID=158) to work on /home/airflow/.local/lib/python3.9/site-packages/airflow/example_dags/example_sensors.py
[2024-05-21T03:36:34.220+0000] {processor.py:830} INFO - Processing file /home/airflow/.local/lib/python3.9/site-packages/airflow/example_dags/example_sensors.py for tasks to queue
[2024-05-21T03:36:34.222+0000] {logging_mixin.py:188} INFO - [2024-05-21T03:36:34.222+0000] {dagbag.py:540} INFO - Filling up the DagBag from /home/airflow/.local/lib/python3.9/site-packages/airflow/example_dags/example_sensors.py
[2024-05-21T03:36:34.251+0000] {processor.py:840} INFO - DAG(s) 'example_sensors' retrieved from /home/airflow/.local/lib/python3.9/site-packages/airflow/example_dags/example_sensors.py
[2024-05-21T03:36:34.274+0000] {logging_mixin.py:188} INFO - [2024-05-21T03:36:34.274+0000] {dag.py:3047} INFO - Sync 1 DAGs
[2024-05-21T03:36:34.287+0000] {logging_mixin.py:188} INFO - [2024-05-21T03:36:34.286+0000] {dag.py:3834} INFO - Setting next_dagrun for example_sensors to None, run_after=None
[2024-05-21T03:36:34.484+0000] {processor.py:183} INFO - Processing /home/airflow/.local/lib/python3.9/site-packages/airflow/example_dags/example_sensors.py took 0.301 seconds
[2024-05-21T03:37:32.089+0000] {processor.py:161} INFO - Started process (PID=225) to work on /home/airflow/.local/lib/python3.9/site-packages/airflow/example_dags/example_sensors.py
[2024-05-21T03:37:32.135+0000] {processor.py:830} INFO - Processing file /home/airflow/.local/lib/python3.9/site-packages/airflow/example_dags/example_sensors.py for tasks to queue
[2024-05-21T03:37:32.141+0000] {logging_mixin.py:188} INFO - [2024-05-21T03:37:32.140+0000] {dagbag.py:540} INFO - Filling up the DagBag from /home/airflow/.local/lib/python3.9/site-packages/airflow/example_dags/example_sensors.py
[2024-05-21T03:37:32.165+0000] {processor.py:840} INFO - DAG(s) 'example_sensors' retrieved from /home/airflow/.local/lib/python3.9/site-packages/airflow/example_dags/example_sensors.py
[2024-05-21T03:37:32.231+0000] {logging_mixin.py:188} INFO - [2024-05-21T03:37:32.229+0000] {dag.py:3047} INFO - Sync 1 DAGs
[2024-05-21T03:37:32.262+0000] {logging_mixin.py:188} INFO - [2024-05-21T03:37:32.262+0000] {dag.py:3834} INFO - Setting next_dagrun for example_sensors to None, run_after=None
[2024-05-21T03:37:32.332+0000] {processor.py:183} INFO - Processing /home/airflow/.local/lib/python3.9/site-packages/airflow/example_dags/example_sensors.py took 0.247 seconds
[2024-05-21T03:38:04.185+0000] {processor.py:161} INFO - Started process (PID=283) to work on /home/airflow/.local/lib/python3.9/site-packages/airflow/example_dags/example_sensors.py
[2024-05-21T03:38:04.186+0000] {processor.py:830} INFO - Processing file /home/airflow/.local/lib/python3.9/site-packages/airflow/example_dags/example_sensors.py for tasks to queue
[2024-05-21T03:38:04.189+0000] {logging_mixin.py:188} INFO - [2024-05-21T03:38:04.188+0000] {dagbag.py:540} INFO - Filling up the DagBag from /home/airflow/.local/lib/python3.9/site-packages/airflow/example_dags/example_sensors.py
[2024-05-21T03:38:04.211+0000] {processor.py:840} INFO - DAG(s) 'example_sensors' retrieved from /home/airflow/.local/lib/python3.9/site-packages/airflow/example_dags/example_sensors.py
[2024-05-21T03:38:04.281+0000] {logging_mixin.py:188} INFO - [2024-05-21T03:38:04.280+0000] {dag.py:3047} INFO - Sync 1 DAGs
[2024-05-21T03:38:04.338+0000] {logging_mixin.py:188} INFO - [2024-05-21T03:38:04.338+0000] {dag.py:3834} INFO - Setting next_dagrun for example_sensors to None, run_after=None
[2024-05-21T03:38:04.360+0000] {processor.py:183} INFO - Processing /home/airflow/.local/lib/python3.9/site-packages/airflow/example_dags/example_sensors.py took 0.180 seconds
[2024-05-21T03:38:36.258+0000] {processor.py:161} INFO - Started process (PID=340) to work on /home/airflow/.local/lib/python3.9/site-packages/airflow/example_dags/example_sensors.py
[2024-05-21T03:38:36.260+0000] {processor.py:830} INFO - Processing file /home/airflow/.local/lib/python3.9/site-packages/airflow/example_dags/example_sensors.py for tasks to queue
[2024-05-21T03:38:36.269+0000] {logging_mixin.py:188} INFO - [2024-05-21T03:38:36.267+0000] {dagbag.py:540} INFO - Filling up the DagBag from /home/airflow/.local/lib/python3.9/site-packages/airflow/example_dags/example_sensors.py
[2024-05-21T03:38:36.294+0000] {processor.py:840} INFO - DAG(s) 'example_sensors' retrieved from /home/airflow/.local/lib/python3.9/site-packages/airflow/example_dags/example_sensors.py
[2024-05-21T03:38:36.504+0000] {logging_mixin.py:188} INFO - [2024-05-21T03:38:36.504+0000] {dag.py:3047} INFO - Sync 1 DAGs
[2024-05-21T03:38:36.541+0000] {logging_mixin.py:188} INFO - [2024-05-21T03:38:36.541+0000] {dag.py:3834} INFO - Setting next_dagrun for example_sensors to None, run_after=None
[2024-05-21T03:38:36.594+0000] {processor.py:183} INFO - Processing /home/airflow/.local/lib/python3.9/site-packages/airflow/example_dags/example_sensors.py took 0.342 seconds
[2024-05-21T03:39:08.043+0000] {processor.py:161} INFO - Started process (PID=405) to work on /home/airflow/.local/lib/python3.9/site-packages/airflow/example_dags/example_sensors.py
[2024-05-21T03:39:08.047+0000] {processor.py:830} INFO - Processing file /home/airflow/.local/lib/python3.9/site-packages/airflow/example_dags/example_sensors.py for tasks to queue
[2024-05-21T03:39:08.050+0000] {logging_mixin.py:188} INFO - [2024-05-21T03:39:08.050+0000] {dagbag.py:540} INFO - Filling up the DagBag from /home/airflow/.local/lib/python3.9/site-packages/airflow/example_dags/example_sensors.py
[2024-05-21T03:39:08.082+0000] {processor.py:840} INFO - DAG(s) 'example_sensors' retrieved from /home/airflow/.local/lib/python3.9/site-packages/airflow/example_dags/example_sensors.py
[2024-05-21T03:39:08.132+0000] {logging_mixin.py:188} INFO - [2024-05-21T03:39:08.131+0000] {dag.py:3047} INFO - Sync 1 DAGs
[2024-05-21T03:39:08.164+0000] {logging_mixin.py:188} INFO - [2024-05-21T03:39:08.163+0000] {dag.py:3834} INFO - Setting next_dagrun for example_sensors to None, run_after=None
[2024-05-21T03:39:08.269+0000] {processor.py:183} INFO - Processing /home/airflow/.local/lib/python3.9/site-packages/airflow/example_dags/example_sensors.py took 0.229 seconds
[2024-05-21T05:48:13.463+0000] {processor.py:161} INFO - Started process (PID=46) to work on /home/airflow/.local/lib/python3.9/site-packages/airflow/example_dags/example_sensors.py
[2024-05-21T05:48:13.465+0000] {processor.py:830} INFO - Processing file /home/airflow/.local/lib/python3.9/site-packages/airflow/example_dags/example_sensors.py for tasks to queue
[2024-05-21T05:48:13.467+0000] {logging_mixin.py:188} INFO - [2024-05-21T05:48:13.466+0000] {dagbag.py:540} INFO - Filling up the DagBag from /home/airflow/.local/lib/python3.9/site-packages/airflow/example_dags/example_sensors.py
[2024-05-21T05:48:13.477+0000] {processor.py:840} INFO - DAG(s) 'example_sensors' retrieved from /home/airflow/.local/lib/python3.9/site-packages/airflow/example_dags/example_sensors.py
[2024-05-21T05:48:13.492+0000] {logging_mixin.py:188} INFO - [2024-05-21T05:48:13.492+0000] {dag.py:3047} INFO - Sync 1 DAGs
[2024-05-21T05:48:13.502+0000] {logging_mixin.py:188} INFO - [2024-05-21T05:48:13.502+0000] {dag.py:3834} INFO - Setting next_dagrun for example_sensors to None, run_after=None
[2024-05-21T05:48:13.525+0000] {processor.py:183} INFO - Processing /home/airflow/.local/lib/python3.9/site-packages/airflow/example_dags/example_sensors.py took 0.064 seconds
[2024-05-21T05:48:43.979+0000] {processor.py:161} INFO - Started process (PID=103) to work on /home/airflow/.local/lib/python3.9/site-packages/airflow/example_dags/example_sensors.py
[2024-05-21T05:48:43.980+0000] {processor.py:830} INFO - Processing file /home/airflow/.local/lib/python3.9/site-packages/airflow/example_dags/example_sensors.py for tasks to queue
[2024-05-21T05:48:43.983+0000] {logging_mixin.py:188} INFO - [2024-05-21T05:48:43.982+0000] {dagbag.py:540} INFO - Filling up the DagBag from /home/airflow/.local/lib/python3.9/site-packages/airflow/example_dags/example_sensors.py
[2024-05-21T05:48:43.992+0000] {processor.py:840} INFO - DAG(s) 'example_sensors' retrieved from /home/airflow/.local/lib/python3.9/site-packages/airflow/example_dags/example_sensors.py
[2024-05-21T05:48:44.071+0000] {logging_mixin.py:188} INFO - [2024-05-21T05:48:44.071+0000] {dag.py:3047} INFO - Sync 1 DAGs
[2024-05-21T05:48:44.083+0000] {logging_mixin.py:188} INFO - [2024-05-21T05:48:44.082+0000] {dag.py:3834} INFO - Setting next_dagrun for example_sensors to None, run_after=None
[2024-05-21T05:48:44.101+0000] {processor.py:183} INFO - Processing /home/airflow/.local/lib/python3.9/site-packages/airflow/example_dags/example_sensors.py took 0.126 seconds
[2024-05-21T05:49:14.639+0000] {processor.py:161} INFO - Started process (PID=160) to work on /home/airflow/.local/lib/python3.9/site-packages/airflow/example_dags/example_sensors.py
[2024-05-21T05:49:14.640+0000] {processor.py:830} INFO - Processing file /home/airflow/.local/lib/python3.9/site-packages/airflow/example_dags/example_sensors.py for tasks to queue
[2024-05-21T05:49:14.642+0000] {logging_mixin.py:188} INFO - [2024-05-21T05:49:14.642+0000] {dagbag.py:540} INFO - Filling up the DagBag from /home/airflow/.local/lib/python3.9/site-packages/airflow/example_dags/example_sensors.py
[2024-05-21T05:49:14.650+0000] {processor.py:840} INFO - DAG(s) 'example_sensors' retrieved from /home/airflow/.local/lib/python3.9/site-packages/airflow/example_dags/example_sensors.py
[2024-05-21T05:49:14.670+0000] {logging_mixin.py:188} INFO - [2024-05-21T05:49:14.670+0000] {dag.py:3047} INFO - Sync 1 DAGs
[2024-05-21T05:49:14.679+0000] {logging_mixin.py:188} INFO - [2024-05-21T05:49:14.679+0000] {dag.py:3834} INFO - Setting next_dagrun for example_sensors to None, run_after=None
[2024-05-21T05:49:14.694+0000] {processor.py:183} INFO - Processing /home/airflow/.local/lib/python3.9/site-packages/airflow/example_dags/example_sensors.py took 0.058 seconds
[2024-05-21T05:49:45.305+0000] {processor.py:161} INFO - Started process (PID=221) to work on /home/airflow/.local/lib/python3.9/site-packages/airflow/example_dags/example_sensors.py
[2024-05-21T05:49:45.306+0000] {processor.py:830} INFO - Processing file /home/airflow/.local/lib/python3.9/site-packages/airflow/example_dags/example_sensors.py for tasks to queue
[2024-05-21T05:49:45.308+0000] {logging_mixin.py:188} INFO - [2024-05-21T05:49:45.308+0000] {dagbag.py:540} INFO - Filling up the DagBag from /home/airflow/.local/lib/python3.9/site-packages/airflow/example_dags/example_sensors.py
[2024-05-21T05:49:45.316+0000] {processor.py:840} INFO - DAG(s) 'example_sensors' retrieved from /home/airflow/.local/lib/python3.9/site-packages/airflow/example_dags/example_sensors.py
[2024-05-21T05:49:45.340+0000] {logging_mixin.py:188} INFO - [2024-05-21T05:49:45.339+0000] {dag.py:3047} INFO - Sync 1 DAGs
[2024-05-21T05:49:45.351+0000] {logging_mixin.py:188} INFO - [2024-05-21T05:49:45.350+0000] {dag.py:3834} INFO - Setting next_dagrun for example_sensors to None, run_after=None
[2024-05-21T05:49:45.369+0000] {processor.py:183} INFO - Processing /home/airflow/.local/lib/python3.9/site-packages/airflow/example_dags/example_sensors.py took 0.067 seconds
[2024-05-21T05:50:16.105+0000] {processor.py:161} INFO - Started process (PID=278) to work on /home/airflow/.local/lib/python3.9/site-packages/airflow/example_dags/example_sensors.py
[2024-05-21T05:50:16.107+0000] {processor.py:830} INFO - Processing file /home/airflow/.local/lib/python3.9/site-packages/airflow/example_dags/example_sensors.py for tasks to queue
[2024-05-21T05:50:16.109+0000] {logging_mixin.py:188} INFO - [2024-05-21T05:50:16.108+0000] {dagbag.py:540} INFO - Filling up the DagBag from /home/airflow/.local/lib/python3.9/site-packages/airflow/example_dags/example_sensors.py
[2024-05-21T05:50:16.117+0000] {processor.py:840} INFO - DAG(s) 'example_sensors' retrieved from /home/airflow/.local/lib/python3.9/site-packages/airflow/example_dags/example_sensors.py
[2024-05-21T05:50:16.140+0000] {logging_mixin.py:188} INFO - [2024-05-21T05:50:16.139+0000] {dag.py:3047} INFO - Sync 1 DAGs
[2024-05-21T05:50:16.150+0000] {logging_mixin.py:188} INFO - [2024-05-21T05:50:16.150+0000] {dag.py:3834} INFO - Setting next_dagrun for example_sensors to None, run_after=None
[2024-05-21T05:50:16.167+0000] {processor.py:183} INFO - Processing /home/airflow/.local/lib/python3.9/site-packages/airflow/example_dags/example_sensors.py took 0.065 seconds
[2024-05-21T05:50:46.840+0000] {processor.py:161} INFO - Started process (PID=339) to work on /home/airflow/.local/lib/python3.9/site-packages/airflow/example_dags/example_sensors.py
[2024-05-21T05:50:46.842+0000] {processor.py:830} INFO - Processing file /home/airflow/.local/lib/python3.9/site-packages/airflow/example_dags/example_sensors.py for tasks to queue
[2024-05-21T05:50:46.843+0000] {logging_mixin.py:188} INFO - [2024-05-21T05:50:46.843+0000] {dagbag.py:540} INFO - Filling up the DagBag from /home/airflow/.local/lib/python3.9/site-packages/airflow/example_dags/example_sensors.py
[2024-05-21T05:50:46.850+0000] {processor.py:840} INFO - DAG(s) 'example_sensors' retrieved from /home/airflow/.local/lib/python3.9/site-packages/airflow/example_dags/example_sensors.py
[2024-05-21T05:50:46.870+0000] {logging_mixin.py:188} INFO - [2024-05-21T05:50:46.869+0000] {dag.py:3047} INFO - Sync 1 DAGs
[2024-05-21T05:50:46.879+0000] {logging_mixin.py:188} INFO - [2024-05-21T05:50:46.878+0000] {dag.py:3834} INFO - Setting next_dagrun for example_sensors to None, run_after=None
[2024-05-21T05:50:46.898+0000] {processor.py:183} INFO - Processing /home/airflow/.local/lib/python3.9/site-packages/airflow/example_dags/example_sensors.py took 0.060 seconds
[2024-05-21T05:51:17.407+0000] {processor.py:161} INFO - Started process (PID=396) to work on /home/airflow/.local/lib/python3.9/site-packages/airflow/example_dags/example_sensors.py
[2024-05-21T05:51:17.408+0000] {processor.py:830} INFO - Processing file /home/airflow/.local/lib/python3.9/site-packages/airflow/example_dags/example_sensors.py for tasks to queue
[2024-05-21T05:51:17.411+0000] {logging_mixin.py:188} INFO - [2024-05-21T05:51:17.410+0000] {dagbag.py:540} INFO - Filling up the DagBag from /home/airflow/.local/lib/python3.9/site-packages/airflow/example_dags/example_sensors.py
[2024-05-21T05:51:17.421+0000] {processor.py:840} INFO - DAG(s) 'example_sensors' retrieved from /home/airflow/.local/lib/python3.9/site-packages/airflow/example_dags/example_sensors.py
[2024-05-21T05:51:17.448+0000] {logging_mixin.py:188} INFO - [2024-05-21T05:51:17.447+0000] {dag.py:3047} INFO - Sync 1 DAGs
[2024-05-21T05:51:17.461+0000] {logging_mixin.py:188} INFO - [2024-05-21T05:51:17.461+0000] {dag.py:3834} INFO - Setting next_dagrun for example_sensors to None, run_after=None
[2024-05-21T05:51:17.484+0000] {processor.py:183} INFO - Processing /home/airflow/.local/lib/python3.9/site-packages/airflow/example_dags/example_sensors.py took 0.081 seconds
[2024-05-21T05:51:48.060+0000] {processor.py:161} INFO - Started process (PID=453) to work on /home/airflow/.local/lib/python3.9/site-packages/airflow/example_dags/example_sensors.py
[2024-05-21T05:51:48.062+0000] {processor.py:830} INFO - Processing file /home/airflow/.local/lib/python3.9/site-packages/airflow/example_dags/example_sensors.py for tasks to queue
[2024-05-21T05:51:48.064+0000] {logging_mixin.py:188} INFO - [2024-05-21T05:51:48.063+0000] {dagbag.py:540} INFO - Filling up the DagBag from /home/airflow/.local/lib/python3.9/site-packages/airflow/example_dags/example_sensors.py
[2024-05-21T05:51:48.071+0000] {processor.py:840} INFO - DAG(s) 'example_sensors' retrieved from /home/airflow/.local/lib/python3.9/site-packages/airflow/example_dags/example_sensors.py
[2024-05-21T05:51:48.093+0000] {logging_mixin.py:188} INFO - [2024-05-21T05:51:48.093+0000] {dag.py:3047} INFO - Sync 1 DAGs
[2024-05-21T05:51:48.102+0000] {logging_mixin.py:188} INFO - [2024-05-21T05:51:48.102+0000] {dag.py:3834} INFO - Setting next_dagrun for example_sensors to None, run_after=None
[2024-05-21T05:51:48.123+0000] {processor.py:183} INFO - Processing /home/airflow/.local/lib/python3.9/site-packages/airflow/example_dags/example_sensors.py took 0.066 seconds
