[2024-05-21T03:35:29.071+0000] {processor.py:161} INFO - Started process (PID=77) to work on /home/airflow/.local/lib/python3.9/site-packages/airflow/example_dags/example_kubernetes_executor.py
[2024-05-21T03:35:29.073+0000] {processor.py:830} INFO - Processing file /home/airflow/.local/lib/python3.9/site-packages/airflow/example_dags/example_kubernetes_executor.py for tasks to queue
[2024-05-21T03:35:29.075+0000] {logging_mixin.py:188} INFO - [2024-05-21T03:35:29.075+0000] {dagbag.py:540} INFO - Filling up the DagBag from /home/airflow/.local/lib/python3.9/site-packages/airflow/example_dags/example_kubernetes_executor.py
[2024-05-21T03:35:29.094+0000] {processor.py:840} INFO - DAG(s) 'example_kubernetes_executor' retrieved from /home/airflow/.local/lib/python3.9/site-packages/airflow/example_dags/example_kubernetes_executor.py
[2024-05-21T03:35:29.205+0000] {logging_mixin.py:188} INFO - [2024-05-21T03:35:29.205+0000] {dag.py:3047} INFO - Sync 1 DAGs
[2024-05-21T03:35:29.215+0000] {logging_mixin.py:188} INFO - [2024-05-21T03:35:29.215+0000] {dag.py:3834} INFO - Setting next_dagrun for example_kubernetes_executor to None, run_after=None
[2024-05-21T03:35:29.287+0000] {processor.py:183} INFO - Processing /home/airflow/.local/lib/python3.9/site-packages/airflow/example_dags/example_kubernetes_executor.py took 0.218 seconds
[2024-05-21T03:36:08.172+0000] {processor.py:161} INFO - Started process (PID=140) to work on /home/airflow/.local/lib/python3.9/site-packages/airflow/example_dags/example_kubernetes_executor.py
[2024-05-21T03:36:08.188+0000] {processor.py:830} INFO - Processing file /home/airflow/.local/lib/python3.9/site-packages/airflow/example_dags/example_kubernetes_executor.py for tasks to queue
[2024-05-21T03:36:08.191+0000] {logging_mixin.py:188} INFO - [2024-05-21T03:36:08.190+0000] {dagbag.py:540} INFO - Filling up the DagBag from /home/airflow/.local/lib/python3.9/site-packages/airflow/example_dags/example_kubernetes_executor.py
[2024-05-21T03:36:08.226+0000] {processor.py:840} INFO - DAG(s) 'example_kubernetes_executor' retrieved from /home/airflow/.local/lib/python3.9/site-packages/airflow/example_dags/example_kubernetes_executor.py
[2024-05-21T03:36:08.459+0000] {logging_mixin.py:188} INFO - [2024-05-21T03:36:08.458+0000] {dag.py:3047} INFO - Sync 1 DAGs
[2024-05-21T03:36:08.482+0000] {logging_mixin.py:188} INFO - [2024-05-21T03:36:08.481+0000] {dag.py:3834} INFO - Setting next_dagrun for example_kubernetes_executor to None, run_after=None
[2024-05-21T03:36:08.519+0000] {processor.py:183} INFO - Processing /home/airflow/.local/lib/python3.9/site-packages/airflow/example_dags/example_kubernetes_executor.py took 0.361 seconds
[2024-05-21T03:36:44.615+0000] {processor.py:161} INFO - Started process (PID=197) to work on /home/airflow/.local/lib/python3.9/site-packages/airflow/example_dags/example_kubernetes_executor.py
[2024-05-21T03:36:44.620+0000] {processor.py:830} INFO - Processing file /home/airflow/.local/lib/python3.9/site-packages/airflow/example_dags/example_kubernetes_executor.py for tasks to queue
[2024-05-21T03:36:44.629+0000] {logging_mixin.py:188} INFO - [2024-05-21T03:36:44.624+0000] {dagbag.py:540} INFO - Filling up the DagBag from /home/airflow/.local/lib/python3.9/site-packages/airflow/example_dags/example_kubernetes_executor.py
[2024-05-21T03:36:44.725+0000] {processor.py:840} INFO - DAG(s) 'example_kubernetes_executor' retrieved from /home/airflow/.local/lib/python3.9/site-packages/airflow/example_dags/example_kubernetes_executor.py
[2024-05-21T03:36:44.908+0000] {logging_mixin.py:188} INFO - [2024-05-21T03:36:44.907+0000] {dag.py:3047} INFO - Sync 1 DAGs
[2024-05-21T03:36:44.938+0000] {logging_mixin.py:188} INFO - [2024-05-21T03:36:44.938+0000] {dag.py:3834} INFO - Setting next_dagrun for example_kubernetes_executor to None, run_after=None
[2024-05-21T03:36:45.006+0000] {processor.py:183} INFO - Processing /home/airflow/.local/lib/python3.9/site-packages/airflow/example_dags/example_kubernetes_executor.py took 0.397 seconds
[2024-05-21T03:37:38.654+0000] {processor.py:161} INFO - Started process (PID=261) to work on /home/airflow/.local/lib/python3.9/site-packages/airflow/example_dags/example_kubernetes_executor.py
[2024-05-21T03:37:38.655+0000] {processor.py:830} INFO - Processing file /home/airflow/.local/lib/python3.9/site-packages/airflow/example_dags/example_kubernetes_executor.py for tasks to queue
[2024-05-21T03:37:38.658+0000] {logging_mixin.py:188} INFO - [2024-05-21T03:37:38.657+0000] {dagbag.py:540} INFO - Filling up the DagBag from /home/airflow/.local/lib/python3.9/site-packages/airflow/example_dags/example_kubernetes_executor.py
[2024-05-21T03:37:38.671+0000] {processor.py:840} INFO - DAG(s) 'example_kubernetes_executor' retrieved from /home/airflow/.local/lib/python3.9/site-packages/airflow/example_dags/example_kubernetes_executor.py
[2024-05-21T03:37:38.713+0000] {logging_mixin.py:188} INFO - [2024-05-21T03:37:38.712+0000] {dag.py:3047} INFO - Sync 1 DAGs
[2024-05-21T03:37:38.726+0000] {logging_mixin.py:188} INFO - [2024-05-21T03:37:38.726+0000] {dag.py:3834} INFO - Setting next_dagrun for example_kubernetes_executor to None, run_after=None
[2024-05-21T03:37:38.750+0000] {processor.py:183} INFO - Processing /home/airflow/.local/lib/python3.9/site-packages/airflow/example_dags/example_kubernetes_executor.py took 0.099 seconds
[2024-05-21T03:38:33.300+0000] {processor.py:161} INFO - Started process (PID=323) to work on /home/airflow/.local/lib/python3.9/site-packages/airflow/example_dags/example_kubernetes_executor.py
[2024-05-21T03:38:33.321+0000] {processor.py:830} INFO - Processing file /home/airflow/.local/lib/python3.9/site-packages/airflow/example_dags/example_kubernetes_executor.py for tasks to queue
[2024-05-21T03:38:33.323+0000] {logging_mixin.py:188} INFO - [2024-05-21T03:38:33.323+0000] {dagbag.py:540} INFO - Filling up the DagBag from /home/airflow/.local/lib/python3.9/site-packages/airflow/example_dags/example_kubernetes_executor.py
[2024-05-21T03:38:33.349+0000] {processor.py:840} INFO - DAG(s) 'example_kubernetes_executor' retrieved from /home/airflow/.local/lib/python3.9/site-packages/airflow/example_dags/example_kubernetes_executor.py
[2024-05-21T03:38:33.485+0000] {logging_mixin.py:188} INFO - [2024-05-21T03:38:33.485+0000] {dag.py:3047} INFO - Sync 1 DAGs
[2024-05-21T03:38:33.495+0000] {logging_mixin.py:188} INFO - [2024-05-21T03:38:33.495+0000] {dag.py:3834} INFO - Setting next_dagrun for example_kubernetes_executor to None, run_after=None
[2024-05-21T03:38:33.545+0000] {processor.py:183} INFO - Processing /home/airflow/.local/lib/python3.9/site-packages/airflow/example_dags/example_kubernetes_executor.py took 0.249 seconds
[2024-05-21T03:39:04.119+0000] {processor.py:161} INFO - Started process (PID=383) to work on /home/airflow/.local/lib/python3.9/site-packages/airflow/example_dags/example_kubernetes_executor.py
[2024-05-21T03:39:04.121+0000] {processor.py:830} INFO - Processing file /home/airflow/.local/lib/python3.9/site-packages/airflow/example_dags/example_kubernetes_executor.py for tasks to queue
[2024-05-21T03:39:04.124+0000] {logging_mixin.py:188} INFO - [2024-05-21T03:39:04.124+0000] {dagbag.py:540} INFO - Filling up the DagBag from /home/airflow/.local/lib/python3.9/site-packages/airflow/example_dags/example_kubernetes_executor.py
[2024-05-21T03:39:04.238+0000] {processor.py:840} INFO - DAG(s) 'example_kubernetes_executor' retrieved from /home/airflow/.local/lib/python3.9/site-packages/airflow/example_dags/example_kubernetes_executor.py
[2024-05-21T03:39:04.540+0000] {logging_mixin.py:188} INFO - [2024-05-21T03:39:04.539+0000] {dag.py:3047} INFO - Sync 1 DAGs
[2024-05-21T03:39:04.628+0000] {logging_mixin.py:188} INFO - [2024-05-21T03:39:04.627+0000] {dag.py:3834} INFO - Setting next_dagrun for example_kubernetes_executor to None, run_after=None
[2024-05-21T03:39:04.752+0000] {processor.py:183} INFO - Processing /home/airflow/.local/lib/python3.9/site-packages/airflow/example_dags/example_kubernetes_executor.py took 0.636 seconds
[2024-05-21T05:48:15.097+0000] {processor.py:161} INFO - Started process (PID=77) to work on /home/airflow/.local/lib/python3.9/site-packages/airflow/example_dags/example_kubernetes_executor.py
[2024-05-21T05:48:15.099+0000] {processor.py:830} INFO - Processing file /home/airflow/.local/lib/python3.9/site-packages/airflow/example_dags/example_kubernetes_executor.py for tasks to queue
[2024-05-21T05:48:15.101+0000] {logging_mixin.py:188} INFO - [2024-05-21T05:48:15.101+0000] {dagbag.py:540} INFO - Filling up the DagBag from /home/airflow/.local/lib/python3.9/site-packages/airflow/example_dags/example_kubernetes_executor.py
[2024-05-21T05:48:15.111+0000] {processor.py:840} INFO - DAG(s) 'example_kubernetes_executor' retrieved from /home/airflow/.local/lib/python3.9/site-packages/airflow/example_dags/example_kubernetes_executor.py
[2024-05-21T05:48:15.120+0000] {logging_mixin.py:188} INFO - [2024-05-21T05:48:15.119+0000] {dag.py:3047} INFO - Sync 1 DAGs
[2024-05-21T05:48:15.131+0000] {logging_mixin.py:188} INFO - [2024-05-21T05:48:15.130+0000] {dag.py:3834} INFO - Setting next_dagrun for example_kubernetes_executor to None, run_after=None
[2024-05-21T05:48:15.146+0000] {processor.py:183} INFO - Processing /home/airflow/.local/lib/python3.9/site-packages/airflow/example_dags/example_kubernetes_executor.py took 0.051 seconds
[2024-05-21T05:48:46.216+0000] {processor.py:161} INFO - Started process (PID=134) to work on /home/airflow/.local/lib/python3.9/site-packages/airflow/example_dags/example_kubernetes_executor.py
[2024-05-21T05:48:46.217+0000] {processor.py:830} INFO - Processing file /home/airflow/.local/lib/python3.9/site-packages/airflow/example_dags/example_kubernetes_executor.py for tasks to queue
[2024-05-21T05:48:46.219+0000] {logging_mixin.py:188} INFO - [2024-05-21T05:48:46.219+0000] {dagbag.py:540} INFO - Filling up the DagBag from /home/airflow/.local/lib/python3.9/site-packages/airflow/example_dags/example_kubernetes_executor.py
[2024-05-21T05:48:46.233+0000] {processor.py:840} INFO - DAG(s) 'example_kubernetes_executor' retrieved from /home/airflow/.local/lib/python3.9/site-packages/airflow/example_dags/example_kubernetes_executor.py
[2024-05-21T05:48:46.327+0000] {logging_mixin.py:188} INFO - [2024-05-21T05:48:46.327+0000] {dag.py:3047} INFO - Sync 1 DAGs
[2024-05-21T05:48:46.336+0000] {logging_mixin.py:188} INFO - [2024-05-21T05:48:46.336+0000] {dag.py:3834} INFO - Setting next_dagrun for example_kubernetes_executor to None, run_after=None
[2024-05-21T05:48:46.352+0000] {processor.py:183} INFO - Processing /home/airflow/.local/lib/python3.9/site-packages/airflow/example_dags/example_kubernetes_executor.py took 0.138 seconds
[2024-05-21T05:49:16.654+0000] {processor.py:161} INFO - Started process (PID=191) to work on /home/airflow/.local/lib/python3.9/site-packages/airflow/example_dags/example_kubernetes_executor.py
[2024-05-21T05:49:16.655+0000] {processor.py:830} INFO - Processing file /home/airflow/.local/lib/python3.9/site-packages/airflow/example_dags/example_kubernetes_executor.py for tasks to queue
[2024-05-21T05:49:16.657+0000] {logging_mixin.py:188} INFO - [2024-05-21T05:49:16.657+0000] {dagbag.py:540} INFO - Filling up the DagBag from /home/airflow/.local/lib/python3.9/site-packages/airflow/example_dags/example_kubernetes_executor.py
[2024-05-21T05:49:16.668+0000] {processor.py:840} INFO - DAG(s) 'example_kubernetes_executor' retrieved from /home/airflow/.local/lib/python3.9/site-packages/airflow/example_dags/example_kubernetes_executor.py
[2024-05-21T05:49:16.702+0000] {logging_mixin.py:188} INFO - [2024-05-21T05:49:16.702+0000] {dag.py:3047} INFO - Sync 1 DAGs
[2024-05-21T05:49:16.711+0000] {logging_mixin.py:188} INFO - [2024-05-21T05:49:16.711+0000] {dag.py:3834} INFO - Setting next_dagrun for example_kubernetes_executor to None, run_after=None
[2024-05-21T05:49:16.728+0000] {processor.py:183} INFO - Processing /home/airflow/.local/lib/python3.9/site-packages/airflow/example_dags/example_kubernetes_executor.py took 0.076 seconds
[2024-05-21T05:49:46.812+0000] {processor.py:161} INFO - Started process (PID=252) to work on /home/airflow/.local/lib/python3.9/site-packages/airflow/example_dags/example_kubernetes_executor.py
[2024-05-21T05:49:46.814+0000] {processor.py:830} INFO - Processing file /home/airflow/.local/lib/python3.9/site-packages/airflow/example_dags/example_kubernetes_executor.py for tasks to queue
[2024-05-21T05:49:46.815+0000] {logging_mixin.py:188} INFO - [2024-05-21T05:49:46.815+0000] {dagbag.py:540} INFO - Filling up the DagBag from /home/airflow/.local/lib/python3.9/site-packages/airflow/example_dags/example_kubernetes_executor.py
[2024-05-21T05:49:46.830+0000] {processor.py:840} INFO - DAG(s) 'example_kubernetes_executor' retrieved from /home/airflow/.local/lib/python3.9/site-packages/airflow/example_dags/example_kubernetes_executor.py
[2024-05-21T05:49:46.862+0000] {logging_mixin.py:188} INFO - [2024-05-21T05:49:46.862+0000] {dag.py:3047} INFO - Sync 1 DAGs
[2024-05-21T05:49:46.873+0000] {logging_mixin.py:188} INFO - [2024-05-21T05:49:46.873+0000] {dag.py:3834} INFO - Setting next_dagrun for example_kubernetes_executor to None, run_after=None
[2024-05-21T05:49:46.890+0000] {processor.py:183} INFO - Processing /home/airflow/.local/lib/python3.9/site-packages/airflow/example_dags/example_kubernetes_executor.py took 0.081 seconds
[2024-05-21T05:50:17.766+0000] {processor.py:161} INFO - Started process (PID=309) to work on /home/airflow/.local/lib/python3.9/site-packages/airflow/example_dags/example_kubernetes_executor.py
[2024-05-21T05:50:17.768+0000] {processor.py:830} INFO - Processing file /home/airflow/.local/lib/python3.9/site-packages/airflow/example_dags/example_kubernetes_executor.py for tasks to queue
[2024-05-21T05:50:17.770+0000] {logging_mixin.py:188} INFO - [2024-05-21T05:50:17.770+0000] {dagbag.py:540} INFO - Filling up the DagBag from /home/airflow/.local/lib/python3.9/site-packages/airflow/example_dags/example_kubernetes_executor.py
[2024-05-21T05:50:17.784+0000] {processor.py:840} INFO - DAG(s) 'example_kubernetes_executor' retrieved from /home/airflow/.local/lib/python3.9/site-packages/airflow/example_dags/example_kubernetes_executor.py
[2024-05-21T05:50:17.815+0000] {logging_mixin.py:188} INFO - [2024-05-21T05:50:17.815+0000] {dag.py:3047} INFO - Sync 1 DAGs
[2024-05-21T05:50:17.825+0000] {logging_mixin.py:188} INFO - [2024-05-21T05:50:17.825+0000] {dag.py:3834} INFO - Setting next_dagrun for example_kubernetes_executor to None, run_after=None
[2024-05-21T05:50:17.842+0000] {processor.py:183} INFO - Processing /home/airflow/.local/lib/python3.9/site-packages/airflow/example_dags/example_kubernetes_executor.py took 0.079 seconds
[2024-05-21T05:50:48.355+0000] {processor.py:161} INFO - Started process (PID=370) to work on /home/airflow/.local/lib/python3.9/site-packages/airflow/example_dags/example_kubernetes_executor.py
[2024-05-21T05:50:48.356+0000] {processor.py:830} INFO - Processing file /home/airflow/.local/lib/python3.9/site-packages/airflow/example_dags/example_kubernetes_executor.py for tasks to queue
[2024-05-21T05:50:48.358+0000] {logging_mixin.py:188} INFO - [2024-05-21T05:50:48.358+0000] {dagbag.py:540} INFO - Filling up the DagBag from /home/airflow/.local/lib/python3.9/site-packages/airflow/example_dags/example_kubernetes_executor.py
[2024-05-21T05:50:48.370+0000] {processor.py:840} INFO - DAG(s) 'example_kubernetes_executor' retrieved from /home/airflow/.local/lib/python3.9/site-packages/airflow/example_dags/example_kubernetes_executor.py
[2024-05-21T05:50:48.402+0000] {logging_mixin.py:188} INFO - [2024-05-21T05:50:48.402+0000] {dag.py:3047} INFO - Sync 1 DAGs
[2024-05-21T05:50:48.411+0000] {logging_mixin.py:188} INFO - [2024-05-21T05:50:48.411+0000] {dag.py:3834} INFO - Setting next_dagrun for example_kubernetes_executor to None, run_after=None
[2024-05-21T05:50:48.428+0000] {processor.py:183} INFO - Processing /home/airflow/.local/lib/python3.9/site-packages/airflow/example_dags/example_kubernetes_executor.py took 0.076 seconds
[2024-05-21T05:51:18.946+0000] {processor.py:161} INFO - Started process (PID=427) to work on /home/airflow/.local/lib/python3.9/site-packages/airflow/example_dags/example_kubernetes_executor.py
[2024-05-21T05:51:18.947+0000] {processor.py:830} INFO - Processing file /home/airflow/.local/lib/python3.9/site-packages/airflow/example_dags/example_kubernetes_executor.py for tasks to queue
[2024-05-21T05:51:18.949+0000] {logging_mixin.py:188} INFO - [2024-05-21T05:51:18.949+0000] {dagbag.py:540} INFO - Filling up the DagBag from /home/airflow/.local/lib/python3.9/site-packages/airflow/example_dags/example_kubernetes_executor.py
[2024-05-21T05:51:18.961+0000] {processor.py:840} INFO - DAG(s) 'example_kubernetes_executor' retrieved from /home/airflow/.local/lib/python3.9/site-packages/airflow/example_dags/example_kubernetes_executor.py
[2024-05-21T05:51:18.992+0000] {logging_mixin.py:188} INFO - [2024-05-21T05:51:18.992+0000] {dag.py:3047} INFO - Sync 1 DAGs
[2024-05-21T05:51:19.002+0000] {logging_mixin.py:188} INFO - [2024-05-21T05:51:19.002+0000] {dag.py:3834} INFO - Setting next_dagrun for example_kubernetes_executor to None, run_after=None
[2024-05-21T05:51:19.018+0000] {processor.py:183} INFO - Processing /home/airflow/.local/lib/python3.9/site-packages/airflow/example_dags/example_kubernetes_executor.py took 0.074 seconds
[2024-05-21T05:51:49.857+0000] {processor.py:161} INFO - Started process (PID=484) to work on /home/airflow/.local/lib/python3.9/site-packages/airflow/example_dags/example_kubernetes_executor.py
[2024-05-21T05:51:49.859+0000] {processor.py:830} INFO - Processing file /home/airflow/.local/lib/python3.9/site-packages/airflow/example_dags/example_kubernetes_executor.py for tasks to queue
[2024-05-21T05:51:49.860+0000] {logging_mixin.py:188} INFO - [2024-05-21T05:51:49.860+0000] {dagbag.py:540} INFO - Filling up the DagBag from /home/airflow/.local/lib/python3.9/site-packages/airflow/example_dags/example_kubernetes_executor.py
[2024-05-21T05:51:49.871+0000] {processor.py:840} INFO - DAG(s) 'example_kubernetes_executor' retrieved from /home/airflow/.local/lib/python3.9/site-packages/airflow/example_dags/example_kubernetes_executor.py
[2024-05-21T05:51:49.902+0000] {logging_mixin.py:188} INFO - [2024-05-21T05:51:49.901+0000] {dag.py:3047} INFO - Sync 1 DAGs
[2024-05-21T05:51:49.912+0000] {logging_mixin.py:188} INFO - [2024-05-21T05:51:49.911+0000] {dag.py:3834} INFO - Setting next_dagrun for example_kubernetes_executor to None, run_after=None
[2024-05-21T05:51:49.930+0000] {processor.py:183} INFO - Processing /home/airflow/.local/lib/python3.9/site-packages/airflow/example_dags/example_kubernetes_executor.py took 0.075 seconds
