[2024-05-21T03:35:25.772+0000] {processor.py:161} INFO - Started process (PID=52) to work on /home/airflow/.local/lib/python3.9/site-packages/airflow/example_dags/example_python_decorator.py
[2024-05-21T03:35:25.774+0000] {processor.py:830} INFO - Processing file /home/airflow/.local/lib/python3.9/site-packages/airflow/example_dags/example_python_decorator.py for tasks to queue
[2024-05-21T03:35:25.776+0000] {logging_mixin.py:188} INFO - [2024-05-21T03:35:25.776+0000] {dagbag.py:540} INFO - Filling up the DagBag from /home/airflow/.local/lib/python3.9/site-packages/airflow/example_dags/example_python_decorator.py
[2024-05-21T03:35:25.795+0000] {processor.py:840} INFO - DAG(s) 'example_python_decorator' retrieved from /home/airflow/.local/lib/python3.9/site-packages/airflow/example_dags/example_python_decorator.py
[2024-05-21T03:35:25.910+0000] {logging_mixin.py:188} INFO - [2024-05-21T03:35:25.909+0000] {dag.py:3047} INFO - Sync 1 DAGs
[2024-05-21T03:35:25.919+0000] {logging_mixin.py:188} INFO - [2024-05-21T03:35:25.919+0000] {dag.py:3834} INFO - Setting next_dagrun for example_python_decorator to None, run_after=None
[2024-05-21T03:35:25.970+0000] {processor.py:183} INFO - Processing /home/airflow/.local/lib/python3.9/site-packages/airflow/example_dags/example_python_decorator.py took 0.200 seconds
[2024-05-21T03:36:05.696+0000] {processor.py:161} INFO - Started process (PID=109) to work on /home/airflow/.local/lib/python3.9/site-packages/airflow/example_dags/example_python_decorator.py
[2024-05-21T03:36:05.699+0000] {processor.py:830} INFO - Processing file /home/airflow/.local/lib/python3.9/site-packages/airflow/example_dags/example_python_decorator.py for tasks to queue
[2024-05-21T03:36:05.702+0000] {logging_mixin.py:188} INFO - [2024-05-21T03:36:05.702+0000] {dagbag.py:540} INFO - Filling up the DagBag from /home/airflow/.local/lib/python3.9/site-packages/airflow/example_dags/example_python_decorator.py
[2024-05-21T03:36:05.740+0000] {processor.py:840} INFO - DAG(s) 'example_python_decorator' retrieved from /home/airflow/.local/lib/python3.9/site-packages/airflow/example_dags/example_python_decorator.py
[2024-05-21T03:36:05.828+0000] {logging_mixin.py:188} INFO - [2024-05-21T03:36:05.828+0000] {dag.py:3047} INFO - Sync 1 DAGs
[2024-05-21T03:36:05.843+0000] {logging_mixin.py:188} INFO - [2024-05-21T03:36:05.843+0000] {dag.py:3834} INFO - Setting next_dagrun for example_python_decorator to None, run_after=None
[2024-05-21T03:36:05.872+0000] {processor.py:183} INFO - Processing /home/airflow/.local/lib/python3.9/site-packages/airflow/example_dags/example_python_decorator.py took 0.180 seconds
[2024-05-21T03:36:37.714+0000] {processor.py:161} INFO - Started process (PID=166) to work on /home/airflow/.local/lib/python3.9/site-packages/airflow/example_dags/example_python_decorator.py
[2024-05-21T03:36:37.717+0000] {processor.py:830} INFO - Processing file /home/airflow/.local/lib/python3.9/site-packages/airflow/example_dags/example_python_decorator.py for tasks to queue
[2024-05-21T03:36:37.721+0000] {logging_mixin.py:188} INFO - [2024-05-21T03:36:37.721+0000] {dagbag.py:540} INFO - Filling up the DagBag from /home/airflow/.local/lib/python3.9/site-packages/airflow/example_dags/example_python_decorator.py
[2024-05-21T03:36:37.738+0000] {processor.py:840} INFO - DAG(s) 'example_python_decorator' retrieved from /home/airflow/.local/lib/python3.9/site-packages/airflow/example_dags/example_python_decorator.py
[2024-05-21T03:36:37.762+0000] {logging_mixin.py:188} INFO - [2024-05-21T03:36:37.761+0000] {dag.py:3047} INFO - Sync 1 DAGs
[2024-05-21T03:36:37.779+0000] {logging_mixin.py:188} INFO - [2024-05-21T03:36:37.779+0000] {dag.py:3834} INFO - Setting next_dagrun for example_python_decorator to None, run_after=None
[2024-05-21T03:36:37.803+0000] {processor.py:183} INFO - Processing /home/airflow/.local/lib/python3.9/site-packages/airflow/example_dags/example_python_decorator.py took 0.094 seconds
[2024-05-21T03:37:34.200+0000] {processor.py:161} INFO - Started process (PID=236) to work on /home/airflow/.local/lib/python3.9/site-packages/airflow/example_dags/example_python_decorator.py
[2024-05-21T03:37:34.201+0000] {processor.py:830} INFO - Processing file /home/airflow/.local/lib/python3.9/site-packages/airflow/example_dags/example_python_decorator.py for tasks to queue
[2024-05-21T03:37:34.204+0000] {logging_mixin.py:188} INFO - [2024-05-21T03:37:34.203+0000] {dagbag.py:540} INFO - Filling up the DagBag from /home/airflow/.local/lib/python3.9/site-packages/airflow/example_dags/example_python_decorator.py
[2024-05-21T03:37:34.218+0000] {processor.py:840} INFO - DAG(s) 'example_python_decorator' retrieved from /home/airflow/.local/lib/python3.9/site-packages/airflow/example_dags/example_python_decorator.py
[2024-05-21T03:37:34.260+0000] {logging_mixin.py:188} INFO - [2024-05-21T03:37:34.260+0000] {dag.py:3047} INFO - Sync 1 DAGs
[2024-05-21T03:37:34.284+0000] {logging_mixin.py:188} INFO - [2024-05-21T03:37:34.283+0000] {dag.py:3834} INFO - Setting next_dagrun for example_python_decorator to None, run_after=None
[2024-05-21T03:37:34.380+0000] {processor.py:183} INFO - Processing /home/airflow/.local/lib/python3.9/site-packages/airflow/example_dags/example_python_decorator.py took 0.184 seconds
[2024-05-21T03:38:14.359+0000] {processor.py:161} INFO - Started process (PID=293) to work on /home/airflow/.local/lib/python3.9/site-packages/airflow/example_dags/example_python_decorator.py
[2024-05-21T03:38:14.364+0000] {processor.py:830} INFO - Processing file /home/airflow/.local/lib/python3.9/site-packages/airflow/example_dags/example_python_decorator.py for tasks to queue
[2024-05-21T03:38:14.378+0000] {logging_mixin.py:188} INFO - [2024-05-21T03:38:14.377+0000] {dagbag.py:540} INFO - Filling up the DagBag from /home/airflow/.local/lib/python3.9/site-packages/airflow/example_dags/example_python_decorator.py
[2024-05-21T03:38:14.443+0000] {processor.py:840} INFO - DAG(s) 'example_python_decorator' retrieved from /home/airflow/.local/lib/python3.9/site-packages/airflow/example_dags/example_python_decorator.py
[2024-05-21T03:38:14.566+0000] {logging_mixin.py:188} INFO - [2024-05-21T03:38:14.566+0000] {dag.py:3047} INFO - Sync 1 DAGs
[2024-05-21T03:38:14.707+0000] {logging_mixin.py:188} INFO - [2024-05-21T03:38:14.702+0000] {dag.py:3834} INFO - Setting next_dagrun for example_python_decorator to None, run_after=None
[2024-05-21T03:38:14.916+0000] {processor.py:183} INFO - Processing /home/airflow/.local/lib/python3.9/site-packages/airflow/example_dags/example_python_decorator.py took 0.581 seconds
[2024-05-21T03:38:46.644+0000] {processor.py:161} INFO - Started process (PID=358) to work on /home/airflow/.local/lib/python3.9/site-packages/airflow/example_dags/example_python_decorator.py
[2024-05-21T03:38:46.645+0000] {processor.py:830} INFO - Processing file /home/airflow/.local/lib/python3.9/site-packages/airflow/example_dags/example_python_decorator.py for tasks to queue
[2024-05-21T03:38:46.648+0000] {logging_mixin.py:188} INFO - [2024-05-21T03:38:46.648+0000] {dagbag.py:540} INFO - Filling up the DagBag from /home/airflow/.local/lib/python3.9/site-packages/airflow/example_dags/example_python_decorator.py
[2024-05-21T03:38:46.676+0000] {processor.py:840} INFO - DAG(s) 'example_python_decorator' retrieved from /home/airflow/.local/lib/python3.9/site-packages/airflow/example_dags/example_python_decorator.py
[2024-05-21T03:38:46.762+0000] {logging_mixin.py:188} INFO - [2024-05-21T03:38:46.761+0000] {dag.py:3047} INFO - Sync 1 DAGs
[2024-05-21T03:38:46.784+0000] {logging_mixin.py:188} INFO - [2024-05-21T03:38:46.784+0000] {dag.py:3834} INFO - Setting next_dagrun for example_python_decorator to None, run_after=None
[2024-05-21T03:38:46.819+0000] {processor.py:183} INFO - Processing /home/airflow/.local/lib/python3.9/site-packages/airflow/example_dags/example_python_decorator.py took 0.178 seconds
[2024-05-21T03:39:21.086+0000] {processor.py:161} INFO - Started process (PID=415) to work on /home/airflow/.local/lib/python3.9/site-packages/airflow/example_dags/example_python_decorator.py
[2024-05-21T03:39:21.193+0000] {processor.py:830} INFO - Processing file /home/airflow/.local/lib/python3.9/site-packages/airflow/example_dags/example_python_decorator.py for tasks to queue
[2024-05-21T03:39:21.197+0000] {logging_mixin.py:188} INFO - [2024-05-21T03:39:21.196+0000] {dagbag.py:540} INFO - Filling up the DagBag from /home/airflow/.local/lib/python3.9/site-packages/airflow/example_dags/example_python_decorator.py
[2024-05-21T03:39:21.217+0000] {processor.py:840} INFO - DAG(s) 'example_python_decorator' retrieved from /home/airflow/.local/lib/python3.9/site-packages/airflow/example_dags/example_python_decorator.py
[2024-05-21T03:39:21.333+0000] {logging_mixin.py:188} INFO - [2024-05-21T03:39:21.333+0000] {dag.py:3047} INFO - Sync 1 DAGs
[2024-05-21T03:39:21.457+0000] {logging_mixin.py:188} INFO - [2024-05-21T03:39:21.456+0000] {dag.py:3834} INFO - Setting next_dagrun for example_python_decorator to None, run_after=None
[2024-05-21T03:39:22.217+0000] {processor.py:183} INFO - Processing /home/airflow/.local/lib/python3.9/site-packages/airflow/example_dags/example_python_decorator.py took 1.133 seconds
[2024-05-21T05:48:13.767+0000] {processor.py:161} INFO - Started process (PID=52) to work on /home/airflow/.local/lib/python3.9/site-packages/airflow/example_dags/example_python_decorator.py
[2024-05-21T05:48:13.775+0000] {processor.py:830} INFO - Processing file /home/airflow/.local/lib/python3.9/site-packages/airflow/example_dags/example_python_decorator.py for tasks to queue
[2024-05-21T05:48:13.780+0000] {logging_mixin.py:188} INFO - [2024-05-21T05:48:13.780+0000] {dagbag.py:540} INFO - Filling up the DagBag from /home/airflow/.local/lib/python3.9/site-packages/airflow/example_dags/example_python_decorator.py
[2024-05-21T05:48:13.803+0000] {processor.py:840} INFO - DAG(s) 'example_python_decorator' retrieved from /home/airflow/.local/lib/python3.9/site-packages/airflow/example_dags/example_python_decorator.py
[2024-05-21T05:48:13.818+0000] {logging_mixin.py:188} INFO - [2024-05-21T05:48:13.818+0000] {dag.py:3047} INFO - Sync 1 DAGs
[2024-05-21T05:48:13.829+0000] {logging_mixin.py:188} INFO - [2024-05-21T05:48:13.829+0000] {dag.py:3834} INFO - Setting next_dagrun for example_python_decorator to None, run_after=None
[2024-05-21T05:48:13.847+0000] {processor.py:183} INFO - Processing /home/airflow/.local/lib/python3.9/site-packages/airflow/example_dags/example_python_decorator.py took 0.085 seconds
[2024-05-21T05:48:44.429+0000] {processor.py:161} INFO - Started process (PID=109) to work on /home/airflow/.local/lib/python3.9/site-packages/airflow/example_dags/example_python_decorator.py
[2024-05-21T05:48:44.430+0000] {processor.py:830} INFO - Processing file /home/airflow/.local/lib/python3.9/site-packages/airflow/example_dags/example_python_decorator.py for tasks to queue
[2024-05-21T05:48:44.432+0000] {logging_mixin.py:188} INFO - [2024-05-21T05:48:44.432+0000] {dagbag.py:540} INFO - Filling up the DagBag from /home/airflow/.local/lib/python3.9/site-packages/airflow/example_dags/example_python_decorator.py
[2024-05-21T05:48:44.441+0000] {processor.py:840} INFO - DAG(s) 'example_python_decorator' retrieved from /home/airflow/.local/lib/python3.9/site-packages/airflow/example_dags/example_python_decorator.py
[2024-05-21T05:48:44.513+0000] {logging_mixin.py:188} INFO - [2024-05-21T05:48:44.513+0000] {dag.py:3047} INFO - Sync 1 DAGs
[2024-05-21T05:48:44.524+0000] {logging_mixin.py:188} INFO - [2024-05-21T05:48:44.523+0000] {dag.py:3834} INFO - Setting next_dagrun for example_python_decorator to None, run_after=None
[2024-05-21T05:48:44.540+0000] {processor.py:183} INFO - Processing /home/airflow/.local/lib/python3.9/site-packages/airflow/example_dags/example_python_decorator.py took 0.113 seconds
[2024-05-21T05:49:14.989+0000] {processor.py:161} INFO - Started process (PID=166) to work on /home/airflow/.local/lib/python3.9/site-packages/airflow/example_dags/example_python_decorator.py
[2024-05-21T05:49:14.990+0000] {processor.py:830} INFO - Processing file /home/airflow/.local/lib/python3.9/site-packages/airflow/example_dags/example_python_decorator.py for tasks to queue
[2024-05-21T05:49:14.992+0000] {logging_mixin.py:188} INFO - [2024-05-21T05:49:14.992+0000] {dagbag.py:540} INFO - Filling up the DagBag from /home/airflow/.local/lib/python3.9/site-packages/airflow/example_dags/example_python_decorator.py
[2024-05-21T05:49:15.005+0000] {processor.py:840} INFO - DAG(s) 'example_python_decorator' retrieved from /home/airflow/.local/lib/python3.9/site-packages/airflow/example_dags/example_python_decorator.py
[2024-05-21T05:49:15.022+0000] {logging_mixin.py:188} INFO - [2024-05-21T05:49:15.022+0000] {dag.py:3047} INFO - Sync 1 DAGs
[2024-05-21T05:49:15.031+0000] {logging_mixin.py:188} INFO - [2024-05-21T05:49:15.031+0000] {dag.py:3834} INFO - Setting next_dagrun for example_python_decorator to None, run_after=None
[2024-05-21T05:49:15.050+0000] {processor.py:183} INFO - Processing /home/airflow/.local/lib/python3.9/site-packages/airflow/example_dags/example_python_decorator.py took 0.064 seconds
[2024-05-21T05:49:45.615+0000] {processor.py:161} INFO - Started process (PID=227) to work on /home/airflow/.local/lib/python3.9/site-packages/airflow/example_dags/example_python_decorator.py
[2024-05-21T05:49:45.617+0000] {processor.py:830} INFO - Processing file /home/airflow/.local/lib/python3.9/site-packages/airflow/example_dags/example_python_decorator.py for tasks to queue
[2024-05-21T05:49:45.618+0000] {logging_mixin.py:188} INFO - [2024-05-21T05:49:45.618+0000] {dagbag.py:540} INFO - Filling up the DagBag from /home/airflow/.local/lib/python3.9/site-packages/airflow/example_dags/example_python_decorator.py
[2024-05-21T05:49:45.629+0000] {processor.py:840} INFO - DAG(s) 'example_python_decorator' retrieved from /home/airflow/.local/lib/python3.9/site-packages/airflow/example_dags/example_python_decorator.py
[2024-05-21T05:49:45.646+0000] {logging_mixin.py:188} INFO - [2024-05-21T05:49:45.646+0000] {dag.py:3047} INFO - Sync 1 DAGs
[2024-05-21T05:49:45.657+0000] {logging_mixin.py:188} INFO - [2024-05-21T05:49:45.657+0000] {dag.py:3834} INFO - Setting next_dagrun for example_python_decorator to None, run_after=None
[2024-05-21T05:49:45.675+0000] {processor.py:183} INFO - Processing /home/airflow/.local/lib/python3.9/site-packages/airflow/example_dags/example_python_decorator.py took 0.063 seconds
[2024-05-21T05:50:16.581+0000] {processor.py:161} INFO - Started process (PID=284) to work on /home/airflow/.local/lib/python3.9/site-packages/airflow/example_dags/example_python_decorator.py
[2024-05-21T05:50:16.583+0000] {processor.py:830} INFO - Processing file /home/airflow/.local/lib/python3.9/site-packages/airflow/example_dags/example_python_decorator.py for tasks to queue
[2024-05-21T05:50:16.585+0000] {logging_mixin.py:188} INFO - [2024-05-21T05:50:16.584+0000] {dagbag.py:540} INFO - Filling up the DagBag from /home/airflow/.local/lib/python3.9/site-packages/airflow/example_dags/example_python_decorator.py
[2024-05-21T05:50:16.595+0000] {processor.py:840} INFO - DAG(s) 'example_python_decorator' retrieved from /home/airflow/.local/lib/python3.9/site-packages/airflow/example_dags/example_python_decorator.py
[2024-05-21T05:50:16.613+0000] {logging_mixin.py:188} INFO - [2024-05-21T05:50:16.613+0000] {dag.py:3047} INFO - Sync 1 DAGs
[2024-05-21T05:50:16.625+0000] {logging_mixin.py:188} INFO - [2024-05-21T05:50:16.624+0000] {dag.py:3834} INFO - Setting next_dagrun for example_python_decorator to None, run_after=None
[2024-05-21T05:50:16.646+0000] {processor.py:183} INFO - Processing /home/airflow/.local/lib/python3.9/site-packages/airflow/example_dags/example_python_decorator.py took 0.067 seconds
[2024-05-21T05:50:47.261+0000] {processor.py:161} INFO - Started process (PID=345) to work on /home/airflow/.local/lib/python3.9/site-packages/airflow/example_dags/example_python_decorator.py
[2024-05-21T05:50:47.262+0000] {processor.py:830} INFO - Processing file /home/airflow/.local/lib/python3.9/site-packages/airflow/example_dags/example_python_decorator.py for tasks to queue
[2024-05-21T05:50:47.264+0000] {logging_mixin.py:188} INFO - [2024-05-21T05:50:47.263+0000] {dagbag.py:540} INFO - Filling up the DagBag from /home/airflow/.local/lib/python3.9/site-packages/airflow/example_dags/example_python_decorator.py
[2024-05-21T05:50:47.274+0000] {processor.py:840} INFO - DAG(s) 'example_python_decorator' retrieved from /home/airflow/.local/lib/python3.9/site-packages/airflow/example_dags/example_python_decorator.py
[2024-05-21T05:50:47.293+0000] {logging_mixin.py:188} INFO - [2024-05-21T05:50:47.293+0000] {dag.py:3047} INFO - Sync 1 DAGs
[2024-05-21T05:50:47.302+0000] {logging_mixin.py:188} INFO - [2024-05-21T05:50:47.302+0000] {dag.py:3834} INFO - Setting next_dagrun for example_python_decorator to None, run_after=None
[2024-05-21T05:50:47.318+0000] {processor.py:183} INFO - Processing /home/airflow/.local/lib/python3.9/site-packages/airflow/example_dags/example_python_decorator.py took 0.060 seconds
[2024-05-21T05:51:17.866+0000] {processor.py:161} INFO - Started process (PID=402) to work on /home/airflow/.local/lib/python3.9/site-packages/airflow/example_dags/example_python_decorator.py
[2024-05-21T05:51:17.868+0000] {processor.py:830} INFO - Processing file /home/airflow/.local/lib/python3.9/site-packages/airflow/example_dags/example_python_decorator.py for tasks to queue
[2024-05-21T05:51:17.870+0000] {logging_mixin.py:188} INFO - [2024-05-21T05:51:17.870+0000] {dagbag.py:540} INFO - Filling up the DagBag from /home/airflow/.local/lib/python3.9/site-packages/airflow/example_dags/example_python_decorator.py
[2024-05-21T05:51:17.881+0000] {processor.py:840} INFO - DAG(s) 'example_python_decorator' retrieved from /home/airflow/.local/lib/python3.9/site-packages/airflow/example_dags/example_python_decorator.py
[2024-05-21T05:51:17.899+0000] {logging_mixin.py:188} INFO - [2024-05-21T05:51:17.898+0000] {dag.py:3047} INFO - Sync 1 DAGs
[2024-05-21T05:51:17.909+0000] {logging_mixin.py:188} INFO - [2024-05-21T05:51:17.909+0000] {dag.py:3834} INFO - Setting next_dagrun for example_python_decorator to None, run_after=None
[2024-05-21T05:51:17.925+0000] {processor.py:183} INFO - Processing /home/airflow/.local/lib/python3.9/site-packages/airflow/example_dags/example_python_decorator.py took 0.062 seconds
[2024-05-21T05:51:48.595+0000] {processor.py:161} INFO - Started process (PID=459) to work on /home/airflow/.local/lib/python3.9/site-packages/airflow/example_dags/example_python_decorator.py
[2024-05-21T05:51:48.596+0000] {processor.py:830} INFO - Processing file /home/airflow/.local/lib/python3.9/site-packages/airflow/example_dags/example_python_decorator.py for tasks to queue
[2024-05-21T05:51:48.598+0000] {logging_mixin.py:188} INFO - [2024-05-21T05:51:48.598+0000] {dagbag.py:540} INFO - Filling up the DagBag from /home/airflow/.local/lib/python3.9/site-packages/airflow/example_dags/example_python_decorator.py
[2024-05-21T05:51:48.608+0000] {processor.py:840} INFO - DAG(s) 'example_python_decorator' retrieved from /home/airflow/.local/lib/python3.9/site-packages/airflow/example_dags/example_python_decorator.py
[2024-05-21T05:51:48.625+0000] {logging_mixin.py:188} INFO - [2024-05-21T05:51:48.625+0000] {dag.py:3047} INFO - Sync 1 DAGs
[2024-05-21T05:51:48.634+0000] {logging_mixin.py:188} INFO - [2024-05-21T05:51:48.634+0000] {dag.py:3834} INFO - Setting next_dagrun for example_python_decorator to None, run_after=None
[2024-05-21T05:51:48.649+0000] {processor.py:183} INFO - Processing /home/airflow/.local/lib/python3.9/site-packages/airflow/example_dags/example_python_decorator.py took 0.058 seconds
