[2024-05-21T03:35:26.508+0000] {processor.py:161} INFO - Started process (PID=57) to work on /home/airflow/.local/lib/python3.9/site-packages/airflow/example_dags/example_params_ui_tutorial.py
[2024-05-21T03:35:26.509+0000] {processor.py:830} INFO - Processing file /home/airflow/.local/lib/python3.9/site-packages/airflow/example_dags/example_params_ui_tutorial.py for tasks to queue
[2024-05-21T03:35:26.511+0000] {logging_mixin.py:188} INFO - [2024-05-21T03:35:26.511+0000] {dagbag.py:540} INFO - Filling up the DagBag from /home/airflow/.local/lib/python3.9/site-packages/airflow/example_dags/example_params_ui_tutorial.py
[2024-05-21T03:35:26.532+0000] {processor.py:840} INFO - DAG(s) 'example_params_ui_tutorial' retrieved from /home/airflow/.local/lib/python3.9/site-packages/airflow/example_dags/example_params_ui_tutorial.py
[2024-05-21T03:35:26.643+0000] {logging_mixin.py:188} INFO - [2024-05-21T03:35:26.642+0000] {dag.py:3047} INFO - Sync 1 DAGs
[2024-05-21T03:35:26.657+0000] {logging_mixin.py:188} INFO - [2024-05-21T03:35:26.656+0000] {dag.py:3834} INFO - Setting next_dagrun for example_params_ui_tutorial to None, run_after=None
[2024-05-21T03:35:26.706+0000] {processor.py:183} INFO - Processing /home/airflow/.local/lib/python3.9/site-packages/airflow/example_dags/example_params_ui_tutorial.py took 0.201 seconds
[2024-05-21T03:36:06.118+0000] {processor.py:161} INFO - Started process (PID=114) to work on /home/airflow/.local/lib/python3.9/site-packages/airflow/example_dags/example_params_ui_tutorial.py
[2024-05-21T03:36:06.120+0000] {processor.py:830} INFO - Processing file /home/airflow/.local/lib/python3.9/site-packages/airflow/example_dags/example_params_ui_tutorial.py for tasks to queue
[2024-05-21T03:36:06.124+0000] {logging_mixin.py:188} INFO - [2024-05-21T03:36:06.123+0000] {dagbag.py:540} INFO - Filling up the DagBag from /home/airflow/.local/lib/python3.9/site-packages/airflow/example_dags/example_params_ui_tutorial.py
[2024-05-21T03:36:06.144+0000] {processor.py:840} INFO - DAG(s) 'example_params_ui_tutorial' retrieved from /home/airflow/.local/lib/python3.9/site-packages/airflow/example_dags/example_params_ui_tutorial.py
[2024-05-21T03:36:06.210+0000] {logging_mixin.py:188} INFO - [2024-05-21T03:36:06.210+0000] {dag.py:3047} INFO - Sync 1 DAGs
[2024-05-21T03:36:06.226+0000] {logging_mixin.py:188} INFO - [2024-05-21T03:36:06.226+0000] {dag.py:3834} INFO - Setting next_dagrun for example_params_ui_tutorial to None, run_after=None
[2024-05-21T03:36:06.258+0000] {processor.py:183} INFO - Processing /home/airflow/.local/lib/python3.9/site-packages/airflow/example_dags/example_params_ui_tutorial.py took 0.143 seconds
[2024-05-21T03:36:38.241+0000] {processor.py:161} INFO - Started process (PID=177) to work on /home/airflow/.local/lib/python3.9/site-packages/airflow/example_dags/example_params_ui_tutorial.py
[2024-05-21T03:36:38.243+0000] {processor.py:830} INFO - Processing file /home/airflow/.local/lib/python3.9/site-packages/airflow/example_dags/example_params_ui_tutorial.py for tasks to queue
[2024-05-21T03:36:38.245+0000] {logging_mixin.py:188} INFO - [2024-05-21T03:36:38.244+0000] {dagbag.py:540} INFO - Filling up the DagBag from /home/airflow/.local/lib/python3.9/site-packages/airflow/example_dags/example_params_ui_tutorial.py
[2024-05-21T03:36:38.325+0000] {processor.py:840} INFO - DAG(s) 'example_params_ui_tutorial' retrieved from /home/airflow/.local/lib/python3.9/site-packages/airflow/example_dags/example_params_ui_tutorial.py
[2024-05-21T03:36:38.586+0000] {logging_mixin.py:188} INFO - [2024-05-21T03:36:38.585+0000] {dag.py:3047} INFO - Sync 1 DAGs
[2024-05-21T03:36:38.625+0000] {logging_mixin.py:188} INFO - [2024-05-21T03:36:38.625+0000] {dag.py:3834} INFO - Setting next_dagrun for example_params_ui_tutorial to None, run_after=None
[2024-05-21T03:36:38.673+0000] {processor.py:183} INFO - Processing /home/airflow/.local/lib/python3.9/site-packages/airflow/example_dags/example_params_ui_tutorial.py took 0.435 seconds
[2024-05-21T03:37:35.031+0000] {processor.py:161} INFO - Started process (PID=241) to work on /home/airflow/.local/lib/python3.9/site-packages/airflow/example_dags/example_params_ui_tutorial.py
[2024-05-21T03:37:35.033+0000] {processor.py:830} INFO - Processing file /home/airflow/.local/lib/python3.9/site-packages/airflow/example_dags/example_params_ui_tutorial.py for tasks to queue
[2024-05-21T03:37:35.036+0000] {logging_mixin.py:188} INFO - [2024-05-21T03:37:35.035+0000] {dagbag.py:540} INFO - Filling up the DagBag from /home/airflow/.local/lib/python3.9/site-packages/airflow/example_dags/example_params_ui_tutorial.py
[2024-05-21T03:37:35.096+0000] {processor.py:840} INFO - DAG(s) 'example_params_ui_tutorial' retrieved from /home/airflow/.local/lib/python3.9/site-packages/airflow/example_dags/example_params_ui_tutorial.py
[2024-05-21T03:37:35.488+0000] {logging_mixin.py:188} INFO - [2024-05-21T03:37:35.488+0000] {dag.py:3047} INFO - Sync 1 DAGs
[2024-05-21T03:37:35.542+0000] {logging_mixin.py:188} INFO - [2024-05-21T03:37:35.542+0000] {dag.py:3834} INFO - Setting next_dagrun for example_params_ui_tutorial to None, run_after=None
[2024-05-21T03:37:35.609+0000] {processor.py:183} INFO - Processing /home/airflow/.local/lib/python3.9/site-packages/airflow/example_dags/example_params_ui_tutorial.py took 0.599 seconds
[2024-05-21T03:38:20.601+0000] {processor.py:161} INFO - Started process (PID=298) to work on /home/airflow/.local/lib/python3.9/site-packages/airflow/example_dags/example_params_ui_tutorial.py
[2024-05-21T03:38:20.613+0000] {processor.py:830} INFO - Processing file /home/airflow/.local/lib/python3.9/site-packages/airflow/example_dags/example_params_ui_tutorial.py for tasks to queue
[2024-05-21T03:38:20.706+0000] {logging_mixin.py:188} INFO - [2024-05-21T03:38:20.704+0000] {dagbag.py:540} INFO - Filling up the DagBag from /home/airflow/.local/lib/python3.9/site-packages/airflow/example_dags/example_params_ui_tutorial.py
[2024-05-21T03:38:20.783+0000] {processor.py:840} INFO - DAG(s) 'example_params_ui_tutorial' retrieved from /home/airflow/.local/lib/python3.9/site-packages/airflow/example_dags/example_params_ui_tutorial.py
[2024-05-21T03:38:21.321+0000] {logging_mixin.py:188} INFO - [2024-05-21T03:38:21.321+0000] {dag.py:3047} INFO - Sync 1 DAGs
[2024-05-21T03:38:21.392+0000] {logging_mixin.py:188} INFO - [2024-05-21T03:38:21.392+0000] {dag.py:3834} INFO - Setting next_dagrun for example_params_ui_tutorial to None, run_after=None
[2024-05-21T03:38:21.598+0000] {processor.py:183} INFO - Processing /home/airflow/.local/lib/python3.9/site-packages/airflow/example_dags/example_params_ui_tutorial.py took 1.091 seconds
[2024-05-21T03:38:54.011+0000] {processor.py:161} INFO - Started process (PID=363) to work on /home/airflow/.local/lib/python3.9/site-packages/airflow/example_dags/example_params_ui_tutorial.py
[2024-05-21T03:38:54.025+0000] {processor.py:830} INFO - Processing file /home/airflow/.local/lib/python3.9/site-packages/airflow/example_dags/example_params_ui_tutorial.py for tasks to queue
[2024-05-21T03:38:54.050+0000] {logging_mixin.py:188} INFO - [2024-05-21T03:38:54.048+0000] {dagbag.py:540} INFO - Filling up the DagBag from /home/airflow/.local/lib/python3.9/site-packages/airflow/example_dags/example_params_ui_tutorial.py
[2024-05-21T03:38:54.644+0000] {processor.py:840} INFO - DAG(s) 'example_params_ui_tutorial' retrieved from /home/airflow/.local/lib/python3.9/site-packages/airflow/example_dags/example_params_ui_tutorial.py
[2024-05-21T03:38:54.831+0000] {logging_mixin.py:188} INFO - [2024-05-21T03:38:54.830+0000] {dag.py:3047} INFO - Sync 1 DAGs
[2024-05-21T03:38:56.343+0000] {logging_mixin.py:188} INFO - [2024-05-21T03:38:56.342+0000] {dag.py:3834} INFO - Setting next_dagrun for example_params_ui_tutorial to None, run_after=None
[2024-05-21T03:38:56.595+0000] {processor.py:183} INFO - Processing /home/airflow/.local/lib/python3.9/site-packages/airflow/example_dags/example_params_ui_tutorial.py took 2.539 seconds
[2024-05-21T05:48:14.069+0000] {processor.py:161} INFO - Started process (PID=57) to work on /home/airflow/.local/lib/python3.9/site-packages/airflow/example_dags/example_params_ui_tutorial.py
[2024-05-21T05:48:14.071+0000] {processor.py:830} INFO - Processing file /home/airflow/.local/lib/python3.9/site-packages/airflow/example_dags/example_params_ui_tutorial.py for tasks to queue
[2024-05-21T05:48:14.074+0000] {logging_mixin.py:188} INFO - [2024-05-21T05:48:14.073+0000] {dagbag.py:540} INFO - Filling up the DagBag from /home/airflow/.local/lib/python3.9/site-packages/airflow/example_dags/example_params_ui_tutorial.py
[2024-05-21T05:48:14.087+0000] {processor.py:840} INFO - DAG(s) 'example_params_ui_tutorial' retrieved from /home/airflow/.local/lib/python3.9/site-packages/airflow/example_dags/example_params_ui_tutorial.py
[2024-05-21T05:48:14.101+0000] {logging_mixin.py:188} INFO - [2024-05-21T05:48:14.101+0000] {dag.py:3047} INFO - Sync 1 DAGs
[2024-05-21T05:48:14.112+0000] {logging_mixin.py:188} INFO - [2024-05-21T05:48:14.112+0000] {dag.py:3834} INFO - Setting next_dagrun for example_params_ui_tutorial to None, run_after=None
[2024-05-21T05:48:14.132+0000] {processor.py:183} INFO - Processing /home/airflow/.local/lib/python3.9/site-packages/airflow/example_dags/example_params_ui_tutorial.py took 0.067 seconds
[2024-05-21T05:48:44.809+0000] {processor.py:161} INFO - Started process (PID=114) to work on /home/airflow/.local/lib/python3.9/site-packages/airflow/example_dags/example_params_ui_tutorial.py
[2024-05-21T05:48:44.810+0000] {processor.py:830} INFO - Processing file /home/airflow/.local/lib/python3.9/site-packages/airflow/example_dags/example_params_ui_tutorial.py for tasks to queue
[2024-05-21T05:48:44.812+0000] {logging_mixin.py:188} INFO - [2024-05-21T05:48:44.812+0000] {dagbag.py:540} INFO - Filling up the DagBag from /home/airflow/.local/lib/python3.9/site-packages/airflow/example_dags/example_params_ui_tutorial.py
[2024-05-21T05:48:44.821+0000] {processor.py:840} INFO - DAG(s) 'example_params_ui_tutorial' retrieved from /home/airflow/.local/lib/python3.9/site-packages/airflow/example_dags/example_params_ui_tutorial.py
[2024-05-21T05:48:44.916+0000] {logging_mixin.py:188} INFO - [2024-05-21T05:48:44.915+0000] {dag.py:3047} INFO - Sync 1 DAGs
[2024-05-21T05:48:44.925+0000] {logging_mixin.py:188} INFO - [2024-05-21T05:48:44.925+0000] {dag.py:3834} INFO - Setting next_dagrun for example_params_ui_tutorial to None, run_after=None
[2024-05-21T05:48:44.940+0000] {processor.py:183} INFO - Processing /home/airflow/.local/lib/python3.9/site-packages/airflow/example_dags/example_params_ui_tutorial.py took 0.134 seconds
[2024-05-21T05:49:15.366+0000] {processor.py:161} INFO - Started process (PID=171) to work on /home/airflow/.local/lib/python3.9/site-packages/airflow/example_dags/example_params_ui_tutorial.py
[2024-05-21T05:49:15.367+0000] {processor.py:830} INFO - Processing file /home/airflow/.local/lib/python3.9/site-packages/airflow/example_dags/example_params_ui_tutorial.py for tasks to queue
[2024-05-21T05:49:15.369+0000] {logging_mixin.py:188} INFO - [2024-05-21T05:49:15.369+0000] {dagbag.py:540} INFO - Filling up the DagBag from /home/airflow/.local/lib/python3.9/site-packages/airflow/example_dags/example_params_ui_tutorial.py
[2024-05-21T05:49:15.378+0000] {processor.py:840} INFO - DAG(s) 'example_params_ui_tutorial' retrieved from /home/airflow/.local/lib/python3.9/site-packages/airflow/example_dags/example_params_ui_tutorial.py
[2024-05-21T05:49:15.416+0000] {logging_mixin.py:188} INFO - [2024-05-21T05:49:15.416+0000] {dag.py:3047} INFO - Sync 1 DAGs
[2024-05-21T05:49:15.425+0000] {logging_mixin.py:188} INFO - [2024-05-21T05:49:15.425+0000] {dag.py:3834} INFO - Setting next_dagrun for example_params_ui_tutorial to None, run_after=None
[2024-05-21T05:49:15.446+0000] {processor.py:183} INFO - Processing /home/airflow/.local/lib/python3.9/site-packages/airflow/example_dags/example_params_ui_tutorial.py took 0.083 seconds
[2024-05-21T05:49:45.853+0000] {processor.py:161} INFO - Started process (PID=232) to work on /home/airflow/.local/lib/python3.9/site-packages/airflow/example_dags/example_params_ui_tutorial.py
[2024-05-21T05:49:45.854+0000] {processor.py:830} INFO - Processing file /home/airflow/.local/lib/python3.9/site-packages/airflow/example_dags/example_params_ui_tutorial.py for tasks to queue
[2024-05-21T05:49:45.856+0000] {logging_mixin.py:188} INFO - [2024-05-21T05:49:45.856+0000] {dagbag.py:540} INFO - Filling up the DagBag from /home/airflow/.local/lib/python3.9/site-packages/airflow/example_dags/example_params_ui_tutorial.py
[2024-05-21T05:49:45.867+0000] {processor.py:840} INFO - DAG(s) 'example_params_ui_tutorial' retrieved from /home/airflow/.local/lib/python3.9/site-packages/airflow/example_dags/example_params_ui_tutorial.py
[2024-05-21T05:49:45.914+0000] {logging_mixin.py:188} INFO - [2024-05-21T05:49:45.914+0000] {dag.py:3047} INFO - Sync 1 DAGs
[2024-05-21T05:49:45.924+0000] {logging_mixin.py:188} INFO - [2024-05-21T05:49:45.924+0000] {dag.py:3834} INFO - Setting next_dagrun for example_params_ui_tutorial to None, run_after=None
[2024-05-21T05:49:45.944+0000] {processor.py:183} INFO - Processing /home/airflow/.local/lib/python3.9/site-packages/airflow/example_dags/example_params_ui_tutorial.py took 0.094 seconds
[2024-05-21T05:50:16.810+0000] {processor.py:161} INFO - Started process (PID=289) to work on /home/airflow/.local/lib/python3.9/site-packages/airflow/example_dags/example_params_ui_tutorial.py
[2024-05-21T05:50:16.811+0000] {processor.py:830} INFO - Processing file /home/airflow/.local/lib/python3.9/site-packages/airflow/example_dags/example_params_ui_tutorial.py for tasks to queue
[2024-05-21T05:50:16.813+0000] {logging_mixin.py:188} INFO - [2024-05-21T05:50:16.813+0000] {dagbag.py:540} INFO - Filling up the DagBag from /home/airflow/.local/lib/python3.9/site-packages/airflow/example_dags/example_params_ui_tutorial.py
[2024-05-21T05:50:16.826+0000] {processor.py:840} INFO - DAG(s) 'example_params_ui_tutorial' retrieved from /home/airflow/.local/lib/python3.9/site-packages/airflow/example_dags/example_params_ui_tutorial.py
[2024-05-21T05:50:16.874+0000] {logging_mixin.py:188} INFO - [2024-05-21T05:50:16.874+0000] {dag.py:3047} INFO - Sync 1 DAGs
[2024-05-21T05:50:16.883+0000] {logging_mixin.py:188} INFO - [2024-05-21T05:50:16.883+0000] {dag.py:3834} INFO - Setting next_dagrun for example_params_ui_tutorial to None, run_after=None
[2024-05-21T05:50:16.899+0000] {processor.py:183} INFO - Processing /home/airflow/.local/lib/python3.9/site-packages/airflow/example_dags/example_params_ui_tutorial.py took 0.093 seconds
[2024-05-21T05:50:47.474+0000] {processor.py:161} INFO - Started process (PID=350) to work on /home/airflow/.local/lib/python3.9/site-packages/airflow/example_dags/example_params_ui_tutorial.py
[2024-05-21T05:50:47.475+0000] {processor.py:830} INFO - Processing file /home/airflow/.local/lib/python3.9/site-packages/airflow/example_dags/example_params_ui_tutorial.py for tasks to queue
[2024-05-21T05:50:47.476+0000] {logging_mixin.py:188} INFO - [2024-05-21T05:50:47.476+0000] {dagbag.py:540} INFO - Filling up the DagBag from /home/airflow/.local/lib/python3.9/site-packages/airflow/example_dags/example_params_ui_tutorial.py
[2024-05-21T05:50:47.486+0000] {processor.py:840} INFO - DAG(s) 'example_params_ui_tutorial' retrieved from /home/airflow/.local/lib/python3.9/site-packages/airflow/example_dags/example_params_ui_tutorial.py
[2024-05-21T05:50:47.540+0000] {logging_mixin.py:188} INFO - [2024-05-21T05:50:47.540+0000] {dag.py:3047} INFO - Sync 1 DAGs
[2024-05-21T05:50:47.552+0000] {logging_mixin.py:188} INFO - [2024-05-21T05:50:47.552+0000] {dag.py:3834} INFO - Setting next_dagrun for example_params_ui_tutorial to None, run_after=None
[2024-05-21T05:50:47.567+0000] {processor.py:183} INFO - Processing /home/airflow/.local/lib/python3.9/site-packages/airflow/example_dags/example_params_ui_tutorial.py took 0.096 seconds
[2024-05-21T05:51:18.059+0000] {processor.py:161} INFO - Started process (PID=407) to work on /home/airflow/.local/lib/python3.9/site-packages/airflow/example_dags/example_params_ui_tutorial.py
[2024-05-21T05:51:18.060+0000] {processor.py:830} INFO - Processing file /home/airflow/.local/lib/python3.9/site-packages/airflow/example_dags/example_params_ui_tutorial.py for tasks to queue
[2024-05-21T05:51:18.062+0000] {logging_mixin.py:188} INFO - [2024-05-21T05:51:18.062+0000] {dagbag.py:540} INFO - Filling up the DagBag from /home/airflow/.local/lib/python3.9/site-packages/airflow/example_dags/example_params_ui_tutorial.py
[2024-05-21T05:51:18.071+0000] {processor.py:840} INFO - DAG(s) 'example_params_ui_tutorial' retrieved from /home/airflow/.local/lib/python3.9/site-packages/airflow/example_dags/example_params_ui_tutorial.py
[2024-05-21T05:51:18.110+0000] {logging_mixin.py:188} INFO - [2024-05-21T05:51:18.110+0000] {dag.py:3047} INFO - Sync 1 DAGs
[2024-05-21T05:51:18.119+0000] {logging_mixin.py:188} INFO - [2024-05-21T05:51:18.118+0000] {dag.py:3834} INFO - Setting next_dagrun for example_params_ui_tutorial to None, run_after=None
[2024-05-21T05:51:18.132+0000] {processor.py:183} INFO - Processing /home/airflow/.local/lib/python3.9/site-packages/airflow/example_dags/example_params_ui_tutorial.py took 0.076 seconds
[2024-05-21T05:51:48.886+0000] {processor.py:161} INFO - Started process (PID=464) to work on /home/airflow/.local/lib/python3.9/site-packages/airflow/example_dags/example_params_ui_tutorial.py
[2024-05-21T05:51:48.887+0000] {processor.py:830} INFO - Processing file /home/airflow/.local/lib/python3.9/site-packages/airflow/example_dags/example_params_ui_tutorial.py for tasks to queue
[2024-05-21T05:51:48.889+0000] {logging_mixin.py:188} INFO - [2024-05-21T05:51:48.889+0000] {dagbag.py:540} INFO - Filling up the DagBag from /home/airflow/.local/lib/python3.9/site-packages/airflow/example_dags/example_params_ui_tutorial.py
[2024-05-21T05:51:48.898+0000] {processor.py:840} INFO - DAG(s) 'example_params_ui_tutorial' retrieved from /home/airflow/.local/lib/python3.9/site-packages/airflow/example_dags/example_params_ui_tutorial.py
[2024-05-21T05:51:48.937+0000] {logging_mixin.py:188} INFO - [2024-05-21T05:51:48.937+0000] {dag.py:3047} INFO - Sync 1 DAGs
[2024-05-21T05:51:48.946+0000] {logging_mixin.py:188} INFO - [2024-05-21T05:51:48.946+0000] {dag.py:3834} INFO - Setting next_dagrun for example_params_ui_tutorial to None, run_after=None
[2024-05-21T05:51:48.963+0000] {processor.py:183} INFO - Processing /home/airflow/.local/lib/python3.9/site-packages/airflow/example_dags/example_params_ui_tutorial.py took 0.080 seconds
