[2024-05-21T03:35:28.720+0000] {processor.py:161} INFO - Started process (PID=76) to work on /home/airflow/.local/lib/python3.9/site-packages/airflow/example_dags/example_branch_datetime_operator.py
[2024-05-21T03:35:28.721+0000] {processor.py:830} INFO - Processing file /home/airflow/.local/lib/python3.9/site-packages/airflow/example_dags/example_branch_datetime_operator.py for tasks to queue
[2024-05-21T03:35:28.724+0000] {logging_mixin.py:188} INFO - [2024-05-21T03:35:28.723+0000] {dagbag.py:540} INFO - Filling up the DagBag from /home/airflow/.local/lib/python3.9/site-packages/airflow/example_dags/example_branch_datetime_operator.py
[2024-05-21T03:35:28.757+0000] {processor.py:840} INFO - DAG(s) 'example_branch_datetime_operator_3', 'example_branch_datetime_operator', 'example_branch_datetime_operator_2' retrieved from /home/airflow/.local/lib/python3.9/site-packages/airflow/example_dags/example_branch_datetime_operator.py
[2024-05-21T03:35:28.873+0000] {logging_mixin.py:188} INFO - [2024-05-21T03:35:28.873+0000] {dag.py:3047} INFO - Sync 3 DAGs
[2024-05-21T03:35:28.892+0000] {logging_mixin.py:188} INFO - [2024-05-21T03:35:28.891+0000] {dag.py:3834} INFO - Setting next_dagrun for example_branch_datetime_operator to 2024-05-20 00:00:00+00:00, run_after=2024-05-21 00:00:00+00:00
[2024-05-21T03:35:28.896+0000] {logging_mixin.py:188} INFO - [2024-05-21T03:35:28.896+0000] {dag.py:3834} INFO - Setting next_dagrun for example_branch_datetime_operator_2 to 2024-05-20 00:00:00+00:00, run_after=2024-05-21 00:00:00+00:00
[2024-05-21T03:35:28.899+0000] {logging_mixin.py:188} INFO - [2024-05-21T03:35:28.899+0000] {dag.py:3834} INFO - Setting next_dagrun for example_branch_datetime_operator_3 to 2024-05-20 00:00:00+00:00, run_after=2024-05-21 00:00:00+00:00
[2024-05-21T03:35:28.951+0000] {processor.py:183} INFO - Processing /home/airflow/.local/lib/python3.9/site-packages/airflow/example_dags/example_branch_datetime_operator.py took 0.234 seconds
[2024-05-21T03:36:07.835+0000] {processor.py:161} INFO - Started process (PID=139) to work on /home/airflow/.local/lib/python3.9/site-packages/airflow/example_dags/example_branch_datetime_operator.py
[2024-05-21T03:36:07.838+0000] {processor.py:830} INFO - Processing file /home/airflow/.local/lib/python3.9/site-packages/airflow/example_dags/example_branch_datetime_operator.py for tasks to queue
[2024-05-21T03:36:07.842+0000] {logging_mixin.py:188} INFO - [2024-05-21T03:36:07.842+0000] {dagbag.py:540} INFO - Filling up the DagBag from /home/airflow/.local/lib/python3.9/site-packages/airflow/example_dags/example_branch_datetime_operator.py
[2024-05-21T03:36:07.867+0000] {processor.py:840} INFO - DAG(s) 'example_branch_datetime_operator_2', 'example_branch_datetime_operator_3', 'example_branch_datetime_operator' retrieved from /home/airflow/.local/lib/python3.9/site-packages/airflow/example_dags/example_branch_datetime_operator.py
[2024-05-21T03:36:08.085+0000] {logging_mixin.py:188} INFO - [2024-05-21T03:36:08.085+0000] {dag.py:3047} INFO - Sync 3 DAGs
[2024-05-21T03:36:08.198+0000] {logging_mixin.py:188} INFO - [2024-05-21T03:36:08.198+0000] {dag.py:3834} INFO - Setting next_dagrun for example_branch_datetime_operator to 2024-05-20 00:00:00+00:00, run_after=2024-05-21 00:00:00+00:00
[2024-05-21T03:36:08.205+0000] {logging_mixin.py:188} INFO - [2024-05-21T03:36:08.205+0000] {dag.py:3834} INFO - Setting next_dagrun for example_branch_datetime_operator_2 to 2024-05-20 00:00:00+00:00, run_after=2024-05-21 00:00:00+00:00
[2024-05-21T03:36:08.209+0000] {logging_mixin.py:188} INFO - [2024-05-21T03:36:08.209+0000] {dag.py:3834} INFO - Setting next_dagrun for example_branch_datetime_operator_3 to 2024-05-20 00:00:00+00:00, run_after=2024-05-21 00:00:00+00:00
[2024-05-21T03:36:08.268+0000] {processor.py:183} INFO - Processing /home/airflow/.local/lib/python3.9/site-packages/airflow/example_dags/example_branch_datetime_operator.py took 0.445 seconds
[2024-05-21T03:36:44.533+0000] {processor.py:161} INFO - Started process (PID=196) to work on /home/airflow/.local/lib/python3.9/site-packages/airflow/example_dags/example_branch_datetime_operator.py
[2024-05-21T03:36:44.537+0000] {processor.py:830} INFO - Processing file /home/airflow/.local/lib/python3.9/site-packages/airflow/example_dags/example_branch_datetime_operator.py for tasks to queue
[2024-05-21T03:36:44.540+0000] {logging_mixin.py:188} INFO - [2024-05-21T03:36:44.540+0000] {dagbag.py:540} INFO - Filling up the DagBag from /home/airflow/.local/lib/python3.9/site-packages/airflow/example_dags/example_branch_datetime_operator.py
[2024-05-21T03:36:44.579+0000] {processor.py:840} INFO - DAG(s) 'example_branch_datetime_operator_3', 'example_branch_datetime_operator_2', 'example_branch_datetime_operator' retrieved from /home/airflow/.local/lib/python3.9/site-packages/airflow/example_dags/example_branch_datetime_operator.py
[2024-05-21T03:36:44.690+0000] {logging_mixin.py:188} INFO - [2024-05-21T03:36:44.689+0000] {dag.py:3047} INFO - Sync 3 DAGs
[2024-05-21T03:36:44.770+0000] {logging_mixin.py:188} INFO - [2024-05-21T03:36:44.770+0000] {dag.py:3834} INFO - Setting next_dagrun for example_branch_datetime_operator to 2024-05-20 00:00:00+00:00, run_after=2024-05-21 00:00:00+00:00
[2024-05-21T03:36:44.786+0000] {logging_mixin.py:188} INFO - [2024-05-21T03:36:44.785+0000] {dag.py:3834} INFO - Setting next_dagrun for example_branch_datetime_operator_2 to 2024-05-20 00:00:00+00:00, run_after=2024-05-21 00:00:00+00:00
[2024-05-21T03:36:44.800+0000] {logging_mixin.py:188} INFO - [2024-05-21T03:36:44.800+0000] {dag.py:3834} INFO - Setting next_dagrun for example_branch_datetime_operator_3 to 2024-05-20 00:00:00+00:00, run_after=2024-05-21 00:00:00+00:00
[2024-05-21T03:36:44.854+0000] {processor.py:183} INFO - Processing /home/airflow/.local/lib/python3.9/site-packages/airflow/example_dags/example_branch_datetime_operator.py took 0.359 seconds
[2024-05-21T03:37:38.596+0000] {processor.py:161} INFO - Started process (PID=260) to work on /home/airflow/.local/lib/python3.9/site-packages/airflow/example_dags/example_branch_datetime_operator.py
[2024-05-21T03:37:38.600+0000] {processor.py:830} INFO - Processing file /home/airflow/.local/lib/python3.9/site-packages/airflow/example_dags/example_branch_datetime_operator.py for tasks to queue
[2024-05-21T03:37:38.602+0000] {logging_mixin.py:188} INFO - [2024-05-21T03:37:38.602+0000] {dagbag.py:540} INFO - Filling up the DagBag from /home/airflow/.local/lib/python3.9/site-packages/airflow/example_dags/example_branch_datetime_operator.py
[2024-05-21T03:37:38.613+0000] {processor.py:840} INFO - DAG(s) 'example_branch_datetime_operator_3', 'example_branch_datetime_operator', 'example_branch_datetime_operator_2' retrieved from /home/airflow/.local/lib/python3.9/site-packages/airflow/example_dags/example_branch_datetime_operator.py
[2024-05-21T03:37:38.647+0000] {logging_mixin.py:188} INFO - [2024-05-21T03:37:38.647+0000] {dag.py:3047} INFO - Sync 3 DAGs
[2024-05-21T03:37:38.669+0000] {logging_mixin.py:188} INFO - [2024-05-21T03:37:38.669+0000] {dag.py:3834} INFO - Setting next_dagrun for example_branch_datetime_operator to 2024-05-20 00:00:00+00:00, run_after=2024-05-21 00:00:00+00:00
[2024-05-21T03:37:38.674+0000] {logging_mixin.py:188} INFO - [2024-05-21T03:37:38.674+0000] {dag.py:3834} INFO - Setting next_dagrun for example_branch_datetime_operator_2 to 2024-05-20 00:00:00+00:00, run_after=2024-05-21 00:00:00+00:00
[2024-05-21T03:37:38.677+0000] {logging_mixin.py:188} INFO - [2024-05-21T03:37:38.677+0000] {dag.py:3834} INFO - Setting next_dagrun for example_branch_datetime_operator_3 to 2024-05-20 00:00:00+00:00, run_after=2024-05-21 00:00:00+00:00
[2024-05-21T03:37:38.701+0000] {processor.py:183} INFO - Processing /home/airflow/.local/lib/python3.9/site-packages/airflow/example_dags/example_branch_datetime_operator.py took 0.109 seconds
[2024-05-21T03:38:32.758+0000] {processor.py:161} INFO - Started process (PID=317) to work on /home/airflow/.local/lib/python3.9/site-packages/airflow/example_dags/example_branch_datetime_operator.py
[2024-05-21T03:38:32.787+0000] {processor.py:830} INFO - Processing file /home/airflow/.local/lib/python3.9/site-packages/airflow/example_dags/example_branch_datetime_operator.py for tasks to queue
[2024-05-21T03:38:32.823+0000] {logging_mixin.py:188} INFO - [2024-05-21T03:38:32.815+0000] {dagbag.py:540} INFO - Filling up the DagBag from /home/airflow/.local/lib/python3.9/site-packages/airflow/example_dags/example_branch_datetime_operator.py
[2024-05-21T03:38:32.956+0000] {processor.py:840} INFO - DAG(s) 'example_branch_datetime_operator_3', 'example_branch_datetime_operator', 'example_branch_datetime_operator_2' retrieved from /home/airflow/.local/lib/python3.9/site-packages/airflow/example_dags/example_branch_datetime_operator.py
[2024-05-21T03:38:33.168+0000] {logging_mixin.py:188} INFO - [2024-05-21T03:38:33.167+0000] {dag.py:3047} INFO - Sync 3 DAGs
[2024-05-21T03:38:33.228+0000] {logging_mixin.py:188} INFO - [2024-05-21T03:38:33.228+0000] {dag.py:3834} INFO - Setting next_dagrun for example_branch_datetime_operator to 2024-05-20 00:00:00+00:00, run_after=2024-05-21 00:00:00+00:00
[2024-05-21T03:38:33.234+0000] {logging_mixin.py:188} INFO - [2024-05-21T03:38:33.234+0000] {dag.py:3834} INFO - Setting next_dagrun for example_branch_datetime_operator_2 to 2024-05-20 00:00:00+00:00, run_after=2024-05-21 00:00:00+00:00
[2024-05-21T03:38:33.238+0000] {logging_mixin.py:188} INFO - [2024-05-21T03:38:33.238+0000] {dag.py:3834} INFO - Setting next_dagrun for example_branch_datetime_operator_3 to 2024-05-20 00:00:00+00:00, run_after=2024-05-21 00:00:00+00:00
[2024-05-21T03:38:33.306+0000] {processor.py:183} INFO - Processing /home/airflow/.local/lib/python3.9/site-packages/airflow/example_dags/example_branch_datetime_operator.py took 0.555 seconds
[2024-05-21T03:39:04.035+0000] {processor.py:161} INFO - Started process (PID=382) to work on /home/airflow/.local/lib/python3.9/site-packages/airflow/example_dags/example_branch_datetime_operator.py
[2024-05-21T03:39:04.038+0000] {processor.py:830} INFO - Processing file /home/airflow/.local/lib/python3.9/site-packages/airflow/example_dags/example_branch_datetime_operator.py for tasks to queue
[2024-05-21T03:39:04.041+0000] {logging_mixin.py:188} INFO - [2024-05-21T03:39:04.040+0000] {dagbag.py:540} INFO - Filling up the DagBag from /home/airflow/.local/lib/python3.9/site-packages/airflow/example_dags/example_branch_datetime_operator.py
[2024-05-21T03:39:04.063+0000] {processor.py:840} INFO - DAG(s) 'example_branch_datetime_operator_3', 'example_branch_datetime_operator_2', 'example_branch_datetime_operator' retrieved from /home/airflow/.local/lib/python3.9/site-packages/airflow/example_dags/example_branch_datetime_operator.py
[2024-05-21T03:39:04.135+0000] {logging_mixin.py:188} INFO - [2024-05-21T03:39:04.134+0000] {dag.py:3047} INFO - Sync 3 DAGs
[2024-05-21T03:39:04.258+0000] {logging_mixin.py:188} INFO - [2024-05-21T03:39:04.258+0000] {dag.py:3834} INFO - Setting next_dagrun for example_branch_datetime_operator to 2024-05-20 00:00:00+00:00, run_after=2024-05-21 00:00:00+00:00
[2024-05-21T03:39:04.276+0000] {logging_mixin.py:188} INFO - [2024-05-21T03:39:04.275+0000] {dag.py:3834} INFO - Setting next_dagrun for example_branch_datetime_operator_2 to 2024-05-20 00:00:00+00:00, run_after=2024-05-21 00:00:00+00:00
[2024-05-21T03:39:04.282+0000] {logging_mixin.py:188} INFO - [2024-05-21T03:39:04.282+0000] {dag.py:3834} INFO - Setting next_dagrun for example_branch_datetime_operator_3 to 2024-05-20 00:00:00+00:00, run_after=2024-05-21 00:00:00+00:00
[2024-05-21T03:39:04.360+0000] {processor.py:183} INFO - Processing /home/airflow/.local/lib/python3.9/site-packages/airflow/example_dags/example_branch_datetime_operator.py took 0.330 seconds
[2024-05-21T05:48:15.097+0000] {processor.py:161} INFO - Started process (PID=76) to work on /home/airflow/.local/lib/python3.9/site-packages/airflow/example_dags/example_branch_datetime_operator.py
[2024-05-21T05:48:15.099+0000] {processor.py:830} INFO - Processing file /home/airflow/.local/lib/python3.9/site-packages/airflow/example_dags/example_branch_datetime_operator.py for tasks to queue
[2024-05-21T05:48:15.101+0000] {logging_mixin.py:188} INFO - [2024-05-21T05:48:15.101+0000] {dagbag.py:540} INFO - Filling up the DagBag from /home/airflow/.local/lib/python3.9/site-packages/airflow/example_dags/example_branch_datetime_operator.py
[2024-05-21T05:48:15.108+0000] {processor.py:840} INFO - DAG(s) 'example_branch_datetime_operator_3', 'example_branch_datetime_operator', 'example_branch_datetime_operator_2' retrieved from /home/airflow/.local/lib/python3.9/site-packages/airflow/example_dags/example_branch_datetime_operator.py
[2024-05-21T05:48:15.121+0000] {logging_mixin.py:188} INFO - [2024-05-21T05:48:15.120+0000] {dag.py:3047} INFO - Sync 3 DAGs
[2024-05-21T05:48:15.140+0000] {logging_mixin.py:188} INFO - [2024-05-21T05:48:15.140+0000] {dag.py:3834} INFO - Setting next_dagrun for example_branch_datetime_operator to 2024-05-20 00:00:00+00:00, run_after=2024-05-21 00:00:00+00:00
[2024-05-21T05:48:15.144+0000] {logging_mixin.py:188} INFO - [2024-05-21T05:48:15.143+0000] {dag.py:3834} INFO - Setting next_dagrun for example_branch_datetime_operator_2 to 2024-05-20 00:00:00+00:00, run_after=2024-05-21 00:00:00+00:00
[2024-05-21T05:48:15.146+0000] {logging_mixin.py:188} INFO - [2024-05-21T05:48:15.146+0000] {dag.py:3834} INFO - Setting next_dagrun for example_branch_datetime_operator_3 to 2024-05-20 00:00:00+00:00, run_after=2024-05-21 00:00:00+00:00
[2024-05-21T05:48:15.160+0000] {processor.py:183} INFO - Processing /home/airflow/.local/lib/python3.9/site-packages/airflow/example_dags/example_branch_datetime_operator.py took 0.065 seconds
[2024-05-21T05:48:46.125+0000] {processor.py:161} INFO - Started process (PID=133) to work on /home/airflow/.local/lib/python3.9/site-packages/airflow/example_dags/example_branch_datetime_operator.py
[2024-05-21T05:48:46.126+0000] {processor.py:830} INFO - Processing file /home/airflow/.local/lib/python3.9/site-packages/airflow/example_dags/example_branch_datetime_operator.py for tasks to queue
[2024-05-21T05:48:46.128+0000] {logging_mixin.py:188} INFO - [2024-05-21T05:48:46.127+0000] {dagbag.py:540} INFO - Filling up the DagBag from /home/airflow/.local/lib/python3.9/site-packages/airflow/example_dags/example_branch_datetime_operator.py
[2024-05-21T05:48:46.135+0000] {processor.py:840} INFO - DAG(s) 'example_branch_datetime_operator_2', 'example_branch_datetime_operator', 'example_branch_datetime_operator_3' retrieved from /home/airflow/.local/lib/python3.9/site-packages/airflow/example_dags/example_branch_datetime_operator.py
[2024-05-21T05:48:46.231+0000] {logging_mixin.py:188} INFO - [2024-05-21T05:48:46.231+0000] {dag.py:3047} INFO - Sync 3 DAGs
[2024-05-21T05:48:46.250+0000] {logging_mixin.py:188} INFO - [2024-05-21T05:48:46.250+0000] {dag.py:3834} INFO - Setting next_dagrun for example_branch_datetime_operator to 2024-05-20 00:00:00+00:00, run_after=2024-05-21 00:00:00+00:00
[2024-05-21T05:48:46.255+0000] {logging_mixin.py:188} INFO - [2024-05-21T05:48:46.255+0000] {dag.py:3834} INFO - Setting next_dagrun for example_branch_datetime_operator_2 to 2024-05-20 00:00:00+00:00, run_after=2024-05-21 00:00:00+00:00
[2024-05-21T05:48:46.257+0000] {logging_mixin.py:188} INFO - [2024-05-21T05:48:46.257+0000] {dag.py:3834} INFO - Setting next_dagrun for example_branch_datetime_operator_3 to 2024-05-20 00:00:00+00:00, run_after=2024-05-21 00:00:00+00:00
[2024-05-21T05:48:46.274+0000] {processor.py:183} INFO - Processing /home/airflow/.local/lib/python3.9/site-packages/airflow/example_dags/example_branch_datetime_operator.py took 0.152 seconds
[2024-05-21T05:49:16.653+0000] {processor.py:161} INFO - Started process (PID=190) to work on /home/airflow/.local/lib/python3.9/site-packages/airflow/example_dags/example_branch_datetime_operator.py
[2024-05-21T05:49:16.655+0000] {processor.py:830} INFO - Processing file /home/airflow/.local/lib/python3.9/site-packages/airflow/example_dags/example_branch_datetime_operator.py for tasks to queue
[2024-05-21T05:49:16.657+0000] {logging_mixin.py:188} INFO - [2024-05-21T05:49:16.656+0000] {dagbag.py:540} INFO - Filling up the DagBag from /home/airflow/.local/lib/python3.9/site-packages/airflow/example_dags/example_branch_datetime_operator.py
[2024-05-21T05:49:16.666+0000] {processor.py:840} INFO - DAG(s) 'example_branch_datetime_operator', 'example_branch_datetime_operator_2', 'example_branch_datetime_operator_3' retrieved from /home/airflow/.local/lib/python3.9/site-packages/airflow/example_dags/example_branch_datetime_operator.py
[2024-05-21T05:49:16.692+0000] {logging_mixin.py:188} INFO - [2024-05-21T05:49:16.692+0000] {dag.py:3047} INFO - Sync 3 DAGs
[2024-05-21T05:49:16.711+0000] {logging_mixin.py:188} INFO - [2024-05-21T05:49:16.711+0000] {dag.py:3834} INFO - Setting next_dagrun for example_branch_datetime_operator to 2024-05-20 00:00:00+00:00, run_after=2024-05-21 00:00:00+00:00
[2024-05-21T05:49:16.715+0000] {logging_mixin.py:188} INFO - [2024-05-21T05:49:16.715+0000] {dag.py:3834} INFO - Setting next_dagrun for example_branch_datetime_operator_2 to 2024-05-20 00:00:00+00:00, run_after=2024-05-21 00:00:00+00:00
[2024-05-21T05:49:16.718+0000] {logging_mixin.py:188} INFO - [2024-05-21T05:49:16.718+0000] {dag.py:3834} INFO - Setting next_dagrun for example_branch_datetime_operator_3 to 2024-05-20 00:00:00+00:00, run_after=2024-05-21 00:00:00+00:00
[2024-05-21T05:49:16.733+0000] {processor.py:183} INFO - Processing /home/airflow/.local/lib/python3.9/site-packages/airflow/example_dags/example_branch_datetime_operator.py took 0.083 seconds
[2024-05-21T05:49:46.812+0000] {processor.py:161} INFO - Started process (PID=251) to work on /home/airflow/.local/lib/python3.9/site-packages/airflow/example_dags/example_branch_datetime_operator.py
[2024-05-21T05:49:46.814+0000] {processor.py:830} INFO - Processing file /home/airflow/.local/lib/python3.9/site-packages/airflow/example_dags/example_branch_datetime_operator.py for tasks to queue
[2024-05-21T05:49:46.815+0000] {logging_mixin.py:188} INFO - [2024-05-21T05:49:46.815+0000] {dagbag.py:540} INFO - Filling up the DagBag from /home/airflow/.local/lib/python3.9/site-packages/airflow/example_dags/example_branch_datetime_operator.py
[2024-05-21T05:49:46.827+0000] {processor.py:840} INFO - DAG(s) 'example_branch_datetime_operator', 'example_branch_datetime_operator_3', 'example_branch_datetime_operator_2' retrieved from /home/airflow/.local/lib/python3.9/site-packages/airflow/example_dags/example_branch_datetime_operator.py
[2024-05-21T05:49:46.852+0000] {logging_mixin.py:188} INFO - [2024-05-21T05:49:46.851+0000] {dag.py:3047} INFO - Sync 3 DAGs
[2024-05-21T05:49:46.870+0000] {logging_mixin.py:188} INFO - [2024-05-21T05:49:46.870+0000] {dag.py:3834} INFO - Setting next_dagrun for example_branch_datetime_operator to 2024-05-20 00:00:00+00:00, run_after=2024-05-21 00:00:00+00:00
[2024-05-21T05:49:46.875+0000] {logging_mixin.py:188} INFO - [2024-05-21T05:49:46.875+0000] {dag.py:3834} INFO - Setting next_dagrun for example_branch_datetime_operator_2 to 2024-05-20 00:00:00+00:00, run_after=2024-05-21 00:00:00+00:00
[2024-05-21T05:49:46.877+0000] {logging_mixin.py:188} INFO - [2024-05-21T05:49:46.877+0000] {dag.py:3834} INFO - Setting next_dagrun for example_branch_datetime_operator_3 to 2024-05-20 00:00:00+00:00, run_after=2024-05-21 00:00:00+00:00
[2024-05-21T05:49:46.892+0000] {processor.py:183} INFO - Processing /home/airflow/.local/lib/python3.9/site-packages/airflow/example_dags/example_branch_datetime_operator.py took 0.083 seconds
[2024-05-21T05:50:17.735+0000] {processor.py:161} INFO - Started process (PID=308) to work on /home/airflow/.local/lib/python3.9/site-packages/airflow/example_dags/example_branch_datetime_operator.py
[2024-05-21T05:50:17.736+0000] {processor.py:830} INFO - Processing file /home/airflow/.local/lib/python3.9/site-packages/airflow/example_dags/example_branch_datetime_operator.py for tasks to queue
[2024-05-21T05:50:17.738+0000] {logging_mixin.py:188} INFO - [2024-05-21T05:50:17.738+0000] {dagbag.py:540} INFO - Filling up the DagBag from /home/airflow/.local/lib/python3.9/site-packages/airflow/example_dags/example_branch_datetime_operator.py
[2024-05-21T05:50:17.750+0000] {processor.py:840} INFO - DAG(s) 'example_branch_datetime_operator_3', 'example_branch_datetime_operator_2', 'example_branch_datetime_operator' retrieved from /home/airflow/.local/lib/python3.9/site-packages/airflow/example_dags/example_branch_datetime_operator.py
[2024-05-21T05:50:17.777+0000] {logging_mixin.py:188} INFO - [2024-05-21T05:50:17.777+0000] {dag.py:3047} INFO - Sync 3 DAGs
[2024-05-21T05:50:17.798+0000] {logging_mixin.py:188} INFO - [2024-05-21T05:50:17.798+0000] {dag.py:3834} INFO - Setting next_dagrun for example_branch_datetime_operator to 2024-05-20 00:00:00+00:00, run_after=2024-05-21 00:00:00+00:00
[2024-05-21T05:50:17.803+0000] {logging_mixin.py:188} INFO - [2024-05-21T05:50:17.803+0000] {dag.py:3834} INFO - Setting next_dagrun for example_branch_datetime_operator_2 to 2024-05-20 00:00:00+00:00, run_after=2024-05-21 00:00:00+00:00
[2024-05-21T05:50:17.806+0000] {logging_mixin.py:188} INFO - [2024-05-21T05:50:17.806+0000] {dag.py:3834} INFO - Setting next_dagrun for example_branch_datetime_operator_3 to 2024-05-20 00:00:00+00:00, run_after=2024-05-21 00:00:00+00:00
[2024-05-21T05:50:17.821+0000] {processor.py:183} INFO - Processing /home/airflow/.local/lib/python3.9/site-packages/airflow/example_dags/example_branch_datetime_operator.py took 0.090 seconds
[2024-05-21T05:50:48.301+0000] {processor.py:161} INFO - Started process (PID=369) to work on /home/airflow/.local/lib/python3.9/site-packages/airflow/example_dags/example_branch_datetime_operator.py
[2024-05-21T05:50:48.302+0000] {processor.py:830} INFO - Processing file /home/airflow/.local/lib/python3.9/site-packages/airflow/example_dags/example_branch_datetime_operator.py for tasks to queue
[2024-05-21T05:50:48.304+0000] {logging_mixin.py:188} INFO - [2024-05-21T05:50:48.304+0000] {dagbag.py:540} INFO - Filling up the DagBag from /home/airflow/.local/lib/python3.9/site-packages/airflow/example_dags/example_branch_datetime_operator.py
[2024-05-21T05:50:48.312+0000] {processor.py:840} INFO - DAG(s) 'example_branch_datetime_operator_2', 'example_branch_datetime_operator', 'example_branch_datetime_operator_3' retrieved from /home/airflow/.local/lib/python3.9/site-packages/airflow/example_dags/example_branch_datetime_operator.py
[2024-05-21T05:50:48.336+0000] {logging_mixin.py:188} INFO - [2024-05-21T05:50:48.336+0000] {dag.py:3047} INFO - Sync 3 DAGs
[2024-05-21T05:50:48.355+0000] {logging_mixin.py:188} INFO - [2024-05-21T05:50:48.355+0000] {dag.py:3834} INFO - Setting next_dagrun for example_branch_datetime_operator to 2024-05-20 00:00:00+00:00, run_after=2024-05-21 00:00:00+00:00
[2024-05-21T05:50:48.360+0000] {logging_mixin.py:188} INFO - [2024-05-21T05:50:48.360+0000] {dag.py:3834} INFO - Setting next_dagrun for example_branch_datetime_operator_2 to 2024-05-20 00:00:00+00:00, run_after=2024-05-21 00:00:00+00:00
[2024-05-21T05:50:48.362+0000] {logging_mixin.py:188} INFO - [2024-05-21T05:50:48.362+0000] {dag.py:3834} INFO - Setting next_dagrun for example_branch_datetime_operator_3 to 2024-05-20 00:00:00+00:00, run_after=2024-05-21 00:00:00+00:00
[2024-05-21T05:50:48.379+0000] {processor.py:183} INFO - Processing /home/airflow/.local/lib/python3.9/site-packages/airflow/example_dags/example_branch_datetime_operator.py took 0.081 seconds
[2024-05-21T05:51:18.909+0000] {processor.py:161} INFO - Started process (PID=426) to work on /home/airflow/.local/lib/python3.9/site-packages/airflow/example_dags/example_branch_datetime_operator.py
[2024-05-21T05:51:18.910+0000] {processor.py:830} INFO - Processing file /home/airflow/.local/lib/python3.9/site-packages/airflow/example_dags/example_branch_datetime_operator.py for tasks to queue
[2024-05-21T05:51:18.912+0000] {logging_mixin.py:188} INFO - [2024-05-21T05:51:18.912+0000] {dagbag.py:540} INFO - Filling up the DagBag from /home/airflow/.local/lib/python3.9/site-packages/airflow/example_dags/example_branch_datetime_operator.py
[2024-05-21T05:51:18.924+0000] {processor.py:840} INFO - DAG(s) 'example_branch_datetime_operator_3', 'example_branch_datetime_operator', 'example_branch_datetime_operator_2' retrieved from /home/airflow/.local/lib/python3.9/site-packages/airflow/example_dags/example_branch_datetime_operator.py
[2024-05-21T05:51:18.947+0000] {logging_mixin.py:188} INFO - [2024-05-21T05:51:18.947+0000] {dag.py:3047} INFO - Sync 3 DAGs
[2024-05-21T05:51:18.967+0000] {logging_mixin.py:188} INFO - [2024-05-21T05:51:18.967+0000] {dag.py:3834} INFO - Setting next_dagrun for example_branch_datetime_operator to 2024-05-20 00:00:00+00:00, run_after=2024-05-21 00:00:00+00:00
[2024-05-21T05:51:18.972+0000] {logging_mixin.py:188} INFO - [2024-05-21T05:51:18.971+0000] {dag.py:3834} INFO - Setting next_dagrun for example_branch_datetime_operator_2 to 2024-05-20 00:00:00+00:00, run_after=2024-05-21 00:00:00+00:00
[2024-05-21T05:51:18.974+0000] {logging_mixin.py:188} INFO - [2024-05-21T05:51:18.974+0000] {dag.py:3834} INFO - Setting next_dagrun for example_branch_datetime_operator_3 to 2024-05-20 00:00:00+00:00, run_after=2024-05-21 00:00:00+00:00
[2024-05-21T05:51:18.988+0000] {processor.py:183} INFO - Processing /home/airflow/.local/lib/python3.9/site-packages/airflow/example_dags/example_branch_datetime_operator.py took 0.082 seconds
[2024-05-21T05:51:49.828+0000] {processor.py:161} INFO - Started process (PID=483) to work on /home/airflow/.local/lib/python3.9/site-packages/airflow/example_dags/example_branch_datetime_operator.py
[2024-05-21T05:51:49.829+0000] {processor.py:830} INFO - Processing file /home/airflow/.local/lib/python3.9/site-packages/airflow/example_dags/example_branch_datetime_operator.py for tasks to queue
[2024-05-21T05:51:49.831+0000] {logging_mixin.py:188} INFO - [2024-05-21T05:51:49.831+0000] {dagbag.py:540} INFO - Filling up the DagBag from /home/airflow/.local/lib/python3.9/site-packages/airflow/example_dags/example_branch_datetime_operator.py
[2024-05-21T05:51:49.841+0000] {processor.py:840} INFO - DAG(s) 'example_branch_datetime_operator', 'example_branch_datetime_operator_3', 'example_branch_datetime_operator_2' retrieved from /home/airflow/.local/lib/python3.9/site-packages/airflow/example_dags/example_branch_datetime_operator.py
[2024-05-21T05:51:49.864+0000] {logging_mixin.py:188} INFO - [2024-05-21T05:51:49.864+0000] {dag.py:3047} INFO - Sync 3 DAGs
[2024-05-21T05:51:49.880+0000] {logging_mixin.py:188} INFO - [2024-05-21T05:51:49.880+0000] {dag.py:3834} INFO - Setting next_dagrun for example_branch_datetime_operator to 2024-05-20 00:00:00+00:00, run_after=2024-05-21 00:00:00+00:00
[2024-05-21T05:51:49.884+0000] {logging_mixin.py:188} INFO - [2024-05-21T05:51:49.884+0000] {dag.py:3834} INFO - Setting next_dagrun for example_branch_datetime_operator_2 to 2024-05-20 00:00:00+00:00, run_after=2024-05-21 00:00:00+00:00
[2024-05-21T05:51:49.887+0000] {logging_mixin.py:188} INFO - [2024-05-21T05:51:49.887+0000] {dag.py:3834} INFO - Setting next_dagrun for example_branch_datetime_operator_3 to 2024-05-20 00:00:00+00:00, run_after=2024-05-21 00:00:00+00:00
[2024-05-21T05:51:49.901+0000] {processor.py:183} INFO - Processing /home/airflow/.local/lib/python3.9/site-packages/airflow/example_dags/example_branch_datetime_operator.py took 0.076 seconds
