[2024-05-21T03:35:26.287+0000] {processor.py:161} INFO - Started process (PID=55) to work on /home/airflow/.local/lib/python3.9/site-packages/airflow/example_dags/example_branch_day_of_week_operator.py
[2024-05-21T03:35:26.289+0000] {processor.py:830} INFO - Processing file /home/airflow/.local/lib/python3.9/site-packages/airflow/example_dags/example_branch_day_of_week_operator.py for tasks to queue
[2024-05-21T03:35:26.291+0000] {logging_mixin.py:188} INFO - [2024-05-21T03:35:26.290+0000] {dagbag.py:540} INFO - Filling up the DagBag from /home/airflow/.local/lib/python3.9/site-packages/airflow/example_dags/example_branch_day_of_week_operator.py
[2024-05-21T03:35:26.302+0000] {processor.py:840} INFO - DAG(s) 'example_weekday_branch_operator' retrieved from /home/airflow/.local/lib/python3.9/site-packages/airflow/example_dags/example_branch_day_of_week_operator.py
[2024-05-21T03:35:26.416+0000] {logging_mixin.py:188} INFO - [2024-05-21T03:35:26.416+0000] {dag.py:3047} INFO - Sync 1 DAGs
[2024-05-21T03:35:26.439+0000] {logging_mixin.py:188} INFO - [2024-05-21T03:35:26.439+0000] {dag.py:3834} INFO - Setting next_dagrun for example_weekday_branch_operator to 2024-05-20 00:00:00+00:00, run_after=2024-05-21 00:00:00+00:00
[2024-05-21T03:35:26.492+0000] {processor.py:183} INFO - Processing /home/airflow/.local/lib/python3.9/site-packages/airflow/example_dags/example_branch_day_of_week_operator.py took 0.207 seconds
[2024-05-21T03:36:05.988+0000] {processor.py:161} INFO - Started process (PID=112) to work on /home/airflow/.local/lib/python3.9/site-packages/airflow/example_dags/example_branch_day_of_week_operator.py
[2024-05-21T03:36:05.989+0000] {processor.py:830} INFO - Processing file /home/airflow/.local/lib/python3.9/site-packages/airflow/example_dags/example_branch_day_of_week_operator.py for tasks to queue
[2024-05-21T03:36:05.991+0000] {logging_mixin.py:188} INFO - [2024-05-21T03:36:05.991+0000] {dagbag.py:540} INFO - Filling up the DagBag from /home/airflow/.local/lib/python3.9/site-packages/airflow/example_dags/example_branch_day_of_week_operator.py
[2024-05-21T03:36:06.000+0000] {processor.py:840} INFO - DAG(s) 'example_weekday_branch_operator' retrieved from /home/airflow/.local/lib/python3.9/site-packages/airflow/example_dags/example_branch_day_of_week_operator.py
[2024-05-21T03:36:06.034+0000] {logging_mixin.py:188} INFO - [2024-05-21T03:36:06.033+0000] {dag.py:3047} INFO - Sync 1 DAGs
[2024-05-21T03:36:06.061+0000] {logging_mixin.py:188} INFO - [2024-05-21T03:36:06.060+0000] {dag.py:3834} INFO - Setting next_dagrun for example_weekday_branch_operator to 2024-05-20 00:00:00+00:00, run_after=2024-05-21 00:00:00+00:00
[2024-05-21T03:36:06.084+0000] {processor.py:183} INFO - Processing /home/airflow/.local/lib/python3.9/site-packages/airflow/example_dags/example_branch_day_of_week_operator.py took 0.099 seconds
[2024-05-21T03:36:37.991+0000] {processor.py:161} INFO - Started process (PID=175) to work on /home/airflow/.local/lib/python3.9/site-packages/airflow/example_dags/example_branch_day_of_week_operator.py
[2024-05-21T03:36:37.992+0000] {processor.py:830} INFO - Processing file /home/airflow/.local/lib/python3.9/site-packages/airflow/example_dags/example_branch_day_of_week_operator.py for tasks to queue
[2024-05-21T03:36:37.994+0000] {logging_mixin.py:188} INFO - [2024-05-21T03:36:37.994+0000] {dagbag.py:540} INFO - Filling up the DagBag from /home/airflow/.local/lib/python3.9/site-packages/airflow/example_dags/example_branch_day_of_week_operator.py
[2024-05-21T03:36:38.003+0000] {processor.py:840} INFO - DAG(s) 'example_weekday_branch_operator' retrieved from /home/airflow/.local/lib/python3.9/site-packages/airflow/example_dags/example_branch_day_of_week_operator.py
[2024-05-21T03:36:38.023+0000] {logging_mixin.py:188} INFO - [2024-05-21T03:36:38.023+0000] {dag.py:3047} INFO - Sync 1 DAGs
[2024-05-21T03:36:38.050+0000] {logging_mixin.py:188} INFO - [2024-05-21T03:36:38.049+0000] {dag.py:3834} INFO - Setting next_dagrun for example_weekday_branch_operator to 2024-05-20 00:00:00+00:00, run_after=2024-05-21 00:00:00+00:00
[2024-05-21T03:36:38.070+0000] {processor.py:183} INFO - Processing /home/airflow/.local/lib/python3.9/site-packages/airflow/example_dags/example_branch_day_of_week_operator.py took 0.083 seconds
[2024-05-21T03:37:34.565+0000] {processor.py:161} INFO - Started process (PID=239) to work on /home/airflow/.local/lib/python3.9/site-packages/airflow/example_dags/example_branch_day_of_week_operator.py
[2024-05-21T03:37:34.568+0000] {processor.py:830} INFO - Processing file /home/airflow/.local/lib/python3.9/site-packages/airflow/example_dags/example_branch_day_of_week_operator.py for tasks to queue
[2024-05-21T03:37:34.571+0000] {logging_mixin.py:188} INFO - [2024-05-21T03:37:34.570+0000] {dagbag.py:540} INFO - Filling up the DagBag from /home/airflow/.local/lib/python3.9/site-packages/airflow/example_dags/example_branch_day_of_week_operator.py
[2024-05-21T03:37:34.592+0000] {processor.py:840} INFO - DAG(s) 'example_weekday_branch_operator' retrieved from /home/airflow/.local/lib/python3.9/site-packages/airflow/example_dags/example_branch_day_of_week_operator.py
[2024-05-21T03:37:34.704+0000] {logging_mixin.py:188} INFO - [2024-05-21T03:37:34.704+0000] {dag.py:3047} INFO - Sync 1 DAGs
[2024-05-21T03:37:34.803+0000] {logging_mixin.py:188} INFO - [2024-05-21T03:37:34.803+0000] {dag.py:3834} INFO - Setting next_dagrun for example_weekday_branch_operator to 2024-05-20 00:00:00+00:00, run_after=2024-05-21 00:00:00+00:00
[2024-05-21T03:37:34.864+0000] {processor.py:183} INFO - Processing /home/airflow/.local/lib/python3.9/site-packages/airflow/example_dags/example_branch_day_of_week_operator.py took 0.305 seconds
[2024-05-21T03:38:16.467+0000] {processor.py:161} INFO - Started process (PID=296) to work on /home/airflow/.local/lib/python3.9/site-packages/airflow/example_dags/example_branch_day_of_week_operator.py
[2024-05-21T03:38:16.489+0000] {processor.py:830} INFO - Processing file /home/airflow/.local/lib/python3.9/site-packages/airflow/example_dags/example_branch_day_of_week_operator.py for tasks to queue
[2024-05-21T03:38:16.501+0000] {logging_mixin.py:188} INFO - [2024-05-21T03:38:16.498+0000] {dagbag.py:540} INFO - Filling up the DagBag from /home/airflow/.local/lib/python3.9/site-packages/airflow/example_dags/example_branch_day_of_week_operator.py
[2024-05-21T03:38:16.525+0000] {processor.py:840} INFO - DAG(s) 'example_weekday_branch_operator' retrieved from /home/airflow/.local/lib/python3.9/site-packages/airflow/example_dags/example_branch_day_of_week_operator.py
[2024-05-21T03:38:17.015+0000] {logging_mixin.py:188} INFO - [2024-05-21T03:38:17.012+0000] {dag.py:3047} INFO - Sync 1 DAGs
[2024-05-21T03:38:18.806+0000] {logging_mixin.py:188} INFO - [2024-05-21T03:38:18.798+0000] {dag.py:3834} INFO - Setting next_dagrun for example_weekday_branch_operator to 2024-05-20 00:00:00+00:00, run_after=2024-05-21 00:00:00+00:00
[2024-05-21T03:38:19.819+0000] {processor.py:183} INFO - Processing /home/airflow/.local/lib/python3.9/site-packages/airflow/example_dags/example_branch_day_of_week_operator.py took 4.021 seconds
[2024-05-21T03:38:50.553+0000] {processor.py:161} INFO - Started process (PID=361) to work on /home/airflow/.local/lib/python3.9/site-packages/airflow/example_dags/example_branch_day_of_week_operator.py
[2024-05-21T03:38:50.578+0000] {processor.py:830} INFO - Processing file /home/airflow/.local/lib/python3.9/site-packages/airflow/example_dags/example_branch_day_of_week_operator.py for tasks to queue
[2024-05-21T03:38:50.615+0000] {logging_mixin.py:188} INFO - [2024-05-21T03:38:50.612+0000] {dagbag.py:540} INFO - Filling up the DagBag from /home/airflow/.local/lib/python3.9/site-packages/airflow/example_dags/example_branch_day_of_week_operator.py
[2024-05-21T03:38:50.722+0000] {processor.py:840} INFO - DAG(s) 'example_weekday_branch_operator' retrieved from /home/airflow/.local/lib/python3.9/site-packages/airflow/example_dags/example_branch_day_of_week_operator.py
[2024-05-21T03:38:50.947+0000] {logging_mixin.py:188} INFO - [2024-05-21T03:38:50.947+0000] {dag.py:3047} INFO - Sync 1 DAGs
[2024-05-21T03:38:51.156+0000] {logging_mixin.py:188} INFO - [2024-05-21T03:38:51.155+0000] {dag.py:3834} INFO - Setting next_dagrun for example_weekday_branch_operator to 2024-05-20 00:00:00+00:00, run_after=2024-05-21 00:00:00+00:00
[2024-05-21T03:38:51.258+0000] {processor.py:183} INFO - Processing /home/airflow/.local/lib/python3.9/site-packages/airflow/example_dags/example_branch_day_of_week_operator.py took 0.817 seconds
[2024-05-21T03:39:23.494+0000] {processor.py:161} INFO - Started process (PID=418) to work on /home/airflow/.local/lib/python3.9/site-packages/airflow/example_dags/example_branch_day_of_week_operator.py
[2024-05-21T03:39:23.608+0000] {processor.py:830} INFO - Processing file /home/airflow/.local/lib/python3.9/site-packages/airflow/example_dags/example_branch_day_of_week_operator.py for tasks to queue
[2024-05-21T03:39:23.612+0000] {logging_mixin.py:188} INFO - [2024-05-21T03:39:23.611+0000] {dagbag.py:540} INFO - Filling up the DagBag from /home/airflow/.local/lib/python3.9/site-packages/airflow/example_dags/example_branch_day_of_week_operator.py
[2024-05-21T03:39:23.620+0000] {processor.py:840} INFO - DAG(s) 'example_weekday_branch_operator' retrieved from /home/airflow/.local/lib/python3.9/site-packages/airflow/example_dags/example_branch_day_of_week_operator.py
[2024-05-21T03:39:23.802+0000] {logging_mixin.py:188} INFO - [2024-05-21T03:39:23.801+0000] {dag.py:3047} INFO - Sync 1 DAGs
[2024-05-21T03:39:23.820+0000] {logging_mixin.py:188} INFO - [2024-05-21T03:39:23.820+0000] {dag.py:3834} INFO - Setting next_dagrun for example_weekday_branch_operator to 2024-05-20 00:00:00+00:00, run_after=2024-05-21 00:00:00+00:00
[2024-05-21T03:39:24.236+0000] {processor.py:183} INFO - Processing /home/airflow/.local/lib/python3.9/site-packages/airflow/example_dags/example_branch_day_of_week_operator.py took 0.745 seconds
[2024-05-21T05:48:13.952+0000] {processor.py:161} INFO - Started process (PID=55) to work on /home/airflow/.local/lib/python3.9/site-packages/airflow/example_dags/example_branch_day_of_week_operator.py
[2024-05-21T05:48:13.954+0000] {processor.py:830} INFO - Processing file /home/airflow/.local/lib/python3.9/site-packages/airflow/example_dags/example_branch_day_of_week_operator.py for tasks to queue
[2024-05-21T05:48:13.956+0000] {logging_mixin.py:188} INFO - [2024-05-21T05:48:13.956+0000] {dagbag.py:540} INFO - Filling up the DagBag from /home/airflow/.local/lib/python3.9/site-packages/airflow/example_dags/example_branch_day_of_week_operator.py
[2024-05-21T05:48:13.965+0000] {processor.py:840} INFO - DAG(s) 'example_weekday_branch_operator' retrieved from /home/airflow/.local/lib/python3.9/site-packages/airflow/example_dags/example_branch_day_of_week_operator.py
[2024-05-21T05:48:13.978+0000] {logging_mixin.py:188} INFO - [2024-05-21T05:48:13.977+0000] {dag.py:3047} INFO - Sync 1 DAGs
[2024-05-21T05:48:14.001+0000] {logging_mixin.py:188} INFO - [2024-05-21T05:48:14.001+0000] {dag.py:3834} INFO - Setting next_dagrun for example_weekday_branch_operator to 2024-05-20 00:00:00+00:00, run_after=2024-05-21 00:00:00+00:00
[2024-05-21T05:48:14.027+0000] {processor.py:183} INFO - Processing /home/airflow/.local/lib/python3.9/site-packages/airflow/example_dags/example_branch_day_of_week_operator.py took 0.077 seconds
[2024-05-21T05:48:44.669+0000] {processor.py:161} INFO - Started process (PID=112) to work on /home/airflow/.local/lib/python3.9/site-packages/airflow/example_dags/example_branch_day_of_week_operator.py
[2024-05-21T05:48:44.670+0000] {processor.py:830} INFO - Processing file /home/airflow/.local/lib/python3.9/site-packages/airflow/example_dags/example_branch_day_of_week_operator.py for tasks to queue
[2024-05-21T05:48:44.672+0000] {logging_mixin.py:188} INFO - [2024-05-21T05:48:44.671+0000] {dagbag.py:540} INFO - Filling up the DagBag from /home/airflow/.local/lib/python3.9/site-packages/airflow/example_dags/example_branch_day_of_week_operator.py
[2024-05-21T05:48:44.678+0000] {processor.py:840} INFO - DAG(s) 'example_weekday_branch_operator' retrieved from /home/airflow/.local/lib/python3.9/site-packages/airflow/example_dags/example_branch_day_of_week_operator.py
[2024-05-21T05:48:44.751+0000] {logging_mixin.py:188} INFO - [2024-05-21T05:48:44.751+0000] {dag.py:3047} INFO - Sync 1 DAGs
[2024-05-21T05:48:44.768+0000] {logging_mixin.py:188} INFO - [2024-05-21T05:48:44.768+0000] {dag.py:3834} INFO - Setting next_dagrun for example_weekday_branch_operator to 2024-05-20 00:00:00+00:00, run_after=2024-05-21 00:00:00+00:00
[2024-05-21T05:48:44.784+0000] {processor.py:183} INFO - Processing /home/airflow/.local/lib/python3.9/site-packages/airflow/example_dags/example_branch_day_of_week_operator.py took 0.118 seconds
[2024-05-21T05:49:15.278+0000] {processor.py:161} INFO - Started process (PID=169) to work on /home/airflow/.local/lib/python3.9/site-packages/airflow/example_dags/example_branch_day_of_week_operator.py
[2024-05-21T05:49:15.279+0000] {processor.py:830} INFO - Processing file /home/airflow/.local/lib/python3.9/site-packages/airflow/example_dags/example_branch_day_of_week_operator.py for tasks to queue
[2024-05-21T05:49:15.281+0000] {logging_mixin.py:188} INFO - [2024-05-21T05:49:15.281+0000] {dagbag.py:540} INFO - Filling up the DagBag from /home/airflow/.local/lib/python3.9/site-packages/airflow/example_dags/example_branch_day_of_week_operator.py
[2024-05-21T05:49:15.289+0000] {processor.py:840} INFO - DAG(s) 'example_weekday_branch_operator' retrieved from /home/airflow/.local/lib/python3.9/site-packages/airflow/example_dags/example_branch_day_of_week_operator.py
[2024-05-21T05:49:15.305+0000] {logging_mixin.py:188} INFO - [2024-05-21T05:49:15.305+0000] {dag.py:3047} INFO - Sync 1 DAGs
[2024-05-21T05:49:15.321+0000] {logging_mixin.py:188} INFO - [2024-05-21T05:49:15.321+0000] {dag.py:3834} INFO - Setting next_dagrun for example_weekday_branch_operator to 2024-05-20 00:00:00+00:00, run_after=2024-05-21 00:00:00+00:00
[2024-05-21T05:49:15.338+0000] {processor.py:183} INFO - Processing /home/airflow/.local/lib/python3.9/site-packages/airflow/example_dags/example_branch_day_of_week_operator.py took 0.064 seconds
[2024-05-21T05:49:45.764+0000] {processor.py:161} INFO - Started process (PID=230) to work on /home/airflow/.local/lib/python3.9/site-packages/airflow/example_dags/example_branch_day_of_week_operator.py
[2024-05-21T05:49:45.765+0000] {processor.py:830} INFO - Processing file /home/airflow/.local/lib/python3.9/site-packages/airflow/example_dags/example_branch_day_of_week_operator.py for tasks to queue
[2024-05-21T05:49:45.766+0000] {logging_mixin.py:188} INFO - [2024-05-21T05:49:45.766+0000] {dagbag.py:540} INFO - Filling up the DagBag from /home/airflow/.local/lib/python3.9/site-packages/airflow/example_dags/example_branch_day_of_week_operator.py
[2024-05-21T05:49:45.773+0000] {processor.py:840} INFO - DAG(s) 'example_weekday_branch_operator' retrieved from /home/airflow/.local/lib/python3.9/site-packages/airflow/example_dags/example_branch_day_of_week_operator.py
[2024-05-21T05:49:45.791+0000] {logging_mixin.py:188} INFO - [2024-05-21T05:49:45.791+0000] {dag.py:3047} INFO - Sync 1 DAGs
[2024-05-21T05:49:45.808+0000] {logging_mixin.py:188} INFO - [2024-05-21T05:49:45.808+0000] {dag.py:3834} INFO - Setting next_dagrun for example_weekday_branch_operator to 2024-05-20 00:00:00+00:00, run_after=2024-05-21 00:00:00+00:00
[2024-05-21T05:49:45.823+0000] {processor.py:183} INFO - Processing /home/airflow/.local/lib/python3.9/site-packages/airflow/example_dags/example_branch_day_of_week_operator.py took 0.062 seconds
[2024-05-21T05:50:16.700+0000] {processor.py:161} INFO - Started process (PID=287) to work on /home/airflow/.local/lib/python3.9/site-packages/airflow/example_dags/example_branch_day_of_week_operator.py
[2024-05-21T05:50:16.701+0000] {processor.py:830} INFO - Processing file /home/airflow/.local/lib/python3.9/site-packages/airflow/example_dags/example_branch_day_of_week_operator.py for tasks to queue
[2024-05-21T05:50:16.703+0000] {logging_mixin.py:188} INFO - [2024-05-21T05:50:16.703+0000] {dagbag.py:540} INFO - Filling up the DagBag from /home/airflow/.local/lib/python3.9/site-packages/airflow/example_dags/example_branch_day_of_week_operator.py
[2024-05-21T05:50:16.714+0000] {processor.py:840} INFO - DAG(s) 'example_weekday_branch_operator' retrieved from /home/airflow/.local/lib/python3.9/site-packages/airflow/example_dags/example_branch_day_of_week_operator.py
[2024-05-21T05:50:16.735+0000] {logging_mixin.py:188} INFO - [2024-05-21T05:50:16.734+0000] {dag.py:3047} INFO - Sync 1 DAGs
[2024-05-21T05:50:16.753+0000] {logging_mixin.py:188} INFO - [2024-05-21T05:50:16.753+0000] {dag.py:3834} INFO - Setting next_dagrun for example_weekday_branch_operator to 2024-05-20 00:00:00+00:00, run_after=2024-05-21 00:00:00+00:00
[2024-05-21T05:50:16.775+0000] {processor.py:183} INFO - Processing /home/airflow/.local/lib/python3.9/site-packages/airflow/example_dags/example_branch_day_of_week_operator.py took 0.078 seconds
[2024-05-21T05:50:47.381+0000] {processor.py:161} INFO - Started process (PID=348) to work on /home/airflow/.local/lib/python3.9/site-packages/airflow/example_dags/example_branch_day_of_week_operator.py
[2024-05-21T05:50:47.382+0000] {processor.py:830} INFO - Processing file /home/airflow/.local/lib/python3.9/site-packages/airflow/example_dags/example_branch_day_of_week_operator.py for tasks to queue
[2024-05-21T05:50:47.384+0000] {logging_mixin.py:188} INFO - [2024-05-21T05:50:47.384+0000] {dagbag.py:540} INFO - Filling up the DagBag from /home/airflow/.local/lib/python3.9/site-packages/airflow/example_dags/example_branch_day_of_week_operator.py
[2024-05-21T05:50:47.391+0000] {processor.py:840} INFO - DAG(s) 'example_weekday_branch_operator' retrieved from /home/airflow/.local/lib/python3.9/site-packages/airflow/example_dags/example_branch_day_of_week_operator.py
[2024-05-21T05:50:47.411+0000] {logging_mixin.py:188} INFO - [2024-05-21T05:50:47.410+0000] {dag.py:3047} INFO - Sync 1 DAGs
[2024-05-21T05:50:47.433+0000] {logging_mixin.py:188} INFO - [2024-05-21T05:50:47.432+0000] {dag.py:3834} INFO - Setting next_dagrun for example_weekday_branch_operator to 2024-05-20 00:00:00+00:00, run_after=2024-05-21 00:00:00+00:00
[2024-05-21T05:50:47.449+0000] {processor.py:183} INFO - Processing /home/airflow/.local/lib/python3.9/site-packages/airflow/example_dags/example_branch_day_of_week_operator.py took 0.070 seconds
[2024-05-21T05:51:17.977+0000] {processor.py:161} INFO - Started process (PID=405) to work on /home/airflow/.local/lib/python3.9/site-packages/airflow/example_dags/example_branch_day_of_week_operator.py
[2024-05-21T05:51:17.979+0000] {processor.py:830} INFO - Processing file /home/airflow/.local/lib/python3.9/site-packages/airflow/example_dags/example_branch_day_of_week_operator.py for tasks to queue
[2024-05-21T05:51:17.980+0000] {logging_mixin.py:188} INFO - [2024-05-21T05:51:17.980+0000] {dagbag.py:540} INFO - Filling up the DagBag from /home/airflow/.local/lib/python3.9/site-packages/airflow/example_dags/example_branch_day_of_week_operator.py
[2024-05-21T05:51:17.986+0000] {processor.py:840} INFO - DAG(s) 'example_weekday_branch_operator' retrieved from /home/airflow/.local/lib/python3.9/site-packages/airflow/example_dags/example_branch_day_of_week_operator.py
[2024-05-21T05:51:18.002+0000] {logging_mixin.py:188} INFO - [2024-05-21T05:51:18.001+0000] {dag.py:3047} INFO - Sync 1 DAGs
[2024-05-21T05:51:18.019+0000] {logging_mixin.py:188} INFO - [2024-05-21T05:51:18.019+0000] {dag.py:3834} INFO - Setting next_dagrun for example_weekday_branch_operator to 2024-05-20 00:00:00+00:00, run_after=2024-05-21 00:00:00+00:00
[2024-05-21T05:51:18.034+0000] {processor.py:183} INFO - Processing /home/airflow/.local/lib/python3.9/site-packages/airflow/example_dags/example_branch_day_of_week_operator.py took 0.061 seconds
[2024-05-21T05:51:48.779+0000] {processor.py:161} INFO - Started process (PID=462) to work on /home/airflow/.local/lib/python3.9/site-packages/airflow/example_dags/example_branch_day_of_week_operator.py
[2024-05-21T05:51:48.780+0000] {processor.py:830} INFO - Processing file /home/airflow/.local/lib/python3.9/site-packages/airflow/example_dags/example_branch_day_of_week_operator.py for tasks to queue
[2024-05-21T05:51:48.782+0000] {logging_mixin.py:188} INFO - [2024-05-21T05:51:48.781+0000] {dagbag.py:540} INFO - Filling up the DagBag from /home/airflow/.local/lib/python3.9/site-packages/airflow/example_dags/example_branch_day_of_week_operator.py
[2024-05-21T05:51:48.788+0000] {processor.py:840} INFO - DAG(s) 'example_weekday_branch_operator' retrieved from /home/airflow/.local/lib/python3.9/site-packages/airflow/example_dags/example_branch_day_of_week_operator.py
[2024-05-21T05:51:48.807+0000] {logging_mixin.py:188} INFO - [2024-05-21T05:51:48.807+0000] {dag.py:3047} INFO - Sync 1 DAGs
[2024-05-21T05:51:48.829+0000] {logging_mixin.py:188} INFO - [2024-05-21T05:51:48.829+0000] {dag.py:3834} INFO - Setting next_dagrun for example_weekday_branch_operator to 2024-05-20 00:00:00+00:00, run_after=2024-05-21 00:00:00+00:00
[2024-05-21T05:51:48.847+0000] {processor.py:183} INFO - Processing /home/airflow/.local/lib/python3.9/site-packages/airflow/example_dags/example_branch_day_of_week_operator.py took 0.070 seconds
