[2024-05-21T03:35:26.988+0000] {processor.py:161} INFO - Started process (PID=62) to work on /home/airflow/.local/lib/python3.9/site-packages/airflow/example_dags/example_external_task_marker_dag.py
[2024-05-21T03:35:26.990+0000] {processor.py:830} INFO - Processing file /home/airflow/.local/lib/python3.9/site-packages/airflow/example_dags/example_external_task_marker_dag.py for tasks to queue
[2024-05-21T03:35:26.992+0000] {logging_mixin.py:188} INFO - [2024-05-21T03:35:26.991+0000] {dagbag.py:540} INFO - Filling up the DagBag from /home/airflow/.local/lib/python3.9/site-packages/airflow/example_dags/example_external_task_marker_dag.py
[2024-05-21T03:35:27.021+0000] {processor.py:840} INFO - DAG(s) 'example_external_task_marker_child', 'example_external_task_marker_parent' retrieved from /home/airflow/.local/lib/python3.9/site-packages/airflow/example_dags/example_external_task_marker_dag.py
[2024-05-21T03:35:27.118+0000] {logging_mixin.py:188} INFO - [2024-05-21T03:35:27.118+0000] {dag.py:3047} INFO - Sync 2 DAGs
[2024-05-21T03:35:27.128+0000] {logging_mixin.py:188} INFO - [2024-05-21T03:35:27.128+0000] {dag.py:3834} INFO - Setting next_dagrun for example_external_task_marker_child to None, run_after=None
[2024-05-21T03:35:27.132+0000] {logging_mixin.py:188} INFO - [2024-05-21T03:35:27.131+0000] {dag.py:3834} INFO - Setting next_dagrun for example_external_task_marker_parent to None, run_after=None
[2024-05-21T03:35:27.173+0000] {processor.py:183} INFO - Processing /home/airflow/.local/lib/python3.9/site-packages/airflow/example_dags/example_external_task_marker_dag.py took 0.188 seconds
[2024-05-21T03:36:06.532+0000] {processor.py:161} INFO - Started process (PID=119) to work on /home/airflow/.local/lib/python3.9/site-packages/airflow/example_dags/example_external_task_marker_dag.py
[2024-05-21T03:36:06.533+0000] {processor.py:830} INFO - Processing file /home/airflow/.local/lib/python3.9/site-packages/airflow/example_dags/example_external_task_marker_dag.py for tasks to queue
[2024-05-21T03:36:06.536+0000] {logging_mixin.py:188} INFO - [2024-05-21T03:36:06.535+0000] {dagbag.py:540} INFO - Filling up the DagBag from /home/airflow/.local/lib/python3.9/site-packages/airflow/example_dags/example_external_task_marker_dag.py
[2024-05-21T03:36:06.543+0000] {processor.py:840} INFO - DAG(s) 'example_external_task_marker_child', 'example_external_task_marker_parent' retrieved from /home/airflow/.local/lib/python3.9/site-packages/airflow/example_dags/example_external_task_marker_dag.py
[2024-05-21T03:36:06.571+0000] {logging_mixin.py:188} INFO - [2024-05-21T03:36:06.571+0000] {dag.py:3047} INFO - Sync 2 DAGs
[2024-05-21T03:36:06.585+0000] {logging_mixin.py:188} INFO - [2024-05-21T03:36:06.585+0000] {dag.py:3834} INFO - Setting next_dagrun for example_external_task_marker_child to None, run_after=None
[2024-05-21T03:36:06.590+0000] {logging_mixin.py:188} INFO - [2024-05-21T03:36:06.589+0000] {dag.py:3834} INFO - Setting next_dagrun for example_external_task_marker_parent to None, run_after=None
[2024-05-21T03:36:06.612+0000] {processor.py:183} INFO - Processing /home/airflow/.local/lib/python3.9/site-packages/airflow/example_dags/example_external_task_marker_dag.py took 0.084 seconds
[2024-05-21T03:36:39.669+0000] {processor.py:161} INFO - Started process (PID=182) to work on /home/airflow/.local/lib/python3.9/site-packages/airflow/example_dags/example_external_task_marker_dag.py
[2024-05-21T03:36:39.670+0000] {processor.py:830} INFO - Processing file /home/airflow/.local/lib/python3.9/site-packages/airflow/example_dags/example_external_task_marker_dag.py for tasks to queue
[2024-05-21T03:36:39.673+0000] {logging_mixin.py:188} INFO - [2024-05-21T03:36:39.672+0000] {dagbag.py:540} INFO - Filling up the DagBag from /home/airflow/.local/lib/python3.9/site-packages/airflow/example_dags/example_external_task_marker_dag.py
[2024-05-21T03:36:39.685+0000] {processor.py:840} INFO - DAG(s) 'example_external_task_marker_child', 'example_external_task_marker_parent' retrieved from /home/airflow/.local/lib/python3.9/site-packages/airflow/example_dags/example_external_task_marker_dag.py
[2024-05-21T03:36:39.731+0000] {logging_mixin.py:188} INFO - [2024-05-21T03:36:39.730+0000] {dag.py:3047} INFO - Sync 2 DAGs
[2024-05-21T03:36:39.930+0000] {logging_mixin.py:188} INFO - [2024-05-21T03:36:39.929+0000] {dag.py:3834} INFO - Setting next_dagrun for example_external_task_marker_child to None, run_after=None
[2024-05-21T03:36:39.934+0000] {logging_mixin.py:188} INFO - [2024-05-21T03:36:39.933+0000] {dag.py:3834} INFO - Setting next_dagrun for example_external_task_marker_parent to None, run_after=None
[2024-05-21T03:36:40.106+0000] {processor.py:183} INFO - Processing /home/airflow/.local/lib/python3.9/site-packages/airflow/example_dags/example_external_task_marker_dag.py took 0.441 seconds
[2024-05-21T03:37:36.397+0000] {processor.py:161} INFO - Started process (PID=246) to work on /home/airflow/.local/lib/python3.9/site-packages/airflow/example_dags/example_external_task_marker_dag.py
[2024-05-21T03:37:36.399+0000] {processor.py:830} INFO - Processing file /home/airflow/.local/lib/python3.9/site-packages/airflow/example_dags/example_external_task_marker_dag.py for tasks to queue
[2024-05-21T03:37:36.403+0000] {logging_mixin.py:188} INFO - [2024-05-21T03:37:36.403+0000] {dagbag.py:540} INFO - Filling up the DagBag from /home/airflow/.local/lib/python3.9/site-packages/airflow/example_dags/example_external_task_marker_dag.py
[2024-05-21T03:37:36.426+0000] {processor.py:840} INFO - DAG(s) 'example_external_task_marker_child', 'example_external_task_marker_parent' retrieved from /home/airflow/.local/lib/python3.9/site-packages/airflow/example_dags/example_external_task_marker_dag.py
[2024-05-21T03:37:36.530+0000] {logging_mixin.py:188} INFO - [2024-05-21T03:37:36.529+0000] {dag.py:3047} INFO - Sync 2 DAGs
[2024-05-21T03:37:36.552+0000] {logging_mixin.py:188} INFO - [2024-05-21T03:37:36.552+0000] {dag.py:3834} INFO - Setting next_dagrun for example_external_task_marker_child to None, run_after=None
[2024-05-21T03:37:36.563+0000] {logging_mixin.py:188} INFO - [2024-05-21T03:37:36.563+0000] {dag.py:3834} INFO - Setting next_dagrun for example_external_task_marker_parent to None, run_after=None
[2024-05-21T03:37:36.623+0000] {processor.py:183} INFO - Processing /home/airflow/.local/lib/python3.9/site-packages/airflow/example_dags/example_external_task_marker_dag.py took 0.231 seconds
[2024-05-21T03:38:23.824+0000] {processor.py:161} INFO - Started process (PID=303) to work on /home/airflow/.local/lib/python3.9/site-packages/airflow/example_dags/example_external_task_marker_dag.py
[2024-05-21T03:38:23.828+0000] {processor.py:830} INFO - Processing file /home/airflow/.local/lib/python3.9/site-packages/airflow/example_dags/example_external_task_marker_dag.py for tasks to queue
[2024-05-21T03:38:23.844+0000] {logging_mixin.py:188} INFO - [2024-05-21T03:38:23.843+0000] {dagbag.py:540} INFO - Filling up the DagBag from /home/airflow/.local/lib/python3.9/site-packages/airflow/example_dags/example_external_task_marker_dag.py
[2024-05-21T03:38:23.867+0000] {processor.py:840} INFO - DAG(s) 'example_external_task_marker_parent', 'example_external_task_marker_child' retrieved from /home/airflow/.local/lib/python3.9/site-packages/airflow/example_dags/example_external_task_marker_dag.py
[2024-05-21T03:38:24.037+0000] {logging_mixin.py:188} INFO - [2024-05-21T03:38:24.035+0000] {dag.py:3047} INFO - Sync 2 DAGs
[2024-05-21T03:38:24.390+0000] {logging_mixin.py:188} INFO - [2024-05-21T03:38:24.389+0000] {dag.py:3834} INFO - Setting next_dagrun for example_external_task_marker_child to None, run_after=None
[2024-05-21T03:38:24.443+0000] {logging_mixin.py:188} INFO - [2024-05-21T03:38:24.442+0000] {dag.py:3834} INFO - Setting next_dagrun for example_external_task_marker_parent to None, run_after=None
[2024-05-21T03:38:24.598+0000] {processor.py:183} INFO - Processing /home/airflow/.local/lib/python3.9/site-packages/airflow/example_dags/example_external_task_marker_dag.py took 0.802 seconds
[2024-05-21T03:38:57.348+0000] {processor.py:161} INFO - Started process (PID=368) to work on /home/airflow/.local/lib/python3.9/site-packages/airflow/example_dags/example_external_task_marker_dag.py
[2024-05-21T03:38:57.360+0000] {processor.py:830} INFO - Processing file /home/airflow/.local/lib/python3.9/site-packages/airflow/example_dags/example_external_task_marker_dag.py for tasks to queue
[2024-05-21T03:38:57.407+0000] {logging_mixin.py:188} INFO - [2024-05-21T03:38:57.403+0000] {dagbag.py:540} INFO - Filling up the DagBag from /home/airflow/.local/lib/python3.9/site-packages/airflow/example_dags/example_external_task_marker_dag.py
[2024-05-21T03:38:57.578+0000] {processor.py:840} INFO - DAG(s) 'example_external_task_marker_child', 'example_external_task_marker_parent' retrieved from /home/airflow/.local/lib/python3.9/site-packages/airflow/example_dags/example_external_task_marker_dag.py
[2024-05-21T03:38:58.222+0000] {logging_mixin.py:188} INFO - [2024-05-21T03:38:58.222+0000] {dag.py:3047} INFO - Sync 2 DAGs
[2024-05-21T03:38:58.260+0000] {logging_mixin.py:188} INFO - [2024-05-21T03:38:58.259+0000] {dag.py:3834} INFO - Setting next_dagrun for example_external_task_marker_child to None, run_after=None
[2024-05-21T03:38:58.285+0000] {logging_mixin.py:188} INFO - [2024-05-21T03:38:58.284+0000] {dag.py:3834} INFO - Setting next_dagrun for example_external_task_marker_parent to None, run_after=None
[2024-05-21T03:38:58.387+0000] {processor.py:183} INFO - Processing /home/airflow/.local/lib/python3.9/site-packages/airflow/example_dags/example_external_task_marker_dag.py took 1.044 seconds
[2024-05-21T05:48:14.337+0000] {processor.py:161} INFO - Started process (PID=62) to work on /home/airflow/.local/lib/python3.9/site-packages/airflow/example_dags/example_external_task_marker_dag.py
[2024-05-21T05:48:14.339+0000] {processor.py:830} INFO - Processing file /home/airflow/.local/lib/python3.9/site-packages/airflow/example_dags/example_external_task_marker_dag.py for tasks to queue
[2024-05-21T05:48:14.340+0000] {logging_mixin.py:188} INFO - [2024-05-21T05:48:14.340+0000] {dagbag.py:540} INFO - Filling up the DagBag from /home/airflow/.local/lib/python3.9/site-packages/airflow/example_dags/example_external_task_marker_dag.py
[2024-05-21T05:48:14.345+0000] {processor.py:840} INFO - DAG(s) 'example_external_task_marker_parent', 'example_external_task_marker_child' retrieved from /home/airflow/.local/lib/python3.9/site-packages/airflow/example_dags/example_external_task_marker_dag.py
[2024-05-21T05:48:14.355+0000] {logging_mixin.py:188} INFO - [2024-05-21T05:48:14.354+0000] {dag.py:3047} INFO - Sync 2 DAGs
[2024-05-21T05:48:14.365+0000] {logging_mixin.py:188} INFO - [2024-05-21T05:48:14.365+0000] {dag.py:3834} INFO - Setting next_dagrun for example_external_task_marker_child to None, run_after=None
[2024-05-21T05:48:14.369+0000] {logging_mixin.py:188} INFO - [2024-05-21T05:48:14.368+0000] {dag.py:3834} INFO - Setting next_dagrun for example_external_task_marker_parent to None, run_after=None
[2024-05-21T05:48:14.383+0000] {processor.py:183} INFO - Processing /home/airflow/.local/lib/python3.9/site-packages/airflow/example_dags/example_external_task_marker_dag.py took 0.047 seconds
[2024-05-21T05:48:45.147+0000] {processor.py:161} INFO - Started process (PID=119) to work on /home/airflow/.local/lib/python3.9/site-packages/airflow/example_dags/example_external_task_marker_dag.py
[2024-05-21T05:48:45.149+0000] {processor.py:830} INFO - Processing file /home/airflow/.local/lib/python3.9/site-packages/airflow/example_dags/example_external_task_marker_dag.py for tasks to queue
[2024-05-21T05:48:45.150+0000] {logging_mixin.py:188} INFO - [2024-05-21T05:48:45.150+0000] {dagbag.py:540} INFO - Filling up the DagBag from /home/airflow/.local/lib/python3.9/site-packages/airflow/example_dags/example_external_task_marker_dag.py
[2024-05-21T05:48:45.155+0000] {processor.py:840} INFO - DAG(s) 'example_external_task_marker_parent', 'example_external_task_marker_child' retrieved from /home/airflow/.local/lib/python3.9/site-packages/airflow/example_dags/example_external_task_marker_dag.py
[2024-05-21T05:48:45.237+0000] {logging_mixin.py:188} INFO - [2024-05-21T05:48:45.237+0000] {dag.py:3047} INFO - Sync 2 DAGs
[2024-05-21T05:48:45.247+0000] {logging_mixin.py:188} INFO - [2024-05-21T05:48:45.247+0000] {dag.py:3834} INFO - Setting next_dagrun for example_external_task_marker_child to None, run_after=None
[2024-05-21T05:48:45.250+0000] {logging_mixin.py:188} INFO - [2024-05-21T05:48:45.250+0000] {dag.py:3834} INFO - Setting next_dagrun for example_external_task_marker_parent to None, run_after=None
[2024-05-21T05:48:45.265+0000] {processor.py:183} INFO - Processing /home/airflow/.local/lib/python3.9/site-packages/airflow/example_dags/example_external_task_marker_dag.py took 0.120 seconds
[2024-05-21T05:49:15.581+0000] {processor.py:161} INFO - Started process (PID=176) to work on /home/airflow/.local/lib/python3.9/site-packages/airflow/example_dags/example_external_task_marker_dag.py
[2024-05-21T05:49:15.582+0000] {processor.py:830} INFO - Processing file /home/airflow/.local/lib/python3.9/site-packages/airflow/example_dags/example_external_task_marker_dag.py for tasks to queue
[2024-05-21T05:49:15.583+0000] {logging_mixin.py:188} INFO - [2024-05-21T05:49:15.583+0000] {dagbag.py:540} INFO - Filling up the DagBag from /home/airflow/.local/lib/python3.9/site-packages/airflow/example_dags/example_external_task_marker_dag.py
[2024-05-21T05:49:15.589+0000] {processor.py:840} INFO - DAG(s) 'example_external_task_marker_parent', 'example_external_task_marker_child' retrieved from /home/airflow/.local/lib/python3.9/site-packages/airflow/example_dags/example_external_task_marker_dag.py
[2024-05-21T05:49:15.609+0000] {logging_mixin.py:188} INFO - [2024-05-21T05:49:15.609+0000] {dag.py:3047} INFO - Sync 2 DAGs
[2024-05-21T05:49:15.619+0000] {logging_mixin.py:188} INFO - [2024-05-21T05:49:15.619+0000] {dag.py:3834} INFO - Setting next_dagrun for example_external_task_marker_child to None, run_after=None
[2024-05-21T05:49:15.623+0000] {logging_mixin.py:188} INFO - [2024-05-21T05:49:15.623+0000] {dag.py:3834} INFO - Setting next_dagrun for example_external_task_marker_parent to None, run_after=None
[2024-05-21T05:49:15.636+0000] {processor.py:183} INFO - Processing /home/airflow/.local/lib/python3.9/site-packages/airflow/example_dags/example_external_task_marker_dag.py took 0.058 seconds
[2024-05-21T05:49:46.112+0000] {processor.py:161} INFO - Started process (PID=237) to work on /home/airflow/.local/lib/python3.9/site-packages/airflow/example_dags/example_external_task_marker_dag.py
[2024-05-21T05:49:46.113+0000] {processor.py:830} INFO - Processing file /home/airflow/.local/lib/python3.9/site-packages/airflow/example_dags/example_external_task_marker_dag.py for tasks to queue
[2024-05-21T05:49:46.114+0000] {logging_mixin.py:188} INFO - [2024-05-21T05:49:46.114+0000] {dagbag.py:540} INFO - Filling up the DagBag from /home/airflow/.local/lib/python3.9/site-packages/airflow/example_dags/example_external_task_marker_dag.py
[2024-05-21T05:49:46.120+0000] {processor.py:840} INFO - DAG(s) 'example_external_task_marker_parent', 'example_external_task_marker_child' retrieved from /home/airflow/.local/lib/python3.9/site-packages/airflow/example_dags/example_external_task_marker_dag.py
[2024-05-21T05:49:46.141+0000] {logging_mixin.py:188} INFO - [2024-05-21T05:49:46.140+0000] {dag.py:3047} INFO - Sync 2 DAGs
[2024-05-21T05:49:46.151+0000] {logging_mixin.py:188} INFO - [2024-05-21T05:49:46.151+0000] {dag.py:3834} INFO - Setting next_dagrun for example_external_task_marker_child to None, run_after=None
[2024-05-21T05:49:46.155+0000] {logging_mixin.py:188} INFO - [2024-05-21T05:49:46.154+0000] {dag.py:3834} INFO - Setting next_dagrun for example_external_task_marker_parent to None, run_after=None
[2024-05-21T05:49:46.171+0000] {processor.py:183} INFO - Processing /home/airflow/.local/lib/python3.9/site-packages/airflow/example_dags/example_external_task_marker_dag.py took 0.062 seconds
[2024-05-21T05:50:17.087+0000] {processor.py:161} INFO - Started process (PID=294) to work on /home/airflow/.local/lib/python3.9/site-packages/airflow/example_dags/example_external_task_marker_dag.py
[2024-05-21T05:50:17.088+0000] {processor.py:830} INFO - Processing file /home/airflow/.local/lib/python3.9/site-packages/airflow/example_dags/example_external_task_marker_dag.py for tasks to queue
[2024-05-21T05:50:17.091+0000] {logging_mixin.py:188} INFO - [2024-05-21T05:50:17.090+0000] {dagbag.py:540} INFO - Filling up the DagBag from /home/airflow/.local/lib/python3.9/site-packages/airflow/example_dags/example_external_task_marker_dag.py
[2024-05-21T05:50:17.097+0000] {processor.py:840} INFO - DAG(s) 'example_external_task_marker_parent', 'example_external_task_marker_child' retrieved from /home/airflow/.local/lib/python3.9/site-packages/airflow/example_dags/example_external_task_marker_dag.py
[2024-05-21T05:50:17.117+0000] {logging_mixin.py:188} INFO - [2024-05-21T05:50:17.117+0000] {dag.py:3047} INFO - Sync 2 DAGs
[2024-05-21T05:50:17.127+0000] {logging_mixin.py:188} INFO - [2024-05-21T05:50:17.127+0000] {dag.py:3834} INFO - Setting next_dagrun for example_external_task_marker_child to None, run_after=None
[2024-05-21T05:50:17.132+0000] {logging_mixin.py:188} INFO - [2024-05-21T05:50:17.132+0000] {dag.py:3834} INFO - Setting next_dagrun for example_external_task_marker_parent to None, run_after=None
[2024-05-21T05:50:17.150+0000] {processor.py:183} INFO - Processing /home/airflow/.local/lib/python3.9/site-packages/airflow/example_dags/example_external_task_marker_dag.py took 0.066 seconds
[2024-05-21T05:50:47.707+0000] {processor.py:161} INFO - Started process (PID=355) to work on /home/airflow/.local/lib/python3.9/site-packages/airflow/example_dags/example_external_task_marker_dag.py
[2024-05-21T05:50:47.708+0000] {processor.py:830} INFO - Processing file /home/airflow/.local/lib/python3.9/site-packages/airflow/example_dags/example_external_task_marker_dag.py for tasks to queue
[2024-05-21T05:50:47.709+0000] {logging_mixin.py:188} INFO - [2024-05-21T05:50:47.709+0000] {dagbag.py:540} INFO - Filling up the DagBag from /home/airflow/.local/lib/python3.9/site-packages/airflow/example_dags/example_external_task_marker_dag.py
[2024-05-21T05:50:47.714+0000] {processor.py:840} INFO - DAG(s) 'example_external_task_marker_child', 'example_external_task_marker_parent' retrieved from /home/airflow/.local/lib/python3.9/site-packages/airflow/example_dags/example_external_task_marker_dag.py
[2024-05-21T05:50:47.731+0000] {logging_mixin.py:188} INFO - [2024-05-21T05:50:47.731+0000] {dag.py:3047} INFO - Sync 2 DAGs
[2024-05-21T05:50:47.742+0000] {logging_mixin.py:188} INFO - [2024-05-21T05:50:47.742+0000] {dag.py:3834} INFO - Setting next_dagrun for example_external_task_marker_child to None, run_after=None
[2024-05-21T05:50:47.745+0000] {logging_mixin.py:188} INFO - [2024-05-21T05:50:47.745+0000] {dag.py:3834} INFO - Setting next_dagrun for example_external_task_marker_parent to None, run_after=None
[2024-05-21T05:50:47.760+0000] {processor.py:183} INFO - Processing /home/airflow/.local/lib/python3.9/site-packages/airflow/example_dags/example_external_task_marker_dag.py took 0.055 seconds
[2024-05-21T05:51:18.288+0000] {processor.py:161} INFO - Started process (PID=412) to work on /home/airflow/.local/lib/python3.9/site-packages/airflow/example_dags/example_external_task_marker_dag.py
[2024-05-21T05:51:18.289+0000] {processor.py:830} INFO - Processing file /home/airflow/.local/lib/python3.9/site-packages/airflow/example_dags/example_external_task_marker_dag.py for tasks to queue
[2024-05-21T05:51:18.290+0000] {logging_mixin.py:188} INFO - [2024-05-21T05:51:18.290+0000] {dagbag.py:540} INFO - Filling up the DagBag from /home/airflow/.local/lib/python3.9/site-packages/airflow/example_dags/example_external_task_marker_dag.py
[2024-05-21T05:51:18.295+0000] {processor.py:840} INFO - DAG(s) 'example_external_task_marker_parent', 'example_external_task_marker_child' retrieved from /home/airflow/.local/lib/python3.9/site-packages/airflow/example_dags/example_external_task_marker_dag.py
[2024-05-21T05:51:18.314+0000] {logging_mixin.py:188} INFO - [2024-05-21T05:51:18.314+0000] {dag.py:3047} INFO - Sync 2 DAGs
[2024-05-21T05:51:18.323+0000] {logging_mixin.py:188} INFO - [2024-05-21T05:51:18.323+0000] {dag.py:3834} INFO - Setting next_dagrun for example_external_task_marker_child to None, run_after=None
[2024-05-21T05:51:18.326+0000] {logging_mixin.py:188} INFO - [2024-05-21T05:51:18.326+0000] {dag.py:3834} INFO - Setting next_dagrun for example_external_task_marker_parent to None, run_after=None
[2024-05-21T05:51:18.341+0000] {processor.py:183} INFO - Processing /home/airflow/.local/lib/python3.9/site-packages/airflow/example_dags/example_external_task_marker_dag.py took 0.055 seconds
[2024-05-21T05:51:49.203+0000] {processor.py:161} INFO - Started process (PID=469) to work on /home/airflow/.local/lib/python3.9/site-packages/airflow/example_dags/example_external_task_marker_dag.py
[2024-05-21T05:51:49.204+0000] {processor.py:830} INFO - Processing file /home/airflow/.local/lib/python3.9/site-packages/airflow/example_dags/example_external_task_marker_dag.py for tasks to queue
[2024-05-21T05:51:49.206+0000] {logging_mixin.py:188} INFO - [2024-05-21T05:51:49.206+0000] {dagbag.py:540} INFO - Filling up the DagBag from /home/airflow/.local/lib/python3.9/site-packages/airflow/example_dags/example_external_task_marker_dag.py
[2024-05-21T05:51:49.212+0000] {processor.py:840} INFO - DAG(s) 'example_external_task_marker_parent', 'example_external_task_marker_child' retrieved from /home/airflow/.local/lib/python3.9/site-packages/airflow/example_dags/example_external_task_marker_dag.py
[2024-05-21T05:51:49.235+0000] {logging_mixin.py:188} INFO - [2024-05-21T05:51:49.235+0000] {dag.py:3047} INFO - Sync 2 DAGs
[2024-05-21T05:51:49.246+0000] {logging_mixin.py:188} INFO - [2024-05-21T05:51:49.245+0000] {dag.py:3834} INFO - Setting next_dagrun for example_external_task_marker_child to None, run_after=None
[2024-05-21T05:51:49.249+0000] {logging_mixin.py:188} INFO - [2024-05-21T05:51:49.249+0000] {dag.py:3834} INFO - Setting next_dagrun for example_external_task_marker_parent to None, run_after=None
[2024-05-21T05:51:49.262+0000] {processor.py:183} INFO - Processing /home/airflow/.local/lib/python3.9/site-packages/airflow/example_dags/example_external_task_marker_dag.py took 0.062 seconds
