[2024-05-21T03:35:26.030+0000] {processor.py:161} INFO - Started process (PID=54) to work on /home/airflow/.local/lib/python3.9/site-packages/airflow/example_dags/example_xcom.py
[2024-05-21T03:35:26.031+0000] {processor.py:830} INFO - Processing file /home/airflow/.local/lib/python3.9/site-packages/airflow/example_dags/example_xcom.py for tasks to queue
[2024-05-21T03:35:26.034+0000] {logging_mixin.py:188} INFO - [2024-05-21T03:35:26.033+0000] {dagbag.py:540} INFO - Filling up the DagBag from /home/airflow/.local/lib/python3.9/site-packages/airflow/example_dags/example_xcom.py
[2024-05-21T03:35:26.044+0000] {processor.py:840} INFO - DAG(s) 'example_xcom' retrieved from /home/airflow/.local/lib/python3.9/site-packages/airflow/example_dags/example_xcom.py
[2024-05-21T03:35:26.141+0000] {logging_mixin.py:188} INFO - [2024-05-21T03:35:26.140+0000] {dag.py:3047} INFO - Sync 1 DAGs
[2024-05-21T03:35:26.161+0000] {logging_mixin.py:188} INFO - [2024-05-21T03:35:26.161+0000] {dag.py:3834} INFO - Setting next_dagrun for example_xcom to 2021-01-01 00:00:00+00:00, run_after=2021-01-01 00:00:00+00:00
[2024-05-21T03:35:26.196+0000] {processor.py:183} INFO - Processing /home/airflow/.local/lib/python3.9/site-packages/airflow/example_dags/example_xcom.py took 0.168 seconds
[2024-05-21T03:36:05.924+0000] {processor.py:161} INFO - Started process (PID=111) to work on /home/airflow/.local/lib/python3.9/site-packages/airflow/example_dags/example_xcom.py
[2024-05-21T03:36:05.925+0000] {processor.py:830} INFO - Processing file /home/airflow/.local/lib/python3.9/site-packages/airflow/example_dags/example_xcom.py for tasks to queue
[2024-05-21T03:36:05.929+0000] {logging_mixin.py:188} INFO - [2024-05-21T03:36:05.928+0000] {dagbag.py:540} INFO - Filling up the DagBag from /home/airflow/.local/lib/python3.9/site-packages/airflow/example_dags/example_xcom.py
[2024-05-21T03:36:05.961+0000] {processor.py:840} INFO - DAG(s) 'example_xcom' retrieved from /home/airflow/.local/lib/python3.9/site-packages/airflow/example_dags/example_xcom.py
[2024-05-21T03:36:05.985+0000] {logging_mixin.py:188} INFO - [2024-05-21T03:36:05.985+0000] {dag.py:3047} INFO - Sync 1 DAGs
[2024-05-21T03:36:06.020+0000] {logging_mixin.py:188} INFO - [2024-05-21T03:36:06.020+0000] {dag.py:3834} INFO - Setting next_dagrun for example_xcom to 2021-01-01 00:00:00+00:00, run_after=2021-01-01 00:00:00+00:00
[2024-05-21T03:36:06.045+0000] {processor.py:183} INFO - Processing /home/airflow/.local/lib/python3.9/site-packages/airflow/example_dags/example_xcom.py took 0.125 seconds
[2024-05-21T03:36:37.847+0000] {processor.py:161} INFO - Started process (PID=174) to work on /home/airflow/.local/lib/python3.9/site-packages/airflow/example_dags/example_xcom.py
[2024-05-21T03:36:37.848+0000] {processor.py:830} INFO - Processing file /home/airflow/.local/lib/python3.9/site-packages/airflow/example_dags/example_xcom.py for tasks to queue
[2024-05-21T03:36:37.851+0000] {logging_mixin.py:188} INFO - [2024-05-21T03:36:37.850+0000] {dagbag.py:540} INFO - Filling up the DagBag from /home/airflow/.local/lib/python3.9/site-packages/airflow/example_dags/example_xcom.py
[2024-05-21T03:36:37.866+0000] {processor.py:840} INFO - DAG(s) 'example_xcom' retrieved from /home/airflow/.local/lib/python3.9/site-packages/airflow/example_dags/example_xcom.py
[2024-05-21T03:36:37.899+0000] {logging_mixin.py:188} INFO - [2024-05-21T03:36:37.898+0000] {dag.py:3047} INFO - Sync 1 DAGs
[2024-05-21T03:36:37.923+0000] {logging_mixin.py:188} INFO - [2024-05-21T03:36:37.923+0000] {dag.py:3834} INFO - Setting next_dagrun for example_xcom to 2021-01-01 00:00:00+00:00, run_after=2021-01-01 00:00:00+00:00
[2024-05-21T03:36:37.947+0000] {processor.py:183} INFO - Processing /home/airflow/.local/lib/python3.9/site-packages/airflow/example_dags/example_xcom.py took 0.103 seconds
[2024-05-21T03:37:34.439+0000] {processor.py:161} INFO - Started process (PID=238) to work on /home/airflow/.local/lib/python3.9/site-packages/airflow/example_dags/example_xcom.py
[2024-05-21T03:37:34.440+0000] {processor.py:830} INFO - Processing file /home/airflow/.local/lib/python3.9/site-packages/airflow/example_dags/example_xcom.py for tasks to queue
[2024-05-21T03:37:34.444+0000] {logging_mixin.py:188} INFO - [2024-05-21T03:37:34.443+0000] {dagbag.py:540} INFO - Filling up the DagBag from /home/airflow/.local/lib/python3.9/site-packages/airflow/example_dags/example_xcom.py
[2024-05-21T03:37:34.474+0000] {processor.py:840} INFO - DAG(s) 'example_xcom' retrieved from /home/airflow/.local/lib/python3.9/site-packages/airflow/example_dags/example_xcom.py
[2024-05-21T03:37:34.566+0000] {logging_mixin.py:188} INFO - [2024-05-21T03:37:34.565+0000] {dag.py:3047} INFO - Sync 1 DAGs
[2024-05-21T03:37:34.654+0000] {logging_mixin.py:188} INFO - [2024-05-21T03:37:34.653+0000] {dag.py:3834} INFO - Setting next_dagrun for example_xcom to 2021-01-01 00:00:00+00:00, run_after=2021-01-01 00:00:00+00:00
[2024-05-21T03:37:34.719+0000] {processor.py:183} INFO - Processing /home/airflow/.local/lib/python3.9/site-packages/airflow/example_dags/example_xcom.py took 0.287 seconds
[2024-05-21T03:38:15.099+0000] {processor.py:161} INFO - Started process (PID=295) to work on /home/airflow/.local/lib/python3.9/site-packages/airflow/example_dags/example_xcom.py
[2024-05-21T03:38:15.106+0000] {processor.py:830} INFO - Processing file /home/airflow/.local/lib/python3.9/site-packages/airflow/example_dags/example_xcom.py for tasks to queue
[2024-05-21T03:38:15.112+0000] {logging_mixin.py:188} INFO - [2024-05-21T03:38:15.111+0000] {dagbag.py:540} INFO - Filling up the DagBag from /home/airflow/.local/lib/python3.9/site-packages/airflow/example_dags/example_xcom.py
[2024-05-21T03:38:15.145+0000] {processor.py:840} INFO - DAG(s) 'example_xcom' retrieved from /home/airflow/.local/lib/python3.9/site-packages/airflow/example_dags/example_xcom.py
[2024-05-21T03:38:15.298+0000] {logging_mixin.py:188} INFO - [2024-05-21T03:38:15.297+0000] {dag.py:3047} INFO - Sync 1 DAGs
[2024-05-21T03:38:15.827+0000] {logging_mixin.py:188} INFO - [2024-05-21T03:38:15.826+0000] {dag.py:3834} INFO - Setting next_dagrun for example_xcom to 2021-01-01 00:00:00+00:00, run_after=2021-01-01 00:00:00+00:00
[2024-05-21T03:38:16.483+0000] {processor.py:183} INFO - Processing /home/airflow/.local/lib/python3.9/site-packages/airflow/example_dags/example_xcom.py took 1.395 seconds
[2024-05-21T03:38:47.179+0000] {processor.py:161} INFO - Started process (PID=360) to work on /home/airflow/.local/lib/python3.9/site-packages/airflow/example_dags/example_xcom.py
[2024-05-21T03:38:47.181+0000] {processor.py:830} INFO - Processing file /home/airflow/.local/lib/python3.9/site-packages/airflow/example_dags/example_xcom.py for tasks to queue
[2024-05-21T03:38:47.186+0000] {logging_mixin.py:188} INFO - [2024-05-21T03:38:47.185+0000] {dagbag.py:540} INFO - Filling up the DagBag from /home/airflow/.local/lib/python3.9/site-packages/airflow/example_dags/example_xcom.py
[2024-05-21T03:38:47.199+0000] {processor.py:840} INFO - DAG(s) 'example_xcom' retrieved from /home/airflow/.local/lib/python3.9/site-packages/airflow/example_dags/example_xcom.py
[2024-05-21T03:38:47.235+0000] {logging_mixin.py:188} INFO - [2024-05-21T03:38:47.234+0000] {dag.py:3047} INFO - Sync 1 DAGs
[2024-05-21T03:38:47.264+0000] {logging_mixin.py:188} INFO - [2024-05-21T03:38:47.263+0000] {dag.py:3834} INFO - Setting next_dagrun for example_xcom to 2021-01-01 00:00:00+00:00, run_after=2021-01-01 00:00:00+00:00
[2024-05-21T03:38:47.289+0000] {processor.py:183} INFO - Processing /home/airflow/.local/lib/python3.9/site-packages/airflow/example_dags/example_xcom.py took 0.115 seconds
[2024-05-21T03:39:23.108+0000] {processor.py:161} INFO - Started process (PID=417) to work on /home/airflow/.local/lib/python3.9/site-packages/airflow/example_dags/example_xcom.py
[2024-05-21T03:39:23.197+0000] {processor.py:830} INFO - Processing file /home/airflow/.local/lib/python3.9/site-packages/airflow/example_dags/example_xcom.py for tasks to queue
[2024-05-21T03:39:23.199+0000] {logging_mixin.py:188} INFO - [2024-05-21T03:39:23.198+0000] {dagbag.py:540} INFO - Filling up the DagBag from /home/airflow/.local/lib/python3.9/site-packages/airflow/example_dags/example_xcom.py
[2024-05-21T03:39:23.283+0000] {processor.py:840} INFO - DAG(s) 'example_xcom' retrieved from /home/airflow/.local/lib/python3.9/site-packages/airflow/example_dags/example_xcom.py
[2024-05-21T03:39:23.302+0000] {logging_mixin.py:188} INFO - [2024-05-21T03:39:23.302+0000] {dag.py:3047} INFO - Sync 1 DAGs
[2024-05-21T03:39:23.320+0000] {logging_mixin.py:188} INFO - [2024-05-21T03:39:23.319+0000] {dag.py:3834} INFO - Setting next_dagrun for example_xcom to 2021-01-01 00:00:00+00:00, run_after=2021-01-01 00:00:00+00:00
[2024-05-21T03:39:23.954+0000] {processor.py:183} INFO - Processing /home/airflow/.local/lib/python3.9/site-packages/airflow/example_dags/example_xcom.py took 0.850 seconds
[2024-05-21T05:48:13.879+0000] {processor.py:161} INFO - Started process (PID=54) to work on /home/airflow/.local/lib/python3.9/site-packages/airflow/example_dags/example_xcom.py
[2024-05-21T05:48:13.881+0000] {processor.py:830} INFO - Processing file /home/airflow/.local/lib/python3.9/site-packages/airflow/example_dags/example_xcom.py for tasks to queue
[2024-05-21T05:48:13.883+0000] {logging_mixin.py:188} INFO - [2024-05-21T05:48:13.883+0000] {dagbag.py:540} INFO - Filling up the DagBag from /home/airflow/.local/lib/python3.9/site-packages/airflow/example_dags/example_xcom.py
[2024-05-21T05:48:13.898+0000] {processor.py:840} INFO - DAG(s) 'example_xcom' retrieved from /home/airflow/.local/lib/python3.9/site-packages/airflow/example_dags/example_xcom.py
[2024-05-21T05:48:13.914+0000] {logging_mixin.py:188} INFO - [2024-05-21T05:48:13.914+0000] {dag.py:3047} INFO - Sync 1 DAGs
[2024-05-21T05:48:13.936+0000] {logging_mixin.py:188} INFO - [2024-05-21T05:48:13.936+0000] {dag.py:3834} INFO - Setting next_dagrun for example_xcom to 2021-01-01 00:00:00+00:00, run_after=2021-01-01 00:00:00+00:00
[2024-05-21T05:48:13.953+0000] {processor.py:183} INFO - Processing /home/airflow/.local/lib/python3.9/site-packages/airflow/example_dags/example_xcom.py took 0.079 seconds
[2024-05-21T05:48:44.568+0000] {processor.py:161} INFO - Started process (PID=111) to work on /home/airflow/.local/lib/python3.9/site-packages/airflow/example_dags/example_xcom.py
[2024-05-21T05:48:44.569+0000] {processor.py:830} INFO - Processing file /home/airflow/.local/lib/python3.9/site-packages/airflow/example_dags/example_xcom.py for tasks to queue
[2024-05-21T05:48:44.571+0000] {logging_mixin.py:188} INFO - [2024-05-21T05:48:44.570+0000] {dagbag.py:540} INFO - Filling up the DagBag from /home/airflow/.local/lib/python3.9/site-packages/airflow/example_dags/example_xcom.py
[2024-05-21T05:48:44.576+0000] {processor.py:840} INFO - DAG(s) 'example_xcom' retrieved from /home/airflow/.local/lib/python3.9/site-packages/airflow/example_dags/example_xcom.py
[2024-05-21T05:48:44.648+0000] {logging_mixin.py:188} INFO - [2024-05-21T05:48:44.648+0000] {dag.py:3047} INFO - Sync 1 DAGs
[2024-05-21T05:48:44.664+0000] {logging_mixin.py:188} INFO - [2024-05-21T05:48:44.664+0000] {dag.py:3834} INFO - Setting next_dagrun for example_xcom to 2021-01-01 00:00:00+00:00, run_after=2021-01-01 00:00:00+00:00
[2024-05-21T05:48:44.678+0000] {processor.py:183} INFO - Processing /home/airflow/.local/lib/python3.9/site-packages/airflow/example_dags/example_xcom.py took 0.113 seconds
[2024-05-21T05:49:15.180+0000] {processor.py:161} INFO - Started process (PID=168) to work on /home/airflow/.local/lib/python3.9/site-packages/airflow/example_dags/example_xcom.py
[2024-05-21T05:49:15.181+0000] {processor.py:830} INFO - Processing file /home/airflow/.local/lib/python3.9/site-packages/airflow/example_dags/example_xcom.py for tasks to queue
[2024-05-21T05:49:15.183+0000] {logging_mixin.py:188} INFO - [2024-05-21T05:49:15.183+0000] {dagbag.py:540} INFO - Filling up the DagBag from /home/airflow/.local/lib/python3.9/site-packages/airflow/example_dags/example_xcom.py
[2024-05-21T05:49:15.190+0000] {processor.py:840} INFO - DAG(s) 'example_xcom' retrieved from /home/airflow/.local/lib/python3.9/site-packages/airflow/example_dags/example_xcom.py
[2024-05-21T05:49:15.207+0000] {logging_mixin.py:188} INFO - [2024-05-21T05:49:15.207+0000] {dag.py:3047} INFO - Sync 1 DAGs
[2024-05-21T05:49:15.223+0000] {logging_mixin.py:188} INFO - [2024-05-21T05:49:15.222+0000] {dag.py:3834} INFO - Setting next_dagrun for example_xcom to 2021-01-01 00:00:00+00:00, run_after=2021-01-01 00:00:00+00:00
[2024-05-21T05:49:15.241+0000] {processor.py:183} INFO - Processing /home/airflow/.local/lib/python3.9/site-packages/airflow/example_dags/example_xcom.py took 0.064 seconds
[2024-05-21T05:49:45.704+0000] {processor.py:161} INFO - Started process (PID=229) to work on /home/airflow/.local/lib/python3.9/site-packages/airflow/example_dags/example_xcom.py
[2024-05-21T05:49:45.705+0000] {processor.py:830} INFO - Processing file /home/airflow/.local/lib/python3.9/site-packages/airflow/example_dags/example_xcom.py for tasks to queue
[2024-05-21T05:49:45.707+0000] {logging_mixin.py:188} INFO - [2024-05-21T05:49:45.707+0000] {dagbag.py:540} INFO - Filling up the DagBag from /home/airflow/.local/lib/python3.9/site-packages/airflow/example_dags/example_xcom.py
[2024-05-21T05:49:45.714+0000] {processor.py:840} INFO - DAG(s) 'example_xcom' retrieved from /home/airflow/.local/lib/python3.9/site-packages/airflow/example_dags/example_xcom.py
[2024-05-21T05:49:45.732+0000] {logging_mixin.py:188} INFO - [2024-05-21T05:49:45.732+0000] {dag.py:3047} INFO - Sync 1 DAGs
[2024-05-21T05:49:45.750+0000] {logging_mixin.py:188} INFO - [2024-05-21T05:49:45.749+0000] {dag.py:3834} INFO - Setting next_dagrun for example_xcom to 2021-01-01 00:00:00+00:00, run_after=2021-01-01 00:00:00+00:00
[2024-05-21T05:49:45.766+0000] {processor.py:183} INFO - Processing /home/airflow/.local/lib/python3.9/site-packages/airflow/example_dags/example_xcom.py took 0.065 seconds
[2024-05-21T05:50:16.674+0000] {processor.py:161} INFO - Started process (PID=286) to work on /home/airflow/.local/lib/python3.9/site-packages/airflow/example_dags/example_xcom.py
[2024-05-21T05:50:16.676+0000] {processor.py:830} INFO - Processing file /home/airflow/.local/lib/python3.9/site-packages/airflow/example_dags/example_xcom.py for tasks to queue
[2024-05-21T05:50:16.680+0000] {logging_mixin.py:188} INFO - [2024-05-21T05:50:16.680+0000] {dagbag.py:540} INFO - Filling up the DagBag from /home/airflow/.local/lib/python3.9/site-packages/airflow/example_dags/example_xcom.py
[2024-05-21T05:50:16.688+0000] {processor.py:840} INFO - DAG(s) 'example_xcom' retrieved from /home/airflow/.local/lib/python3.9/site-packages/airflow/example_dags/example_xcom.py
[2024-05-21T05:50:16.707+0000] {logging_mixin.py:188} INFO - [2024-05-21T05:50:16.706+0000] {dag.py:3047} INFO - Sync 1 DAGs
[2024-05-21T05:50:16.730+0000] {logging_mixin.py:188} INFO - [2024-05-21T05:50:16.729+0000] {dag.py:3834} INFO - Setting next_dagrun for example_xcom to 2021-01-01 00:00:00+00:00, run_after=2021-01-01 00:00:00+00:00
[2024-05-21T05:50:16.749+0000] {processor.py:183} INFO - Processing /home/airflow/.local/lib/python3.9/site-packages/airflow/example_dags/example_xcom.py took 0.078 seconds
[2024-05-21T05:50:47.344+0000] {processor.py:161} INFO - Started process (PID=347) to work on /home/airflow/.local/lib/python3.9/site-packages/airflow/example_dags/example_xcom.py
[2024-05-21T05:50:47.345+0000] {processor.py:830} INFO - Processing file /home/airflow/.local/lib/python3.9/site-packages/airflow/example_dags/example_xcom.py for tasks to queue
[2024-05-21T05:50:47.347+0000] {logging_mixin.py:188} INFO - [2024-05-21T05:50:47.347+0000] {dagbag.py:540} INFO - Filling up the DagBag from /home/airflow/.local/lib/python3.9/site-packages/airflow/example_dags/example_xcom.py
[2024-05-21T05:50:47.353+0000] {processor.py:840} INFO - DAG(s) 'example_xcom' retrieved from /home/airflow/.local/lib/python3.9/site-packages/airflow/example_dags/example_xcom.py
[2024-05-21T05:50:47.372+0000] {logging_mixin.py:188} INFO - [2024-05-21T05:50:47.372+0000] {dag.py:3047} INFO - Sync 1 DAGs
[2024-05-21T05:50:47.392+0000] {logging_mixin.py:188} INFO - [2024-05-21T05:50:47.391+0000] {dag.py:3834} INFO - Setting next_dagrun for example_xcom to 2021-01-01 00:00:00+00:00, run_after=2021-01-01 00:00:00+00:00
[2024-05-21T05:50:47.408+0000] {processor.py:183} INFO - Processing /home/airflow/.local/lib/python3.9/site-packages/airflow/example_dags/example_xcom.py took 0.066 seconds
[2024-05-21T05:51:17.950+0000] {processor.py:161} INFO - Started process (PID=404) to work on /home/airflow/.local/lib/python3.9/site-packages/airflow/example_dags/example_xcom.py
[2024-05-21T05:51:17.966+0000] {processor.py:830} INFO - Processing file /home/airflow/.local/lib/python3.9/site-packages/airflow/example_dags/example_xcom.py for tasks to queue
[2024-05-21T05:51:17.968+0000] {logging_mixin.py:188} INFO - [2024-05-21T05:51:17.968+0000] {dagbag.py:540} INFO - Filling up the DagBag from /home/airflow/.local/lib/python3.9/site-packages/airflow/example_dags/example_xcom.py
[2024-05-21T05:51:17.975+0000] {processor.py:840} INFO - DAG(s) 'example_xcom' retrieved from /home/airflow/.local/lib/python3.9/site-packages/airflow/example_dags/example_xcom.py
[2024-05-21T05:51:17.991+0000] {logging_mixin.py:188} INFO - [2024-05-21T05:51:17.991+0000] {dag.py:3047} INFO - Sync 1 DAGs
[2024-05-21T05:51:18.009+0000] {logging_mixin.py:188} INFO - [2024-05-21T05:51:18.008+0000] {dag.py:3834} INFO - Setting next_dagrun for example_xcom to 2021-01-01 00:00:00+00:00, run_after=2021-01-01 00:00:00+00:00
[2024-05-21T05:51:18.023+0000] {processor.py:183} INFO - Processing /home/airflow/.local/lib/python3.9/site-packages/airflow/example_dags/example_xcom.py took 0.076 seconds
[2024-05-21T05:51:48.691+0000] {processor.py:161} INFO - Started process (PID=461) to work on /home/airflow/.local/lib/python3.9/site-packages/airflow/example_dags/example_xcom.py
[2024-05-21T05:51:48.693+0000] {processor.py:830} INFO - Processing file /home/airflow/.local/lib/python3.9/site-packages/airflow/example_dags/example_xcom.py for tasks to queue
[2024-05-21T05:51:48.694+0000] {logging_mixin.py:188} INFO - [2024-05-21T05:51:48.694+0000] {dagbag.py:540} INFO - Filling up the DagBag from /home/airflow/.local/lib/python3.9/site-packages/airflow/example_dags/example_xcom.py
[2024-05-21T05:51:48.700+0000] {processor.py:840} INFO - DAG(s) 'example_xcom' retrieved from /home/airflow/.local/lib/python3.9/site-packages/airflow/example_dags/example_xcom.py
[2024-05-21T05:51:48.716+0000] {logging_mixin.py:188} INFO - [2024-05-21T05:51:48.716+0000] {dag.py:3047} INFO - Sync 1 DAGs
[2024-05-21T05:51:48.731+0000] {logging_mixin.py:188} INFO - [2024-05-21T05:51:48.731+0000] {dag.py:3834} INFO - Setting next_dagrun for example_xcom to 2021-01-01 00:00:00+00:00, run_after=2021-01-01 00:00:00+00:00
[2024-05-21T05:51:48.748+0000] {processor.py:183} INFO - Processing /home/airflow/.local/lib/python3.9/site-packages/airflow/example_dags/example_xcom.py took 0.059 seconds
