[2024-05-21T03:35:25.285+0000] {processor.py:161} INFO - Started process (PID=49) to work on /home/airflow/.local/lib/python3.9/site-packages/airflow/example_dags/example_task_group_decorator.py
[2024-05-21T03:35:25.287+0000] {processor.py:830} INFO - Processing file /home/airflow/.local/lib/python3.9/site-packages/airflow/example_dags/example_task_group_decorator.py for tasks to queue
[2024-05-21T03:35:25.289+0000] {logging_mixin.py:188} INFO - [2024-05-21T03:35:25.289+0000] {dagbag.py:540} INFO - Filling up the DagBag from /home/airflow/.local/lib/python3.9/site-packages/airflow/example_dags/example_task_group_decorator.py
[2024-05-21T03:35:25.316+0000] {processor.py:840} INFO - DAG(s) 'example_task_group_decorator' retrieved from /home/airflow/.local/lib/python3.9/site-packages/airflow/example_dags/example_task_group_decorator.py
[2024-05-21T03:35:25.450+0000] {logging_mixin.py:188} INFO - [2024-05-21T03:35:25.450+0000] {dag.py:3047} INFO - Sync 1 DAGs
[2024-05-21T03:35:25.476+0000] {logging_mixin.py:188} INFO - [2024-05-21T03:35:25.476+0000] {dag.py:3834} INFO - Setting next_dagrun for example_task_group_decorator to 2024-05-20 00:00:00+00:00, run_after=2024-05-21 00:00:00+00:00
[2024-05-21T03:35:25.505+0000] {processor.py:183} INFO - Processing /home/airflow/.local/lib/python3.9/site-packages/airflow/example_dags/example_task_group_decorator.py took 0.224 seconds
[2024-05-21T03:36:05.437+0000] {processor.py:161} INFO - Started process (PID=106) to work on /home/airflow/.local/lib/python3.9/site-packages/airflow/example_dags/example_task_group_decorator.py
[2024-05-21T03:36:05.438+0000] {processor.py:830} INFO - Processing file /home/airflow/.local/lib/python3.9/site-packages/airflow/example_dags/example_task_group_decorator.py for tasks to queue
[2024-05-21T03:36:05.440+0000] {logging_mixin.py:188} INFO - [2024-05-21T03:36:05.440+0000] {dagbag.py:540} INFO - Filling up the DagBag from /home/airflow/.local/lib/python3.9/site-packages/airflow/example_dags/example_task_group_decorator.py
[2024-05-21T03:36:05.487+0000] {processor.py:840} INFO - DAG(s) 'example_task_group_decorator' retrieved from /home/airflow/.local/lib/python3.9/site-packages/airflow/example_dags/example_task_group_decorator.py
[2024-05-21T03:36:05.515+0000] {logging_mixin.py:188} INFO - [2024-05-21T03:36:05.515+0000] {dag.py:3047} INFO - Sync 1 DAGs
[2024-05-21T03:36:05.539+0000] {logging_mixin.py:188} INFO - [2024-05-21T03:36:05.538+0000] {dag.py:3834} INFO - Setting next_dagrun for example_task_group_decorator to 2024-05-20 00:00:00+00:00, run_after=2024-05-21 00:00:00+00:00
[2024-05-21T03:36:05.579+0000] {processor.py:183} INFO - Processing /home/airflow/.local/lib/python3.9/site-packages/airflow/example_dags/example_task_group_decorator.py took 0.148 seconds
[2024-05-21T03:36:36.769+0000] {processor.py:161} INFO - Started process (PID=163) to work on /home/airflow/.local/lib/python3.9/site-packages/airflow/example_dags/example_task_group_decorator.py
[2024-05-21T03:36:36.771+0000] {processor.py:830} INFO - Processing file /home/airflow/.local/lib/python3.9/site-packages/airflow/example_dags/example_task_group_decorator.py for tasks to queue
[2024-05-21T03:36:36.778+0000] {logging_mixin.py:188} INFO - [2024-05-21T03:36:36.778+0000] {dagbag.py:540} INFO - Filling up the DagBag from /home/airflow/.local/lib/python3.9/site-packages/airflow/example_dags/example_task_group_decorator.py
[2024-05-21T03:36:37.031+0000] {processor.py:840} INFO - DAG(s) 'example_task_group_decorator' retrieved from /home/airflow/.local/lib/python3.9/site-packages/airflow/example_dags/example_task_group_decorator.py
[2024-05-21T03:36:37.115+0000] {logging_mixin.py:188} INFO - [2024-05-21T03:36:37.115+0000] {dag.py:3047} INFO - Sync 1 DAGs
[2024-05-21T03:36:37.161+0000] {logging_mixin.py:188} INFO - [2024-05-21T03:36:37.161+0000] {dag.py:3834} INFO - Setting next_dagrun for example_task_group_decorator to 2024-05-20 00:00:00+00:00, run_after=2024-05-21 00:00:00+00:00
[2024-05-21T03:36:37.232+0000] {processor.py:183} INFO - Processing /home/airflow/.local/lib/python3.9/site-packages/airflow/example_dags/example_task_group_decorator.py took 0.469 seconds
[2024-05-21T03:37:33.965+0000] {processor.py:161} INFO - Started process (PID=233) to work on /home/airflow/.local/lib/python3.9/site-packages/airflow/example_dags/example_task_group_decorator.py
[2024-05-21T03:37:33.967+0000] {processor.py:830} INFO - Processing file /home/airflow/.local/lib/python3.9/site-packages/airflow/example_dags/example_task_group_decorator.py for tasks to queue
[2024-05-21T03:37:33.969+0000] {logging_mixin.py:188} INFO - [2024-05-21T03:37:33.969+0000] {dagbag.py:540} INFO - Filling up the DagBag from /home/airflow/.local/lib/python3.9/site-packages/airflow/example_dags/example_task_group_decorator.py
[2024-05-21T03:37:33.986+0000] {processor.py:840} INFO - DAG(s) 'example_task_group_decorator' retrieved from /home/airflow/.local/lib/python3.9/site-packages/airflow/example_dags/example_task_group_decorator.py
[2024-05-21T03:37:34.019+0000] {logging_mixin.py:188} INFO - [2024-05-21T03:37:34.019+0000] {dag.py:3047} INFO - Sync 1 DAGs
[2024-05-21T03:37:34.049+0000] {logging_mixin.py:188} INFO - [2024-05-21T03:37:34.049+0000] {dag.py:3834} INFO - Setting next_dagrun for example_task_group_decorator to 2024-05-20 00:00:00+00:00, run_after=2024-05-21 00:00:00+00:00
[2024-05-21T03:37:34.077+0000] {processor.py:183} INFO - Processing /home/airflow/.local/lib/python3.9/site-packages/airflow/example_dags/example_task_group_decorator.py took 0.116 seconds
[2024-05-21T03:38:11.257+0000] {processor.py:161} INFO - Started process (PID=290) to work on /home/airflow/.local/lib/python3.9/site-packages/airflow/example_dags/example_task_group_decorator.py
[2024-05-21T03:38:11.286+0000] {processor.py:830} INFO - Processing file /home/airflow/.local/lib/python3.9/site-packages/airflow/example_dags/example_task_group_decorator.py for tasks to queue
[2024-05-21T03:38:11.295+0000] {logging_mixin.py:188} INFO - [2024-05-21T03:38:11.295+0000] {dagbag.py:540} INFO - Filling up the DagBag from /home/airflow/.local/lib/python3.9/site-packages/airflow/example_dags/example_task_group_decorator.py
[2024-05-21T03:38:11.399+0000] {processor.py:840} INFO - DAG(s) 'example_task_group_decorator' retrieved from /home/airflow/.local/lib/python3.9/site-packages/airflow/example_dags/example_task_group_decorator.py
[2024-05-21T03:38:11.750+0000] {logging_mixin.py:188} INFO - [2024-05-21T03:38:11.749+0000] {dag.py:3047} INFO - Sync 1 DAGs
[2024-05-21T03:38:11.841+0000] {logging_mixin.py:188} INFO - [2024-05-21T03:38:11.839+0000] {dag.py:3834} INFO - Setting next_dagrun for example_task_group_decorator to 2024-05-20 00:00:00+00:00, run_after=2024-05-21 00:00:00+00:00
[2024-05-21T03:38:12.240+0000] {processor.py:183} INFO - Processing /home/airflow/.local/lib/python3.9/site-packages/airflow/example_dags/example_task_group_decorator.py took 1.033 seconds
[2024-05-21T03:38:43.162+0000] {processor.py:161} INFO - Started process (PID=345) to work on /home/airflow/.local/lib/python3.9/site-packages/airflow/example_dags/example_task_group_decorator.py
[2024-05-21T03:38:43.179+0000] {processor.py:830} INFO - Processing file /home/airflow/.local/lib/python3.9/site-packages/airflow/example_dags/example_task_group_decorator.py for tasks to queue
[2024-05-21T03:38:43.201+0000] {logging_mixin.py:188} INFO - [2024-05-21T03:38:43.200+0000] {dagbag.py:540} INFO - Filling up the DagBag from /home/airflow/.local/lib/python3.9/site-packages/airflow/example_dags/example_task_group_decorator.py
[2024-05-21T03:38:43.277+0000] {processor.py:840} INFO - DAG(s) 'example_task_group_decorator' retrieved from /home/airflow/.local/lib/python3.9/site-packages/airflow/example_dags/example_task_group_decorator.py
[2024-05-21T03:38:43.398+0000] {logging_mixin.py:188} INFO - [2024-05-21T03:38:43.398+0000] {dag.py:3047} INFO - Sync 1 DAGs
[2024-05-21T03:38:43.528+0000] {logging_mixin.py:188} INFO - [2024-05-21T03:38:43.528+0000] {dag.py:3834} INFO - Setting next_dagrun for example_task_group_decorator to 2024-05-20 00:00:00+00:00, run_after=2024-05-21 00:00:00+00:00
[2024-05-21T03:38:43.628+0000] {processor.py:183} INFO - Processing /home/airflow/.local/lib/python3.9/site-packages/airflow/example_dags/example_task_group_decorator.py took 0.518 seconds
[2024-05-21T03:39:15.092+0000] {processor.py:161} INFO - Started process (PID=410) to work on /home/airflow/.local/lib/python3.9/site-packages/airflow/example_dags/example_task_group_decorator.py
[2024-05-21T03:39:15.250+0000] {processor.py:830} INFO - Processing file /home/airflow/.local/lib/python3.9/site-packages/airflow/example_dags/example_task_group_decorator.py for tasks to queue
[2024-05-21T03:39:15.253+0000] {logging_mixin.py:188} INFO - [2024-05-21T03:39:15.252+0000] {dagbag.py:540} INFO - Filling up the DagBag from /home/airflow/.local/lib/python3.9/site-packages/airflow/example_dags/example_task_group_decorator.py
[2024-05-21T03:39:15.264+0000] {processor.py:840} INFO - DAG(s) 'example_task_group_decorator' retrieved from /home/airflow/.local/lib/python3.9/site-packages/airflow/example_dags/example_task_group_decorator.py
[2024-05-21T03:39:15.285+0000] {logging_mixin.py:188} INFO - [2024-05-21T03:39:15.285+0000] {dag.py:3047} INFO - Sync 1 DAGs
[2024-05-21T03:39:15.303+0000] {logging_mixin.py:188} INFO - [2024-05-21T03:39:15.303+0000] {dag.py:3834} INFO - Setting next_dagrun for example_task_group_decorator to 2024-05-20 00:00:00+00:00, run_after=2024-05-21 00:00:00+00:00
[2024-05-21T03:39:18.251+0000] {processor.py:183} INFO - Processing /home/airflow/.local/lib/python3.9/site-packages/airflow/example_dags/example_task_group_decorator.py took 3.163 seconds
[2024-05-21T05:48:13.626+0000] {processor.py:161} INFO - Started process (PID=49) to work on /home/airflow/.local/lib/python3.9/site-packages/airflow/example_dags/example_task_group_decorator.py
[2024-05-21T05:48:13.627+0000] {processor.py:830} INFO - Processing file /home/airflow/.local/lib/python3.9/site-packages/airflow/example_dags/example_task_group_decorator.py for tasks to queue
[2024-05-21T05:48:13.630+0000] {logging_mixin.py:188} INFO - [2024-05-21T05:48:13.630+0000] {dagbag.py:540} INFO - Filling up the DagBag from /home/airflow/.local/lib/python3.9/site-packages/airflow/example_dags/example_task_group_decorator.py
[2024-05-21T05:48:13.651+0000] {processor.py:840} INFO - DAG(s) 'example_task_group_decorator' retrieved from /home/airflow/.local/lib/python3.9/site-packages/airflow/example_dags/example_task_group_decorator.py
[2024-05-21T05:48:13.667+0000] {logging_mixin.py:188} INFO - [2024-05-21T05:48:13.667+0000] {dag.py:3047} INFO - Sync 1 DAGs
[2024-05-21T05:48:13.689+0000] {logging_mixin.py:188} INFO - [2024-05-21T05:48:13.689+0000] {dag.py:3834} INFO - Setting next_dagrun for example_task_group_decorator to 2024-05-20 00:00:00+00:00, run_after=2024-05-21 00:00:00+00:00
[2024-05-21T05:48:13.708+0000] {processor.py:183} INFO - Processing /home/airflow/.local/lib/python3.9/site-packages/airflow/example_dags/example_task_group_decorator.py took 0.085 seconds
[2024-05-21T05:48:44.239+0000] {processor.py:161} INFO - Started process (PID=106) to work on /home/airflow/.local/lib/python3.9/site-packages/airflow/example_dags/example_task_group_decorator.py
[2024-05-21T05:48:44.240+0000] {processor.py:830} INFO - Processing file /home/airflow/.local/lib/python3.9/site-packages/airflow/example_dags/example_task_group_decorator.py for tasks to queue
[2024-05-21T05:48:44.242+0000] {logging_mixin.py:188} INFO - [2024-05-21T05:48:44.242+0000] {dagbag.py:540} INFO - Filling up the DagBag from /home/airflow/.local/lib/python3.9/site-packages/airflow/example_dags/example_task_group_decorator.py
[2024-05-21T05:48:44.252+0000] {processor.py:840} INFO - DAG(s) 'example_task_group_decorator' retrieved from /home/airflow/.local/lib/python3.9/site-packages/airflow/example_dags/example_task_group_decorator.py
[2024-05-21T05:48:44.330+0000] {logging_mixin.py:188} INFO - [2024-05-21T05:48:44.330+0000] {dag.py:3047} INFO - Sync 1 DAGs
[2024-05-21T05:48:44.347+0000] {logging_mixin.py:188} INFO - [2024-05-21T05:48:44.347+0000] {dag.py:3834} INFO - Setting next_dagrun for example_task_group_decorator to 2024-05-20 00:00:00+00:00, run_after=2024-05-21 00:00:00+00:00
[2024-05-21T05:48:44.362+0000] {processor.py:183} INFO - Processing /home/airflow/.local/lib/python3.9/site-packages/airflow/example_dags/example_task_group_decorator.py took 0.125 seconds
[2024-05-21T05:49:14.797+0000] {processor.py:161} INFO - Started process (PID=163) to work on /home/airflow/.local/lib/python3.9/site-packages/airflow/example_dags/example_task_group_decorator.py
[2024-05-21T05:49:14.798+0000] {processor.py:830} INFO - Processing file /home/airflow/.local/lib/python3.9/site-packages/airflow/example_dags/example_task_group_decorator.py for tasks to queue
[2024-05-21T05:49:14.800+0000] {logging_mixin.py:188} INFO - [2024-05-21T05:49:14.799+0000] {dagbag.py:540} INFO - Filling up the DagBag from /home/airflow/.local/lib/python3.9/site-packages/airflow/example_dags/example_task_group_decorator.py
[2024-05-21T05:49:14.810+0000] {processor.py:840} INFO - DAG(s) 'example_task_group_decorator' retrieved from /home/airflow/.local/lib/python3.9/site-packages/airflow/example_dags/example_task_group_decorator.py
[2024-05-21T05:49:14.828+0000] {logging_mixin.py:188} INFO - [2024-05-21T05:49:14.828+0000] {dag.py:3047} INFO - Sync 1 DAGs
[2024-05-21T05:49:14.844+0000] {logging_mixin.py:188} INFO - [2024-05-21T05:49:14.843+0000] {dag.py:3834} INFO - Setting next_dagrun for example_task_group_decorator to 2024-05-20 00:00:00+00:00, run_after=2024-05-21 00:00:00+00:00
[2024-05-21T05:49:14.857+0000] {processor.py:183} INFO - Processing /home/airflow/.local/lib/python3.9/site-packages/airflow/example_dags/example_task_group_decorator.py took 0.062 seconds
[2024-05-21T05:49:45.496+0000] {processor.py:161} INFO - Started process (PID=224) to work on /home/airflow/.local/lib/python3.9/site-packages/airflow/example_dags/example_task_group_decorator.py
[2024-05-21T05:49:45.499+0000] {processor.py:830} INFO - Processing file /home/airflow/.local/lib/python3.9/site-packages/airflow/example_dags/example_task_group_decorator.py for tasks to queue
[2024-05-21T05:49:45.501+0000] {logging_mixin.py:188} INFO - [2024-05-21T05:49:45.500+0000] {dagbag.py:540} INFO - Filling up the DagBag from /home/airflow/.local/lib/python3.9/site-packages/airflow/example_dags/example_task_group_decorator.py
[2024-05-21T05:49:45.513+0000] {processor.py:840} INFO - DAG(s) 'example_task_group_decorator' retrieved from /home/airflow/.local/lib/python3.9/site-packages/airflow/example_dags/example_task_group_decorator.py
[2024-05-21T05:49:45.535+0000] {logging_mixin.py:188} INFO - [2024-05-21T05:49:45.535+0000] {dag.py:3047} INFO - Sync 1 DAGs
[2024-05-21T05:49:45.554+0000] {logging_mixin.py:188} INFO - [2024-05-21T05:49:45.554+0000] {dag.py:3834} INFO - Setting next_dagrun for example_task_group_decorator to 2024-05-20 00:00:00+00:00, run_after=2024-05-21 00:00:00+00:00
[2024-05-21T05:49:45.571+0000] {processor.py:183} INFO - Processing /home/airflow/.local/lib/python3.9/site-packages/airflow/example_dags/example_task_group_decorator.py took 0.077 seconds
[2024-05-21T05:50:16.405+0000] {processor.py:161} INFO - Started process (PID=281) to work on /home/airflow/.local/lib/python3.9/site-packages/airflow/example_dags/example_task_group_decorator.py
[2024-05-21T05:50:16.407+0000] {processor.py:830} INFO - Processing file /home/airflow/.local/lib/python3.9/site-packages/airflow/example_dags/example_task_group_decorator.py for tasks to queue
[2024-05-21T05:50:16.408+0000] {logging_mixin.py:188} INFO - [2024-05-21T05:50:16.408+0000] {dagbag.py:540} INFO - Filling up the DagBag from /home/airflow/.local/lib/python3.9/site-packages/airflow/example_dags/example_task_group_decorator.py
[2024-05-21T05:50:16.419+0000] {processor.py:840} INFO - DAG(s) 'example_task_group_decorator' retrieved from /home/airflow/.local/lib/python3.9/site-packages/airflow/example_dags/example_task_group_decorator.py
[2024-05-21T05:50:16.440+0000] {logging_mixin.py:188} INFO - [2024-05-21T05:50:16.440+0000] {dag.py:3047} INFO - Sync 1 DAGs
[2024-05-21T05:50:16.458+0000] {logging_mixin.py:188} INFO - [2024-05-21T05:50:16.458+0000] {dag.py:3834} INFO - Setting next_dagrun for example_task_group_decorator to 2024-05-20 00:00:00+00:00, run_after=2024-05-21 00:00:00+00:00
[2024-05-21T05:50:16.477+0000] {processor.py:183} INFO - Processing /home/airflow/.local/lib/python3.9/site-packages/airflow/example_dags/example_task_group_decorator.py took 0.074 seconds
[2024-05-21T05:50:47.122+0000] {processor.py:161} INFO - Started process (PID=342) to work on /home/airflow/.local/lib/python3.9/site-packages/airflow/example_dags/example_task_group_decorator.py
[2024-05-21T05:50:47.123+0000] {processor.py:830} INFO - Processing file /home/airflow/.local/lib/python3.9/site-packages/airflow/example_dags/example_task_group_decorator.py for tasks to queue
[2024-05-21T05:50:47.125+0000] {logging_mixin.py:188} INFO - [2024-05-21T05:50:47.125+0000] {dagbag.py:540} INFO - Filling up the DagBag from /home/airflow/.local/lib/python3.9/site-packages/airflow/example_dags/example_task_group_decorator.py
[2024-05-21T05:50:47.135+0000] {processor.py:840} INFO - DAG(s) 'example_task_group_decorator' retrieved from /home/airflow/.local/lib/python3.9/site-packages/airflow/example_dags/example_task_group_decorator.py
[2024-05-21T05:50:47.155+0000] {logging_mixin.py:188} INFO - [2024-05-21T05:50:47.155+0000] {dag.py:3047} INFO - Sync 1 DAGs
[2024-05-21T05:50:47.172+0000] {logging_mixin.py:188} INFO - [2024-05-21T05:50:47.171+0000] {dag.py:3834} INFO - Setting next_dagrun for example_task_group_decorator to 2024-05-20 00:00:00+00:00, run_after=2024-05-21 00:00:00+00:00
[2024-05-21T05:50:47.187+0000] {processor.py:183} INFO - Processing /home/airflow/.local/lib/python3.9/site-packages/airflow/example_dags/example_task_group_decorator.py took 0.067 seconds
[2024-05-21T05:51:17.704+0000] {processor.py:161} INFO - Started process (PID=399) to work on /home/airflow/.local/lib/python3.9/site-packages/airflow/example_dags/example_task_group_decorator.py
[2024-05-21T05:51:17.706+0000] {processor.py:830} INFO - Processing file /home/airflow/.local/lib/python3.9/site-packages/airflow/example_dags/example_task_group_decorator.py for tasks to queue
[2024-05-21T05:51:17.707+0000] {logging_mixin.py:188} INFO - [2024-05-21T05:51:17.707+0000] {dagbag.py:540} INFO - Filling up the DagBag from /home/airflow/.local/lib/python3.9/site-packages/airflow/example_dags/example_task_group_decorator.py
[2024-05-21T05:51:17.717+0000] {processor.py:840} INFO - DAG(s) 'example_task_group_decorator' retrieved from /home/airflow/.local/lib/python3.9/site-packages/airflow/example_dags/example_task_group_decorator.py
[2024-05-21T05:51:17.736+0000] {logging_mixin.py:188} INFO - [2024-05-21T05:51:17.736+0000] {dag.py:3047} INFO - Sync 1 DAGs
[2024-05-21T05:51:17.752+0000] {logging_mixin.py:188} INFO - [2024-05-21T05:51:17.752+0000] {dag.py:3834} INFO - Setting next_dagrun for example_task_group_decorator to 2024-05-20 00:00:00+00:00, run_after=2024-05-21 00:00:00+00:00
[2024-05-21T05:51:17.769+0000] {processor.py:183} INFO - Processing /home/airflow/.local/lib/python3.9/site-packages/airflow/example_dags/example_task_group_decorator.py took 0.067 seconds
[2024-05-21T05:51:48.395+0000] {processor.py:161} INFO - Started process (PID=456) to work on /home/airflow/.local/lib/python3.9/site-packages/airflow/example_dags/example_task_group_decorator.py
[2024-05-21T05:51:48.396+0000] {processor.py:830} INFO - Processing file /home/airflow/.local/lib/python3.9/site-packages/airflow/example_dags/example_task_group_decorator.py for tasks to queue
[2024-05-21T05:51:48.398+0000] {logging_mixin.py:188} INFO - [2024-05-21T05:51:48.397+0000] {dagbag.py:540} INFO - Filling up the DagBag from /home/airflow/.local/lib/python3.9/site-packages/airflow/example_dags/example_task_group_decorator.py
[2024-05-21T05:51:48.410+0000] {processor.py:840} INFO - DAG(s) 'example_task_group_decorator' retrieved from /home/airflow/.local/lib/python3.9/site-packages/airflow/example_dags/example_task_group_decorator.py
[2024-05-21T05:51:48.430+0000] {logging_mixin.py:188} INFO - [2024-05-21T05:51:48.430+0000] {dag.py:3047} INFO - Sync 1 DAGs
[2024-05-21T05:51:48.448+0000] {logging_mixin.py:188} INFO - [2024-05-21T05:51:48.448+0000] {dag.py:3834} INFO - Setting next_dagrun for example_task_group_decorator to 2024-05-20 00:00:00+00:00, run_after=2024-05-21 00:00:00+00:00
[2024-05-21T05:51:48.464+0000] {processor.py:183} INFO - Processing /home/airflow/.local/lib/python3.9/site-packages/airflow/example_dags/example_task_group_decorator.py took 0.072 seconds
