[2024-05-21T03:35:29.583+0000] {processor.py:161} INFO - Started process (PID=81) to work on /home/airflow/.local/lib/python3.9/site-packages/airflow/example_dags/example_bash_operator.py
[2024-05-21T03:35:29.584+0000] {processor.py:830} INFO - Processing file /home/airflow/.local/lib/python3.9/site-packages/airflow/example_dags/example_bash_operator.py for tasks to queue
[2024-05-21T03:35:29.587+0000] {logging_mixin.py:188} INFO - [2024-05-21T03:35:29.586+0000] {dagbag.py:540} INFO - Filling up the DagBag from /home/airflow/.local/lib/python3.9/site-packages/airflow/example_dags/example_bash_operator.py
[2024-05-21T03:35:29.599+0000] {processor.py:840} INFO - DAG(s) 'example_bash_operator' retrieved from /home/airflow/.local/lib/python3.9/site-packages/airflow/example_dags/example_bash_operator.py
[2024-05-21T03:35:29.695+0000] {logging_mixin.py:188} INFO - [2024-05-21T03:35:29.695+0000] {dag.py:3047} INFO - Sync 1 DAGs
[2024-05-21T03:35:29.733+0000] {logging_mixin.py:188} INFO - [2024-05-21T03:35:29.733+0000] {dag.py:3834} INFO - Setting next_dagrun for example_bash_operator to 2024-05-20 00:00:00+00:00, run_after=2024-05-21 00:00:00+00:00
[2024-05-21T03:35:29.773+0000] {processor.py:183} INFO - Processing /home/airflow/.local/lib/python3.9/site-packages/airflow/example_dags/example_bash_operator.py took 0.192 seconds
[2024-05-21T03:36:08.793+0000] {processor.py:161} INFO - Started process (PID=144) to work on /home/airflow/.local/lib/python3.9/site-packages/airflow/example_dags/example_bash_operator.py
[2024-05-21T03:36:08.794+0000] {processor.py:830} INFO - Processing file /home/airflow/.local/lib/python3.9/site-packages/airflow/example_dags/example_bash_operator.py for tasks to queue
[2024-05-21T03:36:08.797+0000] {logging_mixin.py:188} INFO - [2024-05-21T03:36:08.796+0000] {dagbag.py:540} INFO - Filling up the DagBag from /home/airflow/.local/lib/python3.9/site-packages/airflow/example_dags/example_bash_operator.py
[2024-05-21T03:36:08.811+0000] {processor.py:840} INFO - DAG(s) 'example_bash_operator' retrieved from /home/airflow/.local/lib/python3.9/site-packages/airflow/example_dags/example_bash_operator.py
[2024-05-21T03:36:08.841+0000] {logging_mixin.py:188} INFO - [2024-05-21T03:36:08.840+0000] {dag.py:3047} INFO - Sync 1 DAGs
[2024-05-21T03:36:08.911+0000] {logging_mixin.py:188} INFO - [2024-05-21T03:36:08.911+0000] {dag.py:3834} INFO - Setting next_dagrun for example_bash_operator to 2024-05-20 00:00:00+00:00, run_after=2024-05-21 00:00:00+00:00
[2024-05-21T03:36:08.951+0000] {processor.py:183} INFO - Processing /home/airflow/.local/lib/python3.9/site-packages/airflow/example_dags/example_bash_operator.py took 0.162 seconds
[2024-05-21T03:36:45.566+0000] {processor.py:161} INFO - Started process (PID=201) to work on /home/airflow/.local/lib/python3.9/site-packages/airflow/example_dags/example_bash_operator.py
[2024-05-21T03:36:45.568+0000] {processor.py:830} INFO - Processing file /home/airflow/.local/lib/python3.9/site-packages/airflow/example_dags/example_bash_operator.py for tasks to queue
[2024-05-21T03:36:45.571+0000] {logging_mixin.py:188} INFO - [2024-05-21T03:36:45.570+0000] {dagbag.py:540} INFO - Filling up the DagBag from /home/airflow/.local/lib/python3.9/site-packages/airflow/example_dags/example_bash_operator.py
[2024-05-21T03:36:45.592+0000] {processor.py:840} INFO - DAG(s) 'example_bash_operator' retrieved from /home/airflow/.local/lib/python3.9/site-packages/airflow/example_dags/example_bash_operator.py
[2024-05-21T03:36:45.664+0000] {logging_mixin.py:188} INFO - [2024-05-21T03:36:45.664+0000] {dag.py:3047} INFO - Sync 1 DAGs
[2024-05-21T03:36:46.090+0000] {logging_mixin.py:188} INFO - [2024-05-21T03:36:46.089+0000] {dag.py:3834} INFO - Setting next_dagrun for example_bash_operator to 2024-05-20 00:00:00+00:00, run_after=2024-05-21 00:00:00+00:00
[2024-05-21T03:36:46.261+0000] {processor.py:183} INFO - Processing /home/airflow/.local/lib/python3.9/site-packages/airflow/example_dags/example_bash_operator.py took 0.702 seconds
[2024-05-21T03:37:38.964+0000] {processor.py:161} INFO - Started process (PID=265) to work on /home/airflow/.local/lib/python3.9/site-packages/airflow/example_dags/example_bash_operator.py
[2024-05-21T03:37:38.965+0000] {processor.py:830} INFO - Processing file /home/airflow/.local/lib/python3.9/site-packages/airflow/example_dags/example_bash_operator.py for tasks to queue
[2024-05-21T03:37:38.967+0000] {logging_mixin.py:188} INFO - [2024-05-21T03:37:38.967+0000] {dagbag.py:540} INFO - Filling up the DagBag from /home/airflow/.local/lib/python3.9/site-packages/airflow/example_dags/example_bash_operator.py
[2024-05-21T03:37:38.983+0000] {processor.py:840} INFO - DAG(s) 'example_bash_operator' retrieved from /home/airflow/.local/lib/python3.9/site-packages/airflow/example_dags/example_bash_operator.py
[2024-05-21T03:37:39.018+0000] {logging_mixin.py:188} INFO - [2024-05-21T03:37:39.017+0000] {dag.py:3047} INFO - Sync 1 DAGs
[2024-05-21T03:37:39.042+0000] {logging_mixin.py:188} INFO - [2024-05-21T03:37:39.042+0000] {dag.py:3834} INFO - Setting next_dagrun for example_bash_operator to 2024-05-20 00:00:00+00:00, run_after=2024-05-21 00:00:00+00:00
[2024-05-21T03:37:39.067+0000] {processor.py:183} INFO - Processing /home/airflow/.local/lib/python3.9/site-packages/airflow/example_dags/example_bash_operator.py took 0.107 seconds
[2024-05-21T03:38:33.852+0000] {processor.py:161} INFO - Started process (PID=328) to work on /home/airflow/.local/lib/python3.9/site-packages/airflow/example_dags/example_bash_operator.py
[2024-05-21T03:38:33.855+0000] {processor.py:830} INFO - Processing file /home/airflow/.local/lib/python3.9/site-packages/airflow/example_dags/example_bash_operator.py for tasks to queue
[2024-05-21T03:38:33.858+0000] {logging_mixin.py:188} INFO - [2024-05-21T03:38:33.858+0000] {dagbag.py:540} INFO - Filling up the DagBag from /home/airflow/.local/lib/python3.9/site-packages/airflow/example_dags/example_bash_operator.py
[2024-05-21T03:38:33.887+0000] {processor.py:840} INFO - DAG(s) 'example_bash_operator' retrieved from /home/airflow/.local/lib/python3.9/site-packages/airflow/example_dags/example_bash_operator.py
[2024-05-21T03:38:33.961+0000] {logging_mixin.py:188} INFO - [2024-05-21T03:38:33.961+0000] {dag.py:3047} INFO - Sync 1 DAGs
[2024-05-21T03:38:34.018+0000] {logging_mixin.py:188} INFO - [2024-05-21T03:38:34.018+0000] {dag.py:3834} INFO - Setting next_dagrun for example_bash_operator to 2024-05-20 00:00:00+00:00, run_after=2024-05-21 00:00:00+00:00
[2024-05-21T03:38:34.089+0000] {processor.py:183} INFO - Processing /home/airflow/.local/lib/python3.9/site-packages/airflow/example_dags/example_bash_operator.py took 0.241 seconds
[2024-05-21T03:39:05.338+0000] {processor.py:161} INFO - Started process (PID=394) to work on /home/airflow/.local/lib/python3.9/site-packages/airflow/example_dags/example_bash_operator.py
[2024-05-21T03:39:05.340+0000] {processor.py:830} INFO - Processing file /home/airflow/.local/lib/python3.9/site-packages/airflow/example_dags/example_bash_operator.py for tasks to queue
[2024-05-21T03:39:05.344+0000] {logging_mixin.py:188} INFO - [2024-05-21T03:39:05.343+0000] {dagbag.py:540} INFO - Filling up the DagBag from /home/airflow/.local/lib/python3.9/site-packages/airflow/example_dags/example_bash_operator.py
[2024-05-21T03:39:05.369+0000] {processor.py:840} INFO - DAG(s) 'example_bash_operator' retrieved from /home/airflow/.local/lib/python3.9/site-packages/airflow/example_dags/example_bash_operator.py
[2024-05-21T03:39:05.415+0000] {logging_mixin.py:188} INFO - [2024-05-21T03:39:05.415+0000] {dag.py:3047} INFO - Sync 1 DAGs
[2024-05-21T03:39:05.453+0000] {logging_mixin.py:188} INFO - [2024-05-21T03:39:05.453+0000] {dag.py:3834} INFO - Setting next_dagrun for example_bash_operator to 2024-05-20 00:00:00+00:00, run_after=2024-05-21 00:00:00+00:00
[2024-05-21T03:39:05.485+0000] {processor.py:183} INFO - Processing /home/airflow/.local/lib/python3.9/site-packages/airflow/example_dags/example_bash_operator.py took 0.152 seconds
[2024-05-21T05:48:15.301+0000] {processor.py:161} INFO - Started process (PID=81) to work on /home/airflow/.local/lib/python3.9/site-packages/airflow/example_dags/example_bash_operator.py
[2024-05-21T05:48:15.303+0000] {processor.py:830} INFO - Processing file /home/airflow/.local/lib/python3.9/site-packages/airflow/example_dags/example_bash_operator.py for tasks to queue
[2024-05-21T05:48:15.305+0000] {logging_mixin.py:188} INFO - [2024-05-21T05:48:15.305+0000] {dagbag.py:540} INFO - Filling up the DagBag from /home/airflow/.local/lib/python3.9/site-packages/airflow/example_dags/example_bash_operator.py
[2024-05-21T05:48:15.315+0000] {processor.py:840} INFO - DAG(s) 'example_bash_operator' retrieved from /home/airflow/.local/lib/python3.9/site-packages/airflow/example_dags/example_bash_operator.py
[2024-05-21T05:48:15.325+0000] {logging_mixin.py:188} INFO - [2024-05-21T05:48:15.325+0000] {dag.py:3047} INFO - Sync 1 DAGs
[2024-05-21T05:48:15.345+0000] {logging_mixin.py:188} INFO - [2024-05-21T05:48:15.344+0000] {dag.py:3834} INFO - Setting next_dagrun for example_bash_operator to 2024-05-20 00:00:00+00:00, run_after=2024-05-21 00:00:00+00:00
[2024-05-21T05:48:15.361+0000] {processor.py:183} INFO - Processing /home/airflow/.local/lib/python3.9/site-packages/airflow/example_dags/example_bash_operator.py took 0.063 seconds
[2024-05-21T05:48:46.583+0000] {processor.py:161} INFO - Started process (PID=138) to work on /home/airflow/.local/lib/python3.9/site-packages/airflow/example_dags/example_bash_operator.py
[2024-05-21T05:48:46.585+0000] {processor.py:830} INFO - Processing file /home/airflow/.local/lib/python3.9/site-packages/airflow/example_dags/example_bash_operator.py for tasks to queue
[2024-05-21T05:48:46.586+0000] {logging_mixin.py:188} INFO - [2024-05-21T05:48:46.586+0000] {dagbag.py:540} INFO - Filling up the DagBag from /home/airflow/.local/lib/python3.9/site-packages/airflow/example_dags/example_bash_operator.py
[2024-05-21T05:48:46.596+0000] {processor.py:840} INFO - DAG(s) 'example_bash_operator' retrieved from /home/airflow/.local/lib/python3.9/site-packages/airflow/example_dags/example_bash_operator.py
[2024-05-21T05:48:46.673+0000] {logging_mixin.py:188} INFO - [2024-05-21T05:48:46.672+0000] {dag.py:3047} INFO - Sync 1 DAGs
[2024-05-21T05:48:46.687+0000] {logging_mixin.py:188} INFO - [2024-05-21T05:48:46.687+0000] {dag.py:3834} INFO - Setting next_dagrun for example_bash_operator to 2024-05-20 00:00:00+00:00, run_after=2024-05-21 00:00:00+00:00
[2024-05-21T05:48:46.701+0000] {processor.py:183} INFO - Processing /home/airflow/.local/lib/python3.9/site-packages/airflow/example_dags/example_bash_operator.py took 0.120 seconds
[2024-05-21T05:49:17.029+0000] {processor.py:161} INFO - Started process (PID=195) to work on /home/airflow/.local/lib/python3.9/site-packages/airflow/example_dags/example_bash_operator.py
[2024-05-21T05:49:17.031+0000] {processor.py:830} INFO - Processing file /home/airflow/.local/lib/python3.9/site-packages/airflow/example_dags/example_bash_operator.py for tasks to queue
[2024-05-21T05:49:17.033+0000] {logging_mixin.py:188} INFO - [2024-05-21T05:49:17.032+0000] {dagbag.py:540} INFO - Filling up the DagBag from /home/airflow/.local/lib/python3.9/site-packages/airflow/example_dags/example_bash_operator.py
[2024-05-21T05:49:17.042+0000] {processor.py:840} INFO - DAG(s) 'example_bash_operator' retrieved from /home/airflow/.local/lib/python3.9/site-packages/airflow/example_dags/example_bash_operator.py
[2024-05-21T05:49:17.066+0000] {logging_mixin.py:188} INFO - [2024-05-21T05:49:17.065+0000] {dag.py:3047} INFO - Sync 1 DAGs
[2024-05-21T05:49:17.085+0000] {logging_mixin.py:188} INFO - [2024-05-21T05:49:17.085+0000] {dag.py:3834} INFO - Setting next_dagrun for example_bash_operator to 2024-05-20 00:00:00+00:00, run_after=2024-05-21 00:00:00+00:00
[2024-05-21T05:49:17.106+0000] {processor.py:183} INFO - Processing /home/airflow/.local/lib/python3.9/site-packages/airflow/example_dags/example_bash_operator.py took 0.080 seconds
[2024-05-21T05:49:47.160+0000] {processor.py:161} INFO - Started process (PID=256) to work on /home/airflow/.local/lib/python3.9/site-packages/airflow/example_dags/example_bash_operator.py
[2024-05-21T05:49:47.162+0000] {processor.py:830} INFO - Processing file /home/airflow/.local/lib/python3.9/site-packages/airflow/example_dags/example_bash_operator.py for tasks to queue
[2024-05-21T05:49:47.164+0000] {logging_mixin.py:188} INFO - [2024-05-21T05:49:47.163+0000] {dagbag.py:540} INFO - Filling up the DagBag from /home/airflow/.local/lib/python3.9/site-packages/airflow/example_dags/example_bash_operator.py
[2024-05-21T05:49:47.173+0000] {processor.py:840} INFO - DAG(s) 'example_bash_operator' retrieved from /home/airflow/.local/lib/python3.9/site-packages/airflow/example_dags/example_bash_operator.py
[2024-05-21T05:49:47.194+0000] {logging_mixin.py:188} INFO - [2024-05-21T05:49:47.194+0000] {dag.py:3047} INFO - Sync 1 DAGs
[2024-05-21T05:49:47.212+0000] {logging_mixin.py:188} INFO - [2024-05-21T05:49:47.212+0000] {dag.py:3834} INFO - Setting next_dagrun for example_bash_operator to 2024-05-20 00:00:00+00:00, run_after=2024-05-21 00:00:00+00:00
[2024-05-21T05:49:47.229+0000] {processor.py:183} INFO - Processing /home/airflow/.local/lib/python3.9/site-packages/airflow/example_dags/example_bash_operator.py took 0.072 seconds
[2024-05-21T05:50:18.008+0000] {processor.py:161} INFO - Started process (PID=313) to work on /home/airflow/.local/lib/python3.9/site-packages/airflow/example_dags/example_bash_operator.py
[2024-05-21T05:50:18.010+0000] {processor.py:830} INFO - Processing file /home/airflow/.local/lib/python3.9/site-packages/airflow/example_dags/example_bash_operator.py for tasks to queue
[2024-05-21T05:50:18.012+0000] {logging_mixin.py:188} INFO - [2024-05-21T05:50:18.011+0000] {dagbag.py:540} INFO - Filling up the DagBag from /home/airflow/.local/lib/python3.9/site-packages/airflow/example_dags/example_bash_operator.py
[2024-05-21T05:50:18.021+0000] {processor.py:840} INFO - DAG(s) 'example_bash_operator' retrieved from /home/airflow/.local/lib/python3.9/site-packages/airflow/example_dags/example_bash_operator.py
[2024-05-21T05:50:18.043+0000] {logging_mixin.py:188} INFO - [2024-05-21T05:50:18.043+0000] {dag.py:3047} INFO - Sync 1 DAGs
[2024-05-21T05:50:18.063+0000] {logging_mixin.py:188} INFO - [2024-05-21T05:50:18.063+0000] {dag.py:3834} INFO - Setting next_dagrun for example_bash_operator to 2024-05-20 00:00:00+00:00, run_after=2024-05-21 00:00:00+00:00
[2024-05-21T05:50:18.082+0000] {processor.py:183} INFO - Processing /home/airflow/.local/lib/python3.9/site-packages/airflow/example_dags/example_bash_operator.py took 0.077 seconds
[2024-05-21T05:50:48.581+0000] {processor.py:161} INFO - Started process (PID=374) to work on /home/airflow/.local/lib/python3.9/site-packages/airflow/example_dags/example_bash_operator.py
[2024-05-21T05:50:48.582+0000] {processor.py:830} INFO - Processing file /home/airflow/.local/lib/python3.9/site-packages/airflow/example_dags/example_bash_operator.py for tasks to queue
[2024-05-21T05:50:48.584+0000] {logging_mixin.py:188} INFO - [2024-05-21T05:50:48.583+0000] {dagbag.py:540} INFO - Filling up the DagBag from /home/airflow/.local/lib/python3.9/site-packages/airflow/example_dags/example_bash_operator.py
[2024-05-21T05:50:48.592+0000] {processor.py:840} INFO - DAG(s) 'example_bash_operator' retrieved from /home/airflow/.local/lib/python3.9/site-packages/airflow/example_dags/example_bash_operator.py
[2024-05-21T05:50:48.614+0000] {logging_mixin.py:188} INFO - [2024-05-21T05:50:48.613+0000] {dag.py:3047} INFO - Sync 1 DAGs
[2024-05-21T05:50:48.632+0000] {logging_mixin.py:188} INFO - [2024-05-21T05:50:48.632+0000] {dag.py:3834} INFO - Setting next_dagrun for example_bash_operator to 2024-05-20 00:00:00+00:00, run_after=2024-05-21 00:00:00+00:00
[2024-05-21T05:50:48.647+0000] {processor.py:183} INFO - Processing /home/airflow/.local/lib/python3.9/site-packages/airflow/example_dags/example_bash_operator.py took 0.069 seconds
[2024-05-21T05:51:19.184+0000] {processor.py:161} INFO - Started process (PID=431) to work on /home/airflow/.local/lib/python3.9/site-packages/airflow/example_dags/example_bash_operator.py
[2024-05-21T05:51:19.186+0000] {processor.py:830} INFO - Processing file /home/airflow/.local/lib/python3.9/site-packages/airflow/example_dags/example_bash_operator.py for tasks to queue
[2024-05-21T05:51:19.188+0000] {logging_mixin.py:188} INFO - [2024-05-21T05:51:19.188+0000] {dagbag.py:540} INFO - Filling up the DagBag from /home/airflow/.local/lib/python3.9/site-packages/airflow/example_dags/example_bash_operator.py
[2024-05-21T05:51:19.197+0000] {processor.py:840} INFO - DAG(s) 'example_bash_operator' retrieved from /home/airflow/.local/lib/python3.9/site-packages/airflow/example_dags/example_bash_operator.py
[2024-05-21T05:51:19.230+0000] {logging_mixin.py:188} INFO - [2024-05-21T05:51:19.229+0000] {dag.py:3047} INFO - Sync 1 DAGs
[2024-05-21T05:51:19.249+0000] {logging_mixin.py:188} INFO - [2024-05-21T05:51:19.249+0000] {dag.py:3834} INFO - Setting next_dagrun for example_bash_operator to 2024-05-20 00:00:00+00:00, run_after=2024-05-21 00:00:00+00:00
[2024-05-21T05:51:19.264+0000] {processor.py:183} INFO - Processing /home/airflow/.local/lib/python3.9/site-packages/airflow/example_dags/example_bash_operator.py took 0.083 seconds
[2024-05-21T05:51:50.103+0000] {processor.py:161} INFO - Started process (PID=488) to work on /home/airflow/.local/lib/python3.9/site-packages/airflow/example_dags/example_bash_operator.py
[2024-05-21T05:51:50.105+0000] {processor.py:830} INFO - Processing file /home/airflow/.local/lib/python3.9/site-packages/airflow/example_dags/example_bash_operator.py for tasks to queue
[2024-05-21T05:51:50.106+0000] {logging_mixin.py:188} INFO - [2024-05-21T05:51:50.106+0000] {dagbag.py:540} INFO - Filling up the DagBag from /home/airflow/.local/lib/python3.9/site-packages/airflow/example_dags/example_bash_operator.py
[2024-05-21T05:51:50.116+0000] {processor.py:840} INFO - DAG(s) 'example_bash_operator' retrieved from /home/airflow/.local/lib/python3.9/site-packages/airflow/example_dags/example_bash_operator.py
[2024-05-21T05:51:50.140+0000] {logging_mixin.py:188} INFO - [2024-05-21T05:51:50.140+0000] {dag.py:3047} INFO - Sync 1 DAGs
[2024-05-21T05:51:50.157+0000] {logging_mixin.py:188} INFO - [2024-05-21T05:51:50.156+0000] {dag.py:3834} INFO - Setting next_dagrun for example_bash_operator to 2024-05-20 00:00:00+00:00, run_after=2024-05-21 00:00:00+00:00
[2024-05-21T05:51:50.172+0000] {processor.py:183} INFO - Processing /home/airflow/.local/lib/python3.9/site-packages/airflow/example_dags/example_bash_operator.py took 0.071 seconds
