[2024-05-21T03:35:29.819+0000] {processor.py:161} INFO - Started process (PID=83) to work on /home/airflow/.local/lib/python3.9/site-packages/airflow/example_dags/example_branch_operator_decorator.py
[2024-05-21T03:35:29.820+0000] {processor.py:830} INFO - Processing file /home/airflow/.local/lib/python3.9/site-packages/airflow/example_dags/example_branch_operator_decorator.py for tasks to queue
[2024-05-21T03:35:29.822+0000] {logging_mixin.py:188} INFO - [2024-05-21T03:35:29.822+0000] {dagbag.py:540} INFO - Filling up the DagBag from /home/airflow/.local/lib/python3.9/site-packages/airflow/example_dags/example_branch_operator_decorator.py
[2024-05-21T03:35:29.850+0000] {processor.py:840} INFO - DAG(s) 'example_branch_python_operator_decorator' retrieved from /home/airflow/.local/lib/python3.9/site-packages/airflow/example_dags/example_branch_operator_decorator.py
[2024-05-21T03:35:29.949+0000] {logging_mixin.py:188} INFO - [2024-05-21T03:35:29.949+0000] {dag.py:3047} INFO - Sync 1 DAGs
[2024-05-21T03:35:29.969+0000] {logging_mixin.py:188} INFO - [2024-05-21T03:35:29.968+0000] {dag.py:3834} INFO - Setting next_dagrun for example_branch_python_operator_decorator to 2024-05-20 00:00:00+00:00, run_after=2024-05-21 00:00:00+00:00
[2024-05-21T03:35:30.017+0000] {processor.py:183} INFO - Processing /home/airflow/.local/lib/python3.9/site-packages/airflow/example_dags/example_branch_operator_decorator.py took 0.203 seconds
[2024-05-21T03:36:09.031+0000] {processor.py:161} INFO - Started process (PID=146) to work on /home/airflow/.local/lib/python3.9/site-packages/airflow/example_dags/example_branch_operator_decorator.py
[2024-05-21T03:36:09.033+0000] {processor.py:830} INFO - Processing file /home/airflow/.local/lib/python3.9/site-packages/airflow/example_dags/example_branch_operator_decorator.py for tasks to queue
[2024-05-21T03:36:09.036+0000] {logging_mixin.py:188} INFO - [2024-05-21T03:36:09.036+0000] {dagbag.py:540} INFO - Filling up the DagBag from /home/airflow/.local/lib/python3.9/site-packages/airflow/example_dags/example_branch_operator_decorator.py
[2024-05-21T03:36:09.113+0000] {processor.py:840} INFO - DAG(s) 'example_branch_python_operator_decorator' retrieved from /home/airflow/.local/lib/python3.9/site-packages/airflow/example_dags/example_branch_operator_decorator.py
[2024-05-21T03:36:09.190+0000] {logging_mixin.py:188} INFO - [2024-05-21T03:36:09.189+0000] {dag.py:3047} INFO - Sync 1 DAGs
[2024-05-21T03:36:09.498+0000] {logging_mixin.py:188} INFO - [2024-05-21T03:36:09.497+0000] {dag.py:3834} INFO - Setting next_dagrun for example_branch_python_operator_decorator to 2024-05-20 00:00:00+00:00, run_after=2024-05-21 00:00:00+00:00
[2024-05-21T03:36:09.553+0000] {processor.py:183} INFO - Processing /home/airflow/.local/lib/python3.9/site-packages/airflow/example_dags/example_branch_operator_decorator.py took 0.526 seconds
[2024-05-21T03:36:46.300+0000] {processor.py:161} INFO - Started process (PID=203) to work on /home/airflow/.local/lib/python3.9/site-packages/airflow/example_dags/example_branch_operator_decorator.py
[2024-05-21T03:36:46.326+0000] {processor.py:830} INFO - Processing file /home/airflow/.local/lib/python3.9/site-packages/airflow/example_dags/example_branch_operator_decorator.py for tasks to queue
[2024-05-21T03:36:46.328+0000] {logging_mixin.py:188} INFO - [2024-05-21T03:36:46.328+0000] {dagbag.py:540} INFO - Filling up the DagBag from /home/airflow/.local/lib/python3.9/site-packages/airflow/example_dags/example_branch_operator_decorator.py
[2024-05-21T03:36:46.392+0000] {processor.py:840} INFO - DAG(s) 'example_branch_python_operator_decorator' retrieved from /home/airflow/.local/lib/python3.9/site-packages/airflow/example_dags/example_branch_operator_decorator.py
[2024-05-21T03:36:46.511+0000] {logging_mixin.py:188} INFO - [2024-05-21T03:36:46.511+0000] {dag.py:3047} INFO - Sync 1 DAGs
[2024-05-21T03:36:46.593+0000] {logging_mixin.py:188} INFO - [2024-05-21T03:36:46.593+0000] {dag.py:3834} INFO - Setting next_dagrun for example_branch_python_operator_decorator to 2024-05-20 00:00:00+00:00, run_after=2024-05-21 00:00:00+00:00
[2024-05-21T03:36:46.853+0000] {processor.py:183} INFO - Processing /home/airflow/.local/lib/python3.9/site-packages/airflow/example_dags/example_branch_operator_decorator.py took 0.555 seconds
[2024-05-21T03:37:39.099+0000] {processor.py:161} INFO - Started process (PID=267) to work on /home/airflow/.local/lib/python3.9/site-packages/airflow/example_dags/example_branch_operator_decorator.py
[2024-05-21T03:37:39.101+0000] {processor.py:830} INFO - Processing file /home/airflow/.local/lib/python3.9/site-packages/airflow/example_dags/example_branch_operator_decorator.py for tasks to queue
[2024-05-21T03:37:39.103+0000] {logging_mixin.py:188} INFO - [2024-05-21T03:37:39.102+0000] {dagbag.py:540} INFO - Filling up the DagBag from /home/airflow/.local/lib/python3.9/site-packages/airflow/example_dags/example_branch_operator_decorator.py
[2024-05-21T03:37:39.123+0000] {processor.py:840} INFO - DAG(s) 'example_branch_python_operator_decorator' retrieved from /home/airflow/.local/lib/python3.9/site-packages/airflow/example_dags/example_branch_operator_decorator.py
[2024-05-21T03:37:39.166+0000] {logging_mixin.py:188} INFO - [2024-05-21T03:37:39.165+0000] {dag.py:3047} INFO - Sync 1 DAGs
[2024-05-21T03:37:39.194+0000] {logging_mixin.py:188} INFO - [2024-05-21T03:37:39.193+0000] {dag.py:3834} INFO - Setting next_dagrun for example_branch_python_operator_decorator to 2024-05-20 00:00:00+00:00, run_after=2024-05-21 00:00:00+00:00
[2024-05-21T03:37:39.225+0000] {processor.py:183} INFO - Processing /home/airflow/.local/lib/python3.9/site-packages/airflow/example_dags/example_branch_operator_decorator.py took 0.129 seconds
[2024-05-21T03:38:34.140+0000] {processor.py:161} INFO - Started process (PID=330) to work on /home/airflow/.local/lib/python3.9/site-packages/airflow/example_dags/example_branch_operator_decorator.py
[2024-05-21T03:38:34.143+0000] {processor.py:830} INFO - Processing file /home/airflow/.local/lib/python3.9/site-packages/airflow/example_dags/example_branch_operator_decorator.py for tasks to queue
[2024-05-21T03:38:34.145+0000] {logging_mixin.py:188} INFO - [2024-05-21T03:38:34.144+0000] {dagbag.py:540} INFO - Filling up the DagBag from /home/airflow/.local/lib/python3.9/site-packages/airflow/example_dags/example_branch_operator_decorator.py
[2024-05-21T03:38:34.234+0000] {processor.py:840} INFO - DAG(s) 'example_branch_python_operator_decorator' retrieved from /home/airflow/.local/lib/python3.9/site-packages/airflow/example_dags/example_branch_operator_decorator.py
[2024-05-21T03:38:34.284+0000] {logging_mixin.py:188} INFO - [2024-05-21T03:38:34.284+0000] {dag.py:3047} INFO - Sync 1 DAGs
[2024-05-21T03:38:34.406+0000] {logging_mixin.py:188} INFO - [2024-05-21T03:38:34.406+0000] {dag.py:3834} INFO - Setting next_dagrun for example_branch_python_operator_decorator to 2024-05-20 00:00:00+00:00, run_after=2024-05-21 00:00:00+00:00
[2024-05-21T03:38:34.468+0000] {processor.py:183} INFO - Processing /home/airflow/.local/lib/python3.9/site-packages/airflow/example_dags/example_branch_operator_decorator.py took 0.332 seconds
[2024-05-21T03:39:05.545+0000] {processor.py:161} INFO - Started process (PID=396) to work on /home/airflow/.local/lib/python3.9/site-packages/airflow/example_dags/example_branch_operator_decorator.py
[2024-05-21T03:39:05.548+0000] {processor.py:830} INFO - Processing file /home/airflow/.local/lib/python3.9/site-packages/airflow/example_dags/example_branch_operator_decorator.py for tasks to queue
[2024-05-21T03:39:05.589+0000] {logging_mixin.py:188} INFO - [2024-05-21T03:39:05.553+0000] {dagbag.py:540} INFO - Filling up the DagBag from /home/airflow/.local/lib/python3.9/site-packages/airflow/example_dags/example_branch_operator_decorator.py
[2024-05-21T03:39:05.639+0000] {processor.py:840} INFO - DAG(s) 'example_branch_python_operator_decorator' retrieved from /home/airflow/.local/lib/python3.9/site-packages/airflow/example_dags/example_branch_operator_decorator.py
[2024-05-21T03:39:05.697+0000] {logging_mixin.py:188} INFO - [2024-05-21T03:39:05.697+0000] {dag.py:3047} INFO - Sync 1 DAGs
[2024-05-21T03:39:05.809+0000] {logging_mixin.py:188} INFO - [2024-05-21T03:39:05.809+0000] {dag.py:3834} INFO - Setting next_dagrun for example_branch_python_operator_decorator to 2024-05-20 00:00:00+00:00, run_after=2024-05-21 00:00:00+00:00
[2024-05-21T03:39:05.877+0000] {processor.py:183} INFO - Processing /home/airflow/.local/lib/python3.9/site-packages/airflow/example_dags/example_branch_operator_decorator.py took 0.336 seconds
[2024-05-21T05:48:15.395+0000] {processor.py:161} INFO - Started process (PID=83) to work on /home/airflow/.local/lib/python3.9/site-packages/airflow/example_dags/example_branch_operator_decorator.py
[2024-05-21T05:48:15.396+0000] {processor.py:830} INFO - Processing file /home/airflow/.local/lib/python3.9/site-packages/airflow/example_dags/example_branch_operator_decorator.py for tasks to queue
[2024-05-21T05:48:15.398+0000] {logging_mixin.py:188} INFO - [2024-05-21T05:48:15.397+0000] {dagbag.py:540} INFO - Filling up the DagBag from /home/airflow/.local/lib/python3.9/site-packages/airflow/example_dags/example_branch_operator_decorator.py
[2024-05-21T05:48:15.413+0000] {processor.py:840} INFO - DAG(s) 'example_branch_python_operator_decorator' retrieved from /home/airflow/.local/lib/python3.9/site-packages/airflow/example_dags/example_branch_operator_decorator.py
[2024-05-21T05:48:15.426+0000] {logging_mixin.py:188} INFO - [2024-05-21T05:48:15.426+0000] {dag.py:3047} INFO - Sync 1 DAGs
[2024-05-21T05:48:15.444+0000] {logging_mixin.py:188} INFO - [2024-05-21T05:48:15.444+0000] {dag.py:3834} INFO - Setting next_dagrun for example_branch_python_operator_decorator to 2024-05-20 00:00:00+00:00, run_after=2024-05-21 00:00:00+00:00
[2024-05-21T05:48:15.460+0000] {processor.py:183} INFO - Processing /home/airflow/.local/lib/python3.9/site-packages/airflow/example_dags/example_branch_operator_decorator.py took 0.068 seconds
[2024-05-21T05:48:46.730+0000] {processor.py:161} INFO - Started process (PID=140) to work on /home/airflow/.local/lib/python3.9/site-packages/airflow/example_dags/example_branch_operator_decorator.py
[2024-05-21T05:48:46.731+0000] {processor.py:830} INFO - Processing file /home/airflow/.local/lib/python3.9/site-packages/airflow/example_dags/example_branch_operator_decorator.py for tasks to queue
[2024-05-21T05:48:46.733+0000] {logging_mixin.py:188} INFO - [2024-05-21T05:48:46.733+0000] {dagbag.py:540} INFO - Filling up the DagBag from /home/airflow/.local/lib/python3.9/site-packages/airflow/example_dags/example_branch_operator_decorator.py
[2024-05-21T05:48:46.748+0000] {processor.py:840} INFO - DAG(s) 'example_branch_python_operator_decorator' retrieved from /home/airflow/.local/lib/python3.9/site-packages/airflow/example_dags/example_branch_operator_decorator.py
[2024-05-21T05:48:46.822+0000] {logging_mixin.py:188} INFO - [2024-05-21T05:48:46.822+0000] {dag.py:3047} INFO - Sync 1 DAGs
[2024-05-21T05:48:46.838+0000] {logging_mixin.py:188} INFO - [2024-05-21T05:48:46.838+0000] {dag.py:3834} INFO - Setting next_dagrun for example_branch_python_operator_decorator to 2024-05-20 00:00:00+00:00, run_after=2024-05-21 00:00:00+00:00
[2024-05-21T05:48:46.854+0000] {processor.py:183} INFO - Processing /home/airflow/.local/lib/python3.9/site-packages/airflow/example_dags/example_branch_operator_decorator.py took 0.127 seconds
[2024-05-21T05:49:17.146+0000] {processor.py:161} INFO - Started process (PID=197) to work on /home/airflow/.local/lib/python3.9/site-packages/airflow/example_dags/example_branch_operator_decorator.py
[2024-05-21T05:49:17.147+0000] {processor.py:830} INFO - Processing file /home/airflow/.local/lib/python3.9/site-packages/airflow/example_dags/example_branch_operator_decorator.py for tasks to queue
[2024-05-21T05:49:17.149+0000] {logging_mixin.py:188} INFO - [2024-05-21T05:49:17.149+0000] {dagbag.py:540} INFO - Filling up the DagBag from /home/airflow/.local/lib/python3.9/site-packages/airflow/example_dags/example_branch_operator_decorator.py
[2024-05-21T05:49:17.164+0000] {processor.py:840} INFO - DAG(s) 'example_branch_python_operator_decorator' retrieved from /home/airflow/.local/lib/python3.9/site-packages/airflow/example_dags/example_branch_operator_decorator.py
[2024-05-21T05:49:17.188+0000] {logging_mixin.py:188} INFO - [2024-05-21T05:49:17.188+0000] {dag.py:3047} INFO - Sync 1 DAGs
[2024-05-21T05:49:17.205+0000] {logging_mixin.py:188} INFO - [2024-05-21T05:49:17.205+0000] {dag.py:3834} INFO - Setting next_dagrun for example_branch_python_operator_decorator to 2024-05-20 00:00:00+00:00, run_after=2024-05-21 00:00:00+00:00
[2024-05-21T05:49:17.224+0000] {processor.py:183} INFO - Processing /home/airflow/.local/lib/python3.9/site-packages/airflow/example_dags/example_branch_operator_decorator.py took 0.081 seconds
[2024-05-21T05:49:47.293+0000] {processor.py:161} INFO - Started process (PID=258) to work on /home/airflow/.local/lib/python3.9/site-packages/airflow/example_dags/example_branch_operator_decorator.py
[2024-05-21T05:49:47.295+0000] {processor.py:830} INFO - Processing file /home/airflow/.local/lib/python3.9/site-packages/airflow/example_dags/example_branch_operator_decorator.py for tasks to queue
[2024-05-21T05:49:47.297+0000] {logging_mixin.py:188} INFO - [2024-05-21T05:49:47.297+0000] {dagbag.py:540} INFO - Filling up the DagBag from /home/airflow/.local/lib/python3.9/site-packages/airflow/example_dags/example_branch_operator_decorator.py
[2024-05-21T05:49:47.314+0000] {processor.py:840} INFO - DAG(s) 'example_branch_python_operator_decorator' retrieved from /home/airflow/.local/lib/python3.9/site-packages/airflow/example_dags/example_branch_operator_decorator.py
[2024-05-21T05:49:47.340+0000] {logging_mixin.py:188} INFO - [2024-05-21T05:49:47.340+0000] {dag.py:3047} INFO - Sync 1 DAGs
[2024-05-21T05:49:47.359+0000] {logging_mixin.py:188} INFO - [2024-05-21T05:49:47.359+0000] {dag.py:3834} INFO - Setting next_dagrun for example_branch_python_operator_decorator to 2024-05-20 00:00:00+00:00, run_after=2024-05-21 00:00:00+00:00
[2024-05-21T05:49:47.376+0000] {processor.py:183} INFO - Processing /home/airflow/.local/lib/python3.9/site-packages/airflow/example_dags/example_branch_operator_decorator.py took 0.085 seconds
[2024-05-21T05:50:18.111+0000] {processor.py:161} INFO - Started process (PID=315) to work on /home/airflow/.local/lib/python3.9/site-packages/airflow/example_dags/example_branch_operator_decorator.py
[2024-05-21T05:50:18.112+0000] {processor.py:830} INFO - Processing file /home/airflow/.local/lib/python3.9/site-packages/airflow/example_dags/example_branch_operator_decorator.py for tasks to queue
[2024-05-21T05:50:18.114+0000] {logging_mixin.py:188} INFO - [2024-05-21T05:50:18.114+0000] {dagbag.py:540} INFO - Filling up the DagBag from /home/airflow/.local/lib/python3.9/site-packages/airflow/example_dags/example_branch_operator_decorator.py
[2024-05-21T05:50:18.132+0000] {processor.py:840} INFO - DAG(s) 'example_branch_python_operator_decorator' retrieved from /home/airflow/.local/lib/python3.9/site-packages/airflow/example_dags/example_branch_operator_decorator.py
[2024-05-21T05:50:18.154+0000] {logging_mixin.py:188} INFO - [2024-05-21T05:50:18.154+0000] {dag.py:3047} INFO - Sync 1 DAGs
[2024-05-21T05:50:18.174+0000] {logging_mixin.py:188} INFO - [2024-05-21T05:50:18.174+0000] {dag.py:3834} INFO - Setting next_dagrun for example_branch_python_operator_decorator to 2024-05-20 00:00:00+00:00, run_after=2024-05-21 00:00:00+00:00
[2024-05-21T05:50:18.194+0000] {processor.py:183} INFO - Processing /home/airflow/.local/lib/python3.9/site-packages/airflow/example_dags/example_branch_operator_decorator.py took 0.087 seconds
[2024-05-21T05:50:48.674+0000] {processor.py:161} INFO - Started process (PID=376) to work on /home/airflow/.local/lib/python3.9/site-packages/airflow/example_dags/example_branch_operator_decorator.py
[2024-05-21T05:50:48.675+0000] {processor.py:830} INFO - Processing file /home/airflow/.local/lib/python3.9/site-packages/airflow/example_dags/example_branch_operator_decorator.py for tasks to queue
[2024-05-21T05:50:48.676+0000] {logging_mixin.py:188} INFO - [2024-05-21T05:50:48.676+0000] {dagbag.py:540} INFO - Filling up the DagBag from /home/airflow/.local/lib/python3.9/site-packages/airflow/example_dags/example_branch_operator_decorator.py
[2024-05-21T05:50:48.692+0000] {processor.py:840} INFO - DAG(s) 'example_branch_python_operator_decorator' retrieved from /home/airflow/.local/lib/python3.9/site-packages/airflow/example_dags/example_branch_operator_decorator.py
[2024-05-21T05:50:48.713+0000] {logging_mixin.py:188} INFO - [2024-05-21T05:50:48.713+0000] {dag.py:3047} INFO - Sync 1 DAGs
[2024-05-21T05:50:48.731+0000] {logging_mixin.py:188} INFO - [2024-05-21T05:50:48.731+0000] {dag.py:3834} INFO - Setting next_dagrun for example_branch_python_operator_decorator to 2024-05-20 00:00:00+00:00, run_after=2024-05-21 00:00:00+00:00
[2024-05-21T05:50:48.747+0000] {processor.py:183} INFO - Processing /home/airflow/.local/lib/python3.9/site-packages/airflow/example_dags/example_branch_operator_decorator.py took 0.076 seconds
[2024-05-21T05:51:19.294+0000] {processor.py:161} INFO - Started process (PID=433) to work on /home/airflow/.local/lib/python3.9/site-packages/airflow/example_dags/example_branch_operator_decorator.py
[2024-05-21T05:51:19.295+0000] {processor.py:830} INFO - Processing file /home/airflow/.local/lib/python3.9/site-packages/airflow/example_dags/example_branch_operator_decorator.py for tasks to queue
[2024-05-21T05:51:19.298+0000] {logging_mixin.py:188} INFO - [2024-05-21T05:51:19.297+0000] {dagbag.py:540} INFO - Filling up the DagBag from /home/airflow/.local/lib/python3.9/site-packages/airflow/example_dags/example_branch_operator_decorator.py
[2024-05-21T05:51:19.316+0000] {processor.py:840} INFO - DAG(s) 'example_branch_python_operator_decorator' retrieved from /home/airflow/.local/lib/python3.9/site-packages/airflow/example_dags/example_branch_operator_decorator.py
[2024-05-21T05:51:19.338+0000] {logging_mixin.py:188} INFO - [2024-05-21T05:51:19.338+0000] {dag.py:3047} INFO - Sync 1 DAGs
[2024-05-21T05:51:19.357+0000] {logging_mixin.py:188} INFO - [2024-05-21T05:51:19.356+0000] {dag.py:3834} INFO - Setting next_dagrun for example_branch_python_operator_decorator to 2024-05-20 00:00:00+00:00, run_after=2024-05-21 00:00:00+00:00
[2024-05-21T05:51:19.374+0000] {processor.py:183} INFO - Processing /home/airflow/.local/lib/python3.9/site-packages/airflow/example_dags/example_branch_operator_decorator.py took 0.083 seconds
[2024-05-21T05:51:50.202+0000] {processor.py:161} INFO - Started process (PID=490) to work on /home/airflow/.local/lib/python3.9/site-packages/airflow/example_dags/example_branch_operator_decorator.py
[2024-05-21T05:51:50.203+0000] {processor.py:830} INFO - Processing file /home/airflow/.local/lib/python3.9/site-packages/airflow/example_dags/example_branch_operator_decorator.py for tasks to queue
[2024-05-21T05:51:50.205+0000] {logging_mixin.py:188} INFO - [2024-05-21T05:51:50.205+0000] {dagbag.py:540} INFO - Filling up the DagBag from /home/airflow/.local/lib/python3.9/site-packages/airflow/example_dags/example_branch_operator_decorator.py
[2024-05-21T05:51:50.221+0000] {processor.py:840} INFO - DAG(s) 'example_branch_python_operator_decorator' retrieved from /home/airflow/.local/lib/python3.9/site-packages/airflow/example_dags/example_branch_operator_decorator.py
[2024-05-21T05:51:50.244+0000] {logging_mixin.py:188} INFO - [2024-05-21T05:51:50.244+0000] {dag.py:3047} INFO - Sync 1 DAGs
[2024-05-21T05:51:50.261+0000] {logging_mixin.py:188} INFO - [2024-05-21T05:51:50.261+0000] {dag.py:3834} INFO - Setting next_dagrun for example_branch_python_operator_decorator to 2024-05-20 00:00:00+00:00, run_after=2024-05-21 00:00:00+00:00
[2024-05-21T05:51:50.278+0000] {processor.py:183} INFO - Processing /home/airflow/.local/lib/python3.9/site-packages/airflow/example_dags/example_branch_operator_decorator.py took 0.079 seconds
