[2024-05-21T03:35:26.961+0000] {processor.py:161} INFO - Started process (PID=61) to work on /home/airflow/.local/lib/python3.9/site-packages/airflow/example_dags/example_complex.py
[2024-05-21T03:35:26.963+0000] {processor.py:830} INFO - Processing file /home/airflow/.local/lib/python3.9/site-packages/airflow/example_dags/example_complex.py for tasks to queue
[2024-05-21T03:35:26.965+0000] {logging_mixin.py:188} INFO - [2024-05-21T03:35:26.964+0000] {dagbag.py:540} INFO - Filling up the DagBag from /home/airflow/.local/lib/python3.9/site-packages/airflow/example_dags/example_complex.py
[2024-05-21T03:35:26.975+0000] {processor.py:840} INFO - DAG(s) 'example_complex' retrieved from /home/airflow/.local/lib/python3.9/site-packages/airflow/example_dags/example_complex.py
[2024-05-21T03:35:27.080+0000] {logging_mixin.py:188} INFO - [2024-05-21T03:35:27.080+0000] {dag.py:3047} INFO - Sync 1 DAGs
[2024-05-21T03:35:27.089+0000] {logging_mixin.py:188} INFO - [2024-05-21T03:35:27.089+0000] {dag.py:3834} INFO - Setting next_dagrun for example_complex to None, run_after=None
[2024-05-21T03:35:27.145+0000] {processor.py:183} INFO - Processing /home/airflow/.local/lib/python3.9/site-packages/airflow/example_dags/example_complex.py took 0.186 seconds
[2024-05-21T03:36:06.449+0000] {processor.py:161} INFO - Started process (PID=118) to work on /home/airflow/.local/lib/python3.9/site-packages/airflow/example_dags/example_complex.py
[2024-05-21T03:36:06.452+0000] {processor.py:830} INFO - Processing file /home/airflow/.local/lib/python3.9/site-packages/airflow/example_dags/example_complex.py for tasks to queue
[2024-05-21T03:36:06.455+0000] {logging_mixin.py:188} INFO - [2024-05-21T03:36:06.454+0000] {dagbag.py:540} INFO - Filling up the DagBag from /home/airflow/.local/lib/python3.9/site-packages/airflow/example_dags/example_complex.py
[2024-05-21T03:36:06.467+0000] {processor.py:840} INFO - DAG(s) 'example_complex' retrieved from /home/airflow/.local/lib/python3.9/site-packages/airflow/example_dags/example_complex.py
[2024-05-21T03:36:06.509+0000] {logging_mixin.py:188} INFO - [2024-05-21T03:36:06.508+0000] {dag.py:3047} INFO - Sync 1 DAGs
[2024-05-21T03:36:06.528+0000] {logging_mixin.py:188} INFO - [2024-05-21T03:36:06.528+0000] {dag.py:3834} INFO - Setting next_dagrun for example_complex to None, run_after=None
[2024-05-21T03:36:06.552+0000] {processor.py:183} INFO - Processing /home/airflow/.local/lib/python3.9/site-packages/airflow/example_dags/example_complex.py took 0.108 seconds
[2024-05-21T03:36:39.203+0000] {processor.py:161} INFO - Started process (PID=181) to work on /home/airflow/.local/lib/python3.9/site-packages/airflow/example_dags/example_complex.py
[2024-05-21T03:36:39.206+0000] {processor.py:830} INFO - Processing file /home/airflow/.local/lib/python3.9/site-packages/airflow/example_dags/example_complex.py for tasks to queue
[2024-05-21T03:36:39.212+0000] {logging_mixin.py:188} INFO - [2024-05-21T03:36:39.211+0000] {dagbag.py:540} INFO - Filling up the DagBag from /home/airflow/.local/lib/python3.9/site-packages/airflow/example_dags/example_complex.py
[2024-05-21T03:36:39.265+0000] {processor.py:840} INFO - DAG(s) 'example_complex' retrieved from /home/airflow/.local/lib/python3.9/site-packages/airflow/example_dags/example_complex.py
[2024-05-21T03:36:39.552+0000] {logging_mixin.py:188} INFO - [2024-05-21T03:36:39.551+0000] {dag.py:3047} INFO - Sync 1 DAGs
[2024-05-21T03:36:39.586+0000] {logging_mixin.py:188} INFO - [2024-05-21T03:36:39.585+0000] {dag.py:3834} INFO - Setting next_dagrun for example_complex to None, run_after=None
[2024-05-21T03:36:39.619+0000] {processor.py:183} INFO - Processing /home/airflow/.local/lib/python3.9/site-packages/airflow/example_dags/example_complex.py took 0.443 seconds
[2024-05-21T03:37:36.197+0000] {processor.py:161} INFO - Started process (PID=245) to work on /home/airflow/.local/lib/python3.9/site-packages/airflow/example_dags/example_complex.py
[2024-05-21T03:37:36.198+0000] {processor.py:830} INFO - Processing file /home/airflow/.local/lib/python3.9/site-packages/airflow/example_dags/example_complex.py for tasks to queue
[2024-05-21T03:37:36.201+0000] {logging_mixin.py:188} INFO - [2024-05-21T03:37:36.200+0000] {dagbag.py:540} INFO - Filling up the DagBag from /home/airflow/.local/lib/python3.9/site-packages/airflow/example_dags/example_complex.py
[2024-05-21T03:37:36.221+0000] {processor.py:840} INFO - DAG(s) 'example_complex' retrieved from /home/airflow/.local/lib/python3.9/site-packages/airflow/example_dags/example_complex.py
[2024-05-21T03:37:36.389+0000] {logging_mixin.py:188} INFO - [2024-05-21T03:37:36.387+0000] {dag.py:3047} INFO - Sync 1 DAGs
[2024-05-21T03:37:36.418+0000] {logging_mixin.py:188} INFO - [2024-05-21T03:37:36.418+0000] {dag.py:3834} INFO - Setting next_dagrun for example_complex to None, run_after=None
[2024-05-21T03:37:36.489+0000] {processor.py:183} INFO - Processing /home/airflow/.local/lib/python3.9/site-packages/airflow/example_dags/example_complex.py took 0.296 seconds
[2024-05-21T03:38:22.488+0000] {processor.py:161} INFO - Started process (PID=302) to work on /home/airflow/.local/lib/python3.9/site-packages/airflow/example_dags/example_complex.py
[2024-05-21T03:38:22.490+0000] {processor.py:830} INFO - Processing file /home/airflow/.local/lib/python3.9/site-packages/airflow/example_dags/example_complex.py for tasks to queue
[2024-05-21T03:38:22.500+0000] {logging_mixin.py:188} INFO - [2024-05-21T03:38:22.499+0000] {dagbag.py:540} INFO - Filling up the DagBag from /home/airflow/.local/lib/python3.9/site-packages/airflow/example_dags/example_complex.py
[2024-05-21T03:38:22.695+0000] {processor.py:840} INFO - DAG(s) 'example_complex' retrieved from /home/airflow/.local/lib/python3.9/site-packages/airflow/example_dags/example_complex.py
[2024-05-21T03:38:23.096+0000] {logging_mixin.py:188} INFO - [2024-05-21T03:38:23.095+0000] {dag.py:3047} INFO - Sync 1 DAGs
[2024-05-21T03:38:23.295+0000] {logging_mixin.py:188} INFO - [2024-05-21T03:38:23.294+0000] {dag.py:3834} INFO - Setting next_dagrun for example_complex to None, run_after=None
[2024-05-21T03:38:23.647+0000] {processor.py:183} INFO - Processing /home/airflow/.local/lib/python3.9/site-packages/airflow/example_dags/example_complex.py took 1.164 seconds
[2024-05-21T03:38:57.078+0000] {processor.py:161} INFO - Started process (PID=367) to work on /home/airflow/.local/lib/python3.9/site-packages/airflow/example_dags/example_complex.py
[2024-05-21T03:38:57.083+0000] {processor.py:830} INFO - Processing file /home/airflow/.local/lib/python3.9/site-packages/airflow/example_dags/example_complex.py for tasks to queue
[2024-05-21T03:38:57.106+0000] {logging_mixin.py:188} INFO - [2024-05-21T03:38:57.105+0000] {dagbag.py:540} INFO - Filling up the DagBag from /home/airflow/.local/lib/python3.9/site-packages/airflow/example_dags/example_complex.py
[2024-05-21T03:38:57.241+0000] {processor.py:840} INFO - DAG(s) 'example_complex' retrieved from /home/airflow/.local/lib/python3.9/site-packages/airflow/example_dags/example_complex.py
[2024-05-21T03:38:57.434+0000] {logging_mixin.py:188} INFO - [2024-05-21T03:38:57.433+0000] {dag.py:3047} INFO - Sync 1 DAGs
[2024-05-21T03:38:57.559+0000] {logging_mixin.py:188} INFO - [2024-05-21T03:38:57.558+0000] {dag.py:3834} INFO - Setting next_dagrun for example_complex to None, run_after=None
[2024-05-21T03:38:58.154+0000] {processor.py:183} INFO - Processing /home/airflow/.local/lib/python3.9/site-packages/airflow/example_dags/example_complex.py took 1.084 seconds
[2024-05-21T05:48:14.263+0000] {processor.py:161} INFO - Started process (PID=61) to work on /home/airflow/.local/lib/python3.9/site-packages/airflow/example_dags/example_complex.py
[2024-05-21T05:48:14.265+0000] {processor.py:830} INFO - Processing file /home/airflow/.local/lib/python3.9/site-packages/airflow/example_dags/example_complex.py for tasks to queue
[2024-05-21T05:48:14.267+0000] {logging_mixin.py:188} INFO - [2024-05-21T05:48:14.267+0000] {dagbag.py:540} INFO - Filling up the DagBag from /home/airflow/.local/lib/python3.9/site-packages/airflow/example_dags/example_complex.py
[2024-05-21T05:48:14.278+0000] {processor.py:840} INFO - DAG(s) 'example_complex' retrieved from /home/airflow/.local/lib/python3.9/site-packages/airflow/example_dags/example_complex.py
[2024-05-21T05:48:14.293+0000] {logging_mixin.py:188} INFO - [2024-05-21T05:48:14.293+0000] {dag.py:3047} INFO - Sync 1 DAGs
[2024-05-21T05:48:14.305+0000] {logging_mixin.py:188} INFO - [2024-05-21T05:48:14.304+0000] {dag.py:3834} INFO - Setting next_dagrun for example_complex to None, run_after=None
[2024-05-21T05:48:14.322+0000] {processor.py:183} INFO - Processing /home/airflow/.local/lib/python3.9/site-packages/airflow/example_dags/example_complex.py took 0.062 seconds
[2024-05-21T05:48:45.104+0000] {processor.py:161} INFO - Started process (PID=118) to work on /home/airflow/.local/lib/python3.9/site-packages/airflow/example_dags/example_complex.py
[2024-05-21T05:48:45.105+0000] {processor.py:830} INFO - Processing file /home/airflow/.local/lib/python3.9/site-packages/airflow/example_dags/example_complex.py for tasks to queue
[2024-05-21T05:48:45.107+0000] {logging_mixin.py:188} INFO - [2024-05-21T05:48:45.107+0000] {dagbag.py:540} INFO - Filling up the DagBag from /home/airflow/.local/lib/python3.9/site-packages/airflow/example_dags/example_complex.py
[2024-05-21T05:48:45.115+0000] {processor.py:840} INFO - DAG(s) 'example_complex' retrieved from /home/airflow/.local/lib/python3.9/site-packages/airflow/example_dags/example_complex.py
[2024-05-21T05:48:45.196+0000] {logging_mixin.py:188} INFO - [2024-05-21T05:48:45.196+0000] {dag.py:3047} INFO - Sync 1 DAGs
[2024-05-21T05:48:45.204+0000] {logging_mixin.py:188} INFO - [2024-05-21T05:48:45.204+0000] {dag.py:3834} INFO - Setting next_dagrun for example_complex to None, run_after=None
[2024-05-21T05:48:45.221+0000] {processor.py:183} INFO - Processing /home/airflow/.local/lib/python3.9/site-packages/airflow/example_dags/example_complex.py took 0.119 seconds
[2024-05-21T05:49:15.570+0000] {processor.py:161} INFO - Started process (PID=175) to work on /home/airflow/.local/lib/python3.9/site-packages/airflow/example_dags/example_complex.py
[2024-05-21T05:49:15.571+0000] {processor.py:830} INFO - Processing file /home/airflow/.local/lib/python3.9/site-packages/airflow/example_dags/example_complex.py for tasks to queue
[2024-05-21T05:49:15.573+0000] {logging_mixin.py:188} INFO - [2024-05-21T05:49:15.573+0000] {dagbag.py:540} INFO - Filling up the DagBag from /home/airflow/.local/lib/python3.9/site-packages/airflow/example_dags/example_complex.py
[2024-05-21T05:49:15.581+0000] {processor.py:840} INFO - DAG(s) 'example_complex' retrieved from /home/airflow/.local/lib/python3.9/site-packages/airflow/example_dags/example_complex.py
[2024-05-21T05:49:15.605+0000] {logging_mixin.py:188} INFO - [2024-05-21T05:49:15.605+0000] {dag.py:3047} INFO - Sync 1 DAGs
[2024-05-21T05:49:15.615+0000] {logging_mixin.py:188} INFO - [2024-05-21T05:49:15.614+0000] {dag.py:3834} INFO - Setting next_dagrun for example_complex to None, run_after=None
[2024-05-21T05:49:15.633+0000] {processor.py:183} INFO - Processing /home/airflow/.local/lib/python3.9/site-packages/airflow/example_dags/example_complex.py took 0.065 seconds
[2024-05-21T05:49:46.080+0000] {processor.py:161} INFO - Started process (PID=236) to work on /home/airflow/.local/lib/python3.9/site-packages/airflow/example_dags/example_complex.py
[2024-05-21T05:49:46.082+0000] {processor.py:830} INFO - Processing file /home/airflow/.local/lib/python3.9/site-packages/airflow/example_dags/example_complex.py for tasks to queue
[2024-05-21T05:49:46.084+0000] {logging_mixin.py:188} INFO - [2024-05-21T05:49:46.084+0000] {dagbag.py:540} INFO - Filling up the DagBag from /home/airflow/.local/lib/python3.9/site-packages/airflow/example_dags/example_complex.py
[2024-05-21T05:49:46.093+0000] {processor.py:840} INFO - DAG(s) 'example_complex' retrieved from /home/airflow/.local/lib/python3.9/site-packages/airflow/example_dags/example_complex.py
[2024-05-21T05:49:46.119+0000] {logging_mixin.py:188} INFO - [2024-05-21T05:49:46.118+0000] {dag.py:3047} INFO - Sync 1 DAGs
[2024-05-21T05:49:46.128+0000] {logging_mixin.py:188} INFO - [2024-05-21T05:49:46.128+0000] {dag.py:3834} INFO - Setting next_dagrun for example_complex to None, run_after=None
[2024-05-21T05:49:46.145+0000] {processor.py:183} INFO - Processing /home/airflow/.local/lib/python3.9/site-packages/airflow/example_dags/example_complex.py took 0.067 seconds
[2024-05-21T05:50:17.020+0000] {processor.py:161} INFO - Started process (PID=293) to work on /home/airflow/.local/lib/python3.9/site-packages/airflow/example_dags/example_complex.py
[2024-05-21T05:50:17.022+0000] {processor.py:830} INFO - Processing file /home/airflow/.local/lib/python3.9/site-packages/airflow/example_dags/example_complex.py for tasks to queue
[2024-05-21T05:50:17.023+0000] {logging_mixin.py:188} INFO - [2024-05-21T05:50:17.023+0000] {dagbag.py:540} INFO - Filling up the DagBag from /home/airflow/.local/lib/python3.9/site-packages/airflow/example_dags/example_complex.py
[2024-05-21T05:50:17.031+0000] {processor.py:840} INFO - DAG(s) 'example_complex' retrieved from /home/airflow/.local/lib/python3.9/site-packages/airflow/example_dags/example_complex.py
[2024-05-21T05:50:17.057+0000] {logging_mixin.py:188} INFO - [2024-05-21T05:50:17.057+0000] {dag.py:3047} INFO - Sync 1 DAGs
[2024-05-21T05:50:17.068+0000] {logging_mixin.py:188} INFO - [2024-05-21T05:50:17.067+0000] {dag.py:3834} INFO - Setting next_dagrun for example_complex to None, run_after=None
[2024-05-21T05:50:17.086+0000] {processor.py:183} INFO - Processing /home/airflow/.local/lib/python3.9/site-packages/airflow/example_dags/example_complex.py took 0.068 seconds
[2024-05-21T05:50:47.667+0000] {processor.py:161} INFO - Started process (PID=354) to work on /home/airflow/.local/lib/python3.9/site-packages/airflow/example_dags/example_complex.py
[2024-05-21T05:50:47.668+0000] {processor.py:830} INFO - Processing file /home/airflow/.local/lib/python3.9/site-packages/airflow/example_dags/example_complex.py for tasks to queue
[2024-05-21T05:50:47.669+0000] {logging_mixin.py:188} INFO - [2024-05-21T05:50:47.669+0000] {dagbag.py:540} INFO - Filling up the DagBag from /home/airflow/.local/lib/python3.9/site-packages/airflow/example_dags/example_complex.py
[2024-05-21T05:50:47.680+0000] {processor.py:840} INFO - DAG(s) 'example_complex' retrieved from /home/airflow/.local/lib/python3.9/site-packages/airflow/example_dags/example_complex.py
[2024-05-21T05:50:47.704+0000] {logging_mixin.py:188} INFO - [2024-05-21T05:50:47.703+0000] {dag.py:3047} INFO - Sync 1 DAGs
[2024-05-21T05:50:47.713+0000] {logging_mixin.py:188} INFO - [2024-05-21T05:50:47.712+0000] {dag.py:3834} INFO - Setting next_dagrun for example_complex to None, run_after=None
[2024-05-21T05:50:47.727+0000] {processor.py:183} INFO - Processing /home/airflow/.local/lib/python3.9/site-packages/airflow/example_dags/example_complex.py took 0.063 seconds
[2024-05-21T05:51:18.230+0000] {processor.py:161} INFO - Started process (PID=411) to work on /home/airflow/.local/lib/python3.9/site-packages/airflow/example_dags/example_complex.py
[2024-05-21T05:51:18.231+0000] {processor.py:830} INFO - Processing file /home/airflow/.local/lib/python3.9/site-packages/airflow/example_dags/example_complex.py for tasks to queue
[2024-05-21T05:51:18.233+0000] {logging_mixin.py:188} INFO - [2024-05-21T05:51:18.232+0000] {dagbag.py:540} INFO - Filling up the DagBag from /home/airflow/.local/lib/python3.9/site-packages/airflow/example_dags/example_complex.py
[2024-05-21T05:51:18.241+0000] {processor.py:840} INFO - DAG(s) 'example_complex' retrieved from /home/airflow/.local/lib/python3.9/site-packages/airflow/example_dags/example_complex.py
[2024-05-21T05:51:18.263+0000] {logging_mixin.py:188} INFO - [2024-05-21T05:51:18.263+0000] {dag.py:3047} INFO - Sync 1 DAGs
[2024-05-21T05:51:18.272+0000] {logging_mixin.py:188} INFO - [2024-05-21T05:51:18.272+0000] {dag.py:3834} INFO - Setting next_dagrun for example_complex to None, run_after=None
[2024-05-21T05:51:18.288+0000] {processor.py:183} INFO - Processing /home/airflow/.local/lib/python3.9/site-packages/airflow/example_dags/example_complex.py took 0.060 seconds
[2024-05-21T05:51:49.119+0000] {processor.py:161} INFO - Started process (PID=468) to work on /home/airflow/.local/lib/python3.9/site-packages/airflow/example_dags/example_complex.py
[2024-05-21T05:51:49.120+0000] {processor.py:830} INFO - Processing file /home/airflow/.local/lib/python3.9/site-packages/airflow/example_dags/example_complex.py for tasks to queue
[2024-05-21T05:51:49.122+0000] {logging_mixin.py:188} INFO - [2024-05-21T05:51:49.122+0000] {dagbag.py:540} INFO - Filling up the DagBag from /home/airflow/.local/lib/python3.9/site-packages/airflow/example_dags/example_complex.py
[2024-05-21T05:51:49.131+0000] {processor.py:840} INFO - DAG(s) 'example_complex' retrieved from /home/airflow/.local/lib/python3.9/site-packages/airflow/example_dags/example_complex.py
[2024-05-21T05:51:49.159+0000] {logging_mixin.py:188} INFO - [2024-05-21T05:51:49.159+0000] {dag.py:3047} INFO - Sync 1 DAGs
[2024-05-21T05:51:49.170+0000] {logging_mixin.py:188} INFO - [2024-05-21T05:51:49.169+0000] {dag.py:3834} INFO - Setting next_dagrun for example_complex to None, run_after=None
[2024-05-21T05:51:49.194+0000] {processor.py:183} INFO - Processing /home/airflow/.local/lib/python3.9/site-packages/airflow/example_dags/example_complex.py took 0.077 seconds
