[2024-05-21T03:35:27.399+0000] {processor.py:161} INFO - Started process (PID=65) to work on /home/airflow/.local/lib/python3.9/site-packages/airflow/example_dags/example_branch_labels.py
[2024-05-21T03:35:27.400+0000] {processor.py:830} INFO - Processing file /home/airflow/.local/lib/python3.9/site-packages/airflow/example_dags/example_branch_labels.py for tasks to queue
[2024-05-21T03:35:27.402+0000] {logging_mixin.py:188} INFO - [2024-05-21T03:35:27.402+0000] {dagbag.py:540} INFO - Filling up the DagBag from /home/airflow/.local/lib/python3.9/site-packages/airflow/example_dags/example_branch_labels.py
[2024-05-21T03:35:27.414+0000] {processor.py:840} INFO - DAG(s) 'example_branch_labels' retrieved from /home/airflow/.local/lib/python3.9/site-packages/airflow/example_dags/example_branch_labels.py
[2024-05-21T03:35:27.502+0000] {logging_mixin.py:188} INFO - [2024-05-21T03:35:27.502+0000] {dag.py:3047} INFO - Sync 1 DAGs
[2024-05-21T03:35:27.525+0000] {logging_mixin.py:188} INFO - [2024-05-21T03:35:27.525+0000] {dag.py:3834} INFO - Setting next_dagrun for example_branch_labels to 2024-05-20 00:00:00+00:00, run_after=2024-05-21 00:00:00+00:00
[2024-05-21T03:35:27.575+0000] {processor.py:183} INFO - Processing /home/airflow/.local/lib/python3.9/site-packages/airflow/example_dags/example_branch_labels.py took 0.178 seconds
[2024-05-21T03:36:06.770+0000] {processor.py:161} INFO - Started process (PID=122) to work on /home/airflow/.local/lib/python3.9/site-packages/airflow/example_dags/example_branch_labels.py
[2024-05-21T03:36:06.772+0000] {processor.py:830} INFO - Processing file /home/airflow/.local/lib/python3.9/site-packages/airflow/example_dags/example_branch_labels.py for tasks to queue
[2024-05-21T03:36:06.774+0000] {logging_mixin.py:188} INFO - [2024-05-21T03:36:06.774+0000] {dagbag.py:540} INFO - Filling up the DagBag from /home/airflow/.local/lib/python3.9/site-packages/airflow/example_dags/example_branch_labels.py
[2024-05-21T03:36:06.782+0000] {processor.py:840} INFO - DAG(s) 'example_branch_labels' retrieved from /home/airflow/.local/lib/python3.9/site-packages/airflow/example_dags/example_branch_labels.py
[2024-05-21T03:36:06.808+0000] {logging_mixin.py:188} INFO - [2024-05-21T03:36:06.808+0000] {dag.py:3047} INFO - Sync 1 DAGs
[2024-05-21T03:36:06.831+0000] {logging_mixin.py:188} INFO - [2024-05-21T03:36:06.831+0000] {dag.py:3834} INFO - Setting next_dagrun for example_branch_labels to 2024-05-20 00:00:00+00:00, run_after=2024-05-21 00:00:00+00:00
[2024-05-21T03:36:06.853+0000] {processor.py:183} INFO - Processing /home/airflow/.local/lib/python3.9/site-packages/airflow/example_dags/example_branch_labels.py took 0.086 seconds
[2024-05-21T03:36:40.614+0000] {processor.py:161} INFO - Started process (PID=185) to work on /home/airflow/.local/lib/python3.9/site-packages/airflow/example_dags/example_branch_labels.py
[2024-05-21T03:36:40.640+0000] {processor.py:830} INFO - Processing file /home/airflow/.local/lib/python3.9/site-packages/airflow/example_dags/example_branch_labels.py for tasks to queue
[2024-05-21T03:36:40.642+0000] {logging_mixin.py:188} INFO - [2024-05-21T03:36:40.641+0000] {dagbag.py:540} INFO - Filling up the DagBag from /home/airflow/.local/lib/python3.9/site-packages/airflow/example_dags/example_branch_labels.py
[2024-05-21T03:36:40.663+0000] {processor.py:840} INFO - DAG(s) 'example_branch_labels' retrieved from /home/airflow/.local/lib/python3.9/site-packages/airflow/example_dags/example_branch_labels.py
[2024-05-21T03:36:40.866+0000] {logging_mixin.py:188} INFO - [2024-05-21T03:36:40.866+0000] {dag.py:3047} INFO - Sync 1 DAGs
[2024-05-21T03:36:41.010+0000] {logging_mixin.py:188} INFO - [2024-05-21T03:36:41.010+0000] {dag.py:3834} INFO - Setting next_dagrun for example_branch_labels to 2024-05-20 00:00:00+00:00, run_after=2024-05-21 00:00:00+00:00
[2024-05-21T03:36:41.111+0000] {processor.py:183} INFO - Processing /home/airflow/.local/lib/python3.9/site-packages/airflow/example_dags/example_branch_labels.py took 0.500 seconds
[2024-05-21T03:37:36.933+0000] {processor.py:161} INFO - Started process (PID=249) to work on /home/airflow/.local/lib/python3.9/site-packages/airflow/example_dags/example_branch_labels.py
[2024-05-21T03:37:36.935+0000] {processor.py:830} INFO - Processing file /home/airflow/.local/lib/python3.9/site-packages/airflow/example_dags/example_branch_labels.py for tasks to queue
[2024-05-21T03:37:36.977+0000] {logging_mixin.py:188} INFO - [2024-05-21T03:37:36.971+0000] {dagbag.py:540} INFO - Filling up the DagBag from /home/airflow/.local/lib/python3.9/site-packages/airflow/example_dags/example_branch_labels.py
[2024-05-21T03:37:37.100+0000] {processor.py:840} INFO - DAG(s) 'example_branch_labels' retrieved from /home/airflow/.local/lib/python3.9/site-packages/airflow/example_dags/example_branch_labels.py
[2024-05-21T03:37:37.267+0000] {logging_mixin.py:188} INFO - [2024-05-21T03:37:37.264+0000] {dag.py:3047} INFO - Sync 1 DAGs
[2024-05-21T03:37:37.345+0000] {logging_mixin.py:188} INFO - [2024-05-21T03:37:37.344+0000] {dag.py:3834} INFO - Setting next_dagrun for example_branch_labels to 2024-05-20 00:00:00+00:00, run_after=2024-05-21 00:00:00+00:00
[2024-05-21T03:37:37.453+0000] {processor.py:183} INFO - Processing /home/airflow/.local/lib/python3.9/site-packages/airflow/example_dags/example_branch_labels.py took 0.532 seconds
[2024-05-21T03:38:28.429+0000] {processor.py:161} INFO - Started process (PID=306) to work on /home/airflow/.local/lib/python3.9/site-packages/airflow/example_dags/example_branch_labels.py
[2024-05-21T03:38:28.447+0000] {processor.py:830} INFO - Processing file /home/airflow/.local/lib/python3.9/site-packages/airflow/example_dags/example_branch_labels.py for tasks to queue
[2024-05-21T03:38:28.468+0000] {logging_mixin.py:188} INFO - [2024-05-21T03:38:28.465+0000] {dagbag.py:540} INFO - Filling up the DagBag from /home/airflow/.local/lib/python3.9/site-packages/airflow/example_dags/example_branch_labels.py
[2024-05-21T03:38:28.513+0000] {processor.py:840} INFO - DAG(s) 'example_branch_labels' retrieved from /home/airflow/.local/lib/python3.9/site-packages/airflow/example_dags/example_branch_labels.py
[2024-05-21T03:38:28.752+0000] {logging_mixin.py:188} INFO - [2024-05-21T03:38:28.751+0000] {dag.py:3047} INFO - Sync 1 DAGs
[2024-05-21T03:38:29.057+0000] {logging_mixin.py:188} INFO - [2024-05-21T03:38:29.054+0000] {dag.py:3834} INFO - Setting next_dagrun for example_branch_labels to 2024-05-20 00:00:00+00:00, run_after=2024-05-21 00:00:00+00:00
[2024-05-21T03:38:29.277+0000] {processor.py:183} INFO - Processing /home/airflow/.local/lib/python3.9/site-packages/airflow/example_dags/example_branch_labels.py took 0.962 seconds
[2024-05-21T03:38:59.941+0000] {processor.py:161} INFO - Started process (PID=371) to work on /home/airflow/.local/lib/python3.9/site-packages/airflow/example_dags/example_branch_labels.py
[2024-05-21T03:38:59.944+0000] {processor.py:830} INFO - Processing file /home/airflow/.local/lib/python3.9/site-packages/airflow/example_dags/example_branch_labels.py for tasks to queue
[2024-05-21T03:38:59.947+0000] {logging_mixin.py:188} INFO - [2024-05-21T03:38:59.947+0000] {dagbag.py:540} INFO - Filling up the DagBag from /home/airflow/.local/lib/python3.9/site-packages/airflow/example_dags/example_branch_labels.py
[2024-05-21T03:38:59.962+0000] {processor.py:840} INFO - DAG(s) 'example_branch_labels' retrieved from /home/airflow/.local/lib/python3.9/site-packages/airflow/example_dags/example_branch_labels.py
[2024-05-21T03:39:00.034+0000] {logging_mixin.py:188} INFO - [2024-05-21T03:39:00.034+0000] {dag.py:3047} INFO - Sync 1 DAGs
[2024-05-21T03:39:00.084+0000] {logging_mixin.py:188} INFO - [2024-05-21T03:39:00.084+0000] {dag.py:3834} INFO - Setting next_dagrun for example_branch_labels to 2024-05-20 00:00:00+00:00, run_after=2024-05-21 00:00:00+00:00
[2024-05-21T03:39:00.228+0000] {processor.py:183} INFO - Processing /home/airflow/.local/lib/python3.9/site-packages/airflow/example_dags/example_branch_labels.py took 0.292 seconds
[2024-05-21T05:48:14.434+0000] {processor.py:161} INFO - Started process (PID=65) to work on /home/airflow/.local/lib/python3.9/site-packages/airflow/example_dags/example_branch_labels.py
[2024-05-21T05:48:14.436+0000] {processor.py:830} INFO - Processing file /home/airflow/.local/lib/python3.9/site-packages/airflow/example_dags/example_branch_labels.py for tasks to queue
[2024-05-21T05:48:14.438+0000] {logging_mixin.py:188} INFO - [2024-05-21T05:48:14.437+0000] {dagbag.py:540} INFO - Filling up the DagBag from /home/airflow/.local/lib/python3.9/site-packages/airflow/example_dags/example_branch_labels.py
[2024-05-21T05:48:14.444+0000] {processor.py:840} INFO - DAG(s) 'example_branch_labels' retrieved from /home/airflow/.local/lib/python3.9/site-packages/airflow/example_dags/example_branch_labels.py
[2024-05-21T05:48:14.456+0000] {logging_mixin.py:188} INFO - [2024-05-21T05:48:14.455+0000] {dag.py:3047} INFO - Sync 1 DAGs
[2024-05-21T05:48:14.474+0000] {logging_mixin.py:188} INFO - [2024-05-21T05:48:14.474+0000] {dag.py:3834} INFO - Setting next_dagrun for example_branch_labels to 2024-05-20 00:00:00+00:00, run_after=2024-05-21 00:00:00+00:00
[2024-05-21T05:48:14.489+0000] {processor.py:183} INFO - Processing /home/airflow/.local/lib/python3.9/site-packages/airflow/example_dags/example_branch_labels.py took 0.057 seconds
[2024-05-21T05:48:45.384+0000] {processor.py:161} INFO - Started process (PID=122) to work on /home/airflow/.local/lib/python3.9/site-packages/airflow/example_dags/example_branch_labels.py
[2024-05-21T05:48:45.385+0000] {processor.py:830} INFO - Processing file /home/airflow/.local/lib/python3.9/site-packages/airflow/example_dags/example_branch_labels.py for tasks to queue
[2024-05-21T05:48:45.387+0000] {logging_mixin.py:188} INFO - [2024-05-21T05:48:45.387+0000] {dagbag.py:540} INFO - Filling up the DagBag from /home/airflow/.local/lib/python3.9/site-packages/airflow/example_dags/example_branch_labels.py
[2024-05-21T05:48:45.393+0000] {processor.py:840} INFO - DAG(s) 'example_branch_labels' retrieved from /home/airflow/.local/lib/python3.9/site-packages/airflow/example_dags/example_branch_labels.py
[2024-05-21T05:48:45.463+0000] {logging_mixin.py:188} INFO - [2024-05-21T05:48:45.463+0000] {dag.py:3047} INFO - Sync 1 DAGs
[2024-05-21T05:48:45.480+0000] {logging_mixin.py:188} INFO - [2024-05-21T05:48:45.480+0000] {dag.py:3834} INFO - Setting next_dagrun for example_branch_labels to 2024-05-20 00:00:00+00:00, run_after=2024-05-21 00:00:00+00:00
[2024-05-21T05:48:45.495+0000] {processor.py:183} INFO - Processing /home/airflow/.local/lib/python3.9/site-packages/airflow/example_dags/example_branch_labels.py took 0.114 seconds
[2024-05-21T05:49:15.769+0000] {processor.py:161} INFO - Started process (PID=179) to work on /home/airflow/.local/lib/python3.9/site-packages/airflow/example_dags/example_branch_labels.py
[2024-05-21T05:49:15.771+0000] {processor.py:830} INFO - Processing file /home/airflow/.local/lib/python3.9/site-packages/airflow/example_dags/example_branch_labels.py for tasks to queue
[2024-05-21T05:49:15.772+0000] {logging_mixin.py:188} INFO - [2024-05-21T05:49:15.772+0000] {dagbag.py:540} INFO - Filling up the DagBag from /home/airflow/.local/lib/python3.9/site-packages/airflow/example_dags/example_branch_labels.py
[2024-05-21T05:49:15.778+0000] {processor.py:840} INFO - DAG(s) 'example_branch_labels' retrieved from /home/airflow/.local/lib/python3.9/site-packages/airflow/example_dags/example_branch_labels.py
[2024-05-21T05:49:15.794+0000] {logging_mixin.py:188} INFO - [2024-05-21T05:49:15.794+0000] {dag.py:3047} INFO - Sync 1 DAGs
[2024-05-21T05:49:15.810+0000] {logging_mixin.py:188} INFO - [2024-05-21T05:49:15.810+0000] {dag.py:3834} INFO - Setting next_dagrun for example_branch_labels to 2024-05-20 00:00:00+00:00, run_after=2024-05-21 00:00:00+00:00
[2024-05-21T05:49:15.832+0000] {processor.py:183} INFO - Processing /home/airflow/.local/lib/python3.9/site-packages/airflow/example_dags/example_branch_labels.py took 0.065 seconds
[2024-05-21T05:49:46.260+0000] {processor.py:161} INFO - Started process (PID=240) to work on /home/airflow/.local/lib/python3.9/site-packages/airflow/example_dags/example_branch_labels.py
[2024-05-21T05:49:46.262+0000] {processor.py:830} INFO - Processing file /home/airflow/.local/lib/python3.9/site-packages/airflow/example_dags/example_branch_labels.py for tasks to queue
[2024-05-21T05:49:46.263+0000] {logging_mixin.py:188} INFO - [2024-05-21T05:49:46.263+0000] {dagbag.py:540} INFO - Filling up the DagBag from /home/airflow/.local/lib/python3.9/site-packages/airflow/example_dags/example_branch_labels.py
[2024-05-21T05:49:46.272+0000] {processor.py:840} INFO - DAG(s) 'example_branch_labels' retrieved from /home/airflow/.local/lib/python3.9/site-packages/airflow/example_dags/example_branch_labels.py
[2024-05-21T05:49:46.290+0000] {logging_mixin.py:188} INFO - [2024-05-21T05:49:46.290+0000] {dag.py:3047} INFO - Sync 1 DAGs
[2024-05-21T05:49:46.308+0000] {logging_mixin.py:188} INFO - [2024-05-21T05:49:46.308+0000] {dag.py:3834} INFO - Setting next_dagrun for example_branch_labels to 2024-05-20 00:00:00+00:00, run_after=2024-05-21 00:00:00+00:00
[2024-05-21T05:49:46.325+0000] {processor.py:183} INFO - Processing /home/airflow/.local/lib/python3.9/site-packages/airflow/example_dags/example_branch_labels.py took 0.067 seconds
[2024-05-21T05:50:17.209+0000] {processor.py:161} INFO - Started process (PID=297) to work on /home/airflow/.local/lib/python3.9/site-packages/airflow/example_dags/example_branch_labels.py
[2024-05-21T05:50:17.211+0000] {processor.py:830} INFO - Processing file /home/airflow/.local/lib/python3.9/site-packages/airflow/example_dags/example_branch_labels.py for tasks to queue
[2024-05-21T05:50:17.213+0000] {logging_mixin.py:188} INFO - [2024-05-21T05:50:17.212+0000] {dagbag.py:540} INFO - Filling up the DagBag from /home/airflow/.local/lib/python3.9/site-packages/airflow/example_dags/example_branch_labels.py
[2024-05-21T05:50:17.219+0000] {processor.py:840} INFO - DAG(s) 'example_branch_labels' retrieved from /home/airflow/.local/lib/python3.9/site-packages/airflow/example_dags/example_branch_labels.py
[2024-05-21T05:50:17.236+0000] {logging_mixin.py:188} INFO - [2024-05-21T05:50:17.236+0000] {dag.py:3047} INFO - Sync 1 DAGs
[2024-05-21T05:50:17.256+0000] {logging_mixin.py:188} INFO - [2024-05-21T05:50:17.256+0000] {dag.py:3834} INFO - Setting next_dagrun for example_branch_labels to 2024-05-20 00:00:00+00:00, run_after=2024-05-21 00:00:00+00:00
[2024-05-21T05:50:17.271+0000] {processor.py:183} INFO - Processing /home/airflow/.local/lib/python3.9/site-packages/airflow/example_dags/example_branch_labels.py took 0.065 seconds
[2024-05-21T05:50:47.840+0000] {processor.py:161} INFO - Started process (PID=358) to work on /home/airflow/.local/lib/python3.9/site-packages/airflow/example_dags/example_branch_labels.py
[2024-05-21T05:50:47.841+0000] {processor.py:830} INFO - Processing file /home/airflow/.local/lib/python3.9/site-packages/airflow/example_dags/example_branch_labels.py for tasks to queue
[2024-05-21T05:50:47.843+0000] {logging_mixin.py:188} INFO - [2024-05-21T05:50:47.843+0000] {dagbag.py:540} INFO - Filling up the DagBag from /home/airflow/.local/lib/python3.9/site-packages/airflow/example_dags/example_branch_labels.py
[2024-05-21T05:50:47.849+0000] {processor.py:840} INFO - DAG(s) 'example_branch_labels' retrieved from /home/airflow/.local/lib/python3.9/site-packages/airflow/example_dags/example_branch_labels.py
[2024-05-21T05:50:47.868+0000] {logging_mixin.py:188} INFO - [2024-05-21T05:50:47.868+0000] {dag.py:3047} INFO - Sync 1 DAGs
[2024-05-21T05:50:47.885+0000] {logging_mixin.py:188} INFO - [2024-05-21T05:50:47.885+0000] {dag.py:3834} INFO - Setting next_dagrun for example_branch_labels to 2024-05-20 00:00:00+00:00, run_after=2024-05-21 00:00:00+00:00
[2024-05-21T05:50:47.900+0000] {processor.py:183} INFO - Processing /home/airflow/.local/lib/python3.9/site-packages/airflow/example_dags/example_branch_labels.py took 0.062 seconds
[2024-05-21T05:51:18.390+0000] {processor.py:161} INFO - Started process (PID=415) to work on /home/airflow/.local/lib/python3.9/site-packages/airflow/example_dags/example_branch_labels.py
[2024-05-21T05:51:18.391+0000] {processor.py:830} INFO - Processing file /home/airflow/.local/lib/python3.9/site-packages/airflow/example_dags/example_branch_labels.py for tasks to queue
[2024-05-21T05:51:18.393+0000] {logging_mixin.py:188} INFO - [2024-05-21T05:51:18.393+0000] {dagbag.py:540} INFO - Filling up the DagBag from /home/airflow/.local/lib/python3.9/site-packages/airflow/example_dags/example_branch_labels.py
[2024-05-21T05:51:18.399+0000] {processor.py:840} INFO - DAG(s) 'example_branch_labels' retrieved from /home/airflow/.local/lib/python3.9/site-packages/airflow/example_dags/example_branch_labels.py
[2024-05-21T05:51:18.415+0000] {logging_mixin.py:188} INFO - [2024-05-21T05:51:18.415+0000] {dag.py:3047} INFO - Sync 1 DAGs
[2024-05-21T05:51:18.432+0000] {logging_mixin.py:188} INFO - [2024-05-21T05:51:18.432+0000] {dag.py:3834} INFO - Setting next_dagrun for example_branch_labels to 2024-05-20 00:00:00+00:00, run_after=2024-05-21 00:00:00+00:00
[2024-05-21T05:51:18.448+0000] {processor.py:183} INFO - Processing /home/airflow/.local/lib/python3.9/site-packages/airflow/example_dags/example_branch_labels.py took 0.060 seconds
[2024-05-21T05:51:49.314+0000] {processor.py:161} INFO - Started process (PID=472) to work on /home/airflow/.local/lib/python3.9/site-packages/airflow/example_dags/example_branch_labels.py
[2024-05-21T05:51:49.315+0000] {processor.py:830} INFO - Processing file /home/airflow/.local/lib/python3.9/site-packages/airflow/example_dags/example_branch_labels.py for tasks to queue
[2024-05-21T05:51:49.317+0000] {logging_mixin.py:188} INFO - [2024-05-21T05:51:49.317+0000] {dagbag.py:540} INFO - Filling up the DagBag from /home/airflow/.local/lib/python3.9/site-packages/airflow/example_dags/example_branch_labels.py
[2024-05-21T05:51:49.324+0000] {processor.py:840} INFO - DAG(s) 'example_branch_labels' retrieved from /home/airflow/.local/lib/python3.9/site-packages/airflow/example_dags/example_branch_labels.py
[2024-05-21T05:51:49.340+0000] {logging_mixin.py:188} INFO - [2024-05-21T05:51:49.340+0000] {dag.py:3047} INFO - Sync 1 DAGs
[2024-05-21T05:51:49.358+0000] {logging_mixin.py:188} INFO - [2024-05-21T05:51:49.358+0000] {dag.py:3834} INFO - Setting next_dagrun for example_branch_labels to 2024-05-20 00:00:00+00:00, run_after=2024-05-21 00:00:00+00:00
[2024-05-21T05:51:49.372+0000] {processor.py:183} INFO - Processing /home/airflow/.local/lib/python3.9/site-packages/airflow/example_dags/example_branch_labels.py took 0.061 seconds
