[2024-05-21T03:35:24.924+0000] {processor.py:161} INFO - Started process (PID=47) to work on /home/airflow/.local/lib/python3.9/site-packages/airflow/example_dags/example_trigger_controller_dag.py
[2024-05-21T03:35:24.925+0000] {processor.py:830} INFO - Processing file /home/airflow/.local/lib/python3.9/site-packages/airflow/example_dags/example_trigger_controller_dag.py for tasks to queue
[2024-05-21T03:35:24.928+0000] {logging_mixin.py:188} INFO - [2024-05-21T03:35:24.927+0000] {dagbag.py:540} INFO - Filling up the DagBag from /home/airflow/.local/lib/python3.9/site-packages/airflow/example_dags/example_trigger_controller_dag.py
[2024-05-21T03:35:24.945+0000] {processor.py:840} INFO - DAG(s) 'example_trigger_controller_dag' retrieved from /home/airflow/.local/lib/python3.9/site-packages/airflow/example_dags/example_trigger_controller_dag.py
[2024-05-21T03:35:25.044+0000] {logging_mixin.py:188} INFO - [2024-05-21T03:35:25.044+0000] {dag.py:3047} INFO - Sync 1 DAGs
[2024-05-21T03:35:25.064+0000] {logging_mixin.py:188} INFO - [2024-05-21T03:35:25.064+0000] {dag.py:3834} INFO - Setting next_dagrun for example_trigger_controller_dag to 2021-01-01 00:00:00+00:00, run_after=2021-01-01 00:00:00+00:00
[2024-05-21T03:35:25.195+0000] {processor.py:183} INFO - Processing /home/airflow/.local/lib/python3.9/site-packages/airflow/example_dags/example_trigger_controller_dag.py took 0.274 seconds
[2024-05-21T03:36:03.970+0000] {processor.py:161} INFO - Started process (PID=104) to work on /home/airflow/.local/lib/python3.9/site-packages/airflow/example_dags/example_trigger_controller_dag.py
[2024-05-21T03:36:03.981+0000] {processor.py:830} INFO - Processing file /home/airflow/.local/lib/python3.9/site-packages/airflow/example_dags/example_trigger_controller_dag.py for tasks to queue
[2024-05-21T03:36:03.988+0000] {logging_mixin.py:188} INFO - [2024-05-21T03:36:03.987+0000] {dagbag.py:540} INFO - Filling up the DagBag from /home/airflow/.local/lib/python3.9/site-packages/airflow/example_dags/example_trigger_controller_dag.py
[2024-05-21T03:36:04.028+0000] {processor.py:840} INFO - DAG(s) 'example_trigger_controller_dag' retrieved from /home/airflow/.local/lib/python3.9/site-packages/airflow/example_dags/example_trigger_controller_dag.py
[2024-05-21T03:36:04.273+0000] {logging_mixin.py:188} INFO - [2024-05-21T03:36:04.272+0000] {dag.py:3047} INFO - Sync 1 DAGs
[2024-05-21T03:36:04.451+0000] {logging_mixin.py:188} INFO - [2024-05-21T03:36:04.450+0000] {dag.py:3834} INFO - Setting next_dagrun for example_trigger_controller_dag to 2021-01-01 00:00:00+00:00, run_after=2021-01-01 00:00:00+00:00
[2024-05-21T03:36:04.527+0000] {processor.py:183} INFO - Processing /home/airflow/.local/lib/python3.9/site-packages/airflow/example_dags/example_trigger_controller_dag.py took 0.562 seconds
[2024-05-21T03:36:35.185+0000] {processor.py:161} INFO - Started process (PID=159) to work on /home/airflow/.local/lib/python3.9/site-packages/airflow/example_dags/example_trigger_controller_dag.py
[2024-05-21T03:36:35.211+0000] {processor.py:830} INFO - Processing file /home/airflow/.local/lib/python3.9/site-packages/airflow/example_dags/example_trigger_controller_dag.py for tasks to queue
[2024-05-21T03:36:35.214+0000] {logging_mixin.py:188} INFO - [2024-05-21T03:36:35.213+0000] {dagbag.py:540} INFO - Filling up the DagBag from /home/airflow/.local/lib/python3.9/site-packages/airflow/example_dags/example_trigger_controller_dag.py
[2024-05-21T03:36:35.233+0000] {processor.py:840} INFO - DAG(s) 'example_trigger_controller_dag' retrieved from /home/airflow/.local/lib/python3.9/site-packages/airflow/example_dags/example_trigger_controller_dag.py
[2024-05-21T03:36:35.250+0000] {logging_mixin.py:188} INFO - [2024-05-21T03:36:35.249+0000] {dag.py:3047} INFO - Sync 1 DAGs
[2024-05-21T03:36:35.271+0000] {logging_mixin.py:188} INFO - [2024-05-21T03:36:35.271+0000] {dag.py:3834} INFO - Setting next_dagrun for example_trigger_controller_dag to 2021-01-01 00:00:00+00:00, run_after=2021-01-01 00:00:00+00:00
[2024-05-21T03:36:35.387+0000] {processor.py:183} INFO - Processing /home/airflow/.local/lib/python3.9/site-packages/airflow/example_dags/example_trigger_controller_dag.py took 0.205 seconds
[2024-05-21T03:37:33.504+0000] {processor.py:161} INFO - Started process (PID=231) to work on /home/airflow/.local/lib/python3.9/site-packages/airflow/example_dags/example_trigger_controller_dag.py
[2024-05-21T03:37:33.508+0000] {processor.py:830} INFO - Processing file /home/airflow/.local/lib/python3.9/site-packages/airflow/example_dags/example_trigger_controller_dag.py for tasks to queue
[2024-05-21T03:37:33.515+0000] {logging_mixin.py:188} INFO - [2024-05-21T03:37:33.514+0000] {dagbag.py:540} INFO - Filling up the DagBag from /home/airflow/.local/lib/python3.9/site-packages/airflow/example_dags/example_trigger_controller_dag.py
[2024-05-21T03:37:33.544+0000] {processor.py:840} INFO - DAG(s) 'example_trigger_controller_dag' retrieved from /home/airflow/.local/lib/python3.9/site-packages/airflow/example_dags/example_trigger_controller_dag.py
[2024-05-21T03:37:33.627+0000] {logging_mixin.py:188} INFO - [2024-05-21T03:37:33.626+0000] {dag.py:3047} INFO - Sync 1 DAGs
[2024-05-21T03:37:33.890+0000] {logging_mixin.py:188} INFO - [2024-05-21T03:37:33.889+0000] {dag.py:3834} INFO - Setting next_dagrun for example_trigger_controller_dag to 2021-01-01 00:00:00+00:00, run_after=2021-01-01 00:00:00+00:00
[2024-05-21T03:37:33.921+0000] {processor.py:183} INFO - Processing /home/airflow/.local/lib/python3.9/site-packages/airflow/example_dags/example_trigger_controller_dag.py took 0.431 seconds
[2024-05-21T03:38:06.374+0000] {processor.py:161} INFO - Started process (PID=288) to work on /home/airflow/.local/lib/python3.9/site-packages/airflow/example_dags/example_trigger_controller_dag.py
[2024-05-21T03:38:06.389+0000] {processor.py:830} INFO - Processing file /home/airflow/.local/lib/python3.9/site-packages/airflow/example_dags/example_trigger_controller_dag.py for tasks to queue
[2024-05-21T03:38:06.412+0000] {logging_mixin.py:188} INFO - [2024-05-21T03:38:06.411+0000] {dagbag.py:540} INFO - Filling up the DagBag from /home/airflow/.local/lib/python3.9/site-packages/airflow/example_dags/example_trigger_controller_dag.py
[2024-05-21T03:38:06.534+0000] {processor.py:840} INFO - DAG(s) 'example_trigger_controller_dag' retrieved from /home/airflow/.local/lib/python3.9/site-packages/airflow/example_dags/example_trigger_controller_dag.py
[2024-05-21T03:38:06.673+0000] {logging_mixin.py:188} INFO - [2024-05-21T03:38:06.672+0000] {dag.py:3047} INFO - Sync 1 DAGs
[2024-05-21T03:38:06.843+0000] {logging_mixin.py:188} INFO - [2024-05-21T03:38:06.842+0000] {dag.py:3834} INFO - Setting next_dagrun for example_trigger_controller_dag to 2021-01-01 00:00:00+00:00, run_after=2021-01-01 00:00:00+00:00
[2024-05-21T03:38:06.925+0000] {processor.py:183} INFO - Processing /home/airflow/.local/lib/python3.9/site-packages/airflow/example_dags/example_trigger_controller_dag.py took 0.573 seconds
[2024-05-21T03:38:37.875+0000] {processor.py:161} INFO - Started process (PID=343) to work on /home/airflow/.local/lib/python3.9/site-packages/airflow/example_dags/example_trigger_controller_dag.py
[2024-05-21T03:38:37.896+0000] {processor.py:830} INFO - Processing file /home/airflow/.local/lib/python3.9/site-packages/airflow/example_dags/example_trigger_controller_dag.py for tasks to queue
[2024-05-21T03:38:37.930+0000] {logging_mixin.py:188} INFO - [2024-05-21T03:38:37.927+0000] {dagbag.py:540} INFO - Filling up the DagBag from /home/airflow/.local/lib/python3.9/site-packages/airflow/example_dags/example_trigger_controller_dag.py
[2024-05-21T03:38:38.060+0000] {processor.py:840} INFO - DAG(s) 'example_trigger_controller_dag' retrieved from /home/airflow/.local/lib/python3.9/site-packages/airflow/example_dags/example_trigger_controller_dag.py
[2024-05-21T03:38:38.262+0000] {logging_mixin.py:188} INFO - [2024-05-21T03:38:38.262+0000] {dag.py:3047} INFO - Sync 1 DAGs
[2024-05-21T03:38:38.397+0000] {logging_mixin.py:188} INFO - [2024-05-21T03:38:38.397+0000] {dag.py:3834} INFO - Setting next_dagrun for example_trigger_controller_dag to 2021-01-01 00:00:00+00:00, run_after=2021-01-01 00:00:00+00:00
[2024-05-21T03:38:38.467+0000] {processor.py:183} INFO - Processing /home/airflow/.local/lib/python3.9/site-packages/airflow/example_dags/example_trigger_controller_dag.py took 0.665 seconds
[2024-05-21T03:39:09.213+0000] {processor.py:161} INFO - Started process (PID=408) to work on /home/airflow/.local/lib/python3.9/site-packages/airflow/example_dags/example_trigger_controller_dag.py
[2024-05-21T03:39:09.285+0000] {processor.py:830} INFO - Processing file /home/airflow/.local/lib/python3.9/site-packages/airflow/example_dags/example_trigger_controller_dag.py for tasks to queue
[2024-05-21T03:39:09.287+0000] {logging_mixin.py:188} INFO - [2024-05-21T03:39:09.287+0000] {dagbag.py:540} INFO - Filling up the DagBag from /home/airflow/.local/lib/python3.9/site-packages/airflow/example_dags/example_trigger_controller_dag.py
[2024-05-21T03:39:09.292+0000] {processor.py:840} INFO - DAG(s) 'example_trigger_controller_dag' retrieved from /home/airflow/.local/lib/python3.9/site-packages/airflow/example_dags/example_trigger_controller_dag.py
[2024-05-21T03:39:09.310+0000] {logging_mixin.py:188} INFO - [2024-05-21T03:39:09.310+0000] {dag.py:3047} INFO - Sync 1 DAGs
[2024-05-21T03:39:09.329+0000] {logging_mixin.py:188} INFO - [2024-05-21T03:39:09.329+0000] {dag.py:3834} INFO - Setting next_dagrun for example_trigger_controller_dag to 2021-01-01 00:00:00+00:00, run_after=2021-01-01 00:00:00+00:00
[2024-05-21T03:39:09.705+0000] {processor.py:183} INFO - Processing /home/airflow/.local/lib/python3.9/site-packages/airflow/example_dags/example_trigger_controller_dag.py took 0.495 seconds
[2024-05-21T05:48:13.524+0000] {processor.py:161} INFO - Started process (PID=47) to work on /home/airflow/.local/lib/python3.9/site-packages/airflow/example_dags/example_trigger_controller_dag.py
[2024-05-21T05:48:13.526+0000] {processor.py:830} INFO - Processing file /home/airflow/.local/lib/python3.9/site-packages/airflow/example_dags/example_trigger_controller_dag.py for tasks to queue
[2024-05-21T05:48:13.528+0000] {logging_mixin.py:188} INFO - [2024-05-21T05:48:13.528+0000] {dagbag.py:540} INFO - Filling up the DagBag from /home/airflow/.local/lib/python3.9/site-packages/airflow/example_dags/example_trigger_controller_dag.py
[2024-05-21T05:48:13.538+0000] {processor.py:840} INFO - DAG(s) 'example_trigger_controller_dag' retrieved from /home/airflow/.local/lib/python3.9/site-packages/airflow/example_dags/example_trigger_controller_dag.py
[2024-05-21T05:48:13.555+0000] {logging_mixin.py:188} INFO - [2024-05-21T05:48:13.555+0000] {dag.py:3047} INFO - Sync 1 DAGs
[2024-05-21T05:48:13.575+0000] {logging_mixin.py:188} INFO - [2024-05-21T05:48:13.575+0000] {dag.py:3834} INFO - Setting next_dagrun for example_trigger_controller_dag to 2021-01-01 00:00:00+00:00, run_after=2021-01-01 00:00:00+00:00
[2024-05-21T05:48:13.593+0000] {processor.py:183} INFO - Processing /home/airflow/.local/lib/python3.9/site-packages/airflow/example_dags/example_trigger_controller_dag.py took 0.073 seconds
[2024-05-21T05:48:44.089+0000] {processor.py:161} INFO - Started process (PID=104) to work on /home/airflow/.local/lib/python3.9/site-packages/airflow/example_dags/example_trigger_controller_dag.py
[2024-05-21T05:48:44.091+0000] {processor.py:830} INFO - Processing file /home/airflow/.local/lib/python3.9/site-packages/airflow/example_dags/example_trigger_controller_dag.py for tasks to queue
[2024-05-21T05:48:44.092+0000] {logging_mixin.py:188} INFO - [2024-05-21T05:48:44.092+0000] {dagbag.py:540} INFO - Filling up the DagBag from /home/airflow/.local/lib/python3.9/site-packages/airflow/example_dags/example_trigger_controller_dag.py
[2024-05-21T05:48:44.096+0000] {processor.py:840} INFO - DAG(s) 'example_trigger_controller_dag' retrieved from /home/airflow/.local/lib/python3.9/site-packages/airflow/example_dags/example_trigger_controller_dag.py
[2024-05-21T05:48:44.173+0000] {logging_mixin.py:188} INFO - [2024-05-21T05:48:44.173+0000] {dag.py:3047} INFO - Sync 1 DAGs
[2024-05-21T05:48:44.189+0000] {logging_mixin.py:188} INFO - [2024-05-21T05:48:44.189+0000] {dag.py:3834} INFO - Setting next_dagrun for example_trigger_controller_dag to 2021-01-01 00:00:00+00:00, run_after=2021-01-01 00:00:00+00:00
[2024-05-21T05:48:44.205+0000] {processor.py:183} INFO - Processing /home/airflow/.local/lib/python3.9/site-packages/airflow/example_dags/example_trigger_controller_dag.py took 0.119 seconds
[2024-05-21T05:49:14.718+0000] {processor.py:161} INFO - Started process (PID=161) to work on /home/airflow/.local/lib/python3.9/site-packages/airflow/example_dags/example_trigger_controller_dag.py
[2024-05-21T05:49:14.720+0000] {processor.py:830} INFO - Processing file /home/airflow/.local/lib/python3.9/site-packages/airflow/example_dags/example_trigger_controller_dag.py for tasks to queue
[2024-05-21T05:49:14.721+0000] {logging_mixin.py:188} INFO - [2024-05-21T05:49:14.721+0000] {dagbag.py:540} INFO - Filling up the DagBag from /home/airflow/.local/lib/python3.9/site-packages/airflow/example_dags/example_trigger_controller_dag.py
[2024-05-21T05:49:14.725+0000] {processor.py:840} INFO - DAG(s) 'example_trigger_controller_dag' retrieved from /home/airflow/.local/lib/python3.9/site-packages/airflow/example_dags/example_trigger_controller_dag.py
[2024-05-21T05:49:14.741+0000] {logging_mixin.py:188} INFO - [2024-05-21T05:49:14.741+0000] {dag.py:3047} INFO - Sync 1 DAGs
[2024-05-21T05:49:14.756+0000] {logging_mixin.py:188} INFO - [2024-05-21T05:49:14.756+0000] {dag.py:3834} INFO - Setting next_dagrun for example_trigger_controller_dag to 2021-01-01 00:00:00+00:00, run_after=2021-01-01 00:00:00+00:00
[2024-05-21T05:49:14.771+0000] {processor.py:183} INFO - Processing /home/airflow/.local/lib/python3.9/site-packages/airflow/example_dags/example_trigger_controller_dag.py took 0.055 seconds
[2024-05-21T05:49:45.405+0000] {processor.py:161} INFO - Started process (PID=222) to work on /home/airflow/.local/lib/python3.9/site-packages/airflow/example_dags/example_trigger_controller_dag.py
[2024-05-21T05:49:45.407+0000] {processor.py:830} INFO - Processing file /home/airflow/.local/lib/python3.9/site-packages/airflow/example_dags/example_trigger_controller_dag.py for tasks to queue
[2024-05-21T05:49:45.409+0000] {logging_mixin.py:188} INFO - [2024-05-21T05:49:45.409+0000] {dagbag.py:540} INFO - Filling up the DagBag from /home/airflow/.local/lib/python3.9/site-packages/airflow/example_dags/example_trigger_controller_dag.py
[2024-05-21T05:49:45.413+0000] {processor.py:840} INFO - DAG(s) 'example_trigger_controller_dag' retrieved from /home/airflow/.local/lib/python3.9/site-packages/airflow/example_dags/example_trigger_controller_dag.py
[2024-05-21T05:49:45.431+0000] {logging_mixin.py:188} INFO - [2024-05-21T05:49:45.430+0000] {dag.py:3047} INFO - Sync 1 DAGs
[2024-05-21T05:49:45.451+0000] {logging_mixin.py:188} INFO - [2024-05-21T05:49:45.451+0000] {dag.py:3834} INFO - Setting next_dagrun for example_trigger_controller_dag to 2021-01-01 00:00:00+00:00, run_after=2021-01-01 00:00:00+00:00
[2024-05-21T05:49:45.469+0000] {processor.py:183} INFO - Processing /home/airflow/.local/lib/python3.9/site-packages/airflow/example_dags/example_trigger_controller_dag.py took 0.068 seconds
[2024-05-21T05:50:16.219+0000] {processor.py:161} INFO - Started process (PID=279) to work on /home/airflow/.local/lib/python3.9/site-packages/airflow/example_dags/example_trigger_controller_dag.py
[2024-05-21T05:50:16.221+0000] {processor.py:830} INFO - Processing file /home/airflow/.local/lib/python3.9/site-packages/airflow/example_dags/example_trigger_controller_dag.py for tasks to queue
[2024-05-21T05:50:16.223+0000] {logging_mixin.py:188} INFO - [2024-05-21T05:50:16.222+0000] {dagbag.py:540} INFO - Filling up the DagBag from /home/airflow/.local/lib/python3.9/site-packages/airflow/example_dags/example_trigger_controller_dag.py
[2024-05-21T05:50:16.227+0000] {processor.py:840} INFO - DAG(s) 'example_trigger_controller_dag' retrieved from /home/airflow/.local/lib/python3.9/site-packages/airflow/example_dags/example_trigger_controller_dag.py
[2024-05-21T05:50:16.244+0000] {logging_mixin.py:188} INFO - [2024-05-21T05:50:16.244+0000] {dag.py:3047} INFO - Sync 1 DAGs
[2024-05-21T05:50:16.263+0000] {logging_mixin.py:188} INFO - [2024-05-21T05:50:16.263+0000] {dag.py:3834} INFO - Setting next_dagrun for example_trigger_controller_dag to 2021-01-01 00:00:00+00:00, run_after=2021-01-01 00:00:00+00:00
[2024-05-21T05:50:16.277+0000] {processor.py:183} INFO - Processing /home/airflow/.local/lib/python3.9/site-packages/airflow/example_dags/example_trigger_controller_dag.py took 0.062 seconds
[2024-05-21T05:50:46.929+0000] {processor.py:161} INFO - Started process (PID=340) to work on /home/airflow/.local/lib/python3.9/site-packages/airflow/example_dags/example_trigger_controller_dag.py
[2024-05-21T05:50:46.930+0000] {processor.py:830} INFO - Processing file /home/airflow/.local/lib/python3.9/site-packages/airflow/example_dags/example_trigger_controller_dag.py for tasks to queue
[2024-05-21T05:50:46.931+0000] {logging_mixin.py:188} INFO - [2024-05-21T05:50:46.931+0000] {dagbag.py:540} INFO - Filling up the DagBag from /home/airflow/.local/lib/python3.9/site-packages/airflow/example_dags/example_trigger_controller_dag.py
[2024-05-21T05:50:46.935+0000] {processor.py:840} INFO - DAG(s) 'example_trigger_controller_dag' retrieved from /home/airflow/.local/lib/python3.9/site-packages/airflow/example_dags/example_trigger_controller_dag.py
[2024-05-21T05:50:46.952+0000] {logging_mixin.py:188} INFO - [2024-05-21T05:50:46.952+0000] {dag.py:3047} INFO - Sync 1 DAGs
[2024-05-21T05:50:46.968+0000] {logging_mixin.py:188} INFO - [2024-05-21T05:50:46.968+0000] {dag.py:3834} INFO - Setting next_dagrun for example_trigger_controller_dag to 2021-01-01 00:00:00+00:00, run_after=2021-01-01 00:00:00+00:00
[2024-05-21T05:50:46.985+0000] {processor.py:183} INFO - Processing /home/airflow/.local/lib/python3.9/site-packages/airflow/example_dags/example_trigger_controller_dag.py took 0.059 seconds
[2024-05-21T05:51:17.517+0000] {processor.py:161} INFO - Started process (PID=397) to work on /home/airflow/.local/lib/python3.9/site-packages/airflow/example_dags/example_trigger_controller_dag.py
[2024-05-21T05:51:17.518+0000] {processor.py:830} INFO - Processing file /home/airflow/.local/lib/python3.9/site-packages/airflow/example_dags/example_trigger_controller_dag.py for tasks to queue
[2024-05-21T05:51:17.520+0000] {logging_mixin.py:188} INFO - [2024-05-21T05:51:17.519+0000] {dagbag.py:540} INFO - Filling up the DagBag from /home/airflow/.local/lib/python3.9/site-packages/airflow/example_dags/example_trigger_controller_dag.py
[2024-05-21T05:51:17.524+0000] {processor.py:840} INFO - DAG(s) 'example_trigger_controller_dag' retrieved from /home/airflow/.local/lib/python3.9/site-packages/airflow/example_dags/example_trigger_controller_dag.py
[2024-05-21T05:51:17.540+0000] {logging_mixin.py:188} INFO - [2024-05-21T05:51:17.539+0000] {dag.py:3047} INFO - Sync 1 DAGs
[2024-05-21T05:51:17.556+0000] {logging_mixin.py:188} INFO - [2024-05-21T05:51:17.556+0000] {dag.py:3834} INFO - Setting next_dagrun for example_trigger_controller_dag to 2021-01-01 00:00:00+00:00, run_after=2021-01-01 00:00:00+00:00
[2024-05-21T05:51:17.576+0000] {processor.py:183} INFO - Processing /home/airflow/.local/lib/python3.9/site-packages/airflow/example_dags/example_trigger_controller_dag.py took 0.063 seconds
[2024-05-21T05:51:48.185+0000] {processor.py:161} INFO - Started process (PID=454) to work on /home/airflow/.local/lib/python3.9/site-packages/airflow/example_dags/example_trigger_controller_dag.py
[2024-05-21T05:51:48.186+0000] {processor.py:830} INFO - Processing file /home/airflow/.local/lib/python3.9/site-packages/airflow/example_dags/example_trigger_controller_dag.py for tasks to queue
[2024-05-21T05:51:48.188+0000] {logging_mixin.py:188} INFO - [2024-05-21T05:51:48.188+0000] {dagbag.py:540} INFO - Filling up the DagBag from /home/airflow/.local/lib/python3.9/site-packages/airflow/example_dags/example_trigger_controller_dag.py
[2024-05-21T05:51:48.192+0000] {processor.py:840} INFO - DAG(s) 'example_trigger_controller_dag' retrieved from /home/airflow/.local/lib/python3.9/site-packages/airflow/example_dags/example_trigger_controller_dag.py
[2024-05-21T05:51:48.211+0000] {logging_mixin.py:188} INFO - [2024-05-21T05:51:48.211+0000] {dag.py:3047} INFO - Sync 1 DAGs
[2024-05-21T05:51:48.228+0000] {logging_mixin.py:188} INFO - [2024-05-21T05:51:48.228+0000] {dag.py:3834} INFO - Setting next_dagrun for example_trigger_controller_dag to 2021-01-01 00:00:00+00:00, run_after=2021-01-01 00:00:00+00:00
[2024-05-21T05:51:48.248+0000] {processor.py:183} INFO - Processing /home/airflow/.local/lib/python3.9/site-packages/airflow/example_dags/example_trigger_controller_dag.py took 0.065 seconds
