[2024-05-21T03:35:24.963+0000] {processor.py:161} INFO - Started process (PID=48) to work on /home/airflow/.local/lib/python3.9/site-packages/airflow/example_dags/example_local_kubernetes_executor.py
[2024-05-21T03:35:24.965+0000] {processor.py:830} INFO - Processing file /home/airflow/.local/lib/python3.9/site-packages/airflow/example_dags/example_local_kubernetes_executor.py for tasks to queue
[2024-05-21T03:35:24.967+0000] {logging_mixin.py:188} INFO - [2024-05-21T03:35:24.967+0000] {dagbag.py:540} INFO - Filling up the DagBag from /home/airflow/.local/lib/python3.9/site-packages/airflow/example_dags/example_local_kubernetes_executor.py
[2024-05-21T03:35:24.995+0000] {processor.py:840} INFO - DAG(s) 'example_local_kubernetes_executor' retrieved from /home/airflow/.local/lib/python3.9/site-packages/airflow/example_dags/example_local_kubernetes_executor.py
[2024-05-21T03:35:25.120+0000] {logging_mixin.py:188} INFO - [2024-05-21T03:35:25.120+0000] {dag.py:3047} INFO - Sync 1 DAGs
[2024-05-21T03:35:25.130+0000] {logging_mixin.py:188} INFO - [2024-05-21T03:35:25.130+0000] {dag.py:3834} INFO - Setting next_dagrun for example_local_kubernetes_executor to None, run_after=None
[2024-05-21T03:35:25.195+0000] {processor.py:183} INFO - Processing /home/airflow/.local/lib/python3.9/site-packages/airflow/example_dags/example_local_kubernetes_executor.py took 0.234 seconds
[2024-05-21T03:36:04.566+0000] {processor.py:161} INFO - Started process (PID=105) to work on /home/airflow/.local/lib/python3.9/site-packages/airflow/example_dags/example_local_kubernetes_executor.py
[2024-05-21T03:36:04.568+0000] {processor.py:830} INFO - Processing file /home/airflow/.local/lib/python3.9/site-packages/airflow/example_dags/example_local_kubernetes_executor.py for tasks to queue
[2024-05-21T03:36:04.570+0000] {logging_mixin.py:188} INFO - [2024-05-21T03:36:04.570+0000] {dagbag.py:540} INFO - Filling up the DagBag from /home/airflow/.local/lib/python3.9/site-packages/airflow/example_dags/example_local_kubernetes_executor.py
[2024-05-21T03:36:04.586+0000] {processor.py:840} INFO - DAG(s) 'example_local_kubernetes_executor' retrieved from /home/airflow/.local/lib/python3.9/site-packages/airflow/example_dags/example_local_kubernetes_executor.py
[2024-05-21T03:36:04.967+0000] {logging_mixin.py:188} INFO - [2024-05-21T03:36:04.967+0000] {dag.py:3047} INFO - Sync 1 DAGs
[2024-05-21T03:36:05.214+0000] {logging_mixin.py:188} INFO - [2024-05-21T03:36:05.214+0000] {dag.py:3834} INFO - Setting next_dagrun for example_local_kubernetes_executor to None, run_after=None
[2024-05-21T03:36:05.379+0000] {processor.py:183} INFO - Processing /home/airflow/.local/lib/python3.9/site-packages/airflow/example_dags/example_local_kubernetes_executor.py took 0.816 seconds
[2024-05-21T03:36:36.341+0000] {processor.py:161} INFO - Started process (PID=161) to work on /home/airflow/.local/lib/python3.9/site-packages/airflow/example_dags/example_local_kubernetes_executor.py
[2024-05-21T03:36:36.360+0000] {processor.py:830} INFO - Processing file /home/airflow/.local/lib/python3.9/site-packages/airflow/example_dags/example_local_kubernetes_executor.py for tasks to queue
[2024-05-21T03:36:36.385+0000] {logging_mixin.py:188} INFO - [2024-05-21T03:36:36.383+0000] {dagbag.py:540} INFO - Filling up the DagBag from /home/airflow/.local/lib/python3.9/site-packages/airflow/example_dags/example_local_kubernetes_executor.py
[2024-05-21T03:36:36.395+0000] {processor.py:840} INFO - DAG(s) 'example_local_kubernetes_executor' retrieved from /home/airflow/.local/lib/python3.9/site-packages/airflow/example_dags/example_local_kubernetes_executor.py
[2024-05-21T03:36:36.615+0000] {logging_mixin.py:188} INFO - [2024-05-21T03:36:36.614+0000] {dag.py:3047} INFO - Sync 1 DAGs
[2024-05-21T03:36:36.667+0000] {logging_mixin.py:188} INFO - [2024-05-21T03:36:36.667+0000] {dag.py:3834} INFO - Setting next_dagrun for example_local_kubernetes_executor to None, run_after=None
[2024-05-21T03:36:36.715+0000] {processor.py:183} INFO - Processing /home/airflow/.local/lib/python3.9/site-packages/airflow/example_dags/example_local_kubernetes_executor.py took 0.377 seconds
[2024-05-21T03:37:33.863+0000] {processor.py:161} INFO - Started process (PID=232) to work on /home/airflow/.local/lib/python3.9/site-packages/airflow/example_dags/example_local_kubernetes_executor.py
[2024-05-21T03:37:33.865+0000] {processor.py:830} INFO - Processing file /home/airflow/.local/lib/python3.9/site-packages/airflow/example_dags/example_local_kubernetes_executor.py for tasks to queue
[2024-05-21T03:37:33.872+0000] {logging_mixin.py:188} INFO - [2024-05-21T03:37:33.872+0000] {dagbag.py:540} INFO - Filling up the DagBag from /home/airflow/.local/lib/python3.9/site-packages/airflow/example_dags/example_local_kubernetes_executor.py
[2024-05-21T03:37:33.883+0000] {processor.py:840} INFO - DAG(s) 'example_local_kubernetes_executor' retrieved from /home/airflow/.local/lib/python3.9/site-packages/airflow/example_dags/example_local_kubernetes_executor.py
[2024-05-21T03:37:33.941+0000] {logging_mixin.py:188} INFO - [2024-05-21T03:37:33.941+0000] {dag.py:3047} INFO - Sync 1 DAGs
[2024-05-21T03:37:33.969+0000] {logging_mixin.py:188} INFO - [2024-05-21T03:37:33.969+0000] {dag.py:3834} INFO - Setting next_dagrun for example_local_kubernetes_executor to None, run_after=None
[2024-05-21T03:37:34.001+0000] {processor.py:183} INFO - Processing /home/airflow/.local/lib/python3.9/site-packages/airflow/example_dags/example_local_kubernetes_executor.py took 0.142 seconds
[2024-05-21T03:38:07.117+0000] {processor.py:161} INFO - Started process (PID=289) to work on /home/airflow/.local/lib/python3.9/site-packages/airflow/example_dags/example_local_kubernetes_executor.py
[2024-05-21T03:38:07.133+0000] {processor.py:830} INFO - Processing file /home/airflow/.local/lib/python3.9/site-packages/airflow/example_dags/example_local_kubernetes_executor.py for tasks to queue
[2024-05-21T03:38:07.175+0000] {logging_mixin.py:188} INFO - [2024-05-21T03:38:07.172+0000] {dagbag.py:540} INFO - Filling up the DagBag from /home/airflow/.local/lib/python3.9/site-packages/airflow/example_dags/example_local_kubernetes_executor.py
[2024-05-21T03:38:07.294+0000] {processor.py:840} INFO - DAG(s) 'example_local_kubernetes_executor' retrieved from /home/airflow/.local/lib/python3.9/site-packages/airflow/example_dags/example_local_kubernetes_executor.py
[2024-05-21T03:38:08.730+0000] {logging_mixin.py:188} INFO - [2024-05-21T03:38:08.729+0000] {dag.py:3047} INFO - Sync 1 DAGs
[2024-05-21T03:38:09.162+0000] {logging_mixin.py:188} INFO - [2024-05-21T03:38:09.162+0000] {dag.py:3834} INFO - Setting next_dagrun for example_local_kubernetes_executor to None, run_after=None
[2024-05-21T03:38:09.720+0000] {processor.py:183} INFO - Processing /home/airflow/.local/lib/python3.9/site-packages/airflow/example_dags/example_local_kubernetes_executor.py took 2.708 seconds
[2024-05-21T03:38:40.464+0000] {processor.py:161} INFO - Started process (PID=344) to work on /home/airflow/.local/lib/python3.9/site-packages/airflow/example_dags/example_local_kubernetes_executor.py
[2024-05-21T03:38:40.478+0000] {processor.py:830} INFO - Processing file /home/airflow/.local/lib/python3.9/site-packages/airflow/example_dags/example_local_kubernetes_executor.py for tasks to queue
[2024-05-21T03:38:40.496+0000] {logging_mixin.py:188} INFO - [2024-05-21T03:38:40.492+0000] {dagbag.py:540} INFO - Filling up the DagBag from /home/airflow/.local/lib/python3.9/site-packages/airflow/example_dags/example_local_kubernetes_executor.py
[2024-05-21T03:38:41.355+0000] {processor.py:840} INFO - DAG(s) 'example_local_kubernetes_executor' retrieved from /home/airflow/.local/lib/python3.9/site-packages/airflow/example_dags/example_local_kubernetes_executor.py
[2024-05-21T03:38:41.735+0000] {logging_mixin.py:188} INFO - [2024-05-21T03:38:41.734+0000] {dag.py:3047} INFO - Sync 1 DAGs
[2024-05-21T03:38:41.780+0000] {logging_mixin.py:188} INFO - [2024-05-21T03:38:41.780+0000] {dag.py:3834} INFO - Setting next_dagrun for example_local_kubernetes_executor to None, run_after=None
[2024-05-21T03:38:41.961+0000] {processor.py:183} INFO - Processing /home/airflow/.local/lib/python3.9/site-packages/airflow/example_dags/example_local_kubernetes_executor.py took 1.517 seconds
[2024-05-21T03:39:15.091+0000] {processor.py:161} INFO - Started process (PID=409) to work on /home/airflow/.local/lib/python3.9/site-packages/airflow/example_dags/example_local_kubernetes_executor.py
[2024-05-21T03:39:15.234+0000] {processor.py:830} INFO - Processing file /home/airflow/.local/lib/python3.9/site-packages/airflow/example_dags/example_local_kubernetes_executor.py for tasks to queue
[2024-05-21T03:39:15.236+0000] {logging_mixin.py:188} INFO - [2024-05-21T03:39:15.236+0000] {dagbag.py:540} INFO - Filling up the DagBag from /home/airflow/.local/lib/python3.9/site-packages/airflow/example_dags/example_local_kubernetes_executor.py
[2024-05-21T03:39:15.243+0000] {processor.py:840} INFO - DAG(s) 'example_local_kubernetes_executor' retrieved from /home/airflow/.local/lib/python3.9/site-packages/airflow/example_dags/example_local_kubernetes_executor.py
[2024-05-21T03:39:15.276+0000] {logging_mixin.py:188} INFO - [2024-05-21T03:39:15.275+0000] {dag.py:3047} INFO - Sync 1 DAGs
[2024-05-21T03:39:15.286+0000] {logging_mixin.py:188} INFO - [2024-05-21T03:39:15.286+0000] {dag.py:3834} INFO - Setting next_dagrun for example_local_kubernetes_executor to None, run_after=None
[2024-05-21T03:39:18.251+0000] {processor.py:183} INFO - Processing /home/airflow/.local/lib/python3.9/site-packages/airflow/example_dags/example_local_kubernetes_executor.py took 3.163 seconds
[2024-05-21T05:48:13.563+0000] {processor.py:161} INFO - Started process (PID=48) to work on /home/airflow/.local/lib/python3.9/site-packages/airflow/example_dags/example_local_kubernetes_executor.py
[2024-05-21T05:48:13.565+0000] {processor.py:830} INFO - Processing file /home/airflow/.local/lib/python3.9/site-packages/airflow/example_dags/example_local_kubernetes_executor.py for tasks to queue
[2024-05-21T05:48:13.567+0000] {logging_mixin.py:188} INFO - [2024-05-21T05:48:13.567+0000] {dagbag.py:540} INFO - Filling up the DagBag from /home/airflow/.local/lib/python3.9/site-packages/airflow/example_dags/example_local_kubernetes_executor.py
[2024-05-21T05:48:13.578+0000] {processor.py:840} INFO - DAG(s) 'example_local_kubernetes_executor' retrieved from /home/airflow/.local/lib/python3.9/site-packages/airflow/example_dags/example_local_kubernetes_executor.py
[2024-05-21T05:48:13.592+0000] {logging_mixin.py:188} INFO - [2024-05-21T05:48:13.592+0000] {dag.py:3047} INFO - Sync 1 DAGs
[2024-05-21T05:48:13.605+0000] {logging_mixin.py:188} INFO - [2024-05-21T05:48:13.604+0000] {dag.py:3834} INFO - Setting next_dagrun for example_local_kubernetes_executor to None, run_after=None
[2024-05-21T05:48:13.620+0000] {processor.py:183} INFO - Processing /home/airflow/.local/lib/python3.9/site-packages/airflow/example_dags/example_local_kubernetes_executor.py took 0.061 seconds
[2024-05-21T05:48:44.134+0000] {processor.py:161} INFO - Started process (PID=105) to work on /home/airflow/.local/lib/python3.9/site-packages/airflow/example_dags/example_local_kubernetes_executor.py
[2024-05-21T05:48:44.135+0000] {processor.py:830} INFO - Processing file /home/airflow/.local/lib/python3.9/site-packages/airflow/example_dags/example_local_kubernetes_executor.py for tasks to queue
[2024-05-21T05:48:44.137+0000] {logging_mixin.py:188} INFO - [2024-05-21T05:48:44.137+0000] {dagbag.py:540} INFO - Filling up the DagBag from /home/airflow/.local/lib/python3.9/site-packages/airflow/example_dags/example_local_kubernetes_executor.py
[2024-05-21T05:48:44.143+0000] {processor.py:840} INFO - DAG(s) 'example_local_kubernetes_executor' retrieved from /home/airflow/.local/lib/python3.9/site-packages/airflow/example_dags/example_local_kubernetes_executor.py
[2024-05-21T05:48:44.231+0000] {logging_mixin.py:188} INFO - [2024-05-21T05:48:44.231+0000] {dag.py:3047} INFO - Sync 1 DAGs
[2024-05-21T05:48:44.239+0000] {logging_mixin.py:188} INFO - [2024-05-21T05:48:44.238+0000] {dag.py:3834} INFO - Setting next_dagrun for example_local_kubernetes_executor to None, run_after=None
[2024-05-21T05:48:44.255+0000] {processor.py:183} INFO - Processing /home/airflow/.local/lib/python3.9/site-packages/airflow/example_dags/example_local_kubernetes_executor.py took 0.123 seconds
[2024-05-21T05:49:14.796+0000] {processor.py:161} INFO - Started process (PID=162) to work on /home/airflow/.local/lib/python3.9/site-packages/airflow/example_dags/example_local_kubernetes_executor.py
[2024-05-21T05:49:14.797+0000] {processor.py:830} INFO - Processing file /home/airflow/.local/lib/python3.9/site-packages/airflow/example_dags/example_local_kubernetes_executor.py for tasks to queue
[2024-05-21T05:49:14.799+0000] {logging_mixin.py:188} INFO - [2024-05-21T05:49:14.799+0000] {dagbag.py:540} INFO - Filling up the DagBag from /home/airflow/.local/lib/python3.9/site-packages/airflow/example_dags/example_local_kubernetes_executor.py
[2024-05-21T05:49:14.805+0000] {processor.py:840} INFO - DAG(s) 'example_local_kubernetes_executor' retrieved from /home/airflow/.local/lib/python3.9/site-packages/airflow/example_dags/example_local_kubernetes_executor.py
[2024-05-21T05:49:14.830+0000] {logging_mixin.py:188} INFO - [2024-05-21T05:49:14.830+0000] {dag.py:3047} INFO - Sync 1 DAGs
[2024-05-21T05:49:14.839+0000] {logging_mixin.py:188} INFO - [2024-05-21T05:49:14.839+0000] {dag.py:3834} INFO - Setting next_dagrun for example_local_kubernetes_executor to None, run_after=None
[2024-05-21T05:49:14.853+0000] {processor.py:183} INFO - Processing /home/airflow/.local/lib/python3.9/site-packages/airflow/example_dags/example_local_kubernetes_executor.py took 0.059 seconds
[2024-05-21T05:49:45.415+0000] {processor.py:161} INFO - Started process (PID=223) to work on /home/airflow/.local/lib/python3.9/site-packages/airflow/example_dags/example_local_kubernetes_executor.py
[2024-05-21T05:49:45.416+0000] {processor.py:830} INFO - Processing file /home/airflow/.local/lib/python3.9/site-packages/airflow/example_dags/example_local_kubernetes_executor.py for tasks to queue
[2024-05-21T05:49:45.419+0000] {logging_mixin.py:188} INFO - [2024-05-21T05:49:45.418+0000] {dagbag.py:540} INFO - Filling up the DagBag from /home/airflow/.local/lib/python3.9/site-packages/airflow/example_dags/example_local_kubernetes_executor.py
[2024-05-21T05:49:45.427+0000] {processor.py:840} INFO - DAG(s) 'example_local_kubernetes_executor' retrieved from /home/airflow/.local/lib/python3.9/site-packages/airflow/example_dags/example_local_kubernetes_executor.py
[2024-05-21T05:49:45.460+0000] {logging_mixin.py:188} INFO - [2024-05-21T05:49:45.460+0000] {dag.py:3047} INFO - Sync 1 DAGs
[2024-05-21T05:49:45.471+0000] {logging_mixin.py:188} INFO - [2024-05-21T05:49:45.471+0000] {dag.py:3834} INFO - Setting next_dagrun for example_local_kubernetes_executor to None, run_after=None
[2024-05-21T05:49:45.491+0000] {processor.py:183} INFO - Processing /home/airflow/.local/lib/python3.9/site-packages/airflow/example_dags/example_local_kubernetes_executor.py took 0.079 seconds
[2024-05-21T05:50:16.309+0000] {processor.py:161} INFO - Started process (PID=280) to work on /home/airflow/.local/lib/python3.9/site-packages/airflow/example_dags/example_local_kubernetes_executor.py
[2024-05-21T05:50:16.310+0000] {processor.py:830} INFO - Processing file /home/airflow/.local/lib/python3.9/site-packages/airflow/example_dags/example_local_kubernetes_executor.py for tasks to queue
[2024-05-21T05:50:16.312+0000] {logging_mixin.py:188} INFO - [2024-05-21T05:50:16.312+0000] {dagbag.py:540} INFO - Filling up the DagBag from /home/airflow/.local/lib/python3.9/site-packages/airflow/example_dags/example_local_kubernetes_executor.py
[2024-05-21T05:50:16.319+0000] {processor.py:840} INFO - DAG(s) 'example_local_kubernetes_executor' retrieved from /home/airflow/.local/lib/python3.9/site-packages/airflow/example_dags/example_local_kubernetes_executor.py
[2024-05-21T05:50:16.350+0000] {logging_mixin.py:188} INFO - [2024-05-21T05:50:16.350+0000] {dag.py:3047} INFO - Sync 1 DAGs
[2024-05-21T05:50:16.360+0000] {logging_mixin.py:188} INFO - [2024-05-21T05:50:16.360+0000] {dag.py:3834} INFO - Setting next_dagrun for example_local_kubernetes_executor to None, run_after=None
[2024-05-21T05:50:16.376+0000] {processor.py:183} INFO - Processing /home/airflow/.local/lib/python3.9/site-packages/airflow/example_dags/example_local_kubernetes_executor.py took 0.070 seconds
[2024-05-21T05:50:47.020+0000] {processor.py:161} INFO - Started process (PID=341) to work on /home/airflow/.local/lib/python3.9/site-packages/airflow/example_dags/example_local_kubernetes_executor.py
[2024-05-21T05:50:47.022+0000] {processor.py:830} INFO - Processing file /home/airflow/.local/lib/python3.9/site-packages/airflow/example_dags/example_local_kubernetes_executor.py for tasks to queue
[2024-05-21T05:50:47.023+0000] {logging_mixin.py:188} INFO - [2024-05-21T05:50:47.023+0000] {dagbag.py:540} INFO - Filling up the DagBag from /home/airflow/.local/lib/python3.9/site-packages/airflow/example_dags/example_local_kubernetes_executor.py
[2024-05-21T05:50:47.030+0000] {processor.py:840} INFO - DAG(s) 'example_local_kubernetes_executor' retrieved from /home/airflow/.local/lib/python3.9/site-packages/airflow/example_dags/example_local_kubernetes_executor.py
[2024-05-21T05:50:47.059+0000] {logging_mixin.py:188} INFO - [2024-05-21T05:50:47.058+0000] {dag.py:3047} INFO - Sync 1 DAGs
[2024-05-21T05:50:47.068+0000] {logging_mixin.py:188} INFO - [2024-05-21T05:50:47.068+0000] {dag.py:3834} INFO - Setting next_dagrun for example_local_kubernetes_executor to None, run_after=None
[2024-05-21T05:50:47.085+0000] {processor.py:183} INFO - Processing /home/airflow/.local/lib/python3.9/site-packages/airflow/example_dags/example_local_kubernetes_executor.py took 0.067 seconds
[2024-05-21T05:51:17.608+0000] {processor.py:161} INFO - Started process (PID=398) to work on /home/airflow/.local/lib/python3.9/site-packages/airflow/example_dags/example_local_kubernetes_executor.py
[2024-05-21T05:51:17.609+0000] {processor.py:830} INFO - Processing file /home/airflow/.local/lib/python3.9/site-packages/airflow/example_dags/example_local_kubernetes_executor.py for tasks to queue
[2024-05-21T05:51:17.611+0000] {logging_mixin.py:188} INFO - [2024-05-21T05:51:17.610+0000] {dagbag.py:540} INFO - Filling up the DagBag from /home/airflow/.local/lib/python3.9/site-packages/airflow/example_dags/example_local_kubernetes_executor.py
[2024-05-21T05:51:17.618+0000] {processor.py:840} INFO - DAG(s) 'example_local_kubernetes_executor' retrieved from /home/airflow/.local/lib/python3.9/site-packages/airflow/example_dags/example_local_kubernetes_executor.py
[2024-05-21T05:51:17.652+0000] {logging_mixin.py:188} INFO - [2024-05-21T05:51:17.651+0000] {dag.py:3047} INFO - Sync 1 DAGs
[2024-05-21T05:51:17.662+0000] {logging_mixin.py:188} INFO - [2024-05-21T05:51:17.662+0000] {dag.py:3834} INFO - Setting next_dagrun for example_local_kubernetes_executor to None, run_after=None
[2024-05-21T05:51:17.680+0000] {processor.py:183} INFO - Processing /home/airflow/.local/lib/python3.9/site-packages/airflow/example_dags/example_local_kubernetes_executor.py took 0.075 seconds
[2024-05-21T05:51:48.286+0000] {processor.py:161} INFO - Started process (PID=455) to work on /home/airflow/.local/lib/python3.9/site-packages/airflow/example_dags/example_local_kubernetes_executor.py
[2024-05-21T05:51:48.288+0000] {processor.py:830} INFO - Processing file /home/airflow/.local/lib/python3.9/site-packages/airflow/example_dags/example_local_kubernetes_executor.py for tasks to queue
[2024-05-21T05:51:48.290+0000] {logging_mixin.py:188} INFO - [2024-05-21T05:51:48.290+0000] {dagbag.py:540} INFO - Filling up the DagBag from /home/airflow/.local/lib/python3.9/site-packages/airflow/example_dags/example_local_kubernetes_executor.py
[2024-05-21T05:51:48.297+0000] {processor.py:840} INFO - DAG(s) 'example_local_kubernetes_executor' retrieved from /home/airflow/.local/lib/python3.9/site-packages/airflow/example_dags/example_local_kubernetes_executor.py
[2024-05-21T05:51:48.325+0000] {logging_mixin.py:188} INFO - [2024-05-21T05:51:48.325+0000] {dag.py:3047} INFO - Sync 1 DAGs
[2024-05-21T05:51:48.336+0000] {logging_mixin.py:188} INFO - [2024-05-21T05:51:48.336+0000] {dag.py:3834} INFO - Setting next_dagrun for example_local_kubernetes_executor to None, run_after=None
[2024-05-21T05:51:48.352+0000] {processor.py:183} INFO - Processing /home/airflow/.local/lib/python3.9/site-packages/airflow/example_dags/example_local_kubernetes_executor.py took 0.069 seconds
