[2024-05-21T03:35:29.323+0000] {processor.py:161} INFO - Started process (PID=79) to work on /home/airflow/.local/lib/python3.9/site-packages/airflow/example_dags/example_datasets.py
[2024-05-21T03:35:29.324+0000] {processor.py:830} INFO - Processing file /home/airflow/.local/lib/python3.9/site-packages/airflow/example_dags/example_datasets.py for tasks to queue
[2024-05-21T03:35:29.326+0000] {logging_mixin.py:188} INFO - [2024-05-21T03:35:29.326+0000] {dagbag.py:540} INFO - Filling up the DagBag from /home/airflow/.local/lib/python3.9/site-packages/airflow/example_dags/example_datasets.py
[2024-05-21T03:35:29.341+0000] {processor.py:840} INFO - DAG(s) 'dataset_produces_1', 'dataset_consumes_unknown_never_scheduled', 'dataset_consumes_1_and_2', 'dataset_produces_2', 'dataset_consumes_1_never_scheduled', 'dataset_consumes_1' retrieved from /home/airflow/.local/lib/python3.9/site-packages/airflow/example_dags/example_datasets.py
[2024-05-21T03:35:29.480+0000] {logging_mixin.py:188} INFO - [2024-05-21T03:35:29.480+0000] {dag.py:3047} INFO - Sync 6 DAGs
[2024-05-21T03:35:29.500+0000] {logging_mixin.py:188} INFO - [2024-05-21T03:35:29.500+0000] {dag.py:3834} INFO - Setting next_dagrun for dataset_consumes_1 to None, run_after=None
[2024-05-21T03:35:29.503+0000] {logging_mixin.py:188} INFO - [2024-05-21T03:35:29.503+0000] {dag.py:3834} INFO - Setting next_dagrun for dataset_consumes_1_and_2 to None, run_after=None
[2024-05-21T03:35:29.504+0000] {logging_mixin.py:188} INFO - [2024-05-21T03:35:29.504+0000] {dag.py:3834} INFO - Setting next_dagrun for dataset_consumes_1_never_scheduled to None, run_after=None
[2024-05-21T03:35:29.506+0000] {logging_mixin.py:188} INFO - [2024-05-21T03:35:29.506+0000] {dag.py:3834} INFO - Setting next_dagrun for dataset_consumes_unknown_never_scheduled to None, run_after=None
[2024-05-21T03:35:29.508+0000] {logging_mixin.py:188} INFO - [2024-05-21T03:35:29.508+0000] {dag.py:3834} INFO - Setting next_dagrun for dataset_produces_1 to 2024-05-20 00:00:00+00:00, run_after=2024-05-21 00:00:00+00:00
[2024-05-21T03:35:29.510+0000] {logging_mixin.py:188} INFO - [2024-05-21T03:35:29.510+0000] {dag.py:3834} INFO - Setting next_dagrun for dataset_produces_2 to None, run_after=None
[2024-05-21T03:35:29.559+0000] {processor.py:183} INFO - Processing /home/airflow/.local/lib/python3.9/site-packages/airflow/example_dags/example_datasets.py took 0.239 seconds
[2024-05-21T03:36:08.572+0000] {processor.py:161} INFO - Started process (PID=142) to work on /home/airflow/.local/lib/python3.9/site-packages/airflow/example_dags/example_datasets.py
[2024-05-21T03:36:08.574+0000] {processor.py:830} INFO - Processing file /home/airflow/.local/lib/python3.9/site-packages/airflow/example_dags/example_datasets.py for tasks to queue
[2024-05-21T03:36:08.577+0000] {logging_mixin.py:188} INFO - [2024-05-21T03:36:08.577+0000] {dagbag.py:540} INFO - Filling up the DagBag from /home/airflow/.local/lib/python3.9/site-packages/airflow/example_dags/example_datasets.py
[2024-05-21T03:36:08.589+0000] {processor.py:840} INFO - DAG(s) 'dataset_produces_2', 'dataset_consumes_unknown_never_scheduled', 'dataset_consumes_1', 'dataset_produces_1', 'dataset_consumes_1_never_scheduled', 'dataset_consumes_1_and_2' retrieved from /home/airflow/.local/lib/python3.9/site-packages/airflow/example_dags/example_datasets.py
[2024-05-21T03:36:08.671+0000] {logging_mixin.py:188} INFO - [2024-05-21T03:36:08.670+0000] {dag.py:3047} INFO - Sync 6 DAGs
[2024-05-21T03:36:08.702+0000] {logging_mixin.py:188} INFO - [2024-05-21T03:36:08.702+0000] {dag.py:3834} INFO - Setting next_dagrun for dataset_consumes_1 to None, run_after=None
[2024-05-21T03:36:08.707+0000] {logging_mixin.py:188} INFO - [2024-05-21T03:36:08.706+0000] {dag.py:3834} INFO - Setting next_dagrun for dataset_consumes_1_and_2 to None, run_after=None
[2024-05-21T03:36:08.709+0000] {logging_mixin.py:188} INFO - [2024-05-21T03:36:08.708+0000] {dag.py:3834} INFO - Setting next_dagrun for dataset_consumes_1_never_scheduled to None, run_after=None
[2024-05-21T03:36:08.711+0000] {logging_mixin.py:188} INFO - [2024-05-21T03:36:08.711+0000] {dag.py:3834} INFO - Setting next_dagrun for dataset_consumes_unknown_never_scheduled to None, run_after=None
[2024-05-21T03:36:08.715+0000] {logging_mixin.py:188} INFO - [2024-05-21T03:36:08.714+0000] {dag.py:3834} INFO - Setting next_dagrun for dataset_produces_1 to 2024-05-20 00:00:00+00:00, run_after=2024-05-21 00:00:00+00:00
[2024-05-21T03:36:08.717+0000] {logging_mixin.py:188} INFO - [2024-05-21T03:36:08.717+0000] {dag.py:3834} INFO - Setting next_dagrun for dataset_produces_2 to None, run_after=None
[2024-05-21T03:36:08.760+0000] {processor.py:183} INFO - Processing /home/airflow/.local/lib/python3.9/site-packages/airflow/example_dags/example_datasets.py took 0.192 seconds
[2024-05-21T03:36:45.103+0000] {processor.py:161} INFO - Started process (PID=199) to work on /home/airflow/.local/lib/python3.9/site-packages/airflow/example_dags/example_datasets.py
[2024-05-21T03:36:45.104+0000] {processor.py:830} INFO - Processing file /home/airflow/.local/lib/python3.9/site-packages/airflow/example_dags/example_datasets.py for tasks to queue
[2024-05-21T03:36:45.107+0000] {logging_mixin.py:188} INFO - [2024-05-21T03:36:45.107+0000] {dagbag.py:540} INFO - Filling up the DagBag from /home/airflow/.local/lib/python3.9/site-packages/airflow/example_dags/example_datasets.py
[2024-05-21T03:36:45.142+0000] {processor.py:840} INFO - DAG(s) 'dataset_consumes_1', 'dataset_consumes_unknown_never_scheduled', 'dataset_produces_2', 'dataset_consumes_1_and_2', 'dataset_produces_1', 'dataset_consumes_1_never_scheduled' retrieved from /home/airflow/.local/lib/python3.9/site-packages/airflow/example_dags/example_datasets.py
[2024-05-21T03:36:45.318+0000] {logging_mixin.py:188} INFO - [2024-05-21T03:36:45.317+0000] {dag.py:3047} INFO - Sync 6 DAGs
[2024-05-21T03:36:45.385+0000] {logging_mixin.py:188} INFO - [2024-05-21T03:36:45.385+0000] {dag.py:3834} INFO - Setting next_dagrun for dataset_consumes_1 to None, run_after=None
[2024-05-21T03:36:45.392+0000] {logging_mixin.py:188} INFO - [2024-05-21T03:36:45.392+0000] {dag.py:3834} INFO - Setting next_dagrun for dataset_consumes_1_and_2 to None, run_after=None
[2024-05-21T03:36:45.394+0000] {logging_mixin.py:188} INFO - [2024-05-21T03:36:45.394+0000] {dag.py:3834} INFO - Setting next_dagrun for dataset_consumes_1_never_scheduled to None, run_after=None
[2024-05-21T03:36:45.397+0000] {logging_mixin.py:188} INFO - [2024-05-21T03:36:45.396+0000] {dag.py:3834} INFO - Setting next_dagrun for dataset_consumes_unknown_never_scheduled to None, run_after=None
[2024-05-21T03:36:45.402+0000] {logging_mixin.py:188} INFO - [2024-05-21T03:36:45.402+0000] {dag.py:3834} INFO - Setting next_dagrun for dataset_produces_1 to 2024-05-20 00:00:00+00:00, run_after=2024-05-21 00:00:00+00:00
[2024-05-21T03:36:45.405+0000] {logging_mixin.py:188} INFO - [2024-05-21T03:36:45.405+0000] {dag.py:3834} INFO - Setting next_dagrun for dataset_produces_2 to None, run_after=None
[2024-05-21T03:36:45.515+0000] {processor.py:183} INFO - Processing /home/airflow/.local/lib/python3.9/site-packages/airflow/example_dags/example_datasets.py took 0.426 seconds
[2024-05-21T03:37:38.785+0000] {processor.py:161} INFO - Started process (PID=263) to work on /home/airflow/.local/lib/python3.9/site-packages/airflow/example_dags/example_datasets.py
[2024-05-21T03:37:38.786+0000] {processor.py:830} INFO - Processing file /home/airflow/.local/lib/python3.9/site-packages/airflow/example_dags/example_datasets.py for tasks to queue
[2024-05-21T03:37:38.789+0000] {logging_mixin.py:188} INFO - [2024-05-21T03:37:38.789+0000] {dagbag.py:540} INFO - Filling up the DagBag from /home/airflow/.local/lib/python3.9/site-packages/airflow/example_dags/example_datasets.py
[2024-05-21T03:37:38.800+0000] {processor.py:840} INFO - DAG(s) 'dataset_consumes_1', 'dataset_produces_1', 'dataset_consumes_1_never_scheduled', 'dataset_produces_2', 'dataset_consumes_unknown_never_scheduled', 'dataset_consumes_1_and_2' retrieved from /home/airflow/.local/lib/python3.9/site-packages/airflow/example_dags/example_datasets.py
[2024-05-21T03:37:38.842+0000] {logging_mixin.py:188} INFO - [2024-05-21T03:37:38.842+0000] {dag.py:3047} INFO - Sync 6 DAGs
[2024-05-21T03:37:38.869+0000] {logging_mixin.py:188} INFO - [2024-05-21T03:37:38.868+0000] {dag.py:3834} INFO - Setting next_dagrun for dataset_consumes_1 to None, run_after=None
[2024-05-21T03:37:38.874+0000] {logging_mixin.py:188} INFO - [2024-05-21T03:37:38.874+0000] {dag.py:3834} INFO - Setting next_dagrun for dataset_consumes_1_and_2 to None, run_after=None
[2024-05-21T03:37:38.876+0000] {logging_mixin.py:188} INFO - [2024-05-21T03:37:38.876+0000] {dag.py:3834} INFO - Setting next_dagrun for dataset_consumes_1_never_scheduled to None, run_after=None
[2024-05-21T03:37:38.878+0000] {logging_mixin.py:188} INFO - [2024-05-21T03:37:38.878+0000] {dag.py:3834} INFO - Setting next_dagrun for dataset_consumes_unknown_never_scheduled to None, run_after=None
[2024-05-21T03:37:38.881+0000] {logging_mixin.py:188} INFO - [2024-05-21T03:37:38.881+0000] {dag.py:3834} INFO - Setting next_dagrun for dataset_produces_1 to 2024-05-20 00:00:00+00:00, run_after=2024-05-21 00:00:00+00:00
[2024-05-21T03:37:38.883+0000] {logging_mixin.py:188} INFO - [2024-05-21T03:37:38.883+0000] {dag.py:3834} INFO - Setting next_dagrun for dataset_produces_2 to None, run_after=None
[2024-05-21T03:37:38.930+0000] {processor.py:183} INFO - Processing /home/airflow/.local/lib/python3.9/site-packages/airflow/example_dags/example_datasets.py took 0.149 seconds
[2024-05-21T03:38:33.599+0000] {processor.py:161} INFO - Started process (PID=326) to work on /home/airflow/.local/lib/python3.9/site-packages/airflow/example_dags/example_datasets.py
[2024-05-21T03:38:33.611+0000] {processor.py:830} INFO - Processing file /home/airflow/.local/lib/python3.9/site-packages/airflow/example_dags/example_datasets.py for tasks to queue
[2024-05-21T03:38:33.613+0000] {logging_mixin.py:188} INFO - [2024-05-21T03:38:33.613+0000] {dagbag.py:540} INFO - Filling up the DagBag from /home/airflow/.local/lib/python3.9/site-packages/airflow/example_dags/example_datasets.py
[2024-05-21T03:38:33.622+0000] {processor.py:840} INFO - DAG(s) 'dataset_consumes_unknown_never_scheduled', 'dataset_consumes_1_never_scheduled', 'dataset_consumes_1_and_2', 'dataset_consumes_1', 'dataset_produces_2', 'dataset_produces_1' retrieved from /home/airflow/.local/lib/python3.9/site-packages/airflow/example_dags/example_datasets.py
[2024-05-21T03:38:33.680+0000] {logging_mixin.py:188} INFO - [2024-05-21T03:38:33.680+0000] {dag.py:3047} INFO - Sync 6 DAGs
[2024-05-21T03:38:33.706+0000] {logging_mixin.py:188} INFO - [2024-05-21T03:38:33.706+0000] {dag.py:3834} INFO - Setting next_dagrun for dataset_consumes_1 to None, run_after=None
[2024-05-21T03:38:33.710+0000] {logging_mixin.py:188} INFO - [2024-05-21T03:38:33.710+0000] {dag.py:3834} INFO - Setting next_dagrun for dataset_consumes_1_and_2 to None, run_after=None
[2024-05-21T03:38:33.711+0000] {logging_mixin.py:188} INFO - [2024-05-21T03:38:33.711+0000] {dag.py:3834} INFO - Setting next_dagrun for dataset_consumes_1_never_scheduled to None, run_after=None
[2024-05-21T03:38:33.713+0000] {logging_mixin.py:188} INFO - [2024-05-21T03:38:33.712+0000] {dag.py:3834} INFO - Setting next_dagrun for dataset_consumes_unknown_never_scheduled to None, run_after=None
[2024-05-21T03:38:33.716+0000] {logging_mixin.py:188} INFO - [2024-05-21T03:38:33.715+0000] {dag.py:3834} INFO - Setting next_dagrun for dataset_produces_1 to 2024-05-20 00:00:00+00:00, run_after=2024-05-21 00:00:00+00:00
[2024-05-21T03:38:33.718+0000] {logging_mixin.py:188} INFO - [2024-05-21T03:38:33.717+0000] {dag.py:3834} INFO - Setting next_dagrun for dataset_produces_2 to None, run_after=None
[2024-05-21T03:38:33.929+0000] {processor.py:183} INFO - Processing /home/airflow/.local/lib/python3.9/site-packages/airflow/example_dags/example_datasets.py took 0.333 seconds
[2024-05-21T03:39:04.870+0000] {processor.py:161} INFO - Started process (PID=391) to work on /home/airflow/.local/lib/python3.9/site-packages/airflow/example_dags/example_datasets.py
[2024-05-21T03:39:04.874+0000] {processor.py:830} INFO - Processing file /home/airflow/.local/lib/python3.9/site-packages/airflow/example_dags/example_datasets.py for tasks to queue
[2024-05-21T03:39:04.878+0000] {logging_mixin.py:188} INFO - [2024-05-21T03:39:04.877+0000] {dagbag.py:540} INFO - Filling up the DagBag from /home/airflow/.local/lib/python3.9/site-packages/airflow/example_dags/example_datasets.py
[2024-05-21T03:39:04.894+0000] {processor.py:840} INFO - DAG(s) 'dataset_consumes_1_never_scheduled', 'dataset_consumes_1', 'dataset_produces_2', 'dataset_produces_1', 'dataset_consumes_unknown_never_scheduled', 'dataset_consumes_1_and_2' retrieved from /home/airflow/.local/lib/python3.9/site-packages/airflow/example_dags/example_datasets.py
[2024-05-21T03:39:04.947+0000] {logging_mixin.py:188} INFO - [2024-05-21T03:39:04.947+0000] {dag.py:3047} INFO - Sync 6 DAGs
[2024-05-21T03:39:04.991+0000] {logging_mixin.py:188} INFO - [2024-05-21T03:39:04.991+0000] {dag.py:3834} INFO - Setting next_dagrun for dataset_consumes_1 to None, run_after=None
[2024-05-21T03:39:05.001+0000] {logging_mixin.py:188} INFO - [2024-05-21T03:39:05.001+0000] {dag.py:3834} INFO - Setting next_dagrun for dataset_consumes_1_and_2 to None, run_after=None
[2024-05-21T03:39:05.004+0000] {logging_mixin.py:188} INFO - [2024-05-21T03:39:05.004+0000] {dag.py:3834} INFO - Setting next_dagrun for dataset_consumes_1_never_scheduled to None, run_after=None
[2024-05-21T03:39:05.006+0000] {logging_mixin.py:188} INFO - [2024-05-21T03:39:05.006+0000] {dag.py:3834} INFO - Setting next_dagrun for dataset_consumes_unknown_never_scheduled to None, run_after=None
[2024-05-21T03:39:05.009+0000] {logging_mixin.py:188} INFO - [2024-05-21T03:39:05.008+0000] {dag.py:3834} INFO - Setting next_dagrun for dataset_produces_1 to 2024-05-20 00:00:00+00:00, run_after=2024-05-21 00:00:00+00:00
[2024-05-21T03:39:05.010+0000] {logging_mixin.py:188} INFO - [2024-05-21T03:39:05.010+0000] {dag.py:3834} INFO - Setting next_dagrun for dataset_produces_2 to None, run_after=None
[2024-05-21T03:39:05.128+0000] {processor.py:183} INFO - Processing /home/airflow/.local/lib/python3.9/site-packages/airflow/example_dags/example_datasets.py took 0.265 seconds
[2024-05-21T05:48:15.188+0000] {processor.py:161} INFO - Started process (PID=79) to work on /home/airflow/.local/lib/python3.9/site-packages/airflow/example_dags/example_datasets.py
[2024-05-21T05:48:15.190+0000] {processor.py:830} INFO - Processing file /home/airflow/.local/lib/python3.9/site-packages/airflow/example_dags/example_datasets.py for tasks to queue
[2024-05-21T05:48:15.191+0000] {logging_mixin.py:188} INFO - [2024-05-21T05:48:15.191+0000] {dagbag.py:540} INFO - Filling up the DagBag from /home/airflow/.local/lib/python3.9/site-packages/airflow/example_dags/example_datasets.py
[2024-05-21T05:48:15.200+0000] {processor.py:840} INFO - DAG(s) 'dataset_consumes_1_and_2', 'dataset_produces_2', 'dataset_consumes_1', 'dataset_consumes_unknown_never_scheduled', 'dataset_produces_1', 'dataset_consumes_1_never_scheduled' retrieved from /home/airflow/.local/lib/python3.9/site-packages/airflow/example_dags/example_datasets.py
[2024-05-21T05:48:15.215+0000] {logging_mixin.py:188} INFO - [2024-05-21T05:48:15.214+0000] {dag.py:3047} INFO - Sync 6 DAGs
[2024-05-21T05:48:15.235+0000] {logging_mixin.py:188} INFO - [2024-05-21T05:48:15.235+0000] {dag.py:3834} INFO - Setting next_dagrun for dataset_consumes_1 to None, run_after=None
[2024-05-21T05:48:15.238+0000] {logging_mixin.py:188} INFO - [2024-05-21T05:48:15.238+0000] {dag.py:3834} INFO - Setting next_dagrun for dataset_consumes_1_and_2 to None, run_after=None
[2024-05-21T05:48:15.240+0000] {logging_mixin.py:188} INFO - [2024-05-21T05:48:15.240+0000] {dag.py:3834} INFO - Setting next_dagrun for dataset_consumes_1_never_scheduled to None, run_after=None
[2024-05-21T05:48:15.241+0000] {logging_mixin.py:188} INFO - [2024-05-21T05:48:15.241+0000] {dag.py:3834} INFO - Setting next_dagrun for dataset_consumes_unknown_never_scheduled to None, run_after=None
[2024-05-21T05:48:15.243+0000] {logging_mixin.py:188} INFO - [2024-05-21T05:48:15.243+0000] {dag.py:3834} INFO - Setting next_dagrun for dataset_produces_1 to 2024-05-20 00:00:00+00:00, run_after=2024-05-21 00:00:00+00:00
[2024-05-21T05:48:15.245+0000] {logging_mixin.py:188} INFO - [2024-05-21T05:48:15.245+0000] {dag.py:3834} INFO - Setting next_dagrun for dataset_produces_2 to None, run_after=None
[2024-05-21T05:48:15.268+0000] {processor.py:183} INFO - Processing /home/airflow/.local/lib/python3.9/site-packages/airflow/example_dags/example_datasets.py took 0.082 seconds
[2024-05-21T05:48:46.381+0000] {processor.py:161} INFO - Started process (PID=136) to work on /home/airflow/.local/lib/python3.9/site-packages/airflow/example_dags/example_datasets.py
[2024-05-21T05:48:46.382+0000] {processor.py:830} INFO - Processing file /home/airflow/.local/lib/python3.9/site-packages/airflow/example_dags/example_datasets.py for tasks to queue
[2024-05-21T05:48:46.384+0000] {logging_mixin.py:188} INFO - [2024-05-21T05:48:46.384+0000] {dagbag.py:540} INFO - Filling up the DagBag from /home/airflow/.local/lib/python3.9/site-packages/airflow/example_dags/example_datasets.py
[2024-05-21T05:48:46.391+0000] {processor.py:840} INFO - DAG(s) 'dataset_produces_2', 'dataset_consumes_1_never_scheduled', 'dataset_consumes_1', 'dataset_consumes_unknown_never_scheduled', 'dataset_produces_1', 'dataset_consumes_1_and_2' retrieved from /home/airflow/.local/lib/python3.9/site-packages/airflow/example_dags/example_datasets.py
[2024-05-21T05:48:46.505+0000] {logging_mixin.py:188} INFO - [2024-05-21T05:48:46.504+0000] {dag.py:3047} INFO - Sync 6 DAGs
[2024-05-21T05:48:46.520+0000] {logging_mixin.py:188} INFO - [2024-05-21T05:48:46.520+0000] {dag.py:3834} INFO - Setting next_dagrun for dataset_consumes_1 to None, run_after=None
[2024-05-21T05:48:46.523+0000] {logging_mixin.py:188} INFO - [2024-05-21T05:48:46.523+0000] {dag.py:3834} INFO - Setting next_dagrun for dataset_consumes_1_and_2 to None, run_after=None
[2024-05-21T05:48:46.524+0000] {logging_mixin.py:188} INFO - [2024-05-21T05:48:46.524+0000] {dag.py:3834} INFO - Setting next_dagrun for dataset_consumes_1_never_scheduled to None, run_after=None
[2024-05-21T05:48:46.526+0000] {logging_mixin.py:188} INFO - [2024-05-21T05:48:46.525+0000] {dag.py:3834} INFO - Setting next_dagrun for dataset_consumes_unknown_never_scheduled to None, run_after=None
[2024-05-21T05:48:46.528+0000] {logging_mixin.py:188} INFO - [2024-05-21T05:48:46.528+0000] {dag.py:3834} INFO - Setting next_dagrun for dataset_produces_1 to 2024-05-20 00:00:00+00:00, run_after=2024-05-21 00:00:00+00:00
[2024-05-21T05:48:46.529+0000] {logging_mixin.py:188} INFO - [2024-05-21T05:48:46.529+0000] {dag.py:3834} INFO - Setting next_dagrun for dataset_produces_2 to None, run_after=None
[2024-05-21T05:48:46.557+0000] {processor.py:183} INFO - Processing /home/airflow/.local/lib/python3.9/site-packages/airflow/example_dags/example_datasets.py took 0.179 seconds
[2024-05-21T05:49:16.926+0000] {processor.py:161} INFO - Started process (PID=193) to work on /home/airflow/.local/lib/python3.9/site-packages/airflow/example_dags/example_datasets.py
[2024-05-21T05:49:16.928+0000] {processor.py:830} INFO - Processing file /home/airflow/.local/lib/python3.9/site-packages/airflow/example_dags/example_datasets.py for tasks to queue
[2024-05-21T05:49:16.930+0000] {logging_mixin.py:188} INFO - [2024-05-21T05:49:16.930+0000] {dagbag.py:540} INFO - Filling up the DagBag from /home/airflow/.local/lib/python3.9/site-packages/airflow/example_dags/example_datasets.py
[2024-05-21T05:49:16.938+0000] {processor.py:840} INFO - DAG(s) 'dataset_produces_2', 'dataset_consumes_1_never_scheduled', 'dataset_consumes_1', 'dataset_produces_1', 'dataset_consumes_1_and_2', 'dataset_consumes_unknown_never_scheduled' retrieved from /home/airflow/.local/lib/python3.9/site-packages/airflow/example_dags/example_datasets.py
[2024-05-21T05:49:16.967+0000] {logging_mixin.py:188} INFO - [2024-05-21T05:49:16.967+0000] {dag.py:3047} INFO - Sync 6 DAGs
[2024-05-21T05:49:16.986+0000] {logging_mixin.py:188} INFO - [2024-05-21T05:49:16.986+0000] {dag.py:3834} INFO - Setting next_dagrun for dataset_consumes_1 to None, run_after=None
[2024-05-21T05:49:16.990+0000] {logging_mixin.py:188} INFO - [2024-05-21T05:49:16.990+0000] {dag.py:3834} INFO - Setting next_dagrun for dataset_consumes_1_and_2 to None, run_after=None
[2024-05-21T05:49:16.992+0000] {logging_mixin.py:188} INFO - [2024-05-21T05:49:16.992+0000] {dag.py:3834} INFO - Setting next_dagrun for dataset_consumes_1_never_scheduled to None, run_after=None
[2024-05-21T05:49:16.994+0000] {logging_mixin.py:188} INFO - [2024-05-21T05:49:16.994+0000] {dag.py:3834} INFO - Setting next_dagrun for dataset_consumes_unknown_never_scheduled to None, run_after=None
[2024-05-21T05:49:16.997+0000] {logging_mixin.py:188} INFO - [2024-05-21T05:49:16.997+0000] {dag.py:3834} INFO - Setting next_dagrun for dataset_produces_1 to 2024-05-20 00:00:00+00:00, run_after=2024-05-21 00:00:00+00:00
[2024-05-21T05:49:16.999+0000] {logging_mixin.py:188} INFO - [2024-05-21T05:49:16.999+0000] {dag.py:3834} INFO - Setting next_dagrun for dataset_produces_2 to None, run_after=None
[2024-05-21T05:49:17.032+0000] {processor.py:183} INFO - Processing /home/airflow/.local/lib/python3.9/site-packages/airflow/example_dags/example_datasets.py took 0.108 seconds
[2024-05-21T05:49:47.160+0000] {processor.py:161} INFO - Started process (PID=255) to work on /home/airflow/.local/lib/python3.9/site-packages/airflow/example_dags/example_datasets.py
[2024-05-21T05:49:47.162+0000] {processor.py:830} INFO - Processing file /home/airflow/.local/lib/python3.9/site-packages/airflow/example_dags/example_datasets.py for tasks to queue
[2024-05-21T05:49:47.164+0000] {logging_mixin.py:188} INFO - [2024-05-21T05:49:47.163+0000] {dagbag.py:540} INFO - Filling up the DagBag from /home/airflow/.local/lib/python3.9/site-packages/airflow/example_dags/example_datasets.py
[2024-05-21T05:49:47.171+0000] {processor.py:840} INFO - DAG(s) 'dataset_produces_2', 'dataset_produces_1', 'dataset_consumes_1_never_scheduled', 'dataset_consumes_1', 'dataset_consumes_1_and_2', 'dataset_consumes_unknown_never_scheduled' retrieved from /home/airflow/.local/lib/python3.9/site-packages/airflow/example_dags/example_datasets.py
[2024-05-21T05:49:47.201+0000] {logging_mixin.py:188} INFO - [2024-05-21T05:49:47.201+0000] {dag.py:3047} INFO - Sync 6 DAGs
[2024-05-21T05:49:47.219+0000] {logging_mixin.py:188} INFO - [2024-05-21T05:49:47.218+0000] {dag.py:3834} INFO - Setting next_dagrun for dataset_consumes_1 to None, run_after=None
[2024-05-21T05:49:47.223+0000] {logging_mixin.py:188} INFO - [2024-05-21T05:49:47.223+0000] {dag.py:3834} INFO - Setting next_dagrun for dataset_consumes_1_and_2 to None, run_after=None
[2024-05-21T05:49:47.225+0000] {logging_mixin.py:188} INFO - [2024-05-21T05:49:47.225+0000] {dag.py:3834} INFO - Setting next_dagrun for dataset_consumes_1_never_scheduled to None, run_after=None
[2024-05-21T05:49:47.226+0000] {logging_mixin.py:188} INFO - [2024-05-21T05:49:47.226+0000] {dag.py:3834} INFO - Setting next_dagrun for dataset_consumes_unknown_never_scheduled to None, run_after=None
[2024-05-21T05:49:47.229+0000] {logging_mixin.py:188} INFO - [2024-05-21T05:49:47.229+0000] {dag.py:3834} INFO - Setting next_dagrun for dataset_produces_1 to 2024-05-20 00:00:00+00:00, run_after=2024-05-21 00:00:00+00:00
[2024-05-21T05:49:47.230+0000] {logging_mixin.py:188} INFO - [2024-05-21T05:49:47.230+0000] {dag.py:3834} INFO - Setting next_dagrun for dataset_produces_2 to None, run_after=None
[2024-05-21T05:49:47.261+0000] {processor.py:183} INFO - Processing /home/airflow/.local/lib/python3.9/site-packages/airflow/example_dags/example_datasets.py took 0.103 seconds
[2024-05-21T05:50:17.871+0000] {processor.py:161} INFO - Started process (PID=311) to work on /home/airflow/.local/lib/python3.9/site-packages/airflow/example_dags/example_datasets.py
[2024-05-21T05:50:17.873+0000] {processor.py:830} INFO - Processing file /home/airflow/.local/lib/python3.9/site-packages/airflow/example_dags/example_datasets.py for tasks to queue
[2024-05-21T05:50:17.875+0000] {logging_mixin.py:188} INFO - [2024-05-21T05:50:17.875+0000] {dagbag.py:540} INFO - Filling up the DagBag from /home/airflow/.local/lib/python3.9/site-packages/airflow/example_dags/example_datasets.py
[2024-05-21T05:50:17.885+0000] {processor.py:840} INFO - DAG(s) 'dataset_consumes_unknown_never_scheduled', 'dataset_produces_2', 'dataset_consumes_1', 'dataset_consumes_1_never_scheduled', 'dataset_produces_1', 'dataset_consumes_1_and_2' retrieved from /home/airflow/.local/lib/python3.9/site-packages/airflow/example_dags/example_datasets.py
[2024-05-21T05:50:17.917+0000] {logging_mixin.py:188} INFO - [2024-05-21T05:50:17.917+0000] {dag.py:3047} INFO - Sync 6 DAGs
[2024-05-21T05:50:17.936+0000] {logging_mixin.py:188} INFO - [2024-05-21T05:50:17.936+0000] {dag.py:3834} INFO - Setting next_dagrun for dataset_consumes_1 to None, run_after=None
[2024-05-21T05:50:17.941+0000] {logging_mixin.py:188} INFO - [2024-05-21T05:50:17.941+0000] {dag.py:3834} INFO - Setting next_dagrun for dataset_consumes_1_and_2 to None, run_after=None
[2024-05-21T05:50:17.943+0000] {logging_mixin.py:188} INFO - [2024-05-21T05:50:17.943+0000] {dag.py:3834} INFO - Setting next_dagrun for dataset_consumes_1_never_scheduled to None, run_after=None
[2024-05-21T05:50:17.946+0000] {logging_mixin.py:188} INFO - [2024-05-21T05:50:17.945+0000] {dag.py:3834} INFO - Setting next_dagrun for dataset_consumes_unknown_never_scheduled to None, run_after=None
[2024-05-21T05:50:17.949+0000] {logging_mixin.py:188} INFO - [2024-05-21T05:50:17.949+0000] {dag.py:3834} INFO - Setting next_dagrun for dataset_produces_1 to 2024-05-20 00:00:00+00:00, run_after=2024-05-21 00:00:00+00:00
[2024-05-21T05:50:17.951+0000] {logging_mixin.py:188} INFO - [2024-05-21T05:50:17.951+0000] {dag.py:3834} INFO - Setting next_dagrun for dataset_produces_2 to None, run_after=None
[2024-05-21T05:50:17.981+0000] {processor.py:183} INFO - Processing /home/airflow/.local/lib/python3.9/site-packages/airflow/example_dags/example_datasets.py took 0.112 seconds
[2024-05-21T05:50:48.456+0000] {processor.py:161} INFO - Started process (PID=372) to work on /home/airflow/.local/lib/python3.9/site-packages/airflow/example_dags/example_datasets.py
[2024-05-21T05:50:48.457+0000] {processor.py:830} INFO - Processing file /home/airflow/.local/lib/python3.9/site-packages/airflow/example_dags/example_datasets.py for tasks to queue
[2024-05-21T05:50:48.459+0000] {logging_mixin.py:188} INFO - [2024-05-21T05:50:48.459+0000] {dagbag.py:540} INFO - Filling up the DagBag from /home/airflow/.local/lib/python3.9/site-packages/airflow/example_dags/example_datasets.py
[2024-05-21T05:50:48.466+0000] {processor.py:840} INFO - DAG(s) 'dataset_produces_2', 'dataset_consumes_unknown_never_scheduled', 'dataset_consumes_1', 'dataset_consumes_1_and_2', 'dataset_consumes_1_never_scheduled', 'dataset_produces_1' retrieved from /home/airflow/.local/lib/python3.9/site-packages/airflow/example_dags/example_datasets.py
[2024-05-21T05:50:48.494+0000] {logging_mixin.py:188} INFO - [2024-05-21T05:50:48.494+0000] {dag.py:3047} INFO - Sync 6 DAGs
[2024-05-21T05:50:48.517+0000] {logging_mixin.py:188} INFO - [2024-05-21T05:50:48.517+0000] {dag.py:3834} INFO - Setting next_dagrun for dataset_consumes_1 to None, run_after=None
[2024-05-21T05:50:48.521+0000] {logging_mixin.py:188} INFO - [2024-05-21T05:50:48.521+0000] {dag.py:3834} INFO - Setting next_dagrun for dataset_consumes_1_and_2 to None, run_after=None
[2024-05-21T05:50:48.522+0000] {logging_mixin.py:188} INFO - [2024-05-21T05:50:48.522+0000] {dag.py:3834} INFO - Setting next_dagrun for dataset_consumes_1_never_scheduled to None, run_after=None
[2024-05-21T05:50:48.524+0000] {logging_mixin.py:188} INFO - [2024-05-21T05:50:48.524+0000] {dag.py:3834} INFO - Setting next_dagrun for dataset_consumes_unknown_never_scheduled to None, run_after=None
[2024-05-21T05:50:48.526+0000] {logging_mixin.py:188} INFO - [2024-05-21T05:50:48.526+0000] {dag.py:3834} INFO - Setting next_dagrun for dataset_produces_1 to 2024-05-20 00:00:00+00:00, run_after=2024-05-21 00:00:00+00:00
[2024-05-21T05:50:48.527+0000] {logging_mixin.py:188} INFO - [2024-05-21T05:50:48.527+0000] {dag.py:3834} INFO - Setting next_dagrun for dataset_produces_2 to None, run_after=None
[2024-05-21T05:50:48.556+0000] {processor.py:183} INFO - Processing /home/airflow/.local/lib/python3.9/site-packages/airflow/example_dags/example_datasets.py took 0.104 seconds
[2024-05-21T05:51:19.045+0000] {processor.py:161} INFO - Started process (PID=429) to work on /home/airflow/.local/lib/python3.9/site-packages/airflow/example_dags/example_datasets.py
[2024-05-21T05:51:19.046+0000] {processor.py:830} INFO - Processing file /home/airflow/.local/lib/python3.9/site-packages/airflow/example_dags/example_datasets.py for tasks to queue
[2024-05-21T05:51:19.048+0000] {logging_mixin.py:188} INFO - [2024-05-21T05:51:19.047+0000] {dagbag.py:540} INFO - Filling up the DagBag from /home/airflow/.local/lib/python3.9/site-packages/airflow/example_dags/example_datasets.py
[2024-05-21T05:51:19.055+0000] {processor.py:840} INFO - DAG(s) 'dataset_consumes_1_and_2', 'dataset_consumes_1', 'dataset_produces_2', 'dataset_consumes_1_never_scheduled', 'dataset_produces_1', 'dataset_consumes_unknown_never_scheduled' retrieved from /home/airflow/.local/lib/python3.9/site-packages/airflow/example_dags/example_datasets.py
[2024-05-21T05:51:19.083+0000] {logging_mixin.py:188} INFO - [2024-05-21T05:51:19.083+0000] {dag.py:3047} INFO - Sync 6 DAGs
[2024-05-21T05:51:19.107+0000] {logging_mixin.py:188} INFO - [2024-05-21T05:51:19.106+0000] {dag.py:3834} INFO - Setting next_dagrun for dataset_consumes_1 to None, run_after=None
[2024-05-21T05:51:19.112+0000] {logging_mixin.py:188} INFO - [2024-05-21T05:51:19.111+0000] {dag.py:3834} INFO - Setting next_dagrun for dataset_consumes_1_and_2 to None, run_after=None
[2024-05-21T05:51:19.114+0000] {logging_mixin.py:188} INFO - [2024-05-21T05:51:19.114+0000] {dag.py:3834} INFO - Setting next_dagrun for dataset_consumes_1_never_scheduled to None, run_after=None
[2024-05-21T05:51:19.116+0000] {logging_mixin.py:188} INFO - [2024-05-21T05:51:19.116+0000] {dag.py:3834} INFO - Setting next_dagrun for dataset_consumes_unknown_never_scheduled to None, run_after=None
[2024-05-21T05:51:19.119+0000] {logging_mixin.py:188} INFO - [2024-05-21T05:51:19.119+0000] {dag.py:3834} INFO - Setting next_dagrun for dataset_produces_1 to 2024-05-20 00:00:00+00:00, run_after=2024-05-21 00:00:00+00:00
[2024-05-21T05:51:19.121+0000] {logging_mixin.py:188} INFO - [2024-05-21T05:51:19.121+0000] {dag.py:3834} INFO - Setting next_dagrun for dataset_produces_2 to None, run_after=None
[2024-05-21T05:51:19.153+0000] {processor.py:183} INFO - Processing /home/airflow/.local/lib/python3.9/site-packages/airflow/example_dags/example_datasets.py took 0.110 seconds
[2024-05-21T05:51:49.966+0000] {processor.py:161} INFO - Started process (PID=486) to work on /home/airflow/.local/lib/python3.9/site-packages/airflow/example_dags/example_datasets.py
[2024-05-21T05:51:49.967+0000] {processor.py:830} INFO - Processing file /home/airflow/.local/lib/python3.9/site-packages/airflow/example_dags/example_datasets.py for tasks to queue
[2024-05-21T05:51:49.970+0000] {logging_mixin.py:188} INFO - [2024-05-21T05:51:49.969+0000] {dagbag.py:540} INFO - Filling up the DagBag from /home/airflow/.local/lib/python3.9/site-packages/airflow/example_dags/example_datasets.py
[2024-05-21T05:51:49.977+0000] {processor.py:840} INFO - DAG(s) 'dataset_consumes_1', 'dataset_consumes_unknown_never_scheduled', 'dataset_consumes_1_never_scheduled', 'dataset_consumes_1_and_2', 'dataset_produces_1', 'dataset_produces_2' retrieved from /home/airflow/.local/lib/python3.9/site-packages/airflow/example_dags/example_datasets.py
[2024-05-21T05:51:50.008+0000] {logging_mixin.py:188} INFO - [2024-05-21T05:51:50.008+0000] {dag.py:3047} INFO - Sync 6 DAGs
[2024-05-21T05:51:50.026+0000] {logging_mixin.py:188} INFO - [2024-05-21T05:51:50.026+0000] {dag.py:3834} INFO - Setting next_dagrun for dataset_consumes_1 to None, run_after=None
[2024-05-21T05:51:50.029+0000] {logging_mixin.py:188} INFO - [2024-05-21T05:51:50.029+0000] {dag.py:3834} INFO - Setting next_dagrun for dataset_consumes_1_and_2 to None, run_after=None
[2024-05-21T05:51:50.031+0000] {logging_mixin.py:188} INFO - [2024-05-21T05:51:50.031+0000] {dag.py:3834} INFO - Setting next_dagrun for dataset_consumes_1_never_scheduled to None, run_after=None
[2024-05-21T05:51:50.032+0000] {logging_mixin.py:188} INFO - [2024-05-21T05:51:50.032+0000] {dag.py:3834} INFO - Setting next_dagrun for dataset_consumes_unknown_never_scheduled to None, run_after=None
[2024-05-21T05:51:50.035+0000] {logging_mixin.py:188} INFO - [2024-05-21T05:51:50.035+0000] {dag.py:3834} INFO - Setting next_dagrun for dataset_produces_1 to 2024-05-20 00:00:00+00:00, run_after=2024-05-21 00:00:00+00:00
[2024-05-21T05:51:50.038+0000] {logging_mixin.py:188} INFO - [2024-05-21T05:51:50.038+0000] {dag.py:3834} INFO - Setting next_dagrun for dataset_produces_2 to None, run_after=None
[2024-05-21T05:51:50.071+0000] {processor.py:183} INFO - Processing /home/airflow/.local/lib/python3.9/site-packages/airflow/example_dags/example_datasets.py took 0.108 seconds
