[2024-05-21T03:35:26.744+0000] {processor.py:161} INFO - Started process (PID=59) to work on /home/airflow/.local/lib/python3.9/site-packages/airflow/example_dags/example_python_operator.py
[2024-05-21T03:35:26.745+0000] {processor.py:830} INFO - Processing file /home/airflow/.local/lib/python3.9/site-packages/airflow/example_dags/example_python_operator.py for tasks to queue
[2024-05-21T03:35:26.747+0000] {logging_mixin.py:188} INFO - [2024-05-21T03:35:26.746+0000] {dagbag.py:540} INFO - Filling up the DagBag from /home/airflow/.local/lib/python3.9/site-packages/airflow/example_dags/example_python_operator.py
[2024-05-21T03:35:26.760+0000] {processor.py:840} INFO - DAG(s) 'example_python_operator' retrieved from /home/airflow/.local/lib/python3.9/site-packages/airflow/example_dags/example_python_operator.py
[2024-05-21T03:35:26.846+0000] {logging_mixin.py:188} INFO - [2024-05-21T03:35:26.846+0000] {dag.py:3047} INFO - Sync 1 DAGs
[2024-05-21T03:35:26.859+0000] {logging_mixin.py:188} INFO - [2024-05-21T03:35:26.858+0000] {dag.py:3834} INFO - Setting next_dagrun for example_python_operator to None, run_after=None
[2024-05-21T03:35:26.903+0000] {processor.py:183} INFO - Processing /home/airflow/.local/lib/python3.9/site-packages/airflow/example_dags/example_python_operator.py took 0.163 seconds
[2024-05-21T03:36:06.295+0000] {processor.py:161} INFO - Started process (PID=116) to work on /home/airflow/.local/lib/python3.9/site-packages/airflow/example_dags/example_python_operator.py
[2024-05-21T03:36:06.297+0000] {processor.py:830} INFO - Processing file /home/airflow/.local/lib/python3.9/site-packages/airflow/example_dags/example_python_operator.py for tasks to queue
[2024-05-21T03:36:06.299+0000] {logging_mixin.py:188} INFO - [2024-05-21T03:36:06.299+0000] {dagbag.py:540} INFO - Filling up the DagBag from /home/airflow/.local/lib/python3.9/site-packages/airflow/example_dags/example_python_operator.py
[2024-05-21T03:36:06.313+0000] {processor.py:840} INFO - DAG(s) 'example_python_operator' retrieved from /home/airflow/.local/lib/python3.9/site-packages/airflow/example_dags/example_python_operator.py
[2024-05-21T03:36:06.338+0000] {logging_mixin.py:188} INFO - [2024-05-21T03:36:06.338+0000] {dag.py:3047} INFO - Sync 1 DAGs
[2024-05-21T03:36:06.357+0000] {logging_mixin.py:188} INFO - [2024-05-21T03:36:06.356+0000] {dag.py:3834} INFO - Setting next_dagrun for example_python_operator to None, run_after=None
[2024-05-21T03:36:06.385+0000] {processor.py:183} INFO - Processing /home/airflow/.local/lib/python3.9/site-packages/airflow/example_dags/example_python_operator.py took 0.094 seconds
[2024-05-21T03:36:38.752+0000] {processor.py:161} INFO - Started process (PID=179) to work on /home/airflow/.local/lib/python3.9/site-packages/airflow/example_dags/example_python_operator.py
[2024-05-21T03:36:38.756+0000] {processor.py:830} INFO - Processing file /home/airflow/.local/lib/python3.9/site-packages/airflow/example_dags/example_python_operator.py for tasks to queue
[2024-05-21T03:36:38.758+0000] {logging_mixin.py:188} INFO - [2024-05-21T03:36:38.758+0000] {dagbag.py:540} INFO - Filling up the DagBag from /home/airflow/.local/lib/python3.9/site-packages/airflow/example_dags/example_python_operator.py
[2024-05-21T03:36:38.777+0000] {processor.py:840} INFO - DAG(s) 'example_python_operator' retrieved from /home/airflow/.local/lib/python3.9/site-packages/airflow/example_dags/example_python_operator.py
[2024-05-21T03:36:38.816+0000] {logging_mixin.py:188} INFO - [2024-05-21T03:36:38.816+0000] {dag.py:3047} INFO - Sync 1 DAGs
[2024-05-21T03:36:38.835+0000] {logging_mixin.py:188} INFO - [2024-05-21T03:36:38.834+0000] {dag.py:3834} INFO - Setting next_dagrun for example_python_operator to None, run_after=None
[2024-05-21T03:36:38.900+0000] {processor.py:183} INFO - Processing /home/airflow/.local/lib/python3.9/site-packages/airflow/example_dags/example_python_operator.py took 0.154 seconds
[2024-05-21T03:37:35.723+0000] {processor.py:161} INFO - Started process (PID=243) to work on /home/airflow/.local/lib/python3.9/site-packages/airflow/example_dags/example_python_operator.py
[2024-05-21T03:37:35.725+0000] {processor.py:830} INFO - Processing file /home/airflow/.local/lib/python3.9/site-packages/airflow/example_dags/example_python_operator.py for tasks to queue
[2024-05-21T03:37:35.753+0000] {logging_mixin.py:188} INFO - [2024-05-21T03:37:35.745+0000] {dagbag.py:540} INFO - Filling up the DagBag from /home/airflow/.local/lib/python3.9/site-packages/airflow/example_dags/example_python_operator.py
[2024-05-21T03:37:35.882+0000] {processor.py:840} INFO - DAG(s) 'example_python_operator' retrieved from /home/airflow/.local/lib/python3.9/site-packages/airflow/example_dags/example_python_operator.py
[2024-05-21T03:37:36.060+0000] {logging_mixin.py:188} INFO - [2024-05-21T03:37:36.059+0000] {dag.py:3047} INFO - Sync 1 DAGs
[2024-05-21T03:37:36.097+0000] {logging_mixin.py:188} INFO - [2024-05-21T03:37:36.097+0000] {dag.py:3834} INFO - Setting next_dagrun for example_python_operator to None, run_after=None
[2024-05-21T03:37:36.149+0000] {processor.py:183} INFO - Processing /home/airflow/.local/lib/python3.9/site-packages/airflow/example_dags/example_python_operator.py took 0.490 seconds
[2024-05-21T03:38:21.749+0000] {processor.py:161} INFO - Started process (PID=300) to work on /home/airflow/.local/lib/python3.9/site-packages/airflow/example_dags/example_python_operator.py
[2024-05-21T03:38:21.750+0000] {processor.py:830} INFO - Processing file /home/airflow/.local/lib/python3.9/site-packages/airflow/example_dags/example_python_operator.py for tasks to queue
[2024-05-21T03:38:21.755+0000] {logging_mixin.py:188} INFO - [2024-05-21T03:38:21.753+0000] {dagbag.py:540} INFO - Filling up the DagBag from /home/airflow/.local/lib/python3.9/site-packages/airflow/example_dags/example_python_operator.py
[2024-05-21T03:38:22.013+0000] {processor.py:840} INFO - DAG(s) 'example_python_operator' retrieved from /home/airflow/.local/lib/python3.9/site-packages/airflow/example_dags/example_python_operator.py
[2024-05-21T03:38:22.109+0000] {logging_mixin.py:188} INFO - [2024-05-21T03:38:22.108+0000] {dag.py:3047} INFO - Sync 1 DAGs
[2024-05-21T03:38:22.282+0000] {logging_mixin.py:188} INFO - [2024-05-21T03:38:22.282+0000] {dag.py:3834} INFO - Setting next_dagrun for example_python_operator to None, run_after=None
[2024-05-21T03:38:22.429+0000] {processor.py:183} INFO - Processing /home/airflow/.local/lib/python3.9/site-packages/airflow/example_dags/example_python_operator.py took 0.700 seconds
[2024-05-21T03:38:56.706+0000] {processor.py:161} INFO - Started process (PID=365) to work on /home/airflow/.local/lib/python3.9/site-packages/airflow/example_dags/example_python_operator.py
[2024-05-21T03:38:56.710+0000] {processor.py:830} INFO - Processing file /home/airflow/.local/lib/python3.9/site-packages/airflow/example_dags/example_python_operator.py for tasks to queue
[2024-05-21T03:38:56.713+0000] {logging_mixin.py:188} INFO - [2024-05-21T03:38:56.712+0000] {dagbag.py:540} INFO - Filling up the DagBag from /home/airflow/.local/lib/python3.9/site-packages/airflow/example_dags/example_python_operator.py
[2024-05-21T03:38:56.737+0000] {processor.py:840} INFO - DAG(s) 'example_python_operator' retrieved from /home/airflow/.local/lib/python3.9/site-packages/airflow/example_dags/example_python_operator.py
[2024-05-21T03:38:56.836+0000] {logging_mixin.py:188} INFO - [2024-05-21T03:38:56.835+0000] {dag.py:3047} INFO - Sync 1 DAGs
[2024-05-21T03:38:56.917+0000] {logging_mixin.py:188} INFO - [2024-05-21T03:38:56.917+0000] {dag.py:3834} INFO - Setting next_dagrun for example_python_operator to None, run_after=None
[2024-05-21T03:38:57.010+0000] {processor.py:183} INFO - Processing /home/airflow/.local/lib/python3.9/site-packages/airflow/example_dags/example_python_operator.py took 0.308 seconds
[2024-05-21T05:48:14.168+0000] {processor.py:161} INFO - Started process (PID=59) to work on /home/airflow/.local/lib/python3.9/site-packages/airflow/example_dags/example_python_operator.py
[2024-05-21T05:48:14.170+0000] {processor.py:830} INFO - Processing file /home/airflow/.local/lib/python3.9/site-packages/airflow/example_dags/example_python_operator.py for tasks to queue
[2024-05-21T05:48:14.172+0000] {logging_mixin.py:188} INFO - [2024-05-21T05:48:14.172+0000] {dagbag.py:540} INFO - Filling up the DagBag from /home/airflow/.local/lib/python3.9/site-packages/airflow/example_dags/example_python_operator.py
[2024-05-21T05:48:14.183+0000] {processor.py:840} INFO - DAG(s) 'example_python_operator' retrieved from /home/airflow/.local/lib/python3.9/site-packages/airflow/example_dags/example_python_operator.py
[2024-05-21T05:48:14.198+0000] {logging_mixin.py:188} INFO - [2024-05-21T05:48:14.197+0000] {dag.py:3047} INFO - Sync 1 DAGs
[2024-05-21T05:48:14.209+0000] {logging_mixin.py:188} INFO - [2024-05-21T05:48:14.209+0000] {dag.py:3834} INFO - Setting next_dagrun for example_python_operator to None, run_after=None
[2024-05-21T05:48:14.228+0000] {processor.py:183} INFO - Processing /home/airflow/.local/lib/python3.9/site-packages/airflow/example_dags/example_python_operator.py took 0.064 seconds
[2024-05-21T05:48:44.964+0000] {processor.py:161} INFO - Started process (PID=116) to work on /home/airflow/.local/lib/python3.9/site-packages/airflow/example_dags/example_python_operator.py
[2024-05-21T05:48:44.965+0000] {processor.py:830} INFO - Processing file /home/airflow/.local/lib/python3.9/site-packages/airflow/example_dags/example_python_operator.py for tasks to queue
[2024-05-21T05:48:44.967+0000] {logging_mixin.py:188} INFO - [2024-05-21T05:48:44.967+0000] {dagbag.py:540} INFO - Filling up the DagBag from /home/airflow/.local/lib/python3.9/site-packages/airflow/example_dags/example_python_operator.py
[2024-05-21T05:48:44.975+0000] {processor.py:840} INFO - DAG(s) 'example_python_operator' retrieved from /home/airflow/.local/lib/python3.9/site-packages/airflow/example_dags/example_python_operator.py
[2024-05-21T05:48:45.051+0000] {logging_mixin.py:188} INFO - [2024-05-21T05:48:45.051+0000] {dag.py:3047} INFO - Sync 1 DAGs
[2024-05-21T05:48:45.060+0000] {logging_mixin.py:188} INFO - [2024-05-21T05:48:45.060+0000] {dag.py:3834} INFO - Setting next_dagrun for example_python_operator to None, run_after=None
[2024-05-21T05:48:45.075+0000] {processor.py:183} INFO - Processing /home/airflow/.local/lib/python3.9/site-packages/airflow/example_dags/example_python_operator.py took 0.114 seconds
[2024-05-21T05:49:15.489+0000] {processor.py:161} INFO - Started process (PID=173) to work on /home/airflow/.local/lib/python3.9/site-packages/airflow/example_dags/example_python_operator.py
[2024-05-21T05:49:15.491+0000] {processor.py:830} INFO - Processing file /home/airflow/.local/lib/python3.9/site-packages/airflow/example_dags/example_python_operator.py for tasks to queue
[2024-05-21T05:49:15.493+0000] {logging_mixin.py:188} INFO - [2024-05-21T05:49:15.493+0000] {dagbag.py:540} INFO - Filling up the DagBag from /home/airflow/.local/lib/python3.9/site-packages/airflow/example_dags/example_python_operator.py
[2024-05-21T05:49:15.501+0000] {processor.py:840} INFO - DAG(s) 'example_python_operator' retrieved from /home/airflow/.local/lib/python3.9/site-packages/airflow/example_dags/example_python_operator.py
[2024-05-21T05:49:15.517+0000] {logging_mixin.py:188} INFO - [2024-05-21T05:49:15.517+0000] {dag.py:3047} INFO - Sync 1 DAGs
[2024-05-21T05:49:15.525+0000] {logging_mixin.py:188} INFO - [2024-05-21T05:49:15.525+0000] {dag.py:3834} INFO - Setting next_dagrun for example_python_operator to None, run_after=None
[2024-05-21T05:49:15.539+0000] {processor.py:183} INFO - Processing /home/airflow/.local/lib/python3.9/site-packages/airflow/example_dags/example_python_operator.py took 0.053 seconds
[2024-05-21T05:49:45.979+0000] {processor.py:161} INFO - Started process (PID=234) to work on /home/airflow/.local/lib/python3.9/site-packages/airflow/example_dags/example_python_operator.py
[2024-05-21T05:49:45.981+0000] {processor.py:830} INFO - Processing file /home/airflow/.local/lib/python3.9/site-packages/airflow/example_dags/example_python_operator.py for tasks to queue
[2024-05-21T05:49:45.982+0000] {logging_mixin.py:188} INFO - [2024-05-21T05:49:45.982+0000] {dagbag.py:540} INFO - Filling up the DagBag from /home/airflow/.local/lib/python3.9/site-packages/airflow/example_dags/example_python_operator.py
[2024-05-21T05:49:45.995+0000] {processor.py:840} INFO - DAG(s) 'example_python_operator' retrieved from /home/airflow/.local/lib/python3.9/site-packages/airflow/example_dags/example_python_operator.py
[2024-05-21T05:49:46.023+0000] {logging_mixin.py:188} INFO - [2024-05-21T05:49:46.023+0000] {dag.py:3047} INFO - Sync 1 DAGs
[2024-05-21T05:49:46.034+0000] {logging_mixin.py:188} INFO - [2024-05-21T05:49:46.034+0000] {dag.py:3834} INFO - Setting next_dagrun for example_python_operator to None, run_after=None
[2024-05-21T05:49:46.052+0000] {processor.py:183} INFO - Processing /home/airflow/.local/lib/python3.9/site-packages/airflow/example_dags/example_python_operator.py took 0.077 seconds
[2024-05-21T05:50:16.930+0000] {processor.py:161} INFO - Started process (PID=291) to work on /home/airflow/.local/lib/python3.9/site-packages/airflow/example_dags/example_python_operator.py
[2024-05-21T05:50:16.931+0000] {processor.py:830} INFO - Processing file /home/airflow/.local/lib/python3.9/site-packages/airflow/example_dags/example_python_operator.py for tasks to queue
[2024-05-21T05:50:16.933+0000] {logging_mixin.py:188} INFO - [2024-05-21T05:50:16.933+0000] {dagbag.py:540} INFO - Filling up the DagBag from /home/airflow/.local/lib/python3.9/site-packages/airflow/example_dags/example_python_operator.py
[2024-05-21T05:50:16.943+0000] {processor.py:840} INFO - DAG(s) 'example_python_operator' retrieved from /home/airflow/.local/lib/python3.9/site-packages/airflow/example_dags/example_python_operator.py
[2024-05-21T05:50:16.961+0000] {logging_mixin.py:188} INFO - [2024-05-21T05:50:16.961+0000] {dag.py:3047} INFO - Sync 1 DAGs
[2024-05-21T05:50:16.972+0000] {logging_mixin.py:188} INFO - [2024-05-21T05:50:16.972+0000] {dag.py:3834} INFO - Setting next_dagrun for example_python_operator to None, run_after=None
[2024-05-21T05:50:16.991+0000] {processor.py:183} INFO - Processing /home/airflow/.local/lib/python3.9/site-packages/airflow/example_dags/example_python_operator.py took 0.064 seconds
[2024-05-21T05:50:47.589+0000] {processor.py:161} INFO - Started process (PID=352) to work on /home/airflow/.local/lib/python3.9/site-packages/airflow/example_dags/example_python_operator.py
[2024-05-21T05:50:47.590+0000] {processor.py:830} INFO - Processing file /home/airflow/.local/lib/python3.9/site-packages/airflow/example_dags/example_python_operator.py for tasks to queue
[2024-05-21T05:50:47.592+0000] {logging_mixin.py:188} INFO - [2024-05-21T05:50:47.592+0000] {dagbag.py:540} INFO - Filling up the DagBag from /home/airflow/.local/lib/python3.9/site-packages/airflow/example_dags/example_python_operator.py
[2024-05-21T05:50:47.601+0000] {processor.py:840} INFO - DAG(s) 'example_python_operator' retrieved from /home/airflow/.local/lib/python3.9/site-packages/airflow/example_dags/example_python_operator.py
[2024-05-21T05:50:47.620+0000] {logging_mixin.py:188} INFO - [2024-05-21T05:50:47.620+0000] {dag.py:3047} INFO - Sync 1 DAGs
[2024-05-21T05:50:47.630+0000] {logging_mixin.py:188} INFO - [2024-05-21T05:50:47.629+0000] {dag.py:3834} INFO - Setting next_dagrun for example_python_operator to None, run_after=None
[2024-05-21T05:50:47.644+0000] {processor.py:183} INFO - Processing /home/airflow/.local/lib/python3.9/site-packages/airflow/example_dags/example_python_operator.py took 0.057 seconds
[2024-05-21T05:51:18.154+0000] {processor.py:161} INFO - Started process (PID=409) to work on /home/airflow/.local/lib/python3.9/site-packages/airflow/example_dags/example_python_operator.py
[2024-05-21T05:51:18.155+0000] {processor.py:830} INFO - Processing file /home/airflow/.local/lib/python3.9/site-packages/airflow/example_dags/example_python_operator.py for tasks to queue
[2024-05-21T05:51:18.157+0000] {logging_mixin.py:188} INFO - [2024-05-21T05:51:18.157+0000] {dagbag.py:540} INFO - Filling up the DagBag from /home/airflow/.local/lib/python3.9/site-packages/airflow/example_dags/example_python_operator.py
[2024-05-21T05:51:18.165+0000] {processor.py:840} INFO - DAG(s) 'example_python_operator' retrieved from /home/airflow/.local/lib/python3.9/site-packages/airflow/example_dags/example_python_operator.py
[2024-05-21T05:51:18.181+0000] {logging_mixin.py:188} INFO - [2024-05-21T05:51:18.181+0000] {dag.py:3047} INFO - Sync 1 DAGs
[2024-05-21T05:51:18.190+0000] {logging_mixin.py:188} INFO - [2024-05-21T05:51:18.190+0000] {dag.py:3834} INFO - Setting next_dagrun for example_python_operator to None, run_after=None
[2024-05-21T05:51:18.206+0000] {processor.py:183} INFO - Processing /home/airflow/.local/lib/python3.9/site-packages/airflow/example_dags/example_python_operator.py took 0.054 seconds
[2024-05-21T05:51:49.003+0000] {processor.py:161} INFO - Started process (PID=466) to work on /home/airflow/.local/lib/python3.9/site-packages/airflow/example_dags/example_python_operator.py
[2024-05-21T05:51:49.004+0000] {processor.py:830} INFO - Processing file /home/airflow/.local/lib/python3.9/site-packages/airflow/example_dags/example_python_operator.py for tasks to queue
[2024-05-21T05:51:49.006+0000] {logging_mixin.py:188} INFO - [2024-05-21T05:51:49.006+0000] {dagbag.py:540} INFO - Filling up the DagBag from /home/airflow/.local/lib/python3.9/site-packages/airflow/example_dags/example_python_operator.py
[2024-05-21T05:51:49.014+0000] {processor.py:840} INFO - DAG(s) 'example_python_operator' retrieved from /home/airflow/.local/lib/python3.9/site-packages/airflow/example_dags/example_python_operator.py
[2024-05-21T05:51:49.035+0000] {logging_mixin.py:188} INFO - [2024-05-21T05:51:49.035+0000] {dag.py:3047} INFO - Sync 1 DAGs
[2024-05-21T05:51:49.045+0000] {logging_mixin.py:188} INFO - [2024-05-21T05:51:49.045+0000] {dag.py:3834} INFO - Setting next_dagrun for example_python_operator to None, run_after=None
[2024-05-21T05:51:49.060+0000] {processor.py:183} INFO - Processing /home/airflow/.local/lib/python3.9/site-packages/airflow/example_dags/example_python_operator.py took 0.059 seconds
