[2024-05-21T03:35:23.240+0000] {processor.py:161} INFO - Started process (PID=41) to work on /home/airflow/.local/lib/python3.9/site-packages/airflow/example_dags/example_sensor_decorator.py
[2024-05-21T03:35:23.242+0000] {processor.py:830} INFO - Processing file /home/airflow/.local/lib/python3.9/site-packages/airflow/example_dags/example_sensor_decorator.py for tasks to queue
[2024-05-21T03:35:23.244+0000] {logging_mixin.py:188} INFO - [2024-05-21T03:35:23.243+0000] {dagbag.py:540} INFO - Filling up the DagBag from /home/airflow/.local/lib/python3.9/site-packages/airflow/example_dags/example_sensor_decorator.py
[2024-05-21T03:35:23.261+0000] {processor.py:840} INFO - DAG(s) 'example_sensor_decorator' retrieved from /home/airflow/.local/lib/python3.9/site-packages/airflow/example_dags/example_sensor_decorator.py
[2024-05-21T03:35:23.365+0000] {logging_mixin.py:188} INFO - [2024-05-21T03:35:23.365+0000] {dag.py:3047} INFO - Sync 1 DAGs
[2024-05-21T03:35:23.374+0000] {logging_mixin.py:188} INFO - [2024-05-21T03:35:23.374+0000] {dag.py:3834} INFO - Setting next_dagrun for example_sensor_decorator to None, run_after=None
[2024-05-21T03:35:23.423+0000] {processor.py:183} INFO - Processing /home/airflow/.local/lib/python3.9/site-packages/airflow/example_dags/example_sensor_decorator.py took 0.185 seconds
[2024-05-21T03:35:54.821+0000] {processor.py:161} INFO - Started process (PID=96) to work on /home/airflow/.local/lib/python3.9/site-packages/airflow/example_dags/example_sensor_decorator.py
[2024-05-21T03:35:54.903+0000] {processor.py:830} INFO - Processing file /home/airflow/.local/lib/python3.9/site-packages/airflow/example_dags/example_sensor_decorator.py for tasks to queue
[2024-05-21T03:35:55.045+0000] {logging_mixin.py:188} INFO - [2024-05-21T03:35:55.045+0000] {dagbag.py:540} INFO - Filling up the DagBag from /home/airflow/.local/lib/python3.9/site-packages/airflow/example_dags/example_sensor_decorator.py
[2024-05-21T03:35:55.601+0000] {processor.py:840} INFO - DAG(s) 'example_sensor_decorator' retrieved from /home/airflow/.local/lib/python3.9/site-packages/airflow/example_dags/example_sensor_decorator.py
[2024-05-21T03:35:55.897+0000] {logging_mixin.py:188} INFO - [2024-05-21T03:35:55.897+0000] {dag.py:3047} INFO - Sync 1 DAGs
[2024-05-21T03:35:55.966+0000] {logging_mixin.py:188} INFO - [2024-05-21T03:35:55.965+0000] {dag.py:3834} INFO - Setting next_dagrun for example_sensor_decorator to None, run_after=None
[2024-05-21T03:35:56.093+0000] {processor.py:183} INFO - Processing /home/airflow/.local/lib/python3.9/site-packages/airflow/example_dags/example_sensor_decorator.py took 1.489 seconds
[2024-05-21T03:36:26.144+0000] {processor.py:161} INFO - Started process (PID=152) to work on /home/airflow/.local/lib/python3.9/site-packages/airflow/example_dags/example_sensor_decorator.py
[2024-05-21T03:36:26.184+0000] {processor.py:830} INFO - Processing file /home/airflow/.local/lib/python3.9/site-packages/airflow/example_dags/example_sensor_decorator.py for tasks to queue
[2024-05-21T03:36:26.960+0000] {logging_mixin.py:188} INFO - [2024-05-21T03:36:26.959+0000] {dagbag.py:540} INFO - Filling up the DagBag from /home/airflow/.local/lib/python3.9/site-packages/airflow/example_dags/example_sensor_decorator.py
[2024-05-21T03:36:26.974+0000] {processor.py:840} INFO - DAG(s) 'example_sensor_decorator' retrieved from /home/airflow/.local/lib/python3.9/site-packages/airflow/example_dags/example_sensor_decorator.py
[2024-05-21T03:36:27.419+0000] {logging_mixin.py:188} INFO - [2024-05-21T03:36:27.418+0000] {dag.py:3047} INFO - Sync 1 DAGs
[2024-05-21T03:36:27.428+0000] {logging_mixin.py:188} INFO - [2024-05-21T03:36:27.428+0000] {dag.py:3834} INFO - Setting next_dagrun for example_sensor_decorator to None, run_after=None
[2024-05-21T03:36:27.636+0000] {processor.py:183} INFO - Processing /home/airflow/.local/lib/python3.9/site-packages/airflow/example_dags/example_sensor_decorator.py took 1.495 seconds
[2024-05-21T03:36:59.370+0000] {processor.py:161} INFO - Started process (PID=214) to work on /home/airflow/.local/lib/python3.9/site-packages/airflow/example_dags/example_sensor_decorator.py
[2024-05-21T03:36:59.383+0000] {processor.py:830} INFO - Processing file /home/airflow/.local/lib/python3.9/site-packages/airflow/example_dags/example_sensor_decorator.py for tasks to queue
[2024-05-21T03:36:59.420+0000] {logging_mixin.py:188} INFO - [2024-05-21T03:36:59.419+0000] {dagbag.py:540} INFO - Filling up the DagBag from /home/airflow/.local/lib/python3.9/site-packages/airflow/example_dags/example_sensor_decorator.py
[2024-05-21T03:36:59.539+0000] {processor.py:840} INFO - DAG(s) 'example_sensor_decorator' retrieved from /home/airflow/.local/lib/python3.9/site-packages/airflow/example_dags/example_sensor_decorator.py
[2024-05-21T03:36:59.867+0000] {logging_mixin.py:188} INFO - [2024-05-21T03:36:59.867+0000] {dag.py:3047} INFO - Sync 1 DAGs
[2024-05-21T03:37:00.042+0000] {logging_mixin.py:188} INFO - [2024-05-21T03:37:00.041+0000] {dag.py:3834} INFO - Setting next_dagrun for example_sensor_decorator to None, run_after=None
[2024-05-21T03:37:00.120+0000] {processor.py:183} INFO - Processing /home/airflow/.local/lib/python3.9/site-packages/airflow/example_dags/example_sensor_decorator.py took 0.820 seconds
[2024-05-21T03:37:32.701+0000] {processor.py:161} INFO - Started process (PID=229) to work on /home/airflow/.local/lib/python3.9/site-packages/airflow/example_dags/example_sensor_decorator.py
[2024-05-21T03:37:32.703+0000] {processor.py:830} INFO - Processing file /home/airflow/.local/lib/python3.9/site-packages/airflow/example_dags/example_sensor_decorator.py for tasks to queue
[2024-05-21T03:37:32.707+0000] {logging_mixin.py:188} INFO - [2024-05-21T03:37:32.706+0000] {dagbag.py:540} INFO - Filling up the DagBag from /home/airflow/.local/lib/python3.9/site-packages/airflow/example_dags/example_sensor_decorator.py
[2024-05-21T03:37:32.728+0000] {processor.py:840} INFO - DAG(s) 'example_sensor_decorator' retrieved from /home/airflow/.local/lib/python3.9/site-packages/airflow/example_dags/example_sensor_decorator.py
[2024-05-21T03:37:32.786+0000] {logging_mixin.py:188} INFO - [2024-05-21T03:37:32.785+0000] {dag.py:3047} INFO - Sync 1 DAGs
[2024-05-21T03:37:32.812+0000] {logging_mixin.py:188} INFO - [2024-05-21T03:37:32.811+0000] {dag.py:3834} INFO - Setting next_dagrun for example_sensor_decorator to None, run_after=None
[2024-05-21T03:37:32.879+0000] {processor.py:183} INFO - Processing /home/airflow/.local/lib/python3.9/site-packages/airflow/example_dags/example_sensor_decorator.py took 0.187 seconds
[2024-05-21T03:38:04.431+0000] {processor.py:161} INFO - Started process (PID=285) to work on /home/airflow/.local/lib/python3.9/site-packages/airflow/example_dags/example_sensor_decorator.py
[2024-05-21T03:38:04.432+0000] {processor.py:830} INFO - Processing file /home/airflow/.local/lib/python3.9/site-packages/airflow/example_dags/example_sensor_decorator.py for tasks to queue
[2024-05-21T03:38:04.434+0000] {logging_mixin.py:188} INFO - [2024-05-21T03:38:04.434+0000] {dagbag.py:540} INFO - Filling up the DagBag from /home/airflow/.local/lib/python3.9/site-packages/airflow/example_dags/example_sensor_decorator.py
[2024-05-21T03:38:04.455+0000] {processor.py:840} INFO - DAG(s) 'example_sensor_decorator' retrieved from /home/airflow/.local/lib/python3.9/site-packages/airflow/example_dags/example_sensor_decorator.py
[2024-05-21T03:38:05.143+0000] {logging_mixin.py:188} INFO - [2024-05-21T03:38:05.143+0000] {dag.py:3047} INFO - Sync 1 DAGs
[2024-05-21T03:38:05.277+0000] {logging_mixin.py:188} INFO - [2024-05-21T03:38:05.276+0000] {dag.py:3834} INFO - Setting next_dagrun for example_sensor_decorator to None, run_after=None
[2024-05-21T03:38:05.380+0000] {processor.py:183} INFO - Processing /home/airflow/.local/lib/python3.9/site-packages/airflow/example_dags/example_sensor_decorator.py took 0.958 seconds
[2024-05-21T03:38:36.533+0000] {processor.py:161} INFO - Started process (PID=341) to work on /home/airflow/.local/lib/python3.9/site-packages/airflow/example_dags/example_sensor_decorator.py
[2024-05-21T03:38:36.535+0000] {processor.py:830} INFO - Processing file /home/airflow/.local/lib/python3.9/site-packages/airflow/example_dags/example_sensor_decorator.py for tasks to queue
[2024-05-21T03:38:36.540+0000] {logging_mixin.py:188} INFO - [2024-05-21T03:38:36.539+0000] {dagbag.py:540} INFO - Filling up the DagBag from /home/airflow/.local/lib/python3.9/site-packages/airflow/example_dags/example_sensor_decorator.py
[2024-05-21T03:38:36.556+0000] {processor.py:840} INFO - DAG(s) 'example_sensor_decorator' retrieved from /home/airflow/.local/lib/python3.9/site-packages/airflow/example_dags/example_sensor_decorator.py
[2024-05-21T03:38:36.608+0000] {logging_mixin.py:188} INFO - [2024-05-21T03:38:36.608+0000] {dag.py:3047} INFO - Sync 1 DAGs
[2024-05-21T03:38:36.634+0000] {logging_mixin.py:188} INFO - [2024-05-21T03:38:36.634+0000] {dag.py:3834} INFO - Setting next_dagrun for example_sensor_decorator to None, run_after=None
[2024-05-21T03:38:36.682+0000] {processor.py:183} INFO - Processing /home/airflow/.local/lib/python3.9/site-packages/airflow/example_dags/example_sensor_decorator.py took 0.153 seconds
[2024-05-21T03:39:07.113+0000] {processor.py:161} INFO - Started process (PID=402) to work on /home/airflow/.local/lib/python3.9/site-packages/airflow/example_dags/example_sensor_decorator.py
[2024-05-21T03:39:07.171+0000] {processor.py:830} INFO - Processing file /home/airflow/.local/lib/python3.9/site-packages/airflow/example_dags/example_sensor_decorator.py for tasks to queue
[2024-05-21T03:39:07.173+0000] {logging_mixin.py:188} INFO - [2024-05-21T03:39:07.173+0000] {dagbag.py:540} INFO - Filling up the DagBag from /home/airflow/.local/lib/python3.9/site-packages/airflow/example_dags/example_sensor_decorator.py
[2024-05-21T03:39:07.179+0000] {processor.py:840} INFO - DAG(s) 'example_sensor_decorator' retrieved from /home/airflow/.local/lib/python3.9/site-packages/airflow/example_dags/example_sensor_decorator.py
[2024-05-21T03:39:07.252+0000] {logging_mixin.py:188} INFO - [2024-05-21T03:39:07.252+0000] {dag.py:3047} INFO - Sync 1 DAGs
[2024-05-21T03:39:07.262+0000] {logging_mixin.py:188} INFO - [2024-05-21T03:39:07.262+0000] {dag.py:3834} INFO - Setting next_dagrun for example_sensor_decorator to None, run_after=None
[2024-05-21T03:39:07.586+0000] {processor.py:183} INFO - Processing /home/airflow/.local/lib/python3.9/site-packages/airflow/example_dags/example_sensor_decorator.py took 0.476 seconds
[2024-05-21T05:48:12.617+0000] {processor.py:161} INFO - Started process (PID=41) to work on /home/airflow/.local/lib/python3.9/site-packages/airflow/example_dags/example_sensor_decorator.py
[2024-05-21T05:48:12.624+0000] {processor.py:830} INFO - Processing file /home/airflow/.local/lib/python3.9/site-packages/airflow/example_dags/example_sensor_decorator.py for tasks to queue
[2024-05-21T05:48:12.635+0000] {logging_mixin.py:188} INFO - [2024-05-21T05:48:12.633+0000] {dagbag.py:540} INFO - Filling up the DagBag from /home/airflow/.local/lib/python3.9/site-packages/airflow/example_dags/example_sensor_decorator.py
[2024-05-21T05:48:12.680+0000] {processor.py:840} INFO - DAG(s) 'example_sensor_decorator' retrieved from /home/airflow/.local/lib/python3.9/site-packages/airflow/example_dags/example_sensor_decorator.py
[2024-05-21T05:48:12.740+0000] {logging_mixin.py:188} INFO - [2024-05-21T05:48:12.739+0000] {dag.py:3047} INFO - Sync 1 DAGs
[2024-05-21T05:48:12.793+0000] {logging_mixin.py:188} INFO - [2024-05-21T05:48:12.793+0000] {dag.py:3834} INFO - Setting next_dagrun for example_sensor_decorator to None, run_after=None
[2024-05-21T05:48:12.820+0000] {processor.py:183} INFO - Processing /home/airflow/.local/lib/python3.9/site-packages/airflow/example_dags/example_sensor_decorator.py took 0.207 seconds
[2024-05-21T05:48:43.006+0000] {processor.py:161} INFO - Started process (PID=96) to work on /home/airflow/.local/lib/python3.9/site-packages/airflow/example_dags/example_sensor_decorator.py
[2024-05-21T05:48:43.008+0000] {processor.py:830} INFO - Processing file /home/airflow/.local/lib/python3.9/site-packages/airflow/example_dags/example_sensor_decorator.py for tasks to queue
[2024-05-21T05:48:43.010+0000] {logging_mixin.py:188} INFO - [2024-05-21T05:48:43.010+0000] {dagbag.py:540} INFO - Filling up the DagBag from /home/airflow/.local/lib/python3.9/site-packages/airflow/example_dags/example_sensor_decorator.py
[2024-05-21T05:48:43.016+0000] {processor.py:840} INFO - DAG(s) 'example_sensor_decorator' retrieved from /home/airflow/.local/lib/python3.9/site-packages/airflow/example_dags/example_sensor_decorator.py
[2024-05-21T05:48:43.090+0000] {logging_mixin.py:188} INFO - [2024-05-21T05:48:43.090+0000] {dag.py:3047} INFO - Sync 1 DAGs
[2024-05-21T05:48:43.098+0000] {logging_mixin.py:188} INFO - [2024-05-21T05:48:43.098+0000] {dag.py:3834} INFO - Setting next_dagrun for example_sensor_decorator to None, run_after=None
[2024-05-21T05:48:43.114+0000] {processor.py:183} INFO - Processing /home/airflow/.local/lib/python3.9/site-packages/airflow/example_dags/example_sensor_decorator.py took 0.111 seconds
[2024-05-21T05:49:13.222+0000] {processor.py:161} INFO - Started process (PID=153) to work on /home/airflow/.local/lib/python3.9/site-packages/airflow/example_dags/example_sensor_decorator.py
[2024-05-21T05:49:13.223+0000] {processor.py:830} INFO - Processing file /home/airflow/.local/lib/python3.9/site-packages/airflow/example_dags/example_sensor_decorator.py for tasks to queue
[2024-05-21T05:49:13.225+0000] {logging_mixin.py:188} INFO - [2024-05-21T05:49:13.224+0000] {dagbag.py:540} INFO - Filling up the DagBag from /home/airflow/.local/lib/python3.9/site-packages/airflow/example_dags/example_sensor_decorator.py
[2024-05-21T05:49:13.230+0000] {processor.py:840} INFO - DAG(s) 'example_sensor_decorator' retrieved from /home/airflow/.local/lib/python3.9/site-packages/airflow/example_dags/example_sensor_decorator.py
[2024-05-21T05:49:13.246+0000] {logging_mixin.py:188} INFO - [2024-05-21T05:49:13.246+0000] {dag.py:3047} INFO - Sync 1 DAGs
[2024-05-21T05:49:13.255+0000] {logging_mixin.py:188} INFO - [2024-05-21T05:49:13.255+0000] {dag.py:3834} INFO - Setting next_dagrun for example_sensor_decorator to None, run_after=None
[2024-05-21T05:49:13.273+0000] {processor.py:183} INFO - Processing /home/airflow/.local/lib/python3.9/site-packages/airflow/example_dags/example_sensor_decorator.py took 0.054 seconds
[2024-05-21T05:49:43.514+0000] {processor.py:161} INFO - Started process (PID=214) to work on /home/airflow/.local/lib/python3.9/site-packages/airflow/example_dags/example_sensor_decorator.py
[2024-05-21T05:49:43.515+0000] {processor.py:830} INFO - Processing file /home/airflow/.local/lib/python3.9/site-packages/airflow/example_dags/example_sensor_decorator.py for tasks to queue
[2024-05-21T05:49:43.517+0000] {logging_mixin.py:188} INFO - [2024-05-21T05:49:43.517+0000] {dagbag.py:540} INFO - Filling up the DagBag from /home/airflow/.local/lib/python3.9/site-packages/airflow/example_dags/example_sensor_decorator.py
[2024-05-21T05:49:43.523+0000] {processor.py:840} INFO - DAG(s) 'example_sensor_decorator' retrieved from /home/airflow/.local/lib/python3.9/site-packages/airflow/example_dags/example_sensor_decorator.py
[2024-05-21T05:49:43.543+0000] {logging_mixin.py:188} INFO - [2024-05-21T05:49:43.543+0000] {dag.py:3047} INFO - Sync 1 DAGs
[2024-05-21T05:49:43.555+0000] {logging_mixin.py:188} INFO - [2024-05-21T05:49:43.555+0000] {dag.py:3834} INFO - Setting next_dagrun for example_sensor_decorator to None, run_after=None
[2024-05-21T05:49:43.578+0000] {processor.py:183} INFO - Processing /home/airflow/.local/lib/python3.9/site-packages/airflow/example_dags/example_sensor_decorator.py took 0.067 seconds
[2024-05-21T05:50:13.714+0000] {processor.py:161} INFO - Started process (PID=271) to work on /home/airflow/.local/lib/python3.9/site-packages/airflow/example_dags/example_sensor_decorator.py
[2024-05-21T05:50:13.715+0000] {processor.py:830} INFO - Processing file /home/airflow/.local/lib/python3.9/site-packages/airflow/example_dags/example_sensor_decorator.py for tasks to queue
[2024-05-21T05:50:13.718+0000] {logging_mixin.py:188} INFO - [2024-05-21T05:50:13.717+0000] {dagbag.py:540} INFO - Filling up the DagBag from /home/airflow/.local/lib/python3.9/site-packages/airflow/example_dags/example_sensor_decorator.py
[2024-05-21T05:50:13.723+0000] {processor.py:840} INFO - DAG(s) 'example_sensor_decorator' retrieved from /home/airflow/.local/lib/python3.9/site-packages/airflow/example_dags/example_sensor_decorator.py
[2024-05-21T05:50:13.743+0000] {logging_mixin.py:188} INFO - [2024-05-21T05:50:13.743+0000] {dag.py:3047} INFO - Sync 1 DAGs
[2024-05-21T05:50:13.756+0000] {logging_mixin.py:188} INFO - [2024-05-21T05:50:13.756+0000] {dag.py:3834} INFO - Setting next_dagrun for example_sensor_decorator to None, run_after=None
[2024-05-21T05:50:13.775+0000] {processor.py:183} INFO - Processing /home/airflow/.local/lib/python3.9/site-packages/airflow/example_dags/example_sensor_decorator.py took 0.064 seconds
[2024-05-21T05:50:44.437+0000] {processor.py:161} INFO - Started process (PID=332) to work on /home/airflow/.local/lib/python3.9/site-packages/airflow/example_dags/example_sensor_decorator.py
[2024-05-21T05:50:44.438+0000] {processor.py:830} INFO - Processing file /home/airflow/.local/lib/python3.9/site-packages/airflow/example_dags/example_sensor_decorator.py for tasks to queue
[2024-05-21T05:50:44.439+0000] {logging_mixin.py:188} INFO - [2024-05-21T05:50:44.439+0000] {dagbag.py:540} INFO - Filling up the DagBag from /home/airflow/.local/lib/python3.9/site-packages/airflow/example_dags/example_sensor_decorator.py
[2024-05-21T05:50:44.444+0000] {processor.py:840} INFO - DAG(s) 'example_sensor_decorator' retrieved from /home/airflow/.local/lib/python3.9/site-packages/airflow/example_dags/example_sensor_decorator.py
[2024-05-21T05:50:44.462+0000] {logging_mixin.py:188} INFO - [2024-05-21T05:50:44.462+0000] {dag.py:3047} INFO - Sync 1 DAGs
[2024-05-21T05:50:44.473+0000] {logging_mixin.py:188} INFO - [2024-05-21T05:50:44.472+0000] {dag.py:3834} INFO - Setting next_dagrun for example_sensor_decorator to None, run_after=None
[2024-05-21T05:50:44.491+0000] {processor.py:183} INFO - Processing /home/airflow/.local/lib/python3.9/site-packages/airflow/example_dags/example_sensor_decorator.py took 0.057 seconds
[2024-05-21T05:51:15.021+0000] {processor.py:161} INFO - Started process (PID=389) to work on /home/airflow/.local/lib/python3.9/site-packages/airflow/example_dags/example_sensor_decorator.py
[2024-05-21T05:51:15.022+0000] {processor.py:830} INFO - Processing file /home/airflow/.local/lib/python3.9/site-packages/airflow/example_dags/example_sensor_decorator.py for tasks to queue
[2024-05-21T05:51:15.024+0000] {logging_mixin.py:188} INFO - [2024-05-21T05:51:15.023+0000] {dagbag.py:540} INFO - Filling up the DagBag from /home/airflow/.local/lib/python3.9/site-packages/airflow/example_dags/example_sensor_decorator.py
[2024-05-21T05:51:15.029+0000] {processor.py:840} INFO - DAG(s) 'example_sensor_decorator' retrieved from /home/airflow/.local/lib/python3.9/site-packages/airflow/example_dags/example_sensor_decorator.py
[2024-05-21T05:51:15.046+0000] {logging_mixin.py:188} INFO - [2024-05-21T05:51:15.045+0000] {dag.py:3047} INFO - Sync 1 DAGs
[2024-05-21T05:51:15.056+0000] {logging_mixin.py:188} INFO - [2024-05-21T05:51:15.056+0000] {dag.py:3834} INFO - Setting next_dagrun for example_sensor_decorator to None, run_after=None
[2024-05-21T05:51:15.073+0000] {processor.py:183} INFO - Processing /home/airflow/.local/lib/python3.9/site-packages/airflow/example_dags/example_sensor_decorator.py took 0.055 seconds
[2024-05-21T05:51:45.620+0000] {processor.py:161} INFO - Started process (PID=446) to work on /home/airflow/.local/lib/python3.9/site-packages/airflow/example_dags/example_sensor_decorator.py
[2024-05-21T05:51:45.622+0000] {processor.py:830} INFO - Processing file /home/airflow/.local/lib/python3.9/site-packages/airflow/example_dags/example_sensor_decorator.py for tasks to queue
[2024-05-21T05:51:45.624+0000] {logging_mixin.py:188} INFO - [2024-05-21T05:51:45.624+0000] {dagbag.py:540} INFO - Filling up the DagBag from /home/airflow/.local/lib/python3.9/site-packages/airflow/example_dags/example_sensor_decorator.py
[2024-05-21T05:51:45.631+0000] {processor.py:840} INFO - DAG(s) 'example_sensor_decorator' retrieved from /home/airflow/.local/lib/python3.9/site-packages/airflow/example_dags/example_sensor_decorator.py
[2024-05-21T05:51:45.657+0000] {logging_mixin.py:188} INFO - [2024-05-21T05:51:45.656+0000] {dag.py:3047} INFO - Sync 1 DAGs
[2024-05-21T05:51:45.672+0000] {logging_mixin.py:188} INFO - [2024-05-21T05:51:45.672+0000] {dag.py:3834} INFO - Setting next_dagrun for example_sensor_decorator to None, run_after=None
[2024-05-21T05:51:45.702+0000] {processor.py:183} INFO - Processing /home/airflow/.local/lib/python3.9/site-packages/airflow/example_dags/example_sensor_decorator.py took 0.085 seconds
