[2024-05-21T03:35:25.772+0000] {processor.py:161} INFO - Started process (PID=53) to work on /home/airflow/.local/lib/python3.9/site-packages/airflow/example_dags/example_xcomargs.py
[2024-05-21T03:35:25.774+0000] {processor.py:830} INFO - Processing file /home/airflow/.local/lib/python3.9/site-packages/airflow/example_dags/example_xcomargs.py for tasks to queue
[2024-05-21T03:35:25.776+0000] {logging_mixin.py:188} INFO - [2024-05-21T03:35:25.775+0000] {dagbag.py:540} INFO - Filling up the DagBag from /home/airflow/.local/lib/python3.9/site-packages/airflow/example_dags/example_xcomargs.py
[2024-05-21T03:35:25.791+0000] {processor.py:840} INFO - DAG(s) 'example_xcom_args_with_operators', 'example_xcom_args' retrieved from /home/airflow/.local/lib/python3.9/site-packages/airflow/example_dags/example_xcomargs.py
[2024-05-21T03:35:25.906+0000] {logging_mixin.py:188} INFO - [2024-05-21T03:35:25.906+0000] {dag.py:3047} INFO - Sync 2 DAGs
[2024-05-21T03:35:25.917+0000] {logging_mixin.py:188} INFO - [2024-05-21T03:35:25.917+0000] {dag.py:3834} INFO - Setting next_dagrun for example_xcom_args to None, run_after=None
[2024-05-21T03:35:25.922+0000] {logging_mixin.py:188} INFO - [2024-05-21T03:35:25.921+0000] {dag.py:3834} INFO - Setting next_dagrun for example_xcom_args_with_operators to None, run_after=None
[2024-05-21T03:35:25.970+0000] {processor.py:183} INFO - Processing /home/airflow/.local/lib/python3.9/site-packages/airflow/example_dags/example_xcomargs.py took 0.200 seconds
[2024-05-21T03:36:05.833+0000] {processor.py:161} INFO - Started process (PID=110) to work on /home/airflow/.local/lib/python3.9/site-packages/airflow/example_dags/example_xcomargs.py
[2024-05-21T03:36:05.834+0000] {processor.py:830} INFO - Processing file /home/airflow/.local/lib/python3.9/site-packages/airflow/example_dags/example_xcomargs.py for tasks to queue
[2024-05-21T03:36:05.836+0000] {logging_mixin.py:188} INFO - [2024-05-21T03:36:05.836+0000] {dagbag.py:540} INFO - Filling up the DagBag from /home/airflow/.local/lib/python3.9/site-packages/airflow/example_dags/example_xcomargs.py
[2024-05-21T03:36:05.867+0000] {processor.py:840} INFO - DAG(s) 'example_xcom_args', 'example_xcom_args_with_operators' retrieved from /home/airflow/.local/lib/python3.9/site-packages/airflow/example_dags/example_xcomargs.py
[2024-05-21T03:36:05.897+0000] {logging_mixin.py:188} INFO - [2024-05-21T03:36:05.897+0000] {dag.py:3047} INFO - Sync 2 DAGs
[2024-05-21T03:36:05.909+0000] {logging_mixin.py:188} INFO - [2024-05-21T03:36:05.909+0000] {dag.py:3834} INFO - Setting next_dagrun for example_xcom_args to None, run_after=None
[2024-05-21T03:36:05.914+0000] {logging_mixin.py:188} INFO - [2024-05-21T03:36:05.914+0000] {dag.py:3834} INFO - Setting next_dagrun for example_xcom_args_with_operators to None, run_after=None
[2024-05-21T03:36:05.954+0000] {processor.py:183} INFO - Processing /home/airflow/.local/lib/python3.9/site-packages/airflow/example_dags/example_xcomargs.py took 0.124 seconds
[2024-05-21T03:36:37.844+0000] {processor.py:161} INFO - Started process (PID=173) to work on /home/airflow/.local/lib/python3.9/site-packages/airflow/example_dags/example_xcomargs.py
[2024-05-21T03:36:37.846+0000] {processor.py:830} INFO - Processing file /home/airflow/.local/lib/python3.9/site-packages/airflow/example_dags/example_xcomargs.py for tasks to queue
[2024-05-21T03:36:37.849+0000] {logging_mixin.py:188} INFO - [2024-05-21T03:36:37.848+0000] {dagbag.py:540} INFO - Filling up the DagBag from /home/airflow/.local/lib/python3.9/site-packages/airflow/example_dags/example_xcomargs.py
[2024-05-21T03:36:37.863+0000] {processor.py:840} INFO - DAG(s) 'example_xcom_args_with_operators', 'example_xcom_args' retrieved from /home/airflow/.local/lib/python3.9/site-packages/airflow/example_dags/example_xcomargs.py
[2024-05-21T03:36:37.899+0000] {logging_mixin.py:188} INFO - [2024-05-21T03:36:37.899+0000] {dag.py:3047} INFO - Sync 2 DAGs
[2024-05-21T03:36:37.913+0000] {logging_mixin.py:188} INFO - [2024-05-21T03:36:37.913+0000] {dag.py:3834} INFO - Setting next_dagrun for example_xcom_args to None, run_after=None
[2024-05-21T03:36:37.920+0000] {logging_mixin.py:188} INFO - [2024-05-21T03:36:37.920+0000] {dag.py:3834} INFO - Setting next_dagrun for example_xcom_args_with_operators to None, run_after=None
[2024-05-21T03:36:37.944+0000] {processor.py:183} INFO - Processing /home/airflow/.local/lib/python3.9/site-packages/airflow/example_dags/example_xcomargs.py took 0.103 seconds
[2024-05-21T03:37:34.268+0000] {processor.py:161} INFO - Started process (PID=237) to work on /home/airflow/.local/lib/python3.9/site-packages/airflow/example_dags/example_xcomargs.py
[2024-05-21T03:37:34.273+0000] {processor.py:830} INFO - Processing file /home/airflow/.local/lib/python3.9/site-packages/airflow/example_dags/example_xcomargs.py for tasks to queue
[2024-05-21T03:37:34.278+0000] {logging_mixin.py:188} INFO - [2024-05-21T03:37:34.277+0000] {dagbag.py:540} INFO - Filling up the DagBag from /home/airflow/.local/lib/python3.9/site-packages/airflow/example_dags/example_xcomargs.py
[2024-05-21T03:37:34.296+0000] {processor.py:840} INFO - DAG(s) 'example_xcom_args_with_operators', 'example_xcom_args' retrieved from /home/airflow/.local/lib/python3.9/site-packages/airflow/example_dags/example_xcomargs.py
[2024-05-21T03:37:34.408+0000] {logging_mixin.py:188} INFO - [2024-05-21T03:37:34.407+0000] {dag.py:3047} INFO - Sync 2 DAGs
[2024-05-21T03:37:34.449+0000] {logging_mixin.py:188} INFO - [2024-05-21T03:37:34.448+0000] {dag.py:3834} INFO - Setting next_dagrun for example_xcom_args to None, run_after=None
[2024-05-21T03:37:34.457+0000] {logging_mixin.py:188} INFO - [2024-05-21T03:37:34.457+0000] {dag.py:3834} INFO - Setting next_dagrun for example_xcom_args_with_operators to None, run_after=None
[2024-05-21T03:37:34.505+0000] {processor.py:183} INFO - Processing /home/airflow/.local/lib/python3.9/site-packages/airflow/example_dags/example_xcomargs.py took 0.248 seconds
[2024-05-21T03:38:14.417+0000] {processor.py:161} INFO - Started process (PID=294) to work on /home/airflow/.local/lib/python3.9/site-packages/airflow/example_dags/example_xcomargs.py
[2024-05-21T03:38:14.421+0000] {processor.py:830} INFO - Processing file /home/airflow/.local/lib/python3.9/site-packages/airflow/example_dags/example_xcomargs.py for tasks to queue
[2024-05-21T03:38:14.427+0000] {logging_mixin.py:188} INFO - [2024-05-21T03:38:14.426+0000] {dagbag.py:540} INFO - Filling up the DagBag from /home/airflow/.local/lib/python3.9/site-packages/airflow/example_dags/example_xcomargs.py
[2024-05-21T03:38:14.467+0000] {processor.py:840} INFO - DAG(s) 'example_xcom_args_with_operators', 'example_xcom_args' retrieved from /home/airflow/.local/lib/python3.9/site-packages/airflow/example_dags/example_xcomargs.py
[2024-05-21T03:38:14.576+0000] {logging_mixin.py:188} INFO - [2024-05-21T03:38:14.574+0000] {dag.py:3047} INFO - Sync 2 DAGs
[2024-05-21T03:38:14.816+0000] {logging_mixin.py:188} INFO - [2024-05-21T03:38:14.810+0000] {dag.py:3834} INFO - Setting next_dagrun for example_xcom_args to None, run_after=None
[2024-05-21T03:38:14.895+0000] {logging_mixin.py:188} INFO - [2024-05-21T03:38:14.895+0000] {dag.py:3834} INFO - Setting next_dagrun for example_xcom_args_with_operators to None, run_after=None
[2024-05-21T03:38:14.981+0000] {processor.py:183} INFO - Processing /home/airflow/.local/lib/python3.9/site-packages/airflow/example_dags/example_xcomargs.py took 0.578 seconds
[2024-05-21T03:38:46.881+0000] {processor.py:161} INFO - Started process (PID=359) to work on /home/airflow/.local/lib/python3.9/site-packages/airflow/example_dags/example_xcomargs.py
[2024-05-21T03:38:46.883+0000] {processor.py:830} INFO - Processing file /home/airflow/.local/lib/python3.9/site-packages/airflow/example_dags/example_xcomargs.py for tasks to queue
[2024-05-21T03:38:46.887+0000] {logging_mixin.py:188} INFO - [2024-05-21T03:38:46.886+0000] {dagbag.py:540} INFO - Filling up the DagBag from /home/airflow/.local/lib/python3.9/site-packages/airflow/example_dags/example_xcomargs.py
[2024-05-21T03:38:46.902+0000] {processor.py:840} INFO - DAG(s) 'example_xcom_args', 'example_xcom_args_with_operators' retrieved from /home/airflow/.local/lib/python3.9/site-packages/airflow/example_dags/example_xcomargs.py
[2024-05-21T03:38:46.955+0000] {logging_mixin.py:188} INFO - [2024-05-21T03:38:46.954+0000] {dag.py:3047} INFO - Sync 2 DAGs
[2024-05-21T03:38:46.978+0000] {logging_mixin.py:188} INFO - [2024-05-21T03:38:46.978+0000] {dag.py:3834} INFO - Setting next_dagrun for example_xcom_args to None, run_after=None
[2024-05-21T03:38:46.987+0000] {logging_mixin.py:188} INFO - [2024-05-21T03:38:46.987+0000] {dag.py:3834} INFO - Setting next_dagrun for example_xcom_args_with_operators to None, run_after=None
[2024-05-21T03:38:47.127+0000] {processor.py:183} INFO - Processing /home/airflow/.local/lib/python3.9/site-packages/airflow/example_dags/example_xcomargs.py took 0.250 seconds
[2024-05-21T03:39:22.392+0000] {processor.py:161} INFO - Started process (PID=416) to work on /home/airflow/.local/lib/python3.9/site-packages/airflow/example_dags/example_xcomargs.py
[2024-05-21T03:39:22.511+0000] {processor.py:830} INFO - Processing file /home/airflow/.local/lib/python3.9/site-packages/airflow/example_dags/example_xcomargs.py for tasks to queue
[2024-05-21T03:39:22.515+0000] {logging_mixin.py:188} INFO - [2024-05-21T03:39:22.515+0000] {dagbag.py:540} INFO - Filling up the DagBag from /home/airflow/.local/lib/python3.9/site-packages/airflow/example_dags/example_xcomargs.py
[2024-05-21T03:39:22.524+0000] {processor.py:840} INFO - DAG(s) 'example_xcom_args', 'example_xcom_args_with_operators' retrieved from /home/airflow/.local/lib/python3.9/site-packages/airflow/example_dags/example_xcomargs.py
[2024-05-21T03:39:22.652+0000] {logging_mixin.py:188} INFO - [2024-05-21T03:39:22.652+0000] {dag.py:3047} INFO - Sync 2 DAGs
[2024-05-21T03:39:22.663+0000] {logging_mixin.py:188} INFO - [2024-05-21T03:39:22.663+0000] {dag.py:3834} INFO - Setting next_dagrun for example_xcom_args to None, run_after=None
[2024-05-21T03:39:22.667+0000] {logging_mixin.py:188} INFO - [2024-05-21T03:39:22.667+0000] {dag.py:3834} INFO - Setting next_dagrun for example_xcom_args_with_operators to None, run_after=None
[2024-05-21T03:39:23.459+0000] {processor.py:183} INFO - Processing /home/airflow/.local/lib/python3.9/site-packages/airflow/example_dags/example_xcomargs.py took 1.069 seconds
[2024-05-21T05:48:13.846+0000] {processor.py:161} INFO - Started process (PID=53) to work on /home/airflow/.local/lib/python3.9/site-packages/airflow/example_dags/example_xcomargs.py
[2024-05-21T05:48:13.848+0000] {processor.py:830} INFO - Processing file /home/airflow/.local/lib/python3.9/site-packages/airflow/example_dags/example_xcomargs.py for tasks to queue
[2024-05-21T05:48:13.851+0000] {logging_mixin.py:188} INFO - [2024-05-21T05:48:13.851+0000] {dagbag.py:540} INFO - Filling up the DagBag from /home/airflow/.local/lib/python3.9/site-packages/airflow/example_dags/example_xcomargs.py
[2024-05-21T05:48:13.861+0000] {processor.py:840} INFO - DAG(s) 'example_xcom_args', 'example_xcom_args_with_operators' retrieved from /home/airflow/.local/lib/python3.9/site-packages/airflow/example_dags/example_xcomargs.py
[2024-05-21T05:48:13.874+0000] {logging_mixin.py:188} INFO - [2024-05-21T05:48:13.874+0000] {dag.py:3047} INFO - Sync 2 DAGs
[2024-05-21T05:48:13.889+0000] {logging_mixin.py:188} INFO - [2024-05-21T05:48:13.889+0000] {dag.py:3834} INFO - Setting next_dagrun for example_xcom_args to None, run_after=None
[2024-05-21T05:48:13.894+0000] {logging_mixin.py:188} INFO - [2024-05-21T05:48:13.893+0000] {dag.py:3834} INFO - Setting next_dagrun for example_xcom_args_with_operators to None, run_after=None
[2024-05-21T05:48:13.914+0000] {processor.py:183} INFO - Processing /home/airflow/.local/lib/python3.9/site-packages/airflow/example_dags/example_xcomargs.py took 0.071 seconds
[2024-05-21T05:48:44.527+0000] {processor.py:161} INFO - Started process (PID=110) to work on /home/airflow/.local/lib/python3.9/site-packages/airflow/example_dags/example_xcomargs.py
[2024-05-21T05:48:44.528+0000] {processor.py:830} INFO - Processing file /home/airflow/.local/lib/python3.9/site-packages/airflow/example_dags/example_xcomargs.py for tasks to queue
[2024-05-21T05:48:44.530+0000] {logging_mixin.py:188} INFO - [2024-05-21T05:48:44.529+0000] {dagbag.py:540} INFO - Filling up the DagBag from /home/airflow/.local/lib/python3.9/site-packages/airflow/example_dags/example_xcomargs.py
[2024-05-21T05:48:44.536+0000] {processor.py:840} INFO - DAG(s) 'example_xcom_args', 'example_xcom_args_with_operators' retrieved from /home/airflow/.local/lib/python3.9/site-packages/airflow/example_dags/example_xcomargs.py
[2024-05-21T05:48:44.617+0000] {logging_mixin.py:188} INFO - [2024-05-21T05:48:44.617+0000] {dag.py:3047} INFO - Sync 2 DAGs
[2024-05-21T05:48:44.626+0000] {logging_mixin.py:188} INFO - [2024-05-21T05:48:44.625+0000] {dag.py:3834} INFO - Setting next_dagrun for example_xcom_args to None, run_after=None
[2024-05-21T05:48:44.628+0000] {logging_mixin.py:188} INFO - [2024-05-21T05:48:44.628+0000] {dag.py:3834} INFO - Setting next_dagrun for example_xcom_args_with_operators to None, run_after=None
[2024-05-21T05:48:44.643+0000] {processor.py:183} INFO - Processing /home/airflow/.local/lib/python3.9/site-packages/airflow/example_dags/example_xcomargs.py took 0.119 seconds
[2024-05-21T05:49:15.083+0000] {processor.py:161} INFO - Started process (PID=167) to work on /home/airflow/.local/lib/python3.9/site-packages/airflow/example_dags/example_xcomargs.py
[2024-05-21T05:49:15.084+0000] {processor.py:830} INFO - Processing file /home/airflow/.local/lib/python3.9/site-packages/airflow/example_dags/example_xcomargs.py for tasks to queue
[2024-05-21T05:49:15.086+0000] {logging_mixin.py:188} INFO - [2024-05-21T05:49:15.086+0000] {dagbag.py:540} INFO - Filling up the DagBag from /home/airflow/.local/lib/python3.9/site-packages/airflow/example_dags/example_xcomargs.py
[2024-05-21T05:49:15.093+0000] {processor.py:840} INFO - DAG(s) 'example_xcom_args', 'example_xcom_args_with_operators' retrieved from /home/airflow/.local/lib/python3.9/site-packages/airflow/example_dags/example_xcomargs.py
[2024-05-21T05:49:15.111+0000] {logging_mixin.py:188} INFO - [2024-05-21T05:49:15.111+0000] {dag.py:3047} INFO - Sync 2 DAGs
[2024-05-21T05:49:15.120+0000] {logging_mixin.py:188} INFO - [2024-05-21T05:49:15.120+0000] {dag.py:3834} INFO - Setting next_dagrun for example_xcom_args to None, run_after=None
[2024-05-21T05:49:15.123+0000] {logging_mixin.py:188} INFO - [2024-05-21T05:49:15.123+0000] {dag.py:3834} INFO - Setting next_dagrun for example_xcom_args_with_operators to None, run_after=None
[2024-05-21T05:49:15.138+0000] {processor.py:183} INFO - Processing /home/airflow/.local/lib/python3.9/site-packages/airflow/example_dags/example_xcomargs.py took 0.057 seconds
[2024-05-21T05:49:45.681+0000] {processor.py:161} INFO - Started process (PID=228) to work on /home/airflow/.local/lib/python3.9/site-packages/airflow/example_dags/example_xcomargs.py
[2024-05-21T05:49:45.682+0000] {processor.py:830} INFO - Processing file /home/airflow/.local/lib/python3.9/site-packages/airflow/example_dags/example_xcomargs.py for tasks to queue
[2024-05-21T05:49:45.684+0000] {logging_mixin.py:188} INFO - [2024-05-21T05:49:45.684+0000] {dagbag.py:540} INFO - Filling up the DagBag from /home/airflow/.local/lib/python3.9/site-packages/airflow/example_dags/example_xcomargs.py
[2024-05-21T05:49:45.690+0000] {processor.py:840} INFO - DAG(s) 'example_xcom_args_with_operators', 'example_xcom_args' retrieved from /home/airflow/.local/lib/python3.9/site-packages/airflow/example_dags/example_xcomargs.py
[2024-05-21T05:49:45.710+0000] {logging_mixin.py:188} INFO - [2024-05-21T05:49:45.709+0000] {dag.py:3047} INFO - Sync 2 DAGs
[2024-05-21T05:49:45.721+0000] {logging_mixin.py:188} INFO - [2024-05-21T05:49:45.720+0000] {dag.py:3834} INFO - Setting next_dagrun for example_xcom_args to None, run_after=None
[2024-05-21T05:49:45.724+0000] {logging_mixin.py:188} INFO - [2024-05-21T05:49:45.724+0000] {dag.py:3834} INFO - Setting next_dagrun for example_xcom_args_with_operators to None, run_after=None
[2024-05-21T05:49:45.738+0000] {processor.py:183} INFO - Processing /home/airflow/.local/lib/python3.9/site-packages/airflow/example_dags/example_xcomargs.py took 0.060 seconds
[2024-05-21T05:50:16.597+0000] {processor.py:161} INFO - Started process (PID=285) to work on /home/airflow/.local/lib/python3.9/site-packages/airflow/example_dags/example_xcomargs.py
[2024-05-21T05:50:16.598+0000] {processor.py:830} INFO - Processing file /home/airflow/.local/lib/python3.9/site-packages/airflow/example_dags/example_xcomargs.py for tasks to queue
[2024-05-21T05:50:16.600+0000] {logging_mixin.py:188} INFO - [2024-05-21T05:50:16.599+0000] {dagbag.py:540} INFO - Filling up the DagBag from /home/airflow/.local/lib/python3.9/site-packages/airflow/example_dags/example_xcomargs.py
[2024-05-21T05:50:16.606+0000] {processor.py:840} INFO - DAG(s) 'example_xcom_args', 'example_xcom_args_with_operators' retrieved from /home/airflow/.local/lib/python3.9/site-packages/airflow/example_dags/example_xcomargs.py
[2024-05-21T05:50:16.630+0000] {logging_mixin.py:188} INFO - [2024-05-21T05:50:16.630+0000] {dag.py:3047} INFO - Sync 2 DAGs
[2024-05-21T05:50:16.644+0000] {logging_mixin.py:188} INFO - [2024-05-21T05:50:16.644+0000] {dag.py:3834} INFO - Setting next_dagrun for example_xcom_args to None, run_after=None
[2024-05-21T05:50:16.648+0000] {logging_mixin.py:188} INFO - [2024-05-21T05:50:16.648+0000] {dag.py:3834} INFO - Setting next_dagrun for example_xcom_args_with_operators to None, run_after=None
[2024-05-21T05:50:16.668+0000] {processor.py:183} INFO - Processing /home/airflow/.local/lib/python3.9/site-packages/airflow/example_dags/example_xcomargs.py took 0.074 seconds
[2024-05-21T05:50:47.295+0000] {processor.py:161} INFO - Started process (PID=346) to work on /home/airflow/.local/lib/python3.9/site-packages/airflow/example_dags/example_xcomargs.py
[2024-05-21T05:50:47.296+0000] {processor.py:830} INFO - Processing file /home/airflow/.local/lib/python3.9/site-packages/airflow/example_dags/example_xcomargs.py for tasks to queue
[2024-05-21T05:50:47.298+0000] {logging_mixin.py:188} INFO - [2024-05-21T05:50:47.298+0000] {dagbag.py:540} INFO - Filling up the DagBag from /home/airflow/.local/lib/python3.9/site-packages/airflow/example_dags/example_xcomargs.py
[2024-05-21T05:50:47.305+0000] {processor.py:840} INFO - DAG(s) 'example_xcom_args_with_operators', 'example_xcom_args' retrieved from /home/airflow/.local/lib/python3.9/site-packages/airflow/example_dags/example_xcomargs.py
[2024-05-21T05:50:47.325+0000] {logging_mixin.py:188} INFO - [2024-05-21T05:50:47.325+0000] {dag.py:3047} INFO - Sync 2 DAGs
[2024-05-21T05:50:47.336+0000] {logging_mixin.py:188} INFO - [2024-05-21T05:50:47.336+0000] {dag.py:3834} INFO - Setting next_dagrun for example_xcom_args to None, run_after=None
[2024-05-21T05:50:47.340+0000] {logging_mixin.py:188} INFO - [2024-05-21T05:50:47.340+0000] {dag.py:3834} INFO - Setting next_dagrun for example_xcom_args_with_operators to None, run_after=None
[2024-05-21T05:50:47.354+0000] {processor.py:183} INFO - Processing /home/airflow/.local/lib/python3.9/site-packages/airflow/example_dags/example_xcomargs.py took 0.061 seconds
[2024-05-21T05:51:17.881+0000] {processor.py:161} INFO - Started process (PID=403) to work on /home/airflow/.local/lib/python3.9/site-packages/airflow/example_dags/example_xcomargs.py
[2024-05-21T05:51:17.882+0000] {processor.py:830} INFO - Processing file /home/airflow/.local/lib/python3.9/site-packages/airflow/example_dags/example_xcomargs.py for tasks to queue
[2024-05-21T05:51:17.884+0000] {logging_mixin.py:188} INFO - [2024-05-21T05:51:17.884+0000] {dagbag.py:540} INFO - Filling up the DagBag from /home/airflow/.local/lib/python3.9/site-packages/airflow/example_dags/example_xcomargs.py
[2024-05-21T05:51:17.890+0000] {processor.py:840} INFO - DAG(s) 'example_xcom_args_with_operators', 'example_xcom_args' retrieved from /home/airflow/.local/lib/python3.9/site-packages/airflow/example_dags/example_xcomargs.py
[2024-05-21T05:51:17.911+0000] {logging_mixin.py:188} INFO - [2024-05-21T05:51:17.911+0000] {dag.py:3047} INFO - Sync 2 DAGs
[2024-05-21T05:51:17.921+0000] {logging_mixin.py:188} INFO - [2024-05-21T05:51:17.921+0000] {dag.py:3834} INFO - Setting next_dagrun for example_xcom_args to None, run_after=None
[2024-05-21T05:51:17.924+0000] {logging_mixin.py:188} INFO - [2024-05-21T05:51:17.924+0000] {dag.py:3834} INFO - Setting next_dagrun for example_xcom_args_with_operators to None, run_after=None
[2024-05-21T05:51:17.940+0000] {processor.py:183} INFO - Processing /home/airflow/.local/lib/python3.9/site-packages/airflow/example_dags/example_xcomargs.py took 0.061 seconds
[2024-05-21T05:51:48.595+0000] {processor.py:161} INFO - Started process (PID=460) to work on /home/airflow/.local/lib/python3.9/site-packages/airflow/example_dags/example_xcomargs.py
[2024-05-21T05:51:48.596+0000] {processor.py:830} INFO - Processing file /home/airflow/.local/lib/python3.9/site-packages/airflow/example_dags/example_xcomargs.py for tasks to queue
[2024-05-21T05:51:48.598+0000] {logging_mixin.py:188} INFO - [2024-05-21T05:51:48.598+0000] {dagbag.py:540} INFO - Filling up the DagBag from /home/airflow/.local/lib/python3.9/site-packages/airflow/example_dags/example_xcomargs.py
[2024-05-21T05:51:48.605+0000] {processor.py:840} INFO - DAG(s) 'example_xcom_args', 'example_xcom_args_with_operators' retrieved from /home/airflow/.local/lib/python3.9/site-packages/airflow/example_dags/example_xcomargs.py
[2024-05-21T05:51:48.624+0000] {logging_mixin.py:188} INFO - [2024-05-21T05:51:48.624+0000] {dag.py:3047} INFO - Sync 2 DAGs
[2024-05-21T05:51:48.634+0000] {logging_mixin.py:188} INFO - [2024-05-21T05:51:48.634+0000] {dag.py:3834} INFO - Setting next_dagrun for example_xcom_args to None, run_after=None
[2024-05-21T05:51:48.637+0000] {logging_mixin.py:188} INFO - [2024-05-21T05:51:48.637+0000] {dag.py:3834} INFO - Setting next_dagrun for example_xcom_args_with_operators to None, run_after=None
[2024-05-21T05:51:48.650+0000] {processor.py:183} INFO - Processing /home/airflow/.local/lib/python3.9/site-packages/airflow/example_dags/example_xcomargs.py took 0.059 seconds
