[2024-05-21T03:35:27.213+0000] {processor.py:161} INFO - Started process (PID=64) to work on /home/airflow/.local/lib/python3.9/site-packages/airflow/example_dags/example_setup_teardown.py
[2024-05-21T03:35:27.215+0000] {processor.py:830} INFO - Processing file /home/airflow/.local/lib/python3.9/site-packages/airflow/example_dags/example_setup_teardown.py for tasks to queue
[2024-05-21T03:35:27.217+0000] {logging_mixin.py:188} INFO - [2024-05-21T03:35:27.216+0000] {dagbag.py:540} INFO - Filling up the DagBag from /home/airflow/.local/lib/python3.9/site-packages/airflow/example_dags/example_setup_teardown.py
[2024-05-21T03:35:27.225+0000] {processor.py:840} INFO - DAG(s) 'example_setup_teardown' retrieved from /home/airflow/.local/lib/python3.9/site-packages/airflow/example_dags/example_setup_teardown.py
[2024-05-21T03:35:27.318+0000] {logging_mixin.py:188} INFO - [2024-05-21T03:35:27.317+0000] {dag.py:3047} INFO - Sync 1 DAGs
[2024-05-21T03:35:27.334+0000] {logging_mixin.py:188} INFO - [2024-05-21T03:35:27.334+0000] {dag.py:3834} INFO - Setting next_dagrun for example_setup_teardown to 2024-05-20 00:00:00+00:00, run_after=2024-05-21 00:00:00+00:00
[2024-05-21T03:35:27.375+0000] {processor.py:183} INFO - Processing /home/airflow/.local/lib/python3.9/site-packages/airflow/example_dags/example_setup_teardown.py took 0.165 seconds
[2024-05-21T03:36:06.651+0000] {processor.py:161} INFO - Started process (PID=121) to work on /home/airflow/.local/lib/python3.9/site-packages/airflow/example_dags/example_setup_teardown.py
[2024-05-21T03:36:06.654+0000] {processor.py:830} INFO - Processing file /home/airflow/.local/lib/python3.9/site-packages/airflow/example_dags/example_setup_teardown.py for tasks to queue
[2024-05-21T03:36:06.680+0000] {logging_mixin.py:188} INFO - [2024-05-21T03:36:06.670+0000] {dagbag.py:540} INFO - Filling up the DagBag from /home/airflow/.local/lib/python3.9/site-packages/airflow/example_dags/example_setup_teardown.py
[2024-05-21T03:36:06.691+0000] {processor.py:840} INFO - DAG(s) 'example_setup_teardown' retrieved from /home/airflow/.local/lib/python3.9/site-packages/airflow/example_dags/example_setup_teardown.py
[2024-05-21T03:36:06.737+0000] {logging_mixin.py:188} INFO - [2024-05-21T03:36:06.737+0000] {dag.py:3047} INFO - Sync 1 DAGs
[2024-05-21T03:36:06.768+0000] {logging_mixin.py:188} INFO - [2024-05-21T03:36:06.768+0000] {dag.py:3834} INFO - Setting next_dagrun for example_setup_teardown to 2024-05-20 00:00:00+00:00, run_after=2024-05-21 00:00:00+00:00
[2024-05-21T03:36:06.789+0000] {processor.py:183} INFO - Processing /home/airflow/.local/lib/python3.9/site-packages/airflow/example_dags/example_setup_teardown.py took 0.142 seconds
[2024-05-21T03:36:40.141+0000] {processor.py:161} INFO - Started process (PID=184) to work on /home/airflow/.local/lib/python3.9/site-packages/airflow/example_dags/example_setup_teardown.py
[2024-05-21T03:36:40.157+0000] {processor.py:830} INFO - Processing file /home/airflow/.local/lib/python3.9/site-packages/airflow/example_dags/example_setup_teardown.py for tasks to queue
[2024-05-21T03:36:40.160+0000] {logging_mixin.py:188} INFO - [2024-05-21T03:36:40.159+0000] {dagbag.py:540} INFO - Filling up the DagBag from /home/airflow/.local/lib/python3.9/site-packages/airflow/example_dags/example_setup_teardown.py
[2024-05-21T03:36:40.179+0000] {processor.py:840} INFO - DAG(s) 'example_setup_teardown' retrieved from /home/airflow/.local/lib/python3.9/site-packages/airflow/example_dags/example_setup_teardown.py
[2024-05-21T03:36:40.440+0000] {logging_mixin.py:188} INFO - [2024-05-21T03:36:40.439+0000] {dag.py:3047} INFO - Sync 1 DAGs
[2024-05-21T03:36:40.472+0000] {logging_mixin.py:188} INFO - [2024-05-21T03:36:40.472+0000] {dag.py:3834} INFO - Setting next_dagrun for example_setup_teardown to 2024-05-20 00:00:00+00:00, run_after=2024-05-21 00:00:00+00:00
[2024-05-21T03:36:40.559+0000] {processor.py:183} INFO - Processing /home/airflow/.local/lib/python3.9/site-packages/airflow/example_dags/example_setup_teardown.py took 0.422 seconds
[2024-05-21T03:37:36.827+0000] {processor.py:161} INFO - Started process (PID=248) to work on /home/airflow/.local/lib/python3.9/site-packages/airflow/example_dags/example_setup_teardown.py
[2024-05-21T03:37:36.836+0000] {processor.py:830} INFO - Processing file /home/airflow/.local/lib/python3.9/site-packages/airflow/example_dags/example_setup_teardown.py for tasks to queue
[2024-05-21T03:37:36.839+0000] {logging_mixin.py:188} INFO - [2024-05-21T03:37:36.839+0000] {dagbag.py:540} INFO - Filling up the DagBag from /home/airflow/.local/lib/python3.9/site-packages/airflow/example_dags/example_setup_teardown.py
[2024-05-21T03:37:36.889+0000] {processor.py:840} INFO - DAG(s) 'example_setup_teardown' retrieved from /home/airflow/.local/lib/python3.9/site-packages/airflow/example_dags/example_setup_teardown.py
[2024-05-21T03:37:36.944+0000] {logging_mixin.py:188} INFO - [2024-05-21T03:37:36.944+0000] {dag.py:3047} INFO - Sync 1 DAGs
[2024-05-21T03:37:37.099+0000] {logging_mixin.py:188} INFO - [2024-05-21T03:37:37.098+0000] {dag.py:3834} INFO - Setting next_dagrun for example_setup_teardown to 2024-05-20 00:00:00+00:00, run_after=2024-05-21 00:00:00+00:00
[2024-05-21T03:37:37.204+0000] {processor.py:183} INFO - Processing /home/airflow/.local/lib/python3.9/site-packages/airflow/example_dags/example_setup_teardown.py took 0.464 seconds
[2024-05-21T03:38:24.685+0000] {processor.py:161} INFO - Started process (PID=305) to work on /home/airflow/.local/lib/python3.9/site-packages/airflow/example_dags/example_setup_teardown.py
[2024-05-21T03:38:24.690+0000] {processor.py:830} INFO - Processing file /home/airflow/.local/lib/python3.9/site-packages/airflow/example_dags/example_setup_teardown.py for tasks to queue
[2024-05-21T03:38:24.724+0000] {logging_mixin.py:188} INFO - [2024-05-21T03:38:24.717+0000] {dagbag.py:540} INFO - Filling up the DagBag from /home/airflow/.local/lib/python3.9/site-packages/airflow/example_dags/example_setup_teardown.py
[2024-05-21T03:38:26.116+0000] {processor.py:840} INFO - DAG(s) 'example_setup_teardown' retrieved from /home/airflow/.local/lib/python3.9/site-packages/airflow/example_dags/example_setup_teardown.py
[2024-05-21T03:38:26.446+0000] {logging_mixin.py:188} INFO - [2024-05-21T03:38:26.444+0000] {dag.py:3047} INFO - Sync 1 DAGs
[2024-05-21T03:38:27.301+0000] {logging_mixin.py:188} INFO - [2024-05-21T03:38:27.299+0000] {dag.py:3834} INFO - Setting next_dagrun for example_setup_teardown to 2024-05-20 00:00:00+00:00, run_after=2024-05-21 00:00:00+00:00
[2024-05-21T03:38:27.808+0000] {processor.py:183} INFO - Processing /home/airflow/.local/lib/python3.9/site-packages/airflow/example_dags/example_setup_teardown.py took 3.130 seconds
[2024-05-21T03:38:58.590+0000] {processor.py:161} INFO - Started process (PID=370) to work on /home/airflow/.local/lib/python3.9/site-packages/airflow/example_dags/example_setup_teardown.py
[2024-05-21T03:38:58.615+0000] {processor.py:830} INFO - Processing file /home/airflow/.local/lib/python3.9/site-packages/airflow/example_dags/example_setup_teardown.py for tasks to queue
[2024-05-21T03:38:58.617+0000] {logging_mixin.py:188} INFO - [2024-05-21T03:38:58.617+0000] {dagbag.py:540} INFO - Filling up the DagBag from /home/airflow/.local/lib/python3.9/site-packages/airflow/example_dags/example_setup_teardown.py
[2024-05-21T03:38:59.401+0000] {processor.py:840} INFO - DAG(s) 'example_setup_teardown' retrieved from /home/airflow/.local/lib/python3.9/site-packages/airflow/example_dags/example_setup_teardown.py
[2024-05-21T03:38:59.804+0000] {logging_mixin.py:188} INFO - [2024-05-21T03:38:59.803+0000] {dag.py:3047} INFO - Sync 1 DAGs
[2024-05-21T03:38:59.946+0000] {logging_mixin.py:188} INFO - [2024-05-21T03:38:59.945+0000] {dag.py:3834} INFO - Setting next_dagrun for example_setup_teardown to 2024-05-20 00:00:00+00:00, run_after=2024-05-21 00:00:00+00:00
[2024-05-21T03:38:59.993+0000] {processor.py:183} INFO - Processing /home/airflow/.local/lib/python3.9/site-packages/airflow/example_dags/example_setup_teardown.py took 1.475 seconds
[2024-05-21T05:48:14.413+0000] {processor.py:161} INFO - Started process (PID=64) to work on /home/airflow/.local/lib/python3.9/site-packages/airflow/example_dags/example_setup_teardown.py
[2024-05-21T05:48:14.415+0000] {processor.py:830} INFO - Processing file /home/airflow/.local/lib/python3.9/site-packages/airflow/example_dags/example_setup_teardown.py for tasks to queue
[2024-05-21T05:48:14.417+0000] {logging_mixin.py:188} INFO - [2024-05-21T05:48:14.416+0000] {dagbag.py:540} INFO - Filling up the DagBag from /home/airflow/.local/lib/python3.9/site-packages/airflow/example_dags/example_setup_teardown.py
[2024-05-21T05:48:14.422+0000] {processor.py:840} INFO - DAG(s) 'example_setup_teardown' retrieved from /home/airflow/.local/lib/python3.9/site-packages/airflow/example_dags/example_setup_teardown.py
[2024-05-21T05:48:14.431+0000] {logging_mixin.py:188} INFO - [2024-05-21T05:48:14.431+0000] {dag.py:3047} INFO - Sync 1 DAGs
[2024-05-21T05:48:14.448+0000] {logging_mixin.py:188} INFO - [2024-05-21T05:48:14.448+0000] {dag.py:3834} INFO - Setting next_dagrun for example_setup_teardown to 2024-05-20 00:00:00+00:00, run_after=2024-05-21 00:00:00+00:00
[2024-05-21T05:48:14.464+0000] {processor.py:183} INFO - Processing /home/airflow/.local/lib/python3.9/site-packages/airflow/example_dags/example_setup_teardown.py took 0.053 seconds
[2024-05-21T05:48:45.291+0000] {processor.py:161} INFO - Started process (PID=121) to work on /home/airflow/.local/lib/python3.9/site-packages/airflow/example_dags/example_setup_teardown.py
[2024-05-21T05:48:45.292+0000] {processor.py:830} INFO - Processing file /home/airflow/.local/lib/python3.9/site-packages/airflow/example_dags/example_setup_teardown.py for tasks to queue
[2024-05-21T05:48:45.294+0000] {logging_mixin.py:188} INFO - [2024-05-21T05:48:45.294+0000] {dagbag.py:540} INFO - Filling up the DagBag from /home/airflow/.local/lib/python3.9/site-packages/airflow/example_dags/example_setup_teardown.py
[2024-05-21T05:48:45.299+0000] {processor.py:840} INFO - DAG(s) 'example_setup_teardown' retrieved from /home/airflow/.local/lib/python3.9/site-packages/airflow/example_dags/example_setup_teardown.py
[2024-05-21T05:48:45.369+0000] {logging_mixin.py:188} INFO - [2024-05-21T05:48:45.369+0000] {dag.py:3047} INFO - Sync 1 DAGs
[2024-05-21T05:48:45.384+0000] {logging_mixin.py:188} INFO - [2024-05-21T05:48:45.384+0000] {dag.py:3834} INFO - Setting next_dagrun for example_setup_teardown to 2024-05-20 00:00:00+00:00, run_after=2024-05-21 00:00:00+00:00
[2024-05-21T05:48:45.399+0000] {processor.py:183} INFO - Processing /home/airflow/.local/lib/python3.9/site-packages/airflow/example_dags/example_setup_teardown.py took 0.111 seconds
[2024-05-21T05:49:15.769+0000] {processor.py:161} INFO - Started process (PID=178) to work on /home/airflow/.local/lib/python3.9/site-packages/airflow/example_dags/example_setup_teardown.py
[2024-05-21T05:49:15.770+0000] {processor.py:830} INFO - Processing file /home/airflow/.local/lib/python3.9/site-packages/airflow/example_dags/example_setup_teardown.py for tasks to queue
[2024-05-21T05:49:15.772+0000] {logging_mixin.py:188} INFO - [2024-05-21T05:49:15.772+0000] {dagbag.py:540} INFO - Filling up the DagBag from /home/airflow/.local/lib/python3.9/site-packages/airflow/example_dags/example_setup_teardown.py
[2024-05-21T05:49:15.777+0000] {processor.py:840} INFO - DAG(s) 'example_setup_teardown' retrieved from /home/airflow/.local/lib/python3.9/site-packages/airflow/example_dags/example_setup_teardown.py
[2024-05-21T05:49:15.794+0000] {logging_mixin.py:188} INFO - [2024-05-21T05:49:15.794+0000] {dag.py:3047} INFO - Sync 1 DAGs
[2024-05-21T05:49:15.810+0000] {logging_mixin.py:188} INFO - [2024-05-21T05:49:15.810+0000] {dag.py:3834} INFO - Setting next_dagrun for example_setup_teardown to 2024-05-20 00:00:00+00:00, run_after=2024-05-21 00:00:00+00:00
[2024-05-21T05:49:15.833+0000] {processor.py:183} INFO - Processing /home/airflow/.local/lib/python3.9/site-packages/airflow/example_dags/example_setup_teardown.py took 0.067 seconds
[2024-05-21T05:49:46.203+0000] {processor.py:161} INFO - Started process (PID=239) to work on /home/airflow/.local/lib/python3.9/site-packages/airflow/example_dags/example_setup_teardown.py
[2024-05-21T05:49:46.204+0000] {processor.py:830} INFO - Processing file /home/airflow/.local/lib/python3.9/site-packages/airflow/example_dags/example_setup_teardown.py for tasks to queue
[2024-05-21T05:49:46.206+0000] {logging_mixin.py:188} INFO - [2024-05-21T05:49:46.206+0000] {dagbag.py:540} INFO - Filling up the DagBag from /home/airflow/.local/lib/python3.9/site-packages/airflow/example_dags/example_setup_teardown.py
[2024-05-21T05:49:46.211+0000] {processor.py:840} INFO - DAG(s) 'example_setup_teardown' retrieved from /home/airflow/.local/lib/python3.9/site-packages/airflow/example_dags/example_setup_teardown.py
[2024-05-21T05:49:46.229+0000] {logging_mixin.py:188} INFO - [2024-05-21T05:49:46.228+0000] {dag.py:3047} INFO - Sync 1 DAGs
[2024-05-21T05:49:46.247+0000] {logging_mixin.py:188} INFO - [2024-05-21T05:49:46.246+0000] {dag.py:3834} INFO - Setting next_dagrun for example_setup_teardown to 2024-05-20 00:00:00+00:00, run_after=2024-05-21 00:00:00+00:00
[2024-05-21T05:49:46.265+0000] {processor.py:183} INFO - Processing /home/airflow/.local/lib/python3.9/site-packages/airflow/example_dags/example_setup_teardown.py took 0.064 seconds
[2024-05-21T05:50:17.177+0000] {processor.py:161} INFO - Started process (PID=296) to work on /home/airflow/.local/lib/python3.9/site-packages/airflow/example_dags/example_setup_teardown.py
[2024-05-21T05:50:17.178+0000] {processor.py:830} INFO - Processing file /home/airflow/.local/lib/python3.9/site-packages/airflow/example_dags/example_setup_teardown.py for tasks to queue
[2024-05-21T05:50:17.180+0000] {logging_mixin.py:188} INFO - [2024-05-21T05:50:17.180+0000] {dagbag.py:540} INFO - Filling up the DagBag from /home/airflow/.local/lib/python3.9/site-packages/airflow/example_dags/example_setup_teardown.py
[2024-05-21T05:50:17.186+0000] {processor.py:840} INFO - DAG(s) 'example_setup_teardown' retrieved from /home/airflow/.local/lib/python3.9/site-packages/airflow/example_dags/example_setup_teardown.py
[2024-05-21T05:50:17.203+0000] {logging_mixin.py:188} INFO - [2024-05-21T05:50:17.203+0000] {dag.py:3047} INFO - Sync 1 DAGs
[2024-05-21T05:50:17.220+0000] {logging_mixin.py:188} INFO - [2024-05-21T05:50:17.220+0000] {dag.py:3834} INFO - Setting next_dagrun for example_setup_teardown to 2024-05-20 00:00:00+00:00, run_after=2024-05-21 00:00:00+00:00
[2024-05-21T05:50:17.235+0000] {processor.py:183} INFO - Processing /home/airflow/.local/lib/python3.9/site-packages/airflow/example_dags/example_setup_teardown.py took 0.061 seconds
[2024-05-21T05:50:47.788+0000] {processor.py:161} INFO - Started process (PID=357) to work on /home/airflow/.local/lib/python3.9/site-packages/airflow/example_dags/example_setup_teardown.py
[2024-05-21T05:50:47.789+0000] {processor.py:830} INFO - Processing file /home/airflow/.local/lib/python3.9/site-packages/airflow/example_dags/example_setup_teardown.py for tasks to queue
[2024-05-21T05:50:47.790+0000] {logging_mixin.py:188} INFO - [2024-05-21T05:50:47.790+0000] {dagbag.py:540} INFO - Filling up the DagBag from /home/airflow/.local/lib/python3.9/site-packages/airflow/example_dags/example_setup_teardown.py
[2024-05-21T05:50:47.796+0000] {processor.py:840} INFO - DAG(s) 'example_setup_teardown' retrieved from /home/airflow/.local/lib/python3.9/site-packages/airflow/example_dags/example_setup_teardown.py
[2024-05-21T05:50:47.814+0000] {logging_mixin.py:188} INFO - [2024-05-21T05:50:47.814+0000] {dag.py:3047} INFO - Sync 1 DAGs
[2024-05-21T05:50:47.832+0000] {logging_mixin.py:188} INFO - [2024-05-21T05:50:47.831+0000] {dag.py:3834} INFO - Setting next_dagrun for example_setup_teardown to 2024-05-20 00:00:00+00:00, run_after=2024-05-21 00:00:00+00:00
[2024-05-21T05:50:47.848+0000] {processor.py:183} INFO - Processing /home/airflow/.local/lib/python3.9/site-packages/airflow/example_dags/example_setup_teardown.py took 0.063 seconds
[2024-05-21T05:51:18.365+0000] {processor.py:161} INFO - Started process (PID=414) to work on /home/airflow/.local/lib/python3.9/site-packages/airflow/example_dags/example_setup_teardown.py
[2024-05-21T05:51:18.366+0000] {processor.py:830} INFO - Processing file /home/airflow/.local/lib/python3.9/site-packages/airflow/example_dags/example_setup_teardown.py for tasks to queue
[2024-05-21T05:51:18.367+0000] {logging_mixin.py:188} INFO - [2024-05-21T05:51:18.367+0000] {dagbag.py:540} INFO - Filling up the DagBag from /home/airflow/.local/lib/python3.9/site-packages/airflow/example_dags/example_setup_teardown.py
[2024-05-21T05:51:18.373+0000] {processor.py:840} INFO - DAG(s) 'example_setup_teardown' retrieved from /home/airflow/.local/lib/python3.9/site-packages/airflow/example_dags/example_setup_teardown.py
[2024-05-21T05:51:18.390+0000] {logging_mixin.py:188} INFO - [2024-05-21T05:51:18.390+0000] {dag.py:3047} INFO - Sync 1 DAGs
[2024-05-21T05:51:18.407+0000] {logging_mixin.py:188} INFO - [2024-05-21T05:51:18.407+0000] {dag.py:3834} INFO - Setting next_dagrun for example_setup_teardown to 2024-05-20 00:00:00+00:00, run_after=2024-05-21 00:00:00+00:00
[2024-05-21T05:51:18.422+0000] {processor.py:183} INFO - Processing /home/airflow/.local/lib/python3.9/site-packages/airflow/example_dags/example_setup_teardown.py took 0.060 seconds
[2024-05-21T05:51:49.291+0000] {processor.py:161} INFO - Started process (PID=471) to work on /home/airflow/.local/lib/python3.9/site-packages/airflow/example_dags/example_setup_teardown.py
[2024-05-21T05:51:49.292+0000] {processor.py:830} INFO - Processing file /home/airflow/.local/lib/python3.9/site-packages/airflow/example_dags/example_setup_teardown.py for tasks to queue
[2024-05-21T05:51:49.294+0000] {logging_mixin.py:188} INFO - [2024-05-21T05:51:49.294+0000] {dagbag.py:540} INFO - Filling up the DagBag from /home/airflow/.local/lib/python3.9/site-packages/airflow/example_dags/example_setup_teardown.py
[2024-05-21T05:51:49.300+0000] {processor.py:840} INFO - DAG(s) 'example_setup_teardown' retrieved from /home/airflow/.local/lib/python3.9/site-packages/airflow/example_dags/example_setup_teardown.py
[2024-05-21T05:51:49.316+0000] {logging_mixin.py:188} INFO - [2024-05-21T05:51:49.316+0000] {dag.py:3047} INFO - Sync 1 DAGs
[2024-05-21T05:51:49.333+0000] {logging_mixin.py:188} INFO - [2024-05-21T05:51:49.333+0000] {dag.py:3834} INFO - Setting next_dagrun for example_setup_teardown to 2024-05-20 00:00:00+00:00, run_after=2024-05-21 00:00:00+00:00
[2024-05-21T05:51:49.347+0000] {processor.py:183} INFO - Processing /home/airflow/.local/lib/python3.9/site-packages/airflow/example_dags/example_setup_teardown.py took 0.060 seconds
