[2024-05-21T03:35:26.769+0000] {processor.py:161} INFO - Started process (PID=60) to work on /home/airflow/.local/lib/python3.9/site-packages/airflow/example_dags/example_short_circuit_decorator.py
[2024-05-21T03:35:26.771+0000] {processor.py:830} INFO - Processing file /home/airflow/.local/lib/python3.9/site-packages/airflow/example_dags/example_short_circuit_decorator.py for tasks to queue
[2024-05-21T03:35:26.773+0000] {logging_mixin.py:188} INFO - [2024-05-21T03:35:26.773+0000] {dagbag.py:540} INFO - Filling up the DagBag from /home/airflow/.local/lib/python3.9/site-packages/airflow/example_dags/example_short_circuit_decorator.py
[2024-05-21T03:35:26.785+0000] {processor.py:840} INFO - DAG(s) 'example_short_circuit_decorator' retrieved from /home/airflow/.local/lib/python3.9/site-packages/airflow/example_dags/example_short_circuit_decorator.py
[2024-05-21T03:35:26.877+0000] {logging_mixin.py:188} INFO - [2024-05-21T03:35:26.877+0000] {dag.py:3047} INFO - Sync 1 DAGs
[2024-05-21T03:35:26.901+0000] {logging_mixin.py:188} INFO - [2024-05-21T03:35:26.900+0000] {dag.py:3834} INFO - Setting next_dagrun for example_short_circuit_decorator to 2024-05-20 00:00:00+00:00, run_after=2024-05-21 00:00:00+00:00
[2024-05-21T03:35:26.933+0000] {processor.py:183} INFO - Processing /home/airflow/.local/lib/python3.9/site-packages/airflow/example_dags/example_short_circuit_decorator.py took 0.167 seconds
[2024-05-21T03:36:06.368+0000] {processor.py:161} INFO - Started process (PID=117) to work on /home/airflow/.local/lib/python3.9/site-packages/airflow/example_dags/example_short_circuit_decorator.py
[2024-05-21T03:36:06.370+0000] {processor.py:830} INFO - Processing file /home/airflow/.local/lib/python3.9/site-packages/airflow/example_dags/example_short_circuit_decorator.py for tasks to queue
[2024-05-21T03:36:06.372+0000] {logging_mixin.py:188} INFO - [2024-05-21T03:36:06.372+0000] {dagbag.py:540} INFO - Filling up the DagBag from /home/airflow/.local/lib/python3.9/site-packages/airflow/example_dags/example_short_circuit_decorator.py
[2024-05-21T03:36:06.383+0000] {processor.py:840} INFO - DAG(s) 'example_short_circuit_decorator' retrieved from /home/airflow/.local/lib/python3.9/site-packages/airflow/example_dags/example_short_circuit_decorator.py
[2024-05-21T03:36:06.421+0000] {logging_mixin.py:188} INFO - [2024-05-21T03:36:06.420+0000] {dag.py:3047} INFO - Sync 1 DAGs
[2024-05-21T03:36:06.466+0000] {logging_mixin.py:188} INFO - [2024-05-21T03:36:06.466+0000] {dag.py:3834} INFO - Setting next_dagrun for example_short_circuit_decorator to 2024-05-20 00:00:00+00:00, run_after=2024-05-21 00:00:00+00:00
[2024-05-21T03:36:06.491+0000] {processor.py:183} INFO - Processing /home/airflow/.local/lib/python3.9/site-packages/airflow/example_dags/example_short_circuit_decorator.py took 0.126 seconds
[2024-05-21T03:36:39.151+0000] {processor.py:161} INFO - Started process (PID=180) to work on /home/airflow/.local/lib/python3.9/site-packages/airflow/example_dags/example_short_circuit_decorator.py
[2024-05-21T03:36:39.158+0000] {processor.py:830} INFO - Processing file /home/airflow/.local/lib/python3.9/site-packages/airflow/example_dags/example_short_circuit_decorator.py for tasks to queue
[2024-05-21T03:36:39.182+0000] {logging_mixin.py:188} INFO - [2024-05-21T03:36:39.181+0000] {dagbag.py:540} INFO - Filling up the DagBag from /home/airflow/.local/lib/python3.9/site-packages/airflow/example_dags/example_short_circuit_decorator.py
[2024-05-21T03:36:39.264+0000] {processor.py:840} INFO - DAG(s) 'example_short_circuit_decorator' retrieved from /home/airflow/.local/lib/python3.9/site-packages/airflow/example_dags/example_short_circuit_decorator.py
[2024-05-21T03:36:39.512+0000] {logging_mixin.py:188} INFO - [2024-05-21T03:36:39.511+0000] {dag.py:3047} INFO - Sync 1 DAGs
[2024-05-21T03:36:39.588+0000] {logging_mixin.py:188} INFO - [2024-05-21T03:36:39.588+0000] {dag.py:3834} INFO - Setting next_dagrun for example_short_circuit_decorator to 2024-05-20 00:00:00+00:00, run_after=2024-05-21 00:00:00+00:00
[2024-05-21T03:36:39.630+0000] {processor.py:183} INFO - Processing /home/airflow/.local/lib/python3.9/site-packages/airflow/example_dags/example_short_circuit_decorator.py took 0.559 seconds
[2024-05-21T03:37:36.094+0000] {processor.py:161} INFO - Started process (PID=244) to work on /home/airflow/.local/lib/python3.9/site-packages/airflow/example_dags/example_short_circuit_decorator.py
[2024-05-21T03:37:36.095+0000] {processor.py:830} INFO - Processing file /home/airflow/.local/lib/python3.9/site-packages/airflow/example_dags/example_short_circuit_decorator.py for tasks to queue
[2024-05-21T03:37:36.099+0000] {logging_mixin.py:188} INFO - [2024-05-21T03:37:36.098+0000] {dagbag.py:540} INFO - Filling up the DagBag from /home/airflow/.local/lib/python3.9/site-packages/airflow/example_dags/example_short_circuit_decorator.py
[2024-05-21T03:37:36.129+0000] {processor.py:840} INFO - DAG(s) 'example_short_circuit_decorator' retrieved from /home/airflow/.local/lib/python3.9/site-packages/airflow/example_dags/example_short_circuit_decorator.py
[2024-05-21T03:37:36.195+0000] {logging_mixin.py:188} INFO - [2024-05-21T03:37:36.194+0000] {dag.py:3047} INFO - Sync 1 DAGs
[2024-05-21T03:37:36.260+0000] {logging_mixin.py:188} INFO - [2024-05-21T03:37:36.260+0000] {dag.py:3834} INFO - Setting next_dagrun for example_short_circuit_decorator to 2024-05-20 00:00:00+00:00, run_after=2024-05-21 00:00:00+00:00
[2024-05-21T03:37:36.315+0000] {processor.py:183} INFO - Processing /home/airflow/.local/lib/python3.9/site-packages/airflow/example_dags/example_short_circuit_decorator.py took 0.226 seconds
[2024-05-21T03:38:22.324+0000] {processor.py:161} INFO - Started process (PID=301) to work on /home/airflow/.local/lib/python3.9/site-packages/airflow/example_dags/example_short_circuit_decorator.py
[2024-05-21T03:38:22.351+0000] {processor.py:830} INFO - Processing file /home/airflow/.local/lib/python3.9/site-packages/airflow/example_dags/example_short_circuit_decorator.py for tasks to queue
[2024-05-21T03:38:22.406+0000] {logging_mixin.py:188} INFO - [2024-05-21T03:38:22.405+0000] {dagbag.py:540} INFO - Filling up the DagBag from /home/airflow/.local/lib/python3.9/site-packages/airflow/example_dags/example_short_circuit_decorator.py
[2024-05-21T03:38:22.467+0000] {processor.py:840} INFO - DAG(s) 'example_short_circuit_decorator' retrieved from /home/airflow/.local/lib/python3.9/site-packages/airflow/example_dags/example_short_circuit_decorator.py
[2024-05-21T03:38:22.739+0000] {logging_mixin.py:188} INFO - [2024-05-21T03:38:22.739+0000] {dag.py:3047} INFO - Sync 1 DAGs
[2024-05-21T03:38:23.088+0000] {logging_mixin.py:188} INFO - [2024-05-21T03:38:23.087+0000] {dag.py:3834} INFO - Setting next_dagrun for example_short_circuit_decorator to 2024-05-20 00:00:00+00:00, run_after=2024-05-21 00:00:00+00:00
[2024-05-21T03:38:23.651+0000] {processor.py:183} INFO - Processing /home/airflow/.local/lib/python3.9/site-packages/airflow/example_dags/example_short_circuit_decorator.py took 1.540 seconds
[2024-05-21T03:38:56.803+0000] {processor.py:161} INFO - Started process (PID=366) to work on /home/airflow/.local/lib/python3.9/site-packages/airflow/example_dags/example_short_circuit_decorator.py
[2024-05-21T03:38:56.822+0000] {processor.py:830} INFO - Processing file /home/airflow/.local/lib/python3.9/site-packages/airflow/example_dags/example_short_circuit_decorator.py for tasks to queue
[2024-05-21T03:38:56.850+0000] {logging_mixin.py:188} INFO - [2024-05-21T03:38:56.848+0000] {dagbag.py:540} INFO - Filling up the DagBag from /home/airflow/.local/lib/python3.9/site-packages/airflow/example_dags/example_short_circuit_decorator.py
[2024-05-21T03:38:56.960+0000] {processor.py:840} INFO - DAG(s) 'example_short_circuit_decorator' retrieved from /home/airflow/.local/lib/python3.9/site-packages/airflow/example_dags/example_short_circuit_decorator.py
[2024-05-21T03:38:57.066+0000] {logging_mixin.py:188} INFO - [2024-05-21T03:38:57.065+0000] {dag.py:3047} INFO - Sync 1 DAGs
[2024-05-21T03:38:57.167+0000] {logging_mixin.py:188} INFO - [2024-05-21T03:38:57.166+0000] {dag.py:3834} INFO - Setting next_dagrun for example_short_circuit_decorator to 2024-05-20 00:00:00+00:00, run_after=2024-05-21 00:00:00+00:00
[2024-05-21T03:38:57.266+0000] {processor.py:183} INFO - Processing /home/airflow/.local/lib/python3.9/site-packages/airflow/example_dags/example_short_circuit_decorator.py took 0.499 seconds
[2024-05-21T05:48:14.234+0000] {processor.py:161} INFO - Started process (PID=60) to work on /home/airflow/.local/lib/python3.9/site-packages/airflow/example_dags/example_short_circuit_decorator.py
[2024-05-21T05:48:14.235+0000] {processor.py:830} INFO - Processing file /home/airflow/.local/lib/python3.9/site-packages/airflow/example_dags/example_short_circuit_decorator.py for tasks to queue
[2024-05-21T05:48:14.237+0000] {logging_mixin.py:188} INFO - [2024-05-21T05:48:14.237+0000] {dagbag.py:540} INFO - Filling up the DagBag from /home/airflow/.local/lib/python3.9/site-packages/airflow/example_dags/example_short_circuit_decorator.py
[2024-05-21T05:48:14.246+0000] {processor.py:840} INFO - DAG(s) 'example_short_circuit_decorator' retrieved from /home/airflow/.local/lib/python3.9/site-packages/airflow/example_dags/example_short_circuit_decorator.py
[2024-05-21T05:48:14.268+0000] {logging_mixin.py:188} INFO - [2024-05-21T05:48:14.268+0000] {dag.py:3047} INFO - Sync 1 DAGs
[2024-05-21T05:48:14.290+0000] {logging_mixin.py:188} INFO - [2024-05-21T05:48:14.289+0000] {dag.py:3834} INFO - Setting next_dagrun for example_short_circuit_decorator to 2024-05-20 00:00:00+00:00, run_after=2024-05-21 00:00:00+00:00
[2024-05-21T05:48:14.306+0000] {processor.py:183} INFO - Processing /home/airflow/.local/lib/python3.9/site-packages/airflow/example_dags/example_short_circuit_decorator.py took 0.075 seconds
[2024-05-21T05:48:45.000+0000] {processor.py:161} INFO - Started process (PID=117) to work on /home/airflow/.local/lib/python3.9/site-packages/airflow/example_dags/example_short_circuit_decorator.py
[2024-05-21T05:48:45.001+0000] {processor.py:830} INFO - Processing file /home/airflow/.local/lib/python3.9/site-packages/airflow/example_dags/example_short_circuit_decorator.py for tasks to queue
[2024-05-21T05:48:45.003+0000] {logging_mixin.py:188} INFO - [2024-05-21T05:48:45.003+0000] {dagbag.py:540} INFO - Filling up the DagBag from /home/airflow/.local/lib/python3.9/site-packages/airflow/example_dags/example_short_circuit_decorator.py
[2024-05-21T05:48:45.011+0000] {processor.py:840} INFO - DAG(s) 'example_short_circuit_decorator' retrieved from /home/airflow/.local/lib/python3.9/site-packages/airflow/example_dags/example_short_circuit_decorator.py
[2024-05-21T05:48:45.086+0000] {logging_mixin.py:188} INFO - [2024-05-21T05:48:45.085+0000] {dag.py:3047} INFO - Sync 1 DAGs
[2024-05-21T05:48:45.103+0000] {logging_mixin.py:188} INFO - [2024-05-21T05:48:45.103+0000] {dag.py:3834} INFO - Setting next_dagrun for example_short_circuit_decorator to 2024-05-20 00:00:00+00:00, run_after=2024-05-21 00:00:00+00:00
[2024-05-21T05:48:45.120+0000] {processor.py:183} INFO - Processing /home/airflow/.local/lib/python3.9/site-packages/airflow/example_dags/example_short_circuit_decorator.py took 0.122 seconds
[2024-05-21T05:49:15.489+0000] {processor.py:161} INFO - Started process (PID=174) to work on /home/airflow/.local/lib/python3.9/site-packages/airflow/example_dags/example_short_circuit_decorator.py
[2024-05-21T05:49:15.491+0000] {processor.py:830} INFO - Processing file /home/airflow/.local/lib/python3.9/site-packages/airflow/example_dags/example_short_circuit_decorator.py for tasks to queue
[2024-05-21T05:49:15.493+0000] {logging_mixin.py:188} INFO - [2024-05-21T05:49:15.493+0000] {dagbag.py:540} INFO - Filling up the DagBag from /home/airflow/.local/lib/python3.9/site-packages/airflow/example_dags/example_short_circuit_decorator.py
[2024-05-21T05:49:15.500+0000] {processor.py:840} INFO - DAG(s) 'example_short_circuit_decorator' retrieved from /home/airflow/.local/lib/python3.9/site-packages/airflow/example_dags/example_short_circuit_decorator.py
[2024-05-21T05:49:15.518+0000] {logging_mixin.py:188} INFO - [2024-05-21T05:49:15.518+0000] {dag.py:3047} INFO - Sync 1 DAGs
[2024-05-21T05:49:15.533+0000] {logging_mixin.py:188} INFO - [2024-05-21T05:49:15.533+0000] {dag.py:3834} INFO - Setting next_dagrun for example_short_circuit_decorator to 2024-05-20 00:00:00+00:00, run_after=2024-05-21 00:00:00+00:00
[2024-05-21T05:49:15.550+0000] {processor.py:183} INFO - Processing /home/airflow/.local/lib/python3.9/site-packages/airflow/example_dags/example_short_circuit_decorator.py took 0.063 seconds
[2024-05-21T05:49:46.004+0000] {processor.py:161} INFO - Started process (PID=235) to work on /home/airflow/.local/lib/python3.9/site-packages/airflow/example_dags/example_short_circuit_decorator.py
[2024-05-21T05:49:46.006+0000] {processor.py:830} INFO - Processing file /home/airflow/.local/lib/python3.9/site-packages/airflow/example_dags/example_short_circuit_decorator.py for tasks to queue
[2024-05-21T05:49:46.009+0000] {logging_mixin.py:188} INFO - [2024-05-21T05:49:46.009+0000] {dagbag.py:540} INFO - Filling up the DagBag from /home/airflow/.local/lib/python3.9/site-packages/airflow/example_dags/example_short_circuit_decorator.py
[2024-05-21T05:49:46.020+0000] {processor.py:840} INFO - DAG(s) 'example_short_circuit_decorator' retrieved from /home/airflow/.local/lib/python3.9/site-packages/airflow/example_dags/example_short_circuit_decorator.py
[2024-05-21T05:49:46.042+0000] {logging_mixin.py:188} INFO - [2024-05-21T05:49:46.041+0000] {dag.py:3047} INFO - Sync 1 DAGs
[2024-05-21T05:49:46.061+0000] {logging_mixin.py:188} INFO - [2024-05-21T05:49:46.061+0000] {dag.py:3834} INFO - Setting next_dagrun for example_short_circuit_decorator to 2024-05-20 00:00:00+00:00, run_after=2024-05-21 00:00:00+00:00
[2024-05-21T05:49:46.080+0000] {processor.py:183} INFO - Processing /home/airflow/.local/lib/python3.9/site-packages/airflow/example_dags/example_short_circuit_decorator.py took 0.080 seconds
[2024-05-21T05:50:16.992+0000] {processor.py:161} INFO - Started process (PID=292) to work on /home/airflow/.local/lib/python3.9/site-packages/airflow/example_dags/example_short_circuit_decorator.py
[2024-05-21T05:50:16.993+0000] {processor.py:830} INFO - Processing file /home/airflow/.local/lib/python3.9/site-packages/airflow/example_dags/example_short_circuit_decorator.py for tasks to queue
[2024-05-21T05:50:16.995+0000] {logging_mixin.py:188} INFO - [2024-05-21T05:50:16.995+0000] {dagbag.py:540} INFO - Filling up the DagBag from /home/airflow/.local/lib/python3.9/site-packages/airflow/example_dags/example_short_circuit_decorator.py
[2024-05-21T05:50:17.003+0000] {processor.py:840} INFO - DAG(s) 'example_short_circuit_decorator' retrieved from /home/airflow/.local/lib/python3.9/site-packages/airflow/example_dags/example_short_circuit_decorator.py
[2024-05-21T05:50:17.023+0000] {logging_mixin.py:188} INFO - [2024-05-21T05:50:17.023+0000] {dag.py:3047} INFO - Sync 1 DAGs
[2024-05-21T05:50:17.041+0000] {logging_mixin.py:188} INFO - [2024-05-21T05:50:17.040+0000] {dag.py:3834} INFO - Setting next_dagrun for example_short_circuit_decorator to 2024-05-20 00:00:00+00:00, run_after=2024-05-21 00:00:00+00:00
[2024-05-21T05:50:17.059+0000] {processor.py:183} INFO - Processing /home/airflow/.local/lib/python3.9/site-packages/airflow/example_dags/example_short_circuit_decorator.py took 0.071 seconds
[2024-05-21T05:50:47.621+0000] {processor.py:161} INFO - Started process (PID=353) to work on /home/airflow/.local/lib/python3.9/site-packages/airflow/example_dags/example_short_circuit_decorator.py
[2024-05-21T05:50:47.622+0000] {processor.py:830} INFO - Processing file /home/airflow/.local/lib/python3.9/site-packages/airflow/example_dags/example_short_circuit_decorator.py for tasks to queue
[2024-05-21T05:50:47.624+0000] {logging_mixin.py:188} INFO - [2024-05-21T05:50:47.623+0000] {dagbag.py:540} INFO - Filling up the DagBag from /home/airflow/.local/lib/python3.9/site-packages/airflow/example_dags/example_short_circuit_decorator.py
[2024-05-21T05:50:47.631+0000] {processor.py:840} INFO - DAG(s) 'example_short_circuit_decorator' retrieved from /home/airflow/.local/lib/python3.9/site-packages/airflow/example_dags/example_short_circuit_decorator.py
[2024-05-21T05:50:47.648+0000] {logging_mixin.py:188} INFO - [2024-05-21T05:50:47.648+0000] {dag.py:3047} INFO - Sync 1 DAGs
[2024-05-21T05:50:47.666+0000] {logging_mixin.py:188} INFO - [2024-05-21T05:50:47.666+0000] {dag.py:3834} INFO - Setting next_dagrun for example_short_circuit_decorator to 2024-05-20 00:00:00+00:00, run_after=2024-05-21 00:00:00+00:00
[2024-05-21T05:50:47.683+0000] {processor.py:183} INFO - Processing /home/airflow/.local/lib/python3.9/site-packages/airflow/example_dags/example_short_circuit_decorator.py took 0.064 seconds
[2024-05-21T05:51:18.208+0000] {processor.py:161} INFO - Started process (PID=410) to work on /home/airflow/.local/lib/python3.9/site-packages/airflow/example_dags/example_short_circuit_decorator.py
[2024-05-21T05:51:18.209+0000] {processor.py:830} INFO - Processing file /home/airflow/.local/lib/python3.9/site-packages/airflow/example_dags/example_short_circuit_decorator.py for tasks to queue
[2024-05-21T05:51:18.211+0000] {logging_mixin.py:188} INFO - [2024-05-21T05:51:18.210+0000] {dagbag.py:540} INFO - Filling up the DagBag from /home/airflow/.local/lib/python3.9/site-packages/airflow/example_dags/example_short_circuit_decorator.py
[2024-05-21T05:51:18.218+0000] {processor.py:840} INFO - DAG(s) 'example_short_circuit_decorator' retrieved from /home/airflow/.local/lib/python3.9/site-packages/airflow/example_dags/example_short_circuit_decorator.py
[2024-05-21T05:51:18.235+0000] {logging_mixin.py:188} INFO - [2024-05-21T05:51:18.235+0000] {dag.py:3047} INFO - Sync 1 DAGs
[2024-05-21T05:51:18.251+0000] {logging_mixin.py:188} INFO - [2024-05-21T05:51:18.251+0000] {dag.py:3834} INFO - Setting next_dagrun for example_short_circuit_decorator to 2024-05-20 00:00:00+00:00, run_after=2024-05-21 00:00:00+00:00
[2024-05-21T05:51:18.264+0000] {processor.py:183} INFO - Processing /home/airflow/.local/lib/python3.9/site-packages/airflow/example_dags/example_short_circuit_decorator.py took 0.059 seconds
[2024-05-21T05:51:49.093+0000] {processor.py:161} INFO - Started process (PID=467) to work on /home/airflow/.local/lib/python3.9/site-packages/airflow/example_dags/example_short_circuit_decorator.py
[2024-05-21T05:51:49.094+0000] {processor.py:830} INFO - Processing file /home/airflow/.local/lib/python3.9/site-packages/airflow/example_dags/example_short_circuit_decorator.py for tasks to queue
[2024-05-21T05:51:49.096+0000] {logging_mixin.py:188} INFO - [2024-05-21T05:51:49.096+0000] {dagbag.py:540} INFO - Filling up the DagBag from /home/airflow/.local/lib/python3.9/site-packages/airflow/example_dags/example_short_circuit_decorator.py
[2024-05-21T05:51:49.109+0000] {processor.py:840} INFO - DAG(s) 'example_short_circuit_decorator' retrieved from /home/airflow/.local/lib/python3.9/site-packages/airflow/example_dags/example_short_circuit_decorator.py
[2024-05-21T05:51:49.132+0000] {logging_mixin.py:188} INFO - [2024-05-21T05:51:49.131+0000] {dag.py:3047} INFO - Sync 1 DAGs
[2024-05-21T05:51:49.150+0000] {logging_mixin.py:188} INFO - [2024-05-21T05:51:49.150+0000] {dag.py:3834} INFO - Setting next_dagrun for example_short_circuit_decorator to 2024-05-20 00:00:00+00:00, run_after=2024-05-21 00:00:00+00:00
[2024-05-21T05:51:49.169+0000] {processor.py:183} INFO - Processing /home/airflow/.local/lib/python3.9/site-packages/airflow/example_dags/example_short_circuit_decorator.py took 0.079 seconds
