[2024-05-21T03:35:29.365+0000] {processor.py:161} INFO - Started process (PID=80) to work on /home/airflow/.local/lib/python3.9/site-packages/airflow/example_dags/example_nested_branch_dag.py
[2024-05-21T03:35:29.367+0000] {processor.py:830} INFO - Processing file /home/airflow/.local/lib/python3.9/site-packages/airflow/example_dags/example_nested_branch_dag.py for tasks to queue
[2024-05-21T03:35:29.369+0000] {logging_mixin.py:188} INFO - [2024-05-21T03:35:29.369+0000] {dagbag.py:540} INFO - Filling up the DagBag from /home/airflow/.local/lib/python3.9/site-packages/airflow/example_dags/example_nested_branch_dag.py
[2024-05-21T03:35:29.397+0000] {processor.py:840} INFO - DAG(s) 'example_nested_branch_dag' retrieved from /home/airflow/.local/lib/python3.9/site-packages/airflow/example_dags/example_nested_branch_dag.py
[2024-05-21T03:35:29.480+0000] {logging_mixin.py:188} INFO - [2024-05-21T03:35:29.480+0000] {dag.py:3047} INFO - Sync 1 DAGs
[2024-05-21T03:35:29.497+0000] {logging_mixin.py:188} INFO - [2024-05-21T03:35:29.497+0000] {dag.py:3834} INFO - Setting next_dagrun for example_nested_branch_dag to 2024-05-20 00:00:00+00:00, run_after=2024-05-21 00:00:00+00:00
[2024-05-21T03:35:29.542+0000] {processor.py:183} INFO - Processing /home/airflow/.local/lib/python3.9/site-packages/airflow/example_dags/example_nested_branch_dag.py took 0.180 seconds
[2024-05-21T03:36:08.679+0000] {processor.py:161} INFO - Started process (PID=143) to work on /home/airflow/.local/lib/python3.9/site-packages/airflow/example_dags/example_nested_branch_dag.py
[2024-05-21T03:36:08.680+0000] {processor.py:830} INFO - Processing file /home/airflow/.local/lib/python3.9/site-packages/airflow/example_dags/example_nested_branch_dag.py for tasks to queue
[2024-05-21T03:36:08.682+0000] {logging_mixin.py:188} INFO - [2024-05-21T03:36:08.682+0000] {dagbag.py:540} INFO - Filling up the DagBag from /home/airflow/.local/lib/python3.9/site-packages/airflow/example_dags/example_nested_branch_dag.py
[2024-05-21T03:36:08.701+0000] {processor.py:840} INFO - DAG(s) 'example_nested_branch_dag' retrieved from /home/airflow/.local/lib/python3.9/site-packages/airflow/example_dags/example_nested_branch_dag.py
[2024-05-21T03:36:08.729+0000] {logging_mixin.py:188} INFO - [2024-05-21T03:36:08.729+0000] {dag.py:3047} INFO - Sync 1 DAGs
[2024-05-21T03:36:08.756+0000] {logging_mixin.py:188} INFO - [2024-05-21T03:36:08.755+0000] {dag.py:3834} INFO - Setting next_dagrun for example_nested_branch_dag to 2024-05-20 00:00:00+00:00, run_after=2024-05-21 00:00:00+00:00
[2024-05-21T03:36:08.782+0000] {processor.py:183} INFO - Processing /home/airflow/.local/lib/python3.9/site-packages/airflow/example_dags/example_nested_branch_dag.py took 0.107 seconds
[2024-05-21T03:36:45.332+0000] {processor.py:161} INFO - Started process (PID=200) to work on /home/airflow/.local/lib/python3.9/site-packages/airflow/example_dags/example_nested_branch_dag.py
[2024-05-21T03:36:45.334+0000] {processor.py:830} INFO - Processing file /home/airflow/.local/lib/python3.9/site-packages/airflow/example_dags/example_nested_branch_dag.py for tasks to queue
[2024-05-21T03:36:45.337+0000] {logging_mixin.py:188} INFO - [2024-05-21T03:36:45.336+0000] {dagbag.py:540} INFO - Filling up the DagBag from /home/airflow/.local/lib/python3.9/site-packages/airflow/example_dags/example_nested_branch_dag.py
[2024-05-21T03:36:45.367+0000] {processor.py:840} INFO - DAG(s) 'example_nested_branch_dag' retrieved from /home/airflow/.local/lib/python3.9/site-packages/airflow/example_dags/example_nested_branch_dag.py
[2024-05-21T03:36:45.431+0000] {logging_mixin.py:188} INFO - [2024-05-21T03:36:45.430+0000] {dag.py:3047} INFO - Sync 1 DAGs
[2024-05-21T03:36:45.529+0000] {logging_mixin.py:188} INFO - [2024-05-21T03:36:45.528+0000] {dag.py:3834} INFO - Setting next_dagrun for example_nested_branch_dag to 2024-05-20 00:00:00+00:00, run_after=2024-05-21 00:00:00+00:00
[2024-05-21T03:36:45.564+0000] {processor.py:183} INFO - Processing /home/airflow/.local/lib/python3.9/site-packages/airflow/example_dags/example_nested_branch_dag.py took 0.236 seconds
[2024-05-21T03:37:38.882+0000] {processor.py:161} INFO - Started process (PID=264) to work on /home/airflow/.local/lib/python3.9/site-packages/airflow/example_dags/example_nested_branch_dag.py
[2024-05-21T03:37:38.883+0000] {processor.py:830} INFO - Processing file /home/airflow/.local/lib/python3.9/site-packages/airflow/example_dags/example_nested_branch_dag.py for tasks to queue
[2024-05-21T03:37:38.885+0000] {logging_mixin.py:188} INFO - [2024-05-21T03:37:38.885+0000] {dagbag.py:540} INFO - Filling up the DagBag from /home/airflow/.local/lib/python3.9/site-packages/airflow/example_dags/example_nested_branch_dag.py
[2024-05-21T03:37:38.896+0000] {processor.py:840} INFO - DAG(s) 'example_nested_branch_dag' retrieved from /home/airflow/.local/lib/python3.9/site-packages/airflow/example_dags/example_nested_branch_dag.py
[2024-05-21T03:37:38.921+0000] {logging_mixin.py:188} INFO - [2024-05-21T03:37:38.921+0000] {dag.py:3047} INFO - Sync 1 DAGs
[2024-05-21T03:37:38.950+0000] {logging_mixin.py:188} INFO - [2024-05-21T03:37:38.949+0000] {dag.py:3834} INFO - Setting next_dagrun for example_nested_branch_dag to 2024-05-20 00:00:00+00:00, run_after=2024-05-21 00:00:00+00:00
[2024-05-21T03:37:38.977+0000] {processor.py:183} INFO - Processing /home/airflow/.local/lib/python3.9/site-packages/airflow/example_dags/example_nested_branch_dag.py took 0.098 seconds
[2024-05-21T03:38:33.655+0000] {processor.py:161} INFO - Started process (PID=327) to work on /home/airflow/.local/lib/python3.9/site-packages/airflow/example_dags/example_nested_branch_dag.py
[2024-05-21T03:38:33.675+0000] {processor.py:830} INFO - Processing file /home/airflow/.local/lib/python3.9/site-packages/airflow/example_dags/example_nested_branch_dag.py for tasks to queue
[2024-05-21T03:38:33.678+0000] {logging_mixin.py:188} INFO - [2024-05-21T03:38:33.677+0000] {dagbag.py:540} INFO - Filling up the DagBag from /home/airflow/.local/lib/python3.9/site-packages/airflow/example_dags/example_nested_branch_dag.py
[2024-05-21T03:38:33.687+0000] {processor.py:840} INFO - DAG(s) 'example_nested_branch_dag' retrieved from /home/airflow/.local/lib/python3.9/site-packages/airflow/example_dags/example_nested_branch_dag.py
[2024-05-21T03:38:33.714+0000] {logging_mixin.py:188} INFO - [2024-05-21T03:38:33.714+0000] {dag.py:3047} INFO - Sync 1 DAGs
[2024-05-21T03:38:33.739+0000] {logging_mixin.py:188} INFO - [2024-05-21T03:38:33.739+0000] {dag.py:3834} INFO - Setting next_dagrun for example_nested_branch_dag to 2024-05-20 00:00:00+00:00, run_after=2024-05-21 00:00:00+00:00
[2024-05-21T03:38:33.815+0000] {processor.py:183} INFO - Processing /home/airflow/.local/lib/python3.9/site-packages/airflow/example_dags/example_nested_branch_dag.py took 0.163 seconds
[2024-05-21T03:39:05.000+0000] {processor.py:161} INFO - Started process (PID=392) to work on /home/airflow/.local/lib/python3.9/site-packages/airflow/example_dags/example_nested_branch_dag.py
[2024-05-21T03:39:05.059+0000] {processor.py:830} INFO - Processing file /home/airflow/.local/lib/python3.9/site-packages/airflow/example_dags/example_nested_branch_dag.py for tasks to queue
[2024-05-21T03:39:05.076+0000] {logging_mixin.py:188} INFO - [2024-05-21T03:39:05.075+0000] {dagbag.py:540} INFO - Filling up the DagBag from /home/airflow/.local/lib/python3.9/site-packages/airflow/example_dags/example_nested_branch_dag.py
[2024-05-21T03:39:05.095+0000] {processor.py:840} INFO - DAG(s) 'example_nested_branch_dag' retrieved from /home/airflow/.local/lib/python3.9/site-packages/airflow/example_dags/example_nested_branch_dag.py
[2024-05-21T03:39:05.126+0000] {logging_mixin.py:188} INFO - [2024-05-21T03:39:05.126+0000] {dag.py:3047} INFO - Sync 1 DAGs
[2024-05-21T03:39:05.223+0000] {logging_mixin.py:188} INFO - [2024-05-21T03:39:05.222+0000] {dag.py:3834} INFO - Setting next_dagrun for example_nested_branch_dag to 2024-05-20 00:00:00+00:00, run_after=2024-05-21 00:00:00+00:00
[2024-05-21T03:39:05.278+0000] {processor.py:183} INFO - Processing /home/airflow/.local/lib/python3.9/site-packages/airflow/example_dags/example_nested_branch_dag.py took 0.283 seconds
[2024-05-21T05:48:15.254+0000] {processor.py:161} INFO - Started process (PID=80) to work on /home/airflow/.local/lib/python3.9/site-packages/airflow/example_dags/example_nested_branch_dag.py
[2024-05-21T05:48:15.256+0000] {processor.py:830} INFO - Processing file /home/airflow/.local/lib/python3.9/site-packages/airflow/example_dags/example_nested_branch_dag.py for tasks to queue
[2024-05-21T05:48:15.258+0000] {logging_mixin.py:188} INFO - [2024-05-21T05:48:15.257+0000] {dagbag.py:540} INFO - Filling up the DagBag from /home/airflow/.local/lib/python3.9/site-packages/airflow/example_dags/example_nested_branch_dag.py
[2024-05-21T05:48:15.266+0000] {processor.py:840} INFO - DAG(s) 'example_nested_branch_dag' retrieved from /home/airflow/.local/lib/python3.9/site-packages/airflow/example_dags/example_nested_branch_dag.py
[2024-05-21T05:48:15.281+0000] {logging_mixin.py:188} INFO - [2024-05-21T05:48:15.281+0000] {dag.py:3047} INFO - Sync 1 DAGs
[2024-05-21T05:48:15.305+0000] {logging_mixin.py:188} INFO - [2024-05-21T05:48:15.305+0000] {dag.py:3834} INFO - Setting next_dagrun for example_nested_branch_dag to 2024-05-20 00:00:00+00:00, run_after=2024-05-21 00:00:00+00:00
[2024-05-21T05:48:15.325+0000] {processor.py:183} INFO - Processing /home/airflow/.local/lib/python3.9/site-packages/airflow/example_dags/example_nested_branch_dag.py took 0.074 seconds
[2024-05-21T05:48:46.461+0000] {processor.py:161} INFO - Started process (PID=137) to work on /home/airflow/.local/lib/python3.9/site-packages/airflow/example_dags/example_nested_branch_dag.py
[2024-05-21T05:48:46.463+0000] {processor.py:830} INFO - Processing file /home/airflow/.local/lib/python3.9/site-packages/airflow/example_dags/example_nested_branch_dag.py for tasks to queue
[2024-05-21T05:48:46.465+0000] {logging_mixin.py:188} INFO - [2024-05-21T05:48:46.464+0000] {dagbag.py:540} INFO - Filling up the DagBag from /home/airflow/.local/lib/python3.9/site-packages/airflow/example_dags/example_nested_branch_dag.py
[2024-05-21T05:48:46.473+0000] {processor.py:840} INFO - DAG(s) 'example_nested_branch_dag' retrieved from /home/airflow/.local/lib/python3.9/site-packages/airflow/example_dags/example_nested_branch_dag.py
[2024-05-21T05:48:46.548+0000] {logging_mixin.py:188} INFO - [2024-05-21T05:48:46.548+0000] {dag.py:3047} INFO - Sync 1 DAGs
[2024-05-21T05:48:46.562+0000] {logging_mixin.py:188} INFO - [2024-05-21T05:48:46.562+0000] {dag.py:3834} INFO - Setting next_dagrun for example_nested_branch_dag to 2024-05-20 00:00:00+00:00, run_after=2024-05-21 00:00:00+00:00
[2024-05-21T05:48:46.580+0000] {processor.py:183} INFO - Processing /home/airflow/.local/lib/python3.9/site-packages/airflow/example_dags/example_nested_branch_dag.py took 0.121 seconds
[2024-05-21T05:49:16.926+0000] {processor.py:161} INFO - Started process (PID=194) to work on /home/airflow/.local/lib/python3.9/site-packages/airflow/example_dags/example_nested_branch_dag.py
[2024-05-21T05:49:16.928+0000] {processor.py:830} INFO - Processing file /home/airflow/.local/lib/python3.9/site-packages/airflow/example_dags/example_nested_branch_dag.py for tasks to queue
[2024-05-21T05:49:16.930+0000] {logging_mixin.py:188} INFO - [2024-05-21T05:49:16.930+0000] {dagbag.py:540} INFO - Filling up the DagBag from /home/airflow/.local/lib/python3.9/site-packages/airflow/example_dags/example_nested_branch_dag.py
[2024-05-21T05:49:16.939+0000] {processor.py:840} INFO - DAG(s) 'example_nested_branch_dag' retrieved from /home/airflow/.local/lib/python3.9/site-packages/airflow/example_dags/example_nested_branch_dag.py
[2024-05-21T05:49:16.957+0000] {logging_mixin.py:188} INFO - [2024-05-21T05:49:16.957+0000] {dag.py:3047} INFO - Sync 1 DAGs
[2024-05-21T05:49:16.975+0000] {logging_mixin.py:188} INFO - [2024-05-21T05:49:16.975+0000] {dag.py:3834} INFO - Setting next_dagrun for example_nested_branch_dag to 2024-05-20 00:00:00+00:00, run_after=2024-05-21 00:00:00+00:00
[2024-05-21T05:49:16.994+0000] {processor.py:183} INFO - Processing /home/airflow/.local/lib/python3.9/site-packages/airflow/example_dags/example_nested_branch_dag.py took 0.070 seconds
[2024-05-21T05:49:47.056+0000] {processor.py:161} INFO - Started process (PID=254) to work on /home/airflow/.local/lib/python3.9/site-packages/airflow/example_dags/example_nested_branch_dag.py
[2024-05-21T05:49:47.057+0000] {processor.py:830} INFO - Processing file /home/airflow/.local/lib/python3.9/site-packages/airflow/example_dags/example_nested_branch_dag.py for tasks to queue
[2024-05-21T05:49:47.059+0000] {logging_mixin.py:188} INFO - [2024-05-21T05:49:47.059+0000] {dagbag.py:540} INFO - Filling up the DagBag from /home/airflow/.local/lib/python3.9/site-packages/airflow/example_dags/example_nested_branch_dag.py
[2024-05-21T05:49:47.069+0000] {processor.py:840} INFO - DAG(s) 'example_nested_branch_dag' retrieved from /home/airflow/.local/lib/python3.9/site-packages/airflow/example_dags/example_nested_branch_dag.py
[2024-05-21T05:49:47.088+0000] {logging_mixin.py:188} INFO - [2024-05-21T05:49:47.088+0000] {dag.py:3047} INFO - Sync 1 DAGs
[2024-05-21T05:49:47.107+0000] {logging_mixin.py:188} INFO - [2024-05-21T05:49:47.107+0000] {dag.py:3834} INFO - Setting next_dagrun for example_nested_branch_dag to 2024-05-20 00:00:00+00:00, run_after=2024-05-21 00:00:00+00:00
[2024-05-21T05:49:47.124+0000] {processor.py:183} INFO - Processing /home/airflow/.local/lib/python3.9/site-packages/airflow/example_dags/example_nested_branch_dag.py took 0.071 seconds
[2024-05-21T05:50:17.960+0000] {processor.py:161} INFO - Started process (PID=312) to work on /home/airflow/.local/lib/python3.9/site-packages/airflow/example_dags/example_nested_branch_dag.py
[2024-05-21T05:50:17.961+0000] {processor.py:830} INFO - Processing file /home/airflow/.local/lib/python3.9/site-packages/airflow/example_dags/example_nested_branch_dag.py for tasks to queue
[2024-05-21T05:50:17.963+0000] {logging_mixin.py:188} INFO - [2024-05-21T05:50:17.963+0000] {dagbag.py:540} INFO - Filling up the DagBag from /home/airflow/.local/lib/python3.9/site-packages/airflow/example_dags/example_nested_branch_dag.py
[2024-05-21T05:50:17.972+0000] {processor.py:840} INFO - DAG(s) 'example_nested_branch_dag' retrieved from /home/airflow/.local/lib/python3.9/site-packages/airflow/example_dags/example_nested_branch_dag.py
[2024-05-21T05:50:17.992+0000] {logging_mixin.py:188} INFO - [2024-05-21T05:50:17.991+0000] {dag.py:3047} INFO - Sync 1 DAGs
[2024-05-21T05:50:18.013+0000] {logging_mixin.py:188} INFO - [2024-05-21T05:50:18.012+0000] {dag.py:3834} INFO - Setting next_dagrun for example_nested_branch_dag to 2024-05-20 00:00:00+00:00, run_after=2024-05-21 00:00:00+00:00
[2024-05-21T05:50:18.030+0000] {processor.py:183} INFO - Processing /home/airflow/.local/lib/python3.9/site-packages/airflow/example_dags/example_nested_branch_dag.py took 0.073 seconds
[2024-05-21T05:50:48.515+0000] {processor.py:161} INFO - Started process (PID=373) to work on /home/airflow/.local/lib/python3.9/site-packages/airflow/example_dags/example_nested_branch_dag.py
[2024-05-21T05:50:48.516+0000] {processor.py:830} INFO - Processing file /home/airflow/.local/lib/python3.9/site-packages/airflow/example_dags/example_nested_branch_dag.py for tasks to queue
[2024-05-21T05:50:48.518+0000] {logging_mixin.py:188} INFO - [2024-05-21T05:50:48.518+0000] {dagbag.py:540} INFO - Filling up the DagBag from /home/airflow/.local/lib/python3.9/site-packages/airflow/example_dags/example_nested_branch_dag.py
[2024-05-21T05:50:48.526+0000] {processor.py:840} INFO - DAG(s) 'example_nested_branch_dag' retrieved from /home/airflow/.local/lib/python3.9/site-packages/airflow/example_dags/example_nested_branch_dag.py
[2024-05-21T05:50:48.544+0000] {logging_mixin.py:188} INFO - [2024-05-21T05:50:48.544+0000] {dag.py:3047} INFO - Sync 1 DAGs
[2024-05-21T05:50:48.562+0000] {logging_mixin.py:188} INFO - [2024-05-21T05:50:48.562+0000] {dag.py:3834} INFO - Setting next_dagrun for example_nested_branch_dag to 2024-05-20 00:00:00+00:00, run_after=2024-05-21 00:00:00+00:00
[2024-05-21T05:50:48.579+0000] {processor.py:183} INFO - Processing /home/airflow/.local/lib/python3.9/site-packages/airflow/example_dags/example_nested_branch_dag.py took 0.067 seconds
[2024-05-21T05:51:19.127+0000] {processor.py:161} INFO - Started process (PID=430) to work on /home/airflow/.local/lib/python3.9/site-packages/airflow/example_dags/example_nested_branch_dag.py
[2024-05-21T05:51:19.128+0000] {processor.py:830} INFO - Processing file /home/airflow/.local/lib/python3.9/site-packages/airflow/example_dags/example_nested_branch_dag.py for tasks to queue
[2024-05-21T05:51:19.130+0000] {logging_mixin.py:188} INFO - [2024-05-21T05:51:19.130+0000] {dagbag.py:540} INFO - Filling up the DagBag from /home/airflow/.local/lib/python3.9/site-packages/airflow/example_dags/example_nested_branch_dag.py
[2024-05-21T05:51:19.139+0000] {processor.py:840} INFO - DAG(s) 'example_nested_branch_dag' retrieved from /home/airflow/.local/lib/python3.9/site-packages/airflow/example_dags/example_nested_branch_dag.py
[2024-05-21T05:51:19.161+0000] {logging_mixin.py:188} INFO - [2024-05-21T05:51:19.161+0000] {dag.py:3047} INFO - Sync 1 DAGs
[2024-05-21T05:51:19.185+0000] {logging_mixin.py:188} INFO - [2024-05-21T05:51:19.185+0000] {dag.py:3834} INFO - Setting next_dagrun for example_nested_branch_dag to 2024-05-20 00:00:00+00:00, run_after=2024-05-21 00:00:00+00:00
[2024-05-21T05:51:19.208+0000] {processor.py:183} INFO - Processing /home/airflow/.local/lib/python3.9/site-packages/airflow/example_dags/example_nested_branch_dag.py took 0.084 seconds
[2024-05-21T05:51:50.054+0000] {processor.py:161} INFO - Started process (PID=487) to work on /home/airflow/.local/lib/python3.9/site-packages/airflow/example_dags/example_nested_branch_dag.py
[2024-05-21T05:51:50.056+0000] {processor.py:830} INFO - Processing file /home/airflow/.local/lib/python3.9/site-packages/airflow/example_dags/example_nested_branch_dag.py for tasks to queue
[2024-05-21T05:51:50.058+0000] {logging_mixin.py:188} INFO - [2024-05-21T05:51:50.057+0000] {dagbag.py:540} INFO - Filling up the DagBag from /home/airflow/.local/lib/python3.9/site-packages/airflow/example_dags/example_nested_branch_dag.py
[2024-05-21T05:51:50.067+0000] {processor.py:840} INFO - DAG(s) 'example_nested_branch_dag' retrieved from /home/airflow/.local/lib/python3.9/site-packages/airflow/example_dags/example_nested_branch_dag.py
[2024-05-21T05:51:50.086+0000] {logging_mixin.py:188} INFO - [2024-05-21T05:51:50.086+0000] {dag.py:3047} INFO - Sync 1 DAGs
[2024-05-21T05:51:50.104+0000] {logging_mixin.py:188} INFO - [2024-05-21T05:51:50.104+0000] {dag.py:3834} INFO - Setting next_dagrun for example_nested_branch_dag to 2024-05-20 00:00:00+00:00, run_after=2024-05-21 00:00:00+00:00
[2024-05-21T05:51:50.119+0000] {processor.py:183} INFO - Processing /home/airflow/.local/lib/python3.9/site-packages/airflow/example_dags/example_nested_branch_dag.py took 0.068 seconds
