[2024-05-21T03:35:28.268+0000] {processor.py:161} INFO - Started process (PID=72) to work on /home/airflow/.local/lib/python3.9/site-packages/airflow/example_dags/example_branch_python_dop_operator_3.py
[2024-05-21T03:35:28.270+0000] {processor.py:830} INFO - Processing file /home/airflow/.local/lib/python3.9/site-packages/airflow/example_dags/example_branch_python_dop_operator_3.py for tasks to queue
[2024-05-21T03:35:28.272+0000] {logging_mixin.py:188} INFO - [2024-05-21T03:35:28.271+0000] {dagbag.py:540} INFO - Filling up the DagBag from /home/airflow/.local/lib/python3.9/site-packages/airflow/example_dags/example_branch_python_dop_operator_3.py
[2024-05-21T03:35:28.288+0000] {processor.py:840} INFO - DAG(s) 'example_branch_dop_operator_v3' retrieved from /home/airflow/.local/lib/python3.9/site-packages/airflow/example_dags/example_branch_python_dop_operator_3.py
[2024-05-21T03:35:28.370+0000] {logging_mixin.py:188} INFO - [2024-05-21T03:35:28.370+0000] {dag.py:3047} INFO - Sync 1 DAGs
[2024-05-21T03:35:28.388+0000] {logging_mixin.py:188} INFO - [2024-05-21T03:35:28.388+0000] {dag.py:3834} INFO - Setting next_dagrun for example_branch_dop_operator_v3 to 2024-05-21 03:34:00+00:00, run_after=2024-05-21 03:35:00+00:00
[2024-05-21T03:35:28.441+0000] {processor.py:183} INFO - Processing /home/airflow/.local/lib/python3.9/site-packages/airflow/example_dags/example_branch_python_dop_operator_3.py took 0.175 seconds
[2024-05-21T03:36:07.139+0000] {processor.py:161} INFO - Started process (PID=129) to work on /home/airflow/.local/lib/python3.9/site-packages/airflow/example_dags/example_branch_python_dop_operator_3.py
[2024-05-21T03:36:07.141+0000] {processor.py:830} INFO - Processing file /home/airflow/.local/lib/python3.9/site-packages/airflow/example_dags/example_branch_python_dop_operator_3.py for tasks to queue
[2024-05-21T03:36:07.144+0000] {logging_mixin.py:188} INFO - [2024-05-21T03:36:07.143+0000] {dagbag.py:540} INFO - Filling up the DagBag from /home/airflow/.local/lib/python3.9/site-packages/airflow/example_dags/example_branch_python_dop_operator_3.py
[2024-05-21T03:36:07.154+0000] {processor.py:840} INFO - DAG(s) 'example_branch_dop_operator_v3' retrieved from /home/airflow/.local/lib/python3.9/site-packages/airflow/example_dags/example_branch_python_dop_operator_3.py
[2024-05-21T03:36:07.188+0000] {logging_mixin.py:188} INFO - [2024-05-21T03:36:07.188+0000] {dag.py:3047} INFO - Sync 1 DAGs
[2024-05-21T03:36:07.276+0000] {logging_mixin.py:188} INFO - [2024-05-21T03:36:07.275+0000] {dag.py:3834} INFO - Setting next_dagrun for example_branch_dop_operator_v3 to 2024-05-21 03:35:00+00:00, run_after=2024-05-21 03:36:00+00:00
[2024-05-21T03:36:07.487+0000] {processor.py:183} INFO - Processing /home/airflow/.local/lib/python3.9/site-packages/airflow/example_dags/example_branch_python_dop_operator_3.py took 0.351 seconds
[2024-05-21T03:36:42.841+0000] {processor.py:161} INFO - Started process (PID=192) to work on /home/airflow/.local/lib/python3.9/site-packages/airflow/example_dags/example_branch_python_dop_operator_3.py
[2024-05-21T03:36:42.843+0000] {processor.py:830} INFO - Processing file /home/airflow/.local/lib/python3.9/site-packages/airflow/example_dags/example_branch_python_dop_operator_3.py for tasks to queue
[2024-05-21T03:36:42.847+0000] {logging_mixin.py:188} INFO - [2024-05-21T03:36:42.847+0000] {dagbag.py:540} INFO - Filling up the DagBag from /home/airflow/.local/lib/python3.9/site-packages/airflow/example_dags/example_branch_python_dop_operator_3.py
[2024-05-21T03:36:42.883+0000] {processor.py:840} INFO - DAG(s) 'example_branch_dop_operator_v3' retrieved from /home/airflow/.local/lib/python3.9/site-packages/airflow/example_dags/example_branch_python_dop_operator_3.py
[2024-05-21T03:36:42.969+0000] {logging_mixin.py:188} INFO - [2024-05-21T03:36:42.969+0000] {dag.py:3047} INFO - Sync 1 DAGs
[2024-05-21T03:36:43.062+0000] {logging_mixin.py:188} INFO - [2024-05-21T03:36:43.062+0000] {dag.py:3834} INFO - Setting next_dagrun for example_branch_dop_operator_v3 to 2024-05-21 03:35:00+00:00, run_after=2024-05-21 03:36:00+00:00
[2024-05-21T03:36:43.128+0000] {processor.py:183} INFO - Processing /home/airflow/.local/lib/python3.9/site-packages/airflow/example_dags/example_branch_python_dop_operator_3.py took 0.291 seconds
[2024-05-21T03:37:38.154+0000] {processor.py:161} INFO - Started process (PID=256) to work on /home/airflow/.local/lib/python3.9/site-packages/airflow/example_dags/example_branch_python_dop_operator_3.py
[2024-05-21T03:37:38.157+0000] {processor.py:830} INFO - Processing file /home/airflow/.local/lib/python3.9/site-packages/airflow/example_dags/example_branch_python_dop_operator_3.py for tasks to queue
[2024-05-21T03:37:38.160+0000] {logging_mixin.py:188} INFO - [2024-05-21T03:37:38.159+0000] {dagbag.py:540} INFO - Filling up the DagBag from /home/airflow/.local/lib/python3.9/site-packages/airflow/example_dags/example_branch_python_dop_operator_3.py
[2024-05-21T03:37:38.175+0000] {processor.py:840} INFO - DAG(s) 'example_branch_dop_operator_v3' retrieved from /home/airflow/.local/lib/python3.9/site-packages/airflow/example_dags/example_branch_python_dop_operator_3.py
[2024-05-21T03:37:38.218+0000] {logging_mixin.py:188} INFO - [2024-05-21T03:37:38.217+0000] {dag.py:3047} INFO - Sync 1 DAGs
[2024-05-21T03:37:38.292+0000] {logging_mixin.py:188} INFO - [2024-05-21T03:37:38.291+0000] {dag.py:3834} INFO - Setting next_dagrun for example_branch_dop_operator_v3 to 2024-05-21 03:36:00+00:00, run_after=2024-05-21 03:37:00+00:00
[2024-05-21T03:37:38.335+0000] {processor.py:183} INFO - Processing /home/airflow/.local/lib/python3.9/site-packages/airflow/example_dags/example_branch_python_dop_operator_3.py took 0.183 seconds
[2024-05-21T03:38:30.720+0000] {processor.py:161} INFO - Started process (PID=313) to work on /home/airflow/.local/lib/python3.9/site-packages/airflow/example_dags/example_branch_python_dop_operator_3.py
[2024-05-21T03:38:30.722+0000] {processor.py:830} INFO - Processing file /home/airflow/.local/lib/python3.9/site-packages/airflow/example_dags/example_branch_python_dop_operator_3.py for tasks to queue
[2024-05-21T03:38:30.725+0000] {logging_mixin.py:188} INFO - [2024-05-21T03:38:30.724+0000] {dagbag.py:540} INFO - Filling up the DagBag from /home/airflow/.local/lib/python3.9/site-packages/airflow/example_dags/example_branch_python_dop_operator_3.py
[2024-05-21T03:38:30.742+0000] {processor.py:840} INFO - DAG(s) 'example_branch_dop_operator_v3' retrieved from /home/airflow/.local/lib/python3.9/site-packages/airflow/example_dags/example_branch_python_dop_operator_3.py
[2024-05-21T03:38:30.883+0000] {logging_mixin.py:188} INFO - [2024-05-21T03:38:30.880+0000] {dag.py:3047} INFO - Sync 1 DAGs
[2024-05-21T03:38:31.254+0000] {logging_mixin.py:188} INFO - [2024-05-21T03:38:31.254+0000] {dag.py:3834} INFO - Setting next_dagrun for example_branch_dop_operator_v3 to 2024-05-21 03:37:00+00:00, run_after=2024-05-21 03:38:00+00:00
[2024-05-21T03:38:31.396+0000] {processor.py:183} INFO - Processing /home/airflow/.local/lib/python3.9/site-packages/airflow/example_dags/example_branch_python_dop_operator_3.py took 0.680 seconds
[2024-05-21T03:39:02.705+0000] {processor.py:161} INFO - Started process (PID=378) to work on /home/airflow/.local/lib/python3.9/site-packages/airflow/example_dags/example_branch_python_dop_operator_3.py
[2024-05-21T03:39:02.748+0000] {processor.py:830} INFO - Processing file /home/airflow/.local/lib/python3.9/site-packages/airflow/example_dags/example_branch_python_dop_operator_3.py for tasks to queue
[2024-05-21T03:39:02.808+0000] {logging_mixin.py:188} INFO - [2024-05-21T03:39:02.804+0000] {dagbag.py:540} INFO - Filling up the DagBag from /home/airflow/.local/lib/python3.9/site-packages/airflow/example_dags/example_branch_python_dop_operator_3.py
[2024-05-21T03:39:03.026+0000] {processor.py:840} INFO - DAG(s) 'example_branch_dop_operator_v3' retrieved from /home/airflow/.local/lib/python3.9/site-packages/airflow/example_dags/example_branch_python_dop_operator_3.py
[2024-05-21T03:39:03.264+0000] {logging_mixin.py:188} INFO - [2024-05-21T03:39:03.263+0000] {dag.py:3047} INFO - Sync 1 DAGs
[2024-05-21T03:39:03.333+0000] {logging_mixin.py:188} INFO - [2024-05-21T03:39:03.333+0000] {dag.py:3834} INFO - Setting next_dagrun for example_branch_dop_operator_v3 to 2024-05-21 03:38:00+00:00, run_after=2024-05-21 03:39:00+00:00
[2024-05-21T03:39:03.427+0000] {processor.py:183} INFO - Processing /home/airflow/.local/lib/python3.9/site-packages/airflow/example_dags/example_branch_python_dop_operator_3.py took 0.738 seconds
[2024-05-21T05:48:14.845+0000] {processor.py:161} INFO - Started process (PID=72) to work on /home/airflow/.local/lib/python3.9/site-packages/airflow/example_dags/example_branch_python_dop_operator_3.py
[2024-05-21T05:48:14.846+0000] {processor.py:830} INFO - Processing file /home/airflow/.local/lib/python3.9/site-packages/airflow/example_dags/example_branch_python_dop_operator_3.py for tasks to queue
[2024-05-21T05:48:14.848+0000] {logging_mixin.py:188} INFO - [2024-05-21T05:48:14.848+0000] {dagbag.py:540} INFO - Filling up the DagBag from /home/airflow/.local/lib/python3.9/site-packages/airflow/example_dags/example_branch_python_dop_operator_3.py
[2024-05-21T05:48:14.855+0000] {processor.py:840} INFO - DAG(s) 'example_branch_dop_operator_v3' retrieved from /home/airflow/.local/lib/python3.9/site-packages/airflow/example_dags/example_branch_python_dop_operator_3.py
[2024-05-21T05:48:14.867+0000] {logging_mixin.py:188} INFO - [2024-05-21T05:48:14.867+0000] {dag.py:3047} INFO - Sync 1 DAGs
[2024-05-21T05:48:14.886+0000] {logging_mixin.py:188} INFO - [2024-05-21T05:48:14.886+0000] {dag.py:3834} INFO - Setting next_dagrun for example_branch_dop_operator_v3 to 2024-05-21 05:47:00+00:00, run_after=2024-05-21 05:48:00+00:00
[2024-05-21T05:48:14.901+0000] {processor.py:183} INFO - Processing /home/airflow/.local/lib/python3.9/site-packages/airflow/example_dags/example_branch_python_dop_operator_3.py took 0.059 seconds
[2024-05-21T05:48:45.820+0000] {processor.py:161} INFO - Started process (PID=129) to work on /home/airflow/.local/lib/python3.9/site-packages/airflow/example_dags/example_branch_python_dop_operator_3.py
[2024-05-21T05:48:45.821+0000] {processor.py:830} INFO - Processing file /home/airflow/.local/lib/python3.9/site-packages/airflow/example_dags/example_branch_python_dop_operator_3.py for tasks to queue
[2024-05-21T05:48:45.823+0000] {logging_mixin.py:188} INFO - [2024-05-21T05:48:45.823+0000] {dagbag.py:540} INFO - Filling up the DagBag from /home/airflow/.local/lib/python3.9/site-packages/airflow/example_dags/example_branch_python_dop_operator_3.py
[2024-05-21T05:48:45.830+0000] {processor.py:840} INFO - DAG(s) 'example_branch_dop_operator_v3' retrieved from /home/airflow/.local/lib/python3.9/site-packages/airflow/example_dags/example_branch_python_dop_operator_3.py
[2024-05-21T05:48:45.899+0000] {logging_mixin.py:188} INFO - [2024-05-21T05:48:45.899+0000] {dag.py:3047} INFO - Sync 1 DAGs
[2024-05-21T05:48:45.918+0000] {logging_mixin.py:188} INFO - [2024-05-21T05:48:45.917+0000] {dag.py:3834} INFO - Setting next_dagrun for example_branch_dop_operator_v3 to 2024-05-21 05:47:00+00:00, run_after=2024-05-21 05:48:00+00:00
[2024-05-21T05:48:45.948+0000] {processor.py:183} INFO - Processing /home/airflow/.local/lib/python3.9/site-packages/airflow/example_dags/example_branch_python_dop_operator_3.py took 0.130 seconds
[2024-05-21T05:49:16.310+0000] {processor.py:161} INFO - Started process (PID=186) to work on /home/airflow/.local/lib/python3.9/site-packages/airflow/example_dags/example_branch_python_dop_operator_3.py
[2024-05-21T05:49:16.312+0000] {processor.py:830} INFO - Processing file /home/airflow/.local/lib/python3.9/site-packages/airflow/example_dags/example_branch_python_dop_operator_3.py for tasks to queue
[2024-05-21T05:49:16.314+0000] {logging_mixin.py:188} INFO - [2024-05-21T05:49:16.314+0000] {dagbag.py:540} INFO - Filling up the DagBag from /home/airflow/.local/lib/python3.9/site-packages/airflow/example_dags/example_branch_python_dop_operator_3.py
[2024-05-21T05:49:16.322+0000] {processor.py:840} INFO - DAG(s) 'example_branch_dop_operator_v3' retrieved from /home/airflow/.local/lib/python3.9/site-packages/airflow/example_dags/example_branch_python_dop_operator_3.py
[2024-05-21T05:49:16.339+0000] {logging_mixin.py:188} INFO - [2024-05-21T05:49:16.339+0000] {dag.py:3047} INFO - Sync 1 DAGs
[2024-05-21T05:49:16.360+0000] {logging_mixin.py:188} INFO - [2024-05-21T05:49:16.360+0000] {dag.py:3834} INFO - Setting next_dagrun for example_branch_dop_operator_v3 to 2024-05-21 05:48:00+00:00, run_after=2024-05-21 05:49:00+00:00
[2024-05-21T05:49:16.383+0000] {processor.py:183} INFO - Processing /home/airflow/.local/lib/python3.9/site-packages/airflow/example_dags/example_branch_python_dop_operator_3.py took 0.075 seconds
[2024-05-21T05:49:46.564+0000] {processor.py:161} INFO - Started process (PID=247) to work on /home/airflow/.local/lib/python3.9/site-packages/airflow/example_dags/example_branch_python_dop_operator_3.py
[2024-05-21T05:49:46.566+0000] {processor.py:830} INFO - Processing file /home/airflow/.local/lib/python3.9/site-packages/airflow/example_dags/example_branch_python_dop_operator_3.py for tasks to queue
[2024-05-21T05:49:46.567+0000] {logging_mixin.py:188} INFO - [2024-05-21T05:49:46.567+0000] {dagbag.py:540} INFO - Filling up the DagBag from /home/airflow/.local/lib/python3.9/site-packages/airflow/example_dags/example_branch_python_dop_operator_3.py
[2024-05-21T05:49:46.575+0000] {processor.py:840} INFO - DAG(s) 'example_branch_dop_operator_v3' retrieved from /home/airflow/.local/lib/python3.9/site-packages/airflow/example_dags/example_branch_python_dop_operator_3.py
[2024-05-21T05:49:46.591+0000] {logging_mixin.py:188} INFO - [2024-05-21T05:49:46.591+0000] {dag.py:3047} INFO - Sync 1 DAGs
[2024-05-21T05:49:46.612+0000] {logging_mixin.py:188} INFO - [2024-05-21T05:49:46.612+0000] {dag.py:3834} INFO - Setting next_dagrun for example_branch_dop_operator_v3 to 2024-05-21 05:48:00+00:00, run_after=2024-05-21 05:49:00+00:00
[2024-05-21T05:49:46.628+0000] {processor.py:183} INFO - Processing /home/airflow/.local/lib/python3.9/site-packages/airflow/example_dags/example_branch_python_dop_operator_3.py took 0.067 seconds
[2024-05-21T05:50:17.533+0000] {processor.py:161} INFO - Started process (PID=304) to work on /home/airflow/.local/lib/python3.9/site-packages/airflow/example_dags/example_branch_python_dop_operator_3.py
[2024-05-21T05:50:17.534+0000] {processor.py:830} INFO - Processing file /home/airflow/.local/lib/python3.9/site-packages/airflow/example_dags/example_branch_python_dop_operator_3.py for tasks to queue
[2024-05-21T05:50:17.536+0000] {logging_mixin.py:188} INFO - [2024-05-21T05:50:17.536+0000] {dagbag.py:540} INFO - Filling up the DagBag from /home/airflow/.local/lib/python3.9/site-packages/airflow/example_dags/example_branch_python_dop_operator_3.py
[2024-05-21T05:50:17.543+0000] {processor.py:840} INFO - DAG(s) 'example_branch_dop_operator_v3' retrieved from /home/airflow/.local/lib/python3.9/site-packages/airflow/example_dags/example_branch_python_dop_operator_3.py
[2024-05-21T05:50:17.561+0000] {logging_mixin.py:188} INFO - [2024-05-21T05:50:17.560+0000] {dag.py:3047} INFO - Sync 1 DAGs
[2024-05-21T05:50:17.582+0000] {logging_mixin.py:188} INFO - [2024-05-21T05:50:17.582+0000] {dag.py:3834} INFO - Setting next_dagrun for example_branch_dop_operator_v3 to 2024-05-21 05:49:00+00:00, run_after=2024-05-21 05:50:00+00:00
[2024-05-21T05:50:17.599+0000] {processor.py:183} INFO - Processing /home/airflow/.local/lib/python3.9/site-packages/airflow/example_dags/example_branch_python_dop_operator_3.py took 0.069 seconds
[2024-05-21T05:50:48.115+0000] {processor.py:161} INFO - Started process (PID=365) to work on /home/airflow/.local/lib/python3.9/site-packages/airflow/example_dags/example_branch_python_dop_operator_3.py
[2024-05-21T05:50:48.117+0000] {processor.py:830} INFO - Processing file /home/airflow/.local/lib/python3.9/site-packages/airflow/example_dags/example_branch_python_dop_operator_3.py for tasks to queue
[2024-05-21T05:50:48.118+0000] {logging_mixin.py:188} INFO - [2024-05-21T05:50:48.118+0000] {dagbag.py:540} INFO - Filling up the DagBag from /home/airflow/.local/lib/python3.9/site-packages/airflow/example_dags/example_branch_python_dop_operator_3.py
[2024-05-21T05:50:48.125+0000] {processor.py:840} INFO - DAG(s) 'example_branch_dop_operator_v3' retrieved from /home/airflow/.local/lib/python3.9/site-packages/airflow/example_dags/example_branch_python_dop_operator_3.py
[2024-05-21T05:50:48.141+0000] {logging_mixin.py:188} INFO - [2024-05-21T05:50:48.141+0000] {dag.py:3047} INFO - Sync 1 DAGs
[2024-05-21T05:50:48.160+0000] {logging_mixin.py:188} INFO - [2024-05-21T05:50:48.159+0000] {dag.py:3834} INFO - Setting next_dagrun for example_branch_dop_operator_v3 to 2024-05-21 05:49:00+00:00, run_after=2024-05-21 05:50:00+00:00
[2024-05-21T05:50:48.178+0000] {processor.py:183} INFO - Processing /home/airflow/.local/lib/python3.9/site-packages/airflow/example_dags/example_branch_python_dop_operator_3.py took 0.066 seconds
[2024-05-21T05:51:18.680+0000] {processor.py:161} INFO - Started process (PID=422) to work on /home/airflow/.local/lib/python3.9/site-packages/airflow/example_dags/example_branch_python_dop_operator_3.py
[2024-05-21T05:51:18.681+0000] {processor.py:830} INFO - Processing file /home/airflow/.local/lib/python3.9/site-packages/airflow/example_dags/example_branch_python_dop_operator_3.py for tasks to queue
[2024-05-21T05:51:18.683+0000] {logging_mixin.py:188} INFO - [2024-05-21T05:51:18.682+0000] {dagbag.py:540} INFO - Filling up the DagBag from /home/airflow/.local/lib/python3.9/site-packages/airflow/example_dags/example_branch_python_dop_operator_3.py
[2024-05-21T05:51:18.690+0000] {processor.py:840} INFO - DAG(s) 'example_branch_dop_operator_v3' retrieved from /home/airflow/.local/lib/python3.9/site-packages/airflow/example_dags/example_branch_python_dop_operator_3.py
[2024-05-21T05:51:18.706+0000] {logging_mixin.py:188} INFO - [2024-05-21T05:51:18.706+0000] {dag.py:3047} INFO - Sync 1 DAGs
[2024-05-21T05:51:18.730+0000] {logging_mixin.py:188} INFO - [2024-05-21T05:51:18.729+0000] {dag.py:3834} INFO - Setting next_dagrun for example_branch_dop_operator_v3 to 2024-05-21 05:50:00+00:00, run_after=2024-05-21 05:51:00+00:00
[2024-05-21T05:51:18.757+0000] {processor.py:183} INFO - Processing /home/airflow/.local/lib/python3.9/site-packages/airflow/example_dags/example_branch_python_dop_operator_3.py took 0.080 seconds
[2024-05-21T05:51:49.626+0000] {processor.py:161} INFO - Started process (PID=479) to work on /home/airflow/.local/lib/python3.9/site-packages/airflow/example_dags/example_branch_python_dop_operator_3.py
[2024-05-21T05:51:49.628+0000] {processor.py:830} INFO - Processing file /home/airflow/.local/lib/python3.9/site-packages/airflow/example_dags/example_branch_python_dop_operator_3.py for tasks to queue
[2024-05-21T05:51:49.629+0000] {logging_mixin.py:188} INFO - [2024-05-21T05:51:49.629+0000] {dagbag.py:540} INFO - Filling up the DagBag from /home/airflow/.local/lib/python3.9/site-packages/airflow/example_dags/example_branch_python_dop_operator_3.py
[2024-05-21T05:51:49.637+0000] {processor.py:840} INFO - DAG(s) 'example_branch_dop_operator_v3' retrieved from /home/airflow/.local/lib/python3.9/site-packages/airflow/example_dags/example_branch_python_dop_operator_3.py
[2024-05-21T05:51:49.655+0000] {logging_mixin.py:188} INFO - [2024-05-21T05:51:49.655+0000] {dag.py:3047} INFO - Sync 1 DAGs
[2024-05-21T05:51:49.682+0000] {logging_mixin.py:188} INFO - [2024-05-21T05:51:49.682+0000] {dag.py:3834} INFO - Setting next_dagrun for example_branch_dop_operator_v3 to 2024-05-21 05:50:00+00:00, run_after=2024-05-21 05:51:00+00:00
[2024-05-21T05:51:49.699+0000] {processor.py:183} INFO - Processing /home/airflow/.local/lib/python3.9/site-packages/airflow/example_dags/example_branch_python_dop_operator_3.py took 0.076 seconds
