[2024-05-21T03:35:25.546+0000] {processor.py:161} INFO - Started process (PID=50) to work on /home/airflow/.local/lib/python3.9/site-packages/airflow/example_dags/example_setup_teardown_taskflow.py
[2024-05-21T03:35:25.547+0000] {processor.py:830} INFO - Processing file /home/airflow/.local/lib/python3.9/site-packages/airflow/example_dags/example_setup_teardown_taskflow.py for tasks to queue
[2024-05-21T03:35:25.550+0000] {logging_mixin.py:188} INFO - [2024-05-21T03:35:25.549+0000] {dagbag.py:540} INFO - Filling up the DagBag from /home/airflow/.local/lib/python3.9/site-packages/airflow/example_dags/example_setup_teardown_taskflow.py
[2024-05-21T03:35:25.566+0000] {processor.py:840} INFO - DAG(s) 'example_setup_teardown_taskflow' retrieved from /home/airflow/.local/lib/python3.9/site-packages/airflow/example_dags/example_setup_teardown_taskflow.py
[2024-05-21T03:35:25.661+0000] {logging_mixin.py:188} INFO - [2024-05-21T03:35:25.661+0000] {dag.py:3047} INFO - Sync 1 DAGs
[2024-05-21T03:35:25.683+0000] {logging_mixin.py:188} INFO - [2024-05-21T03:35:25.683+0000] {dag.py:3834} INFO - Setting next_dagrun for example_setup_teardown_taskflow to 2024-05-20 00:00:00+00:00, run_after=2024-05-21 00:00:00+00:00
[2024-05-21T03:35:25.729+0000] {processor.py:183} INFO - Processing /home/airflow/.local/lib/python3.9/site-packages/airflow/example_dags/example_setup_teardown_taskflow.py took 0.186 seconds
[2024-05-21T03:36:05.523+0000] {processor.py:161} INFO - Started process (PID=107) to work on /home/airflow/.local/lib/python3.9/site-packages/airflow/example_dags/example_setup_teardown_taskflow.py
[2024-05-21T03:36:05.525+0000] {processor.py:830} INFO - Processing file /home/airflow/.local/lib/python3.9/site-packages/airflow/example_dags/example_setup_teardown_taskflow.py for tasks to queue
[2024-05-21T03:36:05.527+0000] {logging_mixin.py:188} INFO - [2024-05-21T03:36:05.527+0000] {dagbag.py:540} INFO - Filling up the DagBag from /home/airflow/.local/lib/python3.9/site-packages/airflow/example_dags/example_setup_teardown_taskflow.py
[2024-05-21T03:36:05.539+0000] {processor.py:840} INFO - DAG(s) 'example_setup_teardown_taskflow' retrieved from /home/airflow/.local/lib/python3.9/site-packages/airflow/example_dags/example_setup_teardown_taskflow.py
[2024-05-21T03:36:05.591+0000] {logging_mixin.py:188} INFO - [2024-05-21T03:36:05.590+0000] {dag.py:3047} INFO - Sync 1 DAGs
[2024-05-21T03:36:05.615+0000] {logging_mixin.py:188} INFO - [2024-05-21T03:36:05.615+0000] {dag.py:3834} INFO - Setting next_dagrun for example_setup_teardown_taskflow to 2024-05-20 00:00:00+00:00, run_after=2024-05-21 00:00:00+00:00
[2024-05-21T03:36:05.651+0000] {processor.py:183} INFO - Processing /home/airflow/.local/lib/python3.9/site-packages/airflow/example_dags/example_setup_teardown_taskflow.py took 0.132 seconds
[2024-05-21T03:36:37.282+0000] {processor.py:161} INFO - Started process (PID=164) to work on /home/airflow/.local/lib/python3.9/site-packages/airflow/example_dags/example_setup_teardown_taskflow.py
[2024-05-21T03:36:37.284+0000] {processor.py:830} INFO - Processing file /home/airflow/.local/lib/python3.9/site-packages/airflow/example_dags/example_setup_teardown_taskflow.py for tasks to queue
[2024-05-21T03:36:37.286+0000] {logging_mixin.py:188} INFO - [2024-05-21T03:36:37.285+0000] {dagbag.py:540} INFO - Filling up the DagBag from /home/airflow/.local/lib/python3.9/site-packages/airflow/example_dags/example_setup_teardown_taskflow.py
[2024-05-21T03:36:37.313+0000] {processor.py:840} INFO - DAG(s) 'example_setup_teardown_taskflow' retrieved from /home/airflow/.local/lib/python3.9/site-packages/airflow/example_dags/example_setup_teardown_taskflow.py
[2024-05-21T03:36:37.385+0000] {logging_mixin.py:188} INFO - [2024-05-21T03:36:37.385+0000] {dag.py:3047} INFO - Sync 1 DAGs
[2024-05-21T03:36:37.431+0000] {logging_mixin.py:188} INFO - [2024-05-21T03:36:37.430+0000] {dag.py:3834} INFO - Setting next_dagrun for example_setup_teardown_taskflow to 2024-05-20 00:00:00+00:00, run_after=2024-05-21 00:00:00+00:00
[2024-05-21T03:36:37.477+0000] {processor.py:183} INFO - Processing /home/airflow/.local/lib/python3.9/site-packages/airflow/example_dags/example_setup_teardown_taskflow.py took 0.198 seconds
[2024-05-21T03:37:34.044+0000] {processor.py:161} INFO - Started process (PID=234) to work on /home/airflow/.local/lib/python3.9/site-packages/airflow/example_dags/example_setup_teardown_taskflow.py
[2024-05-21T03:37:34.046+0000] {processor.py:830} INFO - Processing file /home/airflow/.local/lib/python3.9/site-packages/airflow/example_dags/example_setup_teardown_taskflow.py for tasks to queue
[2024-05-21T03:37:34.048+0000] {logging_mixin.py:188} INFO - [2024-05-21T03:37:34.048+0000] {dagbag.py:540} INFO - Filling up the DagBag from /home/airflow/.local/lib/python3.9/site-packages/airflow/example_dags/example_setup_teardown_taskflow.py
[2024-05-21T03:37:34.072+0000] {processor.py:840} INFO - DAG(s) 'example_setup_teardown_taskflow' retrieved from /home/airflow/.local/lib/python3.9/site-packages/airflow/example_dags/example_setup_teardown_taskflow.py
[2024-05-21T03:37:34.100+0000] {logging_mixin.py:188} INFO - [2024-05-21T03:37:34.100+0000] {dag.py:3047} INFO - Sync 1 DAGs
[2024-05-21T03:37:34.125+0000] {logging_mixin.py:188} INFO - [2024-05-21T03:37:34.125+0000] {dag.py:3834} INFO - Setting next_dagrun for example_setup_teardown_taskflow to 2024-05-20 00:00:00+00:00, run_after=2024-05-21 00:00:00+00:00
[2024-05-21T03:37:34.164+0000] {processor.py:183} INFO - Processing /home/airflow/.local/lib/python3.9/site-packages/airflow/example_dags/example_setup_teardown_taskflow.py took 0.124 seconds
[2024-05-21T03:38:13.443+0000] {processor.py:161} INFO - Started process (PID=291) to work on /home/airflow/.local/lib/python3.9/site-packages/airflow/example_dags/example_setup_teardown_taskflow.py
[2024-05-21T03:38:13.450+0000] {processor.py:830} INFO - Processing file /home/airflow/.local/lib/python3.9/site-packages/airflow/example_dags/example_setup_teardown_taskflow.py for tasks to queue
[2024-05-21T03:38:13.467+0000] {logging_mixin.py:188} INFO - [2024-05-21T03:38:13.464+0000] {dagbag.py:540} INFO - Filling up the DagBag from /home/airflow/.local/lib/python3.9/site-packages/airflow/example_dags/example_setup_teardown_taskflow.py
[2024-05-21T03:38:13.583+0000] {processor.py:840} INFO - DAG(s) 'example_setup_teardown_taskflow' retrieved from /home/airflow/.local/lib/python3.9/site-packages/airflow/example_dags/example_setup_teardown_taskflow.py
[2024-05-21T03:38:13.834+0000] {logging_mixin.py:188} INFO - [2024-05-21T03:38:13.832+0000] {dag.py:3047} INFO - Sync 1 DAGs
[2024-05-21T03:38:13.919+0000] {logging_mixin.py:188} INFO - [2024-05-21T03:38:13.918+0000] {dag.py:3834} INFO - Setting next_dagrun for example_setup_teardown_taskflow to 2024-05-20 00:00:00+00:00, run_after=2024-05-21 00:00:00+00:00
[2024-05-21T03:38:14.169+0000] {processor.py:183} INFO - Processing /home/airflow/.local/lib/python3.9/site-packages/airflow/example_dags/example_setup_teardown_taskflow.py took 0.872 seconds
[2024-05-21T03:38:44.925+0000] {processor.py:161} INFO - Started process (PID=352) to work on /home/airflow/.local/lib/python3.9/site-packages/airflow/example_dags/example_setup_teardown_taskflow.py
[2024-05-21T03:38:44.937+0000] {processor.py:830} INFO - Processing file /home/airflow/.local/lib/python3.9/site-packages/airflow/example_dags/example_setup_teardown_taskflow.py for tasks to queue
[2024-05-21T03:38:44.962+0000] {logging_mixin.py:188} INFO - [2024-05-21T03:38:44.959+0000] {dagbag.py:540} INFO - Filling up the DagBag from /home/airflow/.local/lib/python3.9/site-packages/airflow/example_dags/example_setup_teardown_taskflow.py
[2024-05-21T03:38:45.104+0000] {processor.py:840} INFO - DAG(s) 'example_setup_teardown_taskflow' retrieved from /home/airflow/.local/lib/python3.9/site-packages/airflow/example_dags/example_setup_teardown_taskflow.py
[2024-05-21T03:38:45.387+0000] {logging_mixin.py:188} INFO - [2024-05-21T03:38:45.386+0000] {dag.py:3047} INFO - Sync 1 DAGs
[2024-05-21T03:38:45.728+0000] {logging_mixin.py:188} INFO - [2024-05-21T03:38:45.727+0000] {dag.py:3834} INFO - Setting next_dagrun for example_setup_teardown_taskflow to 2024-05-20 00:00:00+00:00, run_after=2024-05-21 00:00:00+00:00
[2024-05-21T03:38:45.820+0000] {processor.py:183} INFO - Processing /home/airflow/.local/lib/python3.9/site-packages/airflow/example_dags/example_setup_teardown_taskflow.py took 0.949 seconds
[2024-05-21T03:39:18.292+0000] {processor.py:161} INFO - Started process (PID=411) to work on /home/airflow/.local/lib/python3.9/site-packages/airflow/example_dags/example_setup_teardown_taskflow.py
[2024-05-21T03:39:18.414+0000] {processor.py:830} INFO - Processing file /home/airflow/.local/lib/python3.9/site-packages/airflow/example_dags/example_setup_teardown_taskflow.py for tasks to queue
[2024-05-21T03:39:18.416+0000] {logging_mixin.py:188} INFO - [2024-05-21T03:39:18.416+0000] {dagbag.py:540} INFO - Filling up the DagBag from /home/airflow/.local/lib/python3.9/site-packages/airflow/example_dags/example_setup_teardown_taskflow.py
[2024-05-21T03:39:18.424+0000] {processor.py:840} INFO - DAG(s) 'example_setup_teardown_taskflow' retrieved from /home/airflow/.local/lib/python3.9/site-packages/airflow/example_dags/example_setup_teardown_taskflow.py
[2024-05-21T03:39:18.444+0000] {logging_mixin.py:188} INFO - [2024-05-21T03:39:18.444+0000] {dag.py:3047} INFO - Sync 1 DAGs
[2024-05-21T03:39:18.461+0000] {logging_mixin.py:188} INFO - [2024-05-21T03:39:18.461+0000] {dag.py:3834} INFO - Setting next_dagrun for example_setup_teardown_taskflow to 2024-05-20 00:00:00+00:00, run_after=2024-05-21 00:00:00+00:00
[2024-05-21T03:39:19.393+0000] {processor.py:183} INFO - Processing /home/airflow/.local/lib/python3.9/site-packages/airflow/example_dags/example_setup_teardown_taskflow.py took 1.103 seconds
[2024-05-21T05:48:13.659+0000] {processor.py:161} INFO - Started process (PID=50) to work on /home/airflow/.local/lib/python3.9/site-packages/airflow/example_dags/example_setup_teardown_taskflow.py
[2024-05-21T05:48:13.661+0000] {processor.py:830} INFO - Processing file /home/airflow/.local/lib/python3.9/site-packages/airflow/example_dags/example_setup_teardown_taskflow.py for tasks to queue
[2024-05-21T05:48:13.664+0000] {logging_mixin.py:188} INFO - [2024-05-21T05:48:13.664+0000] {dagbag.py:540} INFO - Filling up the DagBag from /home/airflow/.local/lib/python3.9/site-packages/airflow/example_dags/example_setup_teardown_taskflow.py
[2024-05-21T05:48:13.676+0000] {processor.py:840} INFO - DAG(s) 'example_setup_teardown_taskflow' retrieved from /home/airflow/.local/lib/python3.9/site-packages/airflow/example_dags/example_setup_teardown_taskflow.py
[2024-05-21T05:48:13.691+0000] {logging_mixin.py:188} INFO - [2024-05-21T05:48:13.691+0000] {dag.py:3047} INFO - Sync 1 DAGs
[2024-05-21T05:48:13.711+0000] {logging_mixin.py:188} INFO - [2024-05-21T05:48:13.711+0000] {dag.py:3834} INFO - Setting next_dagrun for example_setup_teardown_taskflow to 2024-05-20 00:00:00+00:00, run_after=2024-05-21 00:00:00+00:00
[2024-05-21T05:48:13.730+0000] {processor.py:183} INFO - Processing /home/airflow/.local/lib/python3.9/site-packages/airflow/example_dags/example_setup_teardown_taskflow.py took 0.075 seconds
[2024-05-21T05:48:44.283+0000] {processor.py:161} INFO - Started process (PID=107) to work on /home/airflow/.local/lib/python3.9/site-packages/airflow/example_dags/example_setup_teardown_taskflow.py
[2024-05-21T05:48:44.285+0000] {processor.py:830} INFO - Processing file /home/airflow/.local/lib/python3.9/site-packages/airflow/example_dags/example_setup_teardown_taskflow.py for tasks to queue
[2024-05-21T05:48:44.286+0000] {logging_mixin.py:188} INFO - [2024-05-21T05:48:44.286+0000] {dagbag.py:540} INFO - Filling up the DagBag from /home/airflow/.local/lib/python3.9/site-packages/airflow/example_dags/example_setup_teardown_taskflow.py
[2024-05-21T05:48:44.293+0000] {processor.py:840} INFO - DAG(s) 'example_setup_teardown_taskflow' retrieved from /home/airflow/.local/lib/python3.9/site-packages/airflow/example_dags/example_setup_teardown_taskflow.py
[2024-05-21T05:48:44.365+0000] {logging_mixin.py:188} INFO - [2024-05-21T05:48:44.365+0000] {dag.py:3047} INFO - Sync 1 DAGs
[2024-05-21T05:48:44.382+0000] {logging_mixin.py:188} INFO - [2024-05-21T05:48:44.381+0000] {dag.py:3834} INFO - Setting next_dagrun for example_setup_teardown_taskflow to 2024-05-20 00:00:00+00:00, run_after=2024-05-21 00:00:00+00:00
[2024-05-21T05:48:44.396+0000] {processor.py:183} INFO - Processing /home/airflow/.local/lib/python3.9/site-packages/airflow/example_dags/example_setup_teardown_taskflow.py took 0.115 seconds
[2024-05-21T05:49:14.896+0000] {processor.py:161} INFO - Started process (PID=164) to work on /home/airflow/.local/lib/python3.9/site-packages/airflow/example_dags/example_setup_teardown_taskflow.py
[2024-05-21T05:49:14.897+0000] {processor.py:830} INFO - Processing file /home/airflow/.local/lib/python3.9/site-packages/airflow/example_dags/example_setup_teardown_taskflow.py for tasks to queue
[2024-05-21T05:49:14.899+0000] {logging_mixin.py:188} INFO - [2024-05-21T05:49:14.898+0000] {dagbag.py:540} INFO - Filling up the DagBag from /home/airflow/.local/lib/python3.9/site-packages/airflow/example_dags/example_setup_teardown_taskflow.py
[2024-05-21T05:49:14.905+0000] {processor.py:840} INFO - DAG(s) 'example_setup_teardown_taskflow' retrieved from /home/airflow/.local/lib/python3.9/site-packages/airflow/example_dags/example_setup_teardown_taskflow.py
[2024-05-21T05:49:14.922+0000] {logging_mixin.py:188} INFO - [2024-05-21T05:49:14.922+0000] {dag.py:3047} INFO - Sync 1 DAGs
[2024-05-21T05:49:14.938+0000] {logging_mixin.py:188} INFO - [2024-05-21T05:49:14.938+0000] {dag.py:3834} INFO - Setting next_dagrun for example_setup_teardown_taskflow to 2024-05-20 00:00:00+00:00, run_after=2024-05-21 00:00:00+00:00
[2024-05-21T05:49:14.954+0000] {processor.py:183} INFO - Processing /home/airflow/.local/lib/python3.9/site-packages/airflow/example_dags/example_setup_teardown_taskflow.py took 0.061 seconds
[2024-05-21T05:49:45.519+0000] {processor.py:161} INFO - Started process (PID=225) to work on /home/airflow/.local/lib/python3.9/site-packages/airflow/example_dags/example_setup_teardown_taskflow.py
[2024-05-21T05:49:45.521+0000] {processor.py:830} INFO - Processing file /home/airflow/.local/lib/python3.9/site-packages/airflow/example_dags/example_setup_teardown_taskflow.py for tasks to queue
[2024-05-21T05:49:45.522+0000] {logging_mixin.py:188} INFO - [2024-05-21T05:49:45.522+0000] {dagbag.py:540} INFO - Filling up the DagBag from /home/airflow/.local/lib/python3.9/site-packages/airflow/example_dags/example_setup_teardown_taskflow.py
[2024-05-21T05:49:45.530+0000] {processor.py:840} INFO - DAG(s) 'example_setup_teardown_taskflow' retrieved from /home/airflow/.local/lib/python3.9/site-packages/airflow/example_dags/example_setup_teardown_taskflow.py
[2024-05-21T05:49:45.550+0000] {logging_mixin.py:188} INFO - [2024-05-21T05:49:45.550+0000] {dag.py:3047} INFO - Sync 1 DAGs
[2024-05-21T05:49:45.569+0000] {logging_mixin.py:188} INFO - [2024-05-21T05:49:45.568+0000] {dag.py:3834} INFO - Setting next_dagrun for example_setup_teardown_taskflow to 2024-05-20 00:00:00+00:00, run_after=2024-05-21 00:00:00+00:00
[2024-05-21T05:49:45.586+0000] {processor.py:183} INFO - Processing /home/airflow/.local/lib/python3.9/site-packages/airflow/example_dags/example_setup_teardown_taskflow.py took 0.070 seconds
[2024-05-21T05:50:16.487+0000] {processor.py:161} INFO - Started process (PID=282) to work on /home/airflow/.local/lib/python3.9/site-packages/airflow/example_dags/example_setup_teardown_taskflow.py
[2024-05-21T05:50:16.488+0000] {processor.py:830} INFO - Processing file /home/airflow/.local/lib/python3.9/site-packages/airflow/example_dags/example_setup_teardown_taskflow.py for tasks to queue
[2024-05-21T05:50:16.490+0000] {logging_mixin.py:188} INFO - [2024-05-21T05:50:16.489+0000] {dagbag.py:540} INFO - Filling up the DagBag from /home/airflow/.local/lib/python3.9/site-packages/airflow/example_dags/example_setup_teardown_taskflow.py
[2024-05-21T05:50:16.498+0000] {processor.py:840} INFO - DAG(s) 'example_setup_teardown_taskflow' retrieved from /home/airflow/.local/lib/python3.9/site-packages/airflow/example_dags/example_setup_teardown_taskflow.py
[2024-05-21T05:50:16.516+0000] {logging_mixin.py:188} INFO - [2024-05-21T05:50:16.516+0000] {dag.py:3047} INFO - Sync 1 DAGs
[2024-05-21T05:50:16.537+0000] {logging_mixin.py:188} INFO - [2024-05-21T05:50:16.537+0000] {dag.py:3834} INFO - Setting next_dagrun for example_setup_teardown_taskflow to 2024-05-20 00:00:00+00:00, run_after=2024-05-21 00:00:00+00:00
[2024-05-21T05:50:16.554+0000] {processor.py:183} INFO - Processing /home/airflow/.local/lib/python3.9/site-packages/airflow/example_dags/example_setup_teardown_taskflow.py took 0.070 seconds
[2024-05-21T05:50:47.172+0000] {processor.py:161} INFO - Started process (PID=343) to work on /home/airflow/.local/lib/python3.9/site-packages/airflow/example_dags/example_setup_teardown_taskflow.py
[2024-05-21T05:50:47.173+0000] {processor.py:830} INFO - Processing file /home/airflow/.local/lib/python3.9/site-packages/airflow/example_dags/example_setup_teardown_taskflow.py for tasks to queue
[2024-05-21T05:50:47.175+0000] {logging_mixin.py:188} INFO - [2024-05-21T05:50:47.174+0000] {dagbag.py:540} INFO - Filling up the DagBag from /home/airflow/.local/lib/python3.9/site-packages/airflow/example_dags/example_setup_teardown_taskflow.py
[2024-05-21T05:50:47.182+0000] {processor.py:840} INFO - DAG(s) 'example_setup_teardown_taskflow' retrieved from /home/airflow/.local/lib/python3.9/site-packages/airflow/example_dags/example_setup_teardown_taskflow.py
[2024-05-21T05:50:47.200+0000] {logging_mixin.py:188} INFO - [2024-05-21T05:50:47.199+0000] {dag.py:3047} INFO - Sync 1 DAGs
[2024-05-21T05:50:47.218+0000] {logging_mixin.py:188} INFO - [2024-05-21T05:50:47.217+0000] {dag.py:3834} INFO - Setting next_dagrun for example_setup_teardown_taskflow to 2024-05-20 00:00:00+00:00, run_after=2024-05-21 00:00:00+00:00
[2024-05-21T05:50:47.233+0000] {processor.py:183} INFO - Processing /home/airflow/.local/lib/python3.9/site-packages/airflow/example_dags/example_setup_teardown_taskflow.py took 0.064 seconds
[2024-05-21T05:51:17.774+0000] {processor.py:161} INFO - Started process (PID=400) to work on /home/airflow/.local/lib/python3.9/site-packages/airflow/example_dags/example_setup_teardown_taskflow.py
[2024-05-21T05:51:17.776+0000] {processor.py:830} INFO - Processing file /home/airflow/.local/lib/python3.9/site-packages/airflow/example_dags/example_setup_teardown_taskflow.py for tasks to queue
[2024-05-21T05:51:17.778+0000] {logging_mixin.py:188} INFO - [2024-05-21T05:51:17.777+0000] {dagbag.py:540} INFO - Filling up the DagBag from /home/airflow/.local/lib/python3.9/site-packages/airflow/example_dags/example_setup_teardown_taskflow.py
[2024-05-21T05:51:17.787+0000] {processor.py:840} INFO - DAG(s) 'example_setup_teardown_taskflow' retrieved from /home/airflow/.local/lib/python3.9/site-packages/airflow/example_dags/example_setup_teardown_taskflow.py
[2024-05-21T05:51:17.804+0000] {logging_mixin.py:188} INFO - [2024-05-21T05:51:17.803+0000] {dag.py:3047} INFO - Sync 1 DAGs
[2024-05-21T05:51:17.822+0000] {logging_mixin.py:188} INFO - [2024-05-21T05:51:17.822+0000] {dag.py:3834} INFO - Setting next_dagrun for example_setup_teardown_taskflow to 2024-05-20 00:00:00+00:00, run_after=2024-05-21 00:00:00+00:00
[2024-05-21T05:51:17.841+0000] {processor.py:183} INFO - Processing /home/airflow/.local/lib/python3.9/site-packages/airflow/example_dags/example_setup_teardown_taskflow.py took 0.070 seconds
[2024-05-21T05:51:48.404+0000] {processor.py:161} INFO - Started process (PID=457) to work on /home/airflow/.local/lib/python3.9/site-packages/airflow/example_dags/example_setup_teardown_taskflow.py
[2024-05-21T05:51:48.405+0000] {processor.py:830} INFO - Processing file /home/airflow/.local/lib/python3.9/site-packages/airflow/example_dags/example_setup_teardown_taskflow.py for tasks to queue
[2024-05-21T05:51:48.407+0000] {logging_mixin.py:188} INFO - [2024-05-21T05:51:48.407+0000] {dagbag.py:540} INFO - Filling up the DagBag from /home/airflow/.local/lib/python3.9/site-packages/airflow/example_dags/example_setup_teardown_taskflow.py
[2024-05-21T05:51:48.415+0000] {processor.py:840} INFO - DAG(s) 'example_setup_teardown_taskflow' retrieved from /home/airflow/.local/lib/python3.9/site-packages/airflow/example_dags/example_setup_teardown_taskflow.py
[2024-05-21T05:51:48.434+0000] {logging_mixin.py:188} INFO - [2024-05-21T05:51:48.433+0000] {dag.py:3047} INFO - Sync 1 DAGs
[2024-05-21T05:51:48.454+0000] {logging_mixin.py:188} INFO - [2024-05-21T05:51:48.453+0000] {dag.py:3834} INFO - Setting next_dagrun for example_setup_teardown_taskflow to 2024-05-20 00:00:00+00:00, run_after=2024-05-21 00:00:00+00:00
[2024-05-21T05:51:48.471+0000] {processor.py:183} INFO - Processing /home/airflow/.local/lib/python3.9/site-packages/airflow/example_dags/example_setup_teardown_taskflow.py took 0.070 seconds
