[2024-05-21T03:35:22.814+0000] {processor.py:161} INFO - Started process (PID=39) to work on /home/airflow/.local/lib/python3.9/site-packages/airflow/example_dags/tutorial.py
[2024-05-21T03:35:22.816+0000] {processor.py:830} INFO - Processing file /home/airflow/.local/lib/python3.9/site-packages/airflow/example_dags/tutorial.py for tasks to queue
[2024-05-21T03:35:22.818+0000] {logging_mixin.py:188} INFO - [2024-05-21T03:35:22.817+0000] {dagbag.py:540} INFO - Filling up the DagBag from /home/airflow/.local/lib/python3.9/site-packages/airflow/example_dags/tutorial.py
[2024-05-21T03:35:22.830+0000] {processor.py:840} INFO - DAG(s) 'tutorial' retrieved from /home/airflow/.local/lib/python3.9/site-packages/airflow/example_dags/tutorial.py
[2024-05-21T03:35:23.085+0000] {logging_mixin.py:188} INFO - [2024-05-21T03:35:23.085+0000] {dag.py:3047} INFO - Sync 1 DAGs
[2024-05-21T03:35:23.103+0000] {logging_mixin.py:188} INFO - [2024-05-21T03:35:23.103+0000] {dag.py:3834} INFO - Setting next_dagrun for tutorial to 2024-05-20 00:00:00+00:00, run_after=2024-05-21 00:00:00+00:00
[2024-05-21T03:35:23.163+0000] {processor.py:183} INFO - Processing /home/airflow/.local/lib/python3.9/site-packages/airflow/example_dags/tutorial.py took 0.351 seconds
[2024-05-21T03:35:54.822+0000] {processor.py:161} INFO - Started process (PID=95) to work on /home/airflow/.local/lib/python3.9/site-packages/airflow/example_dags/tutorial.py
[2024-05-21T03:35:54.877+0000] {processor.py:830} INFO - Processing file /home/airflow/.local/lib/python3.9/site-packages/airflow/example_dags/tutorial.py for tasks to queue
[2024-05-21T03:35:55.046+0000] {logging_mixin.py:188} INFO - [2024-05-21T03:35:55.045+0000] {dagbag.py:540} INFO - Filling up the DagBag from /home/airflow/.local/lib/python3.9/site-packages/airflow/example_dags/tutorial.py
[2024-05-21T03:35:55.603+0000] {processor.py:840} INFO - DAG(s) 'tutorial' retrieved from /home/airflow/.local/lib/python3.9/site-packages/airflow/example_dags/tutorial.py
[2024-05-21T03:35:55.897+0000] {logging_mixin.py:188} INFO - [2024-05-21T03:35:55.897+0000] {dag.py:3047} INFO - Sync 1 DAGs
[2024-05-21T03:35:56.011+0000] {logging_mixin.py:188} INFO - [2024-05-21T03:35:56.011+0000] {dag.py:3834} INFO - Setting next_dagrun for tutorial to 2024-05-20 00:00:00+00:00, run_after=2024-05-21 00:00:00+00:00
[2024-05-21T03:35:56.180+0000] {processor.py:183} INFO - Processing /home/airflow/.local/lib/python3.9/site-packages/airflow/example_dags/tutorial.py took 1.575 seconds
[2024-05-21T03:36:27.684+0000] {processor.py:161} INFO - Started process (PID=153) to work on /home/airflow/.local/lib/python3.9/site-packages/airflow/example_dags/tutorial.py
[2024-05-21T03:36:27.689+0000] {processor.py:830} INFO - Processing file /home/airflow/.local/lib/python3.9/site-packages/airflow/example_dags/tutorial.py for tasks to queue
[2024-05-21T03:36:27.692+0000] {logging_mixin.py:188} INFO - [2024-05-21T03:36:27.692+0000] {dagbag.py:540} INFO - Filling up the DagBag from /home/airflow/.local/lib/python3.9/site-packages/airflow/example_dags/tutorial.py
[2024-05-21T03:36:27.703+0000] {processor.py:840} INFO - DAG(s) 'tutorial' retrieved from /home/airflow/.local/lib/python3.9/site-packages/airflow/example_dags/tutorial.py
[2024-05-21T03:36:27.759+0000] {logging_mixin.py:188} INFO - [2024-05-21T03:36:27.758+0000] {dag.py:3047} INFO - Sync 1 DAGs
[2024-05-21T03:36:27.810+0000] {logging_mixin.py:188} INFO - [2024-05-21T03:36:27.810+0000] {dag.py:3834} INFO - Setting next_dagrun for tutorial to 2024-05-20 00:00:00+00:00, run_after=2024-05-21 00:00:00+00:00
[2024-05-21T03:36:27.837+0000] {processor.py:183} INFO - Processing /home/airflow/.local/lib/python3.9/site-packages/airflow/example_dags/tutorial.py took 0.168 seconds
[2024-05-21T03:36:59.369+0000] {processor.py:161} INFO - Started process (PID=213) to work on /home/airflow/.local/lib/python3.9/site-packages/airflow/example_dags/tutorial.py
[2024-05-21T03:36:59.384+0000] {processor.py:830} INFO - Processing file /home/airflow/.local/lib/python3.9/site-packages/airflow/example_dags/tutorial.py for tasks to queue
[2024-05-21T03:36:59.443+0000] {logging_mixin.py:188} INFO - [2024-05-21T03:36:59.442+0000] {dagbag.py:540} INFO - Filling up the DagBag from /home/airflow/.local/lib/python3.9/site-packages/airflow/example_dags/tutorial.py
[2024-05-21T03:36:59.563+0000] {processor.py:840} INFO - DAG(s) 'tutorial' retrieved from /home/airflow/.local/lib/python3.9/site-packages/airflow/example_dags/tutorial.py
[2024-05-21T03:36:59.893+0000] {logging_mixin.py:188} INFO - [2024-05-21T03:36:59.892+0000] {dag.py:3047} INFO - Sync 1 DAGs
[2024-05-21T03:37:00.121+0000] {logging_mixin.py:188} INFO - [2024-05-21T03:37:00.120+0000] {dag.py:3834} INFO - Setting next_dagrun for tutorial to 2024-05-20 00:00:00+00:00, run_after=2024-05-21 00:00:00+00:00
[2024-05-21T03:37:00.188+0000] {processor.py:183} INFO - Processing /home/airflow/.local/lib/python3.9/site-packages/airflow/example_dags/tutorial.py took 0.877 seconds
[2024-05-21T03:37:32.418+0000] {processor.py:161} INFO - Started process (PID=227) to work on /home/airflow/.local/lib/python3.9/site-packages/airflow/example_dags/tutorial.py
[2024-05-21T03:37:32.419+0000] {processor.py:830} INFO - Processing file /home/airflow/.local/lib/python3.9/site-packages/airflow/example_dags/tutorial.py for tasks to queue
[2024-05-21T03:37:32.431+0000] {logging_mixin.py:188} INFO - [2024-05-21T03:37:32.431+0000] {dagbag.py:540} INFO - Filling up the DagBag from /home/airflow/.local/lib/python3.9/site-packages/airflow/example_dags/tutorial.py
[2024-05-21T03:37:32.448+0000] {processor.py:840} INFO - DAG(s) 'tutorial' retrieved from /home/airflow/.local/lib/python3.9/site-packages/airflow/example_dags/tutorial.py
[2024-05-21T03:37:32.515+0000] {logging_mixin.py:188} INFO - [2024-05-21T03:37:32.514+0000] {dag.py:3047} INFO - Sync 1 DAGs
[2024-05-21T03:37:32.577+0000] {logging_mixin.py:188} INFO - [2024-05-21T03:37:32.577+0000] {dag.py:3834} INFO - Setting next_dagrun for tutorial to 2024-05-20 00:00:00+00:00, run_after=2024-05-21 00:00:00+00:00
[2024-05-21T03:37:32.628+0000] {processor.py:183} INFO - Processing /home/airflow/.local/lib/python3.9/site-packages/airflow/example_dags/tutorial.py took 0.215 seconds
[2024-05-21T03:38:03.438+0000] {processor.py:161} INFO - Started process (PID=282) to work on /home/airflow/.local/lib/python3.9/site-packages/airflow/example_dags/tutorial.py
[2024-05-21T03:38:03.446+0000] {processor.py:830} INFO - Processing file /home/airflow/.local/lib/python3.9/site-packages/airflow/example_dags/tutorial.py for tasks to queue
[2024-05-21T03:38:03.451+0000] {logging_mixin.py:188} INFO - [2024-05-21T03:38:03.450+0000] {dagbag.py:540} INFO - Filling up the DagBag from /home/airflow/.local/lib/python3.9/site-packages/airflow/example_dags/tutorial.py
[2024-05-21T03:38:03.487+0000] {processor.py:840} INFO - DAG(s) 'tutorial' retrieved from /home/airflow/.local/lib/python3.9/site-packages/airflow/example_dags/tutorial.py
[2024-05-21T03:38:03.725+0000] {logging_mixin.py:188} INFO - [2024-05-21T03:38:03.724+0000] {dag.py:3047} INFO - Sync 1 DAGs
[2024-05-21T03:38:03.997+0000] {logging_mixin.py:188} INFO - [2024-05-21T03:38:03.997+0000] {dag.py:3834} INFO - Setting next_dagrun for tutorial to 2024-05-20 00:00:00+00:00, run_after=2024-05-21 00:00:00+00:00
[2024-05-21T03:38:04.111+0000] {processor.py:183} INFO - Processing /home/airflow/.local/lib/python3.9/site-packages/airflow/example_dags/tutorial.py took 0.684 seconds
[2024-05-21T03:38:34.626+0000] {processor.py:161} INFO - Started process (PID=336) to work on /home/airflow/.local/lib/python3.9/site-packages/airflow/example_dags/tutorial.py
[2024-05-21T03:38:34.628+0000] {processor.py:830} INFO - Processing file /home/airflow/.local/lib/python3.9/site-packages/airflow/example_dags/tutorial.py for tasks to queue
[2024-05-21T03:38:34.631+0000] {logging_mixin.py:188} INFO - [2024-05-21T03:38:34.630+0000] {dagbag.py:540} INFO - Filling up the DagBag from /home/airflow/.local/lib/python3.9/site-packages/airflow/example_dags/tutorial.py
[2024-05-21T03:38:34.655+0000] {processor.py:840} INFO - DAG(s) 'tutorial' retrieved from /home/airflow/.local/lib/python3.9/site-packages/airflow/example_dags/tutorial.py
[2024-05-21T03:38:34.698+0000] {logging_mixin.py:188} INFO - [2024-05-21T03:38:34.697+0000] {dag.py:3047} INFO - Sync 1 DAGs
[2024-05-21T03:38:34.732+0000] {logging_mixin.py:188} INFO - [2024-05-21T03:38:34.731+0000] {dag.py:3834} INFO - Setting next_dagrun for tutorial to 2024-05-20 00:00:00+00:00, run_after=2024-05-21 00:00:00+00:00
[2024-05-21T03:38:34.762+0000] {processor.py:183} INFO - Processing /home/airflow/.local/lib/python3.9/site-packages/airflow/example_dags/tutorial.py took 0.140 seconds
[2024-05-21T03:39:05.238+0000] {processor.py:161} INFO - Started process (PID=393) to work on /home/airflow/.local/lib/python3.9/site-packages/airflow/example_dags/tutorial.py
[2024-05-21T03:39:05.244+0000] {processor.py:830} INFO - Processing file /home/airflow/.local/lib/python3.9/site-packages/airflow/example_dags/tutorial.py for tasks to queue
[2024-05-21T03:39:05.249+0000] {logging_mixin.py:188} INFO - [2024-05-21T03:39:05.248+0000] {dagbag.py:540} INFO - Filling up the DagBag from /home/airflow/.local/lib/python3.9/site-packages/airflow/example_dags/tutorial.py
[2024-05-21T03:39:05.271+0000] {processor.py:840} INFO - DAG(s) 'tutorial' retrieved from /home/airflow/.local/lib/python3.9/site-packages/airflow/example_dags/tutorial.py
[2024-05-21T03:39:05.342+0000] {logging_mixin.py:188} INFO - [2024-05-21T03:39:05.342+0000] {dag.py:3047} INFO - Sync 1 DAGs
[2024-05-21T03:39:05.383+0000] {logging_mixin.py:188} INFO - [2024-05-21T03:39:05.383+0000] {dag.py:3834} INFO - Setting next_dagrun for tutorial to 2024-05-20 00:00:00+00:00, run_after=2024-05-21 00:00:00+00:00
[2024-05-21T03:39:05.418+0000] {processor.py:183} INFO - Processing /home/airflow/.local/lib/python3.9/site-packages/airflow/example_dags/tutorial.py took 0.192 seconds
[2024-05-21T05:48:12.296+0000] {processor.py:161} INFO - Started process (PID=39) to work on /home/airflow/.local/lib/python3.9/site-packages/airflow/example_dags/tutorial.py
[2024-05-21T05:48:12.303+0000] {processor.py:830} INFO - Processing file /home/airflow/.local/lib/python3.9/site-packages/airflow/example_dags/tutorial.py for tasks to queue
[2024-05-21T05:48:12.314+0000] {logging_mixin.py:188} INFO - [2024-05-21T05:48:12.313+0000] {dagbag.py:540} INFO - Filling up the DagBag from /home/airflow/.local/lib/python3.9/site-packages/airflow/example_dags/tutorial.py
[2024-05-21T05:48:12.351+0000] {processor.py:840} INFO - DAG(s) 'tutorial' retrieved from /home/airflow/.local/lib/python3.9/site-packages/airflow/example_dags/tutorial.py
[2024-05-21T05:48:12.452+0000] {logging_mixin.py:188} INFO - [2024-05-21T05:48:12.452+0000] {dag.py:3047} INFO - Sync 1 DAGs
[2024-05-21T05:48:12.521+0000] {logging_mixin.py:188} INFO - [2024-05-21T05:48:12.521+0000] {dag.py:3834} INFO - Setting next_dagrun for tutorial to 2024-05-20 00:00:00+00:00, run_after=2024-05-21 00:00:00+00:00
[2024-05-21T05:48:12.554+0000] {processor.py:183} INFO - Processing /home/airflow/.local/lib/python3.9/site-packages/airflow/example_dags/tutorial.py took 0.274 seconds
[2024-05-21T05:48:42.842+0000] {processor.py:161} INFO - Started process (PID=95) to work on /home/airflow/.local/lib/python3.9/site-packages/airflow/example_dags/tutorial.py
[2024-05-21T05:48:42.843+0000] {processor.py:830} INFO - Processing file /home/airflow/.local/lib/python3.9/site-packages/airflow/example_dags/tutorial.py for tasks to queue
[2024-05-21T05:48:42.845+0000] {logging_mixin.py:188} INFO - [2024-05-21T05:48:42.845+0000] {dagbag.py:540} INFO - Filling up the DagBag from /home/airflow/.local/lib/python3.9/site-packages/airflow/example_dags/tutorial.py
[2024-05-21T05:48:42.849+0000] {processor.py:840} INFO - DAG(s) 'tutorial' retrieved from /home/airflow/.local/lib/python3.9/site-packages/airflow/example_dags/tutorial.py
[2024-05-21T05:48:42.922+0000] {logging_mixin.py:188} INFO - [2024-05-21T05:48:42.922+0000] {dag.py:3047} INFO - Sync 1 DAGs
[2024-05-21T05:48:42.936+0000] {logging_mixin.py:188} INFO - [2024-05-21T05:48:42.936+0000] {dag.py:3834} INFO - Setting next_dagrun for tutorial to 2024-05-20 00:00:00+00:00, run_after=2024-05-21 00:00:00+00:00
[2024-05-21T05:48:42.955+0000] {processor.py:183} INFO - Processing /home/airflow/.local/lib/python3.9/site-packages/airflow/example_dags/tutorial.py took 0.116 seconds
[2024-05-21T05:49:13.083+0000] {processor.py:161} INFO - Started process (PID=152) to work on /home/airflow/.local/lib/python3.9/site-packages/airflow/example_dags/tutorial.py
[2024-05-21T05:49:13.085+0000] {processor.py:830} INFO - Processing file /home/airflow/.local/lib/python3.9/site-packages/airflow/example_dags/tutorial.py for tasks to queue
[2024-05-21T05:49:13.087+0000] {logging_mixin.py:188} INFO - [2024-05-21T05:49:13.087+0000] {dagbag.py:540} INFO - Filling up the DagBag from /home/airflow/.local/lib/python3.9/site-packages/airflow/example_dags/tutorial.py
[2024-05-21T05:49:13.093+0000] {processor.py:840} INFO - DAG(s) 'tutorial' retrieved from /home/airflow/.local/lib/python3.9/site-packages/airflow/example_dags/tutorial.py
[2024-05-21T05:49:13.113+0000] {logging_mixin.py:188} INFO - [2024-05-21T05:49:13.113+0000] {dag.py:3047} INFO - Sync 1 DAGs
[2024-05-21T05:49:13.131+0000] {logging_mixin.py:188} INFO - [2024-05-21T05:49:13.131+0000] {dag.py:3834} INFO - Setting next_dagrun for tutorial to 2024-05-20 00:00:00+00:00, run_after=2024-05-21 00:00:00+00:00
[2024-05-21T05:49:13.153+0000] {processor.py:183} INFO - Processing /home/airflow/.local/lib/python3.9/site-packages/airflow/example_dags/tutorial.py took 0.073 seconds
[2024-05-21T05:49:43.512+0000] {processor.py:161} INFO - Started process (PID=213) to work on /home/airflow/.local/lib/python3.9/site-packages/airflow/example_dags/tutorial.py
[2024-05-21T05:49:43.514+0000] {processor.py:830} INFO - Processing file /home/airflow/.local/lib/python3.9/site-packages/airflow/example_dags/tutorial.py for tasks to queue
[2024-05-21T05:49:43.516+0000] {logging_mixin.py:188} INFO - [2024-05-21T05:49:43.516+0000] {dagbag.py:540} INFO - Filling up the DagBag from /home/airflow/.local/lib/python3.9/site-packages/airflow/example_dags/tutorial.py
[2024-05-21T05:49:43.523+0000] {processor.py:840} INFO - DAG(s) 'tutorial' retrieved from /home/airflow/.local/lib/python3.9/site-packages/airflow/example_dags/tutorial.py
[2024-05-21T05:49:43.543+0000] {logging_mixin.py:188} INFO - [2024-05-21T05:49:43.543+0000] {dag.py:3047} INFO - Sync 1 DAGs
[2024-05-21T05:49:43.563+0000] {logging_mixin.py:188} INFO - [2024-05-21T05:49:43.563+0000] {dag.py:3834} INFO - Setting next_dagrun for tutorial to 2024-05-20 00:00:00+00:00, run_after=2024-05-21 00:00:00+00:00
[2024-05-21T05:49:43.585+0000] {processor.py:183} INFO - Processing /home/airflow/.local/lib/python3.9/site-packages/airflow/example_dags/tutorial.py took 0.076 seconds
[2024-05-21T05:50:13.714+0000] {processor.py:161} INFO - Started process (PID=270) to work on /home/airflow/.local/lib/python3.9/site-packages/airflow/example_dags/tutorial.py
[2024-05-21T05:50:13.716+0000] {processor.py:830} INFO - Processing file /home/airflow/.local/lib/python3.9/site-packages/airflow/example_dags/tutorial.py for tasks to queue
[2024-05-21T05:50:13.718+0000] {logging_mixin.py:188} INFO - [2024-05-21T05:50:13.717+0000] {dagbag.py:540} INFO - Filling up the DagBag from /home/airflow/.local/lib/python3.9/site-packages/airflow/example_dags/tutorial.py
[2024-05-21T05:50:13.723+0000] {processor.py:840} INFO - DAG(s) 'tutorial' retrieved from /home/airflow/.local/lib/python3.9/site-packages/airflow/example_dags/tutorial.py
[2024-05-21T05:50:13.743+0000] {logging_mixin.py:188} INFO - [2024-05-21T05:50:13.743+0000] {dag.py:3047} INFO - Sync 1 DAGs
[2024-05-21T05:50:13.764+0000] {logging_mixin.py:188} INFO - [2024-05-21T05:50:13.764+0000] {dag.py:3834} INFO - Setting next_dagrun for tutorial to 2024-05-20 00:00:00+00:00, run_after=2024-05-21 00:00:00+00:00
[2024-05-21T05:50:13.783+0000] {processor.py:183} INFO - Processing /home/airflow/.local/lib/python3.9/site-packages/airflow/example_dags/tutorial.py took 0.072 seconds
[2024-05-21T05:50:44.436+0000] {processor.py:161} INFO - Started process (PID=331) to work on /home/airflow/.local/lib/python3.9/site-packages/airflow/example_dags/tutorial.py
[2024-05-21T05:50:44.437+0000] {processor.py:830} INFO - Processing file /home/airflow/.local/lib/python3.9/site-packages/airflow/example_dags/tutorial.py for tasks to queue
[2024-05-21T05:50:44.439+0000] {logging_mixin.py:188} INFO - [2024-05-21T05:50:44.439+0000] {dagbag.py:540} INFO - Filling up the DagBag from /home/airflow/.local/lib/python3.9/site-packages/airflow/example_dags/tutorial.py
[2024-05-21T05:50:44.444+0000] {processor.py:840} INFO - DAG(s) 'tutorial' retrieved from /home/airflow/.local/lib/python3.9/site-packages/airflow/example_dags/tutorial.py
[2024-05-21T05:50:44.462+0000] {logging_mixin.py:188} INFO - [2024-05-21T05:50:44.462+0000] {dag.py:3047} INFO - Sync 1 DAGs
[2024-05-21T05:50:44.483+0000] {logging_mixin.py:188} INFO - [2024-05-21T05:50:44.483+0000] {dag.py:3834} INFO - Setting next_dagrun for tutorial to 2024-05-20 00:00:00+00:00, run_after=2024-05-21 00:00:00+00:00
[2024-05-21T05:50:44.504+0000] {processor.py:183} INFO - Processing /home/airflow/.local/lib/python3.9/site-packages/airflow/example_dags/tutorial.py took 0.070 seconds
[2024-05-21T05:51:15.021+0000] {processor.py:161} INFO - Started process (PID=388) to work on /home/airflow/.local/lib/python3.9/site-packages/airflow/example_dags/tutorial.py
[2024-05-21T05:51:15.022+0000] {processor.py:830} INFO - Processing file /home/airflow/.local/lib/python3.9/site-packages/airflow/example_dags/tutorial.py for tasks to queue
[2024-05-21T05:51:15.024+0000] {logging_mixin.py:188} INFO - [2024-05-21T05:51:15.023+0000] {dagbag.py:540} INFO - Filling up the DagBag from /home/airflow/.local/lib/python3.9/site-packages/airflow/example_dags/tutorial.py
[2024-05-21T05:51:15.028+0000] {processor.py:840} INFO - DAG(s) 'tutorial' retrieved from /home/airflow/.local/lib/python3.9/site-packages/airflow/example_dags/tutorial.py
[2024-05-21T05:51:15.046+0000] {logging_mixin.py:188} INFO - [2024-05-21T05:51:15.045+0000] {dag.py:3047} INFO - Sync 1 DAGs
[2024-05-21T05:51:15.063+0000] {logging_mixin.py:188} INFO - [2024-05-21T05:51:15.063+0000] {dag.py:3834} INFO - Setting next_dagrun for tutorial to 2024-05-20 00:00:00+00:00, run_after=2024-05-21 00:00:00+00:00
[2024-05-21T05:51:15.080+0000] {processor.py:183} INFO - Processing /home/airflow/.local/lib/python3.9/site-packages/airflow/example_dags/tutorial.py took 0.062 seconds
[2024-05-21T05:51:45.620+0000] {processor.py:161} INFO - Started process (PID=445) to work on /home/airflow/.local/lib/python3.9/site-packages/airflow/example_dags/tutorial.py
[2024-05-21T05:51:45.622+0000] {processor.py:830} INFO - Processing file /home/airflow/.local/lib/python3.9/site-packages/airflow/example_dags/tutorial.py for tasks to queue
[2024-05-21T05:51:45.624+0000] {logging_mixin.py:188} INFO - [2024-05-21T05:51:45.624+0000] {dagbag.py:540} INFO - Filling up the DagBag from /home/airflow/.local/lib/python3.9/site-packages/airflow/example_dags/tutorial.py
[2024-05-21T05:51:45.630+0000] {processor.py:840} INFO - DAG(s) 'tutorial' retrieved from /home/airflow/.local/lib/python3.9/site-packages/airflow/example_dags/tutorial.py
[2024-05-21T05:51:45.656+0000] {logging_mixin.py:188} INFO - [2024-05-21T05:51:45.656+0000] {dag.py:3047} INFO - Sync 1 DAGs
[2024-05-21T05:51:45.683+0000] {logging_mixin.py:188} INFO - [2024-05-21T05:51:45.683+0000] {dag.py:3834} INFO - Setting next_dagrun for tutorial to 2024-05-20 00:00:00+00:00, run_after=2024-05-21 00:00:00+00:00
[2024-05-21T05:51:45.713+0000] {processor.py:183} INFO - Processing /home/airflow/.local/lib/python3.9/site-packages/airflow/example_dags/tutorial.py took 0.096 seconds
