[2024-05-21T03:35:26.283+0000] {processor.py:161} INFO - Started process (PID=56) to work on /home/airflow/.local/lib/python3.9/site-packages/airflow/example_dags/tutorial_taskflow_api_virtualenv.py
[2024-05-21T03:35:26.284+0000] {processor.py:830} INFO - Processing file /home/airflow/.local/lib/python3.9/site-packages/airflow/example_dags/tutorial_taskflow_api_virtualenv.py for tasks to queue
[2024-05-21T03:35:26.286+0000] {logging_mixin.py:188} INFO - [2024-05-21T03:35:26.286+0000] {dagbag.py:540} INFO - Filling up the DagBag from /home/airflow/.local/lib/python3.9/site-packages/airflow/example_dags/tutorial_taskflow_api_virtualenv.py
[2024-05-21T03:35:26.304+0000] {processor.py:840} INFO - DAG(s) 'tutorial_taskflow_api_virtualenv' retrieved from /home/airflow/.local/lib/python3.9/site-packages/airflow/example_dags/tutorial_taskflow_api_virtualenv.py
[2024-05-21T03:35:26.415+0000] {logging_mixin.py:188} INFO - [2024-05-21T03:35:26.414+0000] {dag.py:3047} INFO - Sync 1 DAGs
[2024-05-21T03:35:26.424+0000] {logging_mixin.py:188} INFO - [2024-05-21T03:35:26.424+0000] {dag.py:3834} INFO - Setting next_dagrun for tutorial_taskflow_api_virtualenv to None, run_after=None
[2024-05-21T03:35:26.472+0000] {processor.py:183} INFO - Processing /home/airflow/.local/lib/python3.9/site-packages/airflow/example_dags/tutorial_taskflow_api_virtualenv.py took 0.192 seconds
[2024-05-21T03:36:06.078+0000] {processor.py:161} INFO - Started process (PID=113) to work on /home/airflow/.local/lib/python3.9/site-packages/airflow/example_dags/tutorial_taskflow_api_virtualenv.py
[2024-05-21T03:36:06.079+0000] {processor.py:830} INFO - Processing file /home/airflow/.local/lib/python3.9/site-packages/airflow/example_dags/tutorial_taskflow_api_virtualenv.py for tasks to queue
[2024-05-21T03:36:06.081+0000] {logging_mixin.py:188} INFO - [2024-05-21T03:36:06.081+0000] {dagbag.py:540} INFO - Filling up the DagBag from /home/airflow/.local/lib/python3.9/site-packages/airflow/example_dags/tutorial_taskflow_api_virtualenv.py
[2024-05-21T03:36:06.092+0000] {processor.py:840} INFO - DAG(s) 'tutorial_taskflow_api_virtualenv' retrieved from /home/airflow/.local/lib/python3.9/site-packages/airflow/example_dags/tutorial_taskflow_api_virtualenv.py
[2024-05-21T03:36:06.115+0000] {logging_mixin.py:188} INFO - [2024-05-21T03:36:06.115+0000] {dag.py:3047} INFO - Sync 1 DAGs
[2024-05-21T03:36:06.131+0000] {logging_mixin.py:188} INFO - [2024-05-21T03:36:06.130+0000] {dag.py:3834} INFO - Setting next_dagrun for tutorial_taskflow_api_virtualenv to None, run_after=None
[2024-05-21T03:36:06.161+0000] {processor.py:183} INFO - Processing /home/airflow/.local/lib/python3.9/site-packages/airflow/example_dags/tutorial_taskflow_api_virtualenv.py took 0.086 seconds
[2024-05-21T03:36:38.112+0000] {processor.py:161} INFO - Started process (PID=176) to work on /home/airflow/.local/lib/python3.9/site-packages/airflow/example_dags/tutorial_taskflow_api_virtualenv.py
[2024-05-21T03:36:38.113+0000] {processor.py:830} INFO - Processing file /home/airflow/.local/lib/python3.9/site-packages/airflow/example_dags/tutorial_taskflow_api_virtualenv.py for tasks to queue
[2024-05-21T03:36:38.115+0000] {logging_mixin.py:188} INFO - [2024-05-21T03:36:38.115+0000] {dagbag.py:540} INFO - Filling up the DagBag from /home/airflow/.local/lib/python3.9/site-packages/airflow/example_dags/tutorial_taskflow_api_virtualenv.py
[2024-05-21T03:36:38.125+0000] {processor.py:840} INFO - DAG(s) 'tutorial_taskflow_api_virtualenv' retrieved from /home/airflow/.local/lib/python3.9/site-packages/airflow/example_dags/tutorial_taskflow_api_virtualenv.py
[2024-05-21T03:36:38.145+0000] {logging_mixin.py:188} INFO - [2024-05-21T03:36:38.145+0000] {dag.py:3047} INFO - Sync 1 DAGs
[2024-05-21T03:36:38.164+0000] {logging_mixin.py:188} INFO - [2024-05-21T03:36:38.163+0000] {dag.py:3834} INFO - Setting next_dagrun for tutorial_taskflow_api_virtualenv to None, run_after=None
[2024-05-21T03:36:38.191+0000] {processor.py:183} INFO - Processing /home/airflow/.local/lib/python3.9/site-packages/airflow/example_dags/tutorial_taskflow_api_virtualenv.py took 0.082 seconds
[2024-05-21T03:37:34.896+0000] {processor.py:161} INFO - Started process (PID=240) to work on /home/airflow/.local/lib/python3.9/site-packages/airflow/example_dags/tutorial_taskflow_api_virtualenv.py
[2024-05-21T03:37:34.898+0000] {processor.py:830} INFO - Processing file /home/airflow/.local/lib/python3.9/site-packages/airflow/example_dags/tutorial_taskflow_api_virtualenv.py for tasks to queue
[2024-05-21T03:37:34.961+0000] {logging_mixin.py:188} INFO - [2024-05-21T03:37:34.961+0000] {dagbag.py:540} INFO - Filling up the DagBag from /home/airflow/.local/lib/python3.9/site-packages/airflow/example_dags/tutorial_taskflow_api_virtualenv.py
[2024-05-21T03:37:35.036+0000] {processor.py:840} INFO - DAG(s) 'tutorial_taskflow_api_virtualenv' retrieved from /home/airflow/.local/lib/python3.9/site-packages/airflow/example_dags/tutorial_taskflow_api_virtualenv.py
[2024-05-21T03:37:35.139+0000] {logging_mixin.py:188} INFO - [2024-05-21T03:37:35.138+0000] {dag.py:3047} INFO - Sync 1 DAGs
[2024-05-21T03:37:35.182+0000] {logging_mixin.py:188} INFO - [2024-05-21T03:37:35.182+0000] {dag.py:3834} INFO - Setting next_dagrun for tutorial_taskflow_api_virtualenv to None, run_after=None
[2024-05-21T03:37:35.344+0000] {processor.py:183} INFO - Processing /home/airflow/.local/lib/python3.9/site-packages/airflow/example_dags/tutorial_taskflow_api_virtualenv.py took 0.541 seconds
[2024-05-21T03:38:17.022+0000] {processor.py:161} INFO - Started process (PID=297) to work on /home/airflow/.local/lib/python3.9/site-packages/airflow/example_dags/tutorial_taskflow_api_virtualenv.py
[2024-05-21T03:38:17.104+0000] {processor.py:830} INFO - Processing file /home/airflow/.local/lib/python3.9/site-packages/airflow/example_dags/tutorial_taskflow_api_virtualenv.py for tasks to queue
[2024-05-21T03:38:18.164+0000] {logging_mixin.py:188} INFO - [2024-05-21T03:38:18.154+0000] {dagbag.py:540} INFO - Filling up the DagBag from /home/airflow/.local/lib/python3.9/site-packages/airflow/example_dags/tutorial_taskflow_api_virtualenv.py
[2024-05-21T03:38:20.105+0000] {processor.py:840} INFO - DAG(s) 'tutorial_taskflow_api_virtualenv' retrieved from /home/airflow/.local/lib/python3.9/site-packages/airflow/example_dags/tutorial_taskflow_api_virtualenv.py
[2024-05-21T03:38:20.361+0000] {logging_mixin.py:188} INFO - [2024-05-21T03:38:20.360+0000] {dag.py:3047} INFO - Sync 1 DAGs
[2024-05-21T03:38:20.384+0000] {logging_mixin.py:188} INFO - [2024-05-21T03:38:20.384+0000] {dag.py:3834} INFO - Setting next_dagrun for tutorial_taskflow_api_virtualenv to None, run_after=None
[2024-05-21T03:38:20.601+0000] {processor.py:183} INFO - Processing /home/airflow/.local/lib/python3.9/site-packages/airflow/example_dags/tutorial_taskflow_api_virtualenv.py took 3.860 seconds
[2024-05-21T03:38:51.443+0000] {processor.py:161} INFO - Started process (PID=362) to work on /home/airflow/.local/lib/python3.9/site-packages/airflow/example_dags/tutorial_taskflow_api_virtualenv.py
[2024-05-21T03:38:51.463+0000] {processor.py:830} INFO - Processing file /home/airflow/.local/lib/python3.9/site-packages/airflow/example_dags/tutorial_taskflow_api_virtualenv.py for tasks to queue
[2024-05-21T03:38:51.512+0000] {logging_mixin.py:188} INFO - [2024-05-21T03:38:51.510+0000] {dagbag.py:540} INFO - Filling up the DagBag from /home/airflow/.local/lib/python3.9/site-packages/airflow/example_dags/tutorial_taskflow_api_virtualenv.py
[2024-05-21T03:38:51.716+0000] {processor.py:840} INFO - DAG(s) 'tutorial_taskflow_api_virtualenv' retrieved from /home/airflow/.local/lib/python3.9/site-packages/airflow/example_dags/tutorial_taskflow_api_virtualenv.py
[2024-05-21T03:38:53.957+0000] {logging_mixin.py:188} INFO - [2024-05-21T03:38:53.957+0000] {dag.py:3047} INFO - Sync 1 DAGs
[2024-05-21T03:38:54.188+0000] {logging_mixin.py:188} INFO - [2024-05-21T03:38:54.187+0000] {dag.py:3834} INFO - Setting next_dagrun for tutorial_taskflow_api_virtualenv to None, run_after=None
[2024-05-21T03:38:54.442+0000] {processor.py:183} INFO - Processing /home/airflow/.local/lib/python3.9/site-packages/airflow/example_dags/tutorial_taskflow_api_virtualenv.py took 3.080 seconds
[2024-05-21T03:39:25.817+0000] {processor.py:161} INFO - Started process (PID=419) to work on /home/airflow/.local/lib/python3.9/site-packages/airflow/example_dags/tutorial_taskflow_api_virtualenv.py
[2024-05-21T03:39:25.828+0000] {processor.py:830} INFO - Processing file /home/airflow/.local/lib/python3.9/site-packages/airflow/example_dags/tutorial_taskflow_api_virtualenv.py for tasks to queue
[2024-05-21T03:39:25.892+0000] {logging_mixin.py:188} INFO - [2024-05-21T03:39:25.875+0000] {dagbag.py:540} INFO - Filling up the DagBag from /home/airflow/.local/lib/python3.9/site-packages/airflow/example_dags/tutorial_taskflow_api_virtualenv.py
[2024-05-21T05:48:13.989+0000] {processor.py:161} INFO - Started process (PID=56) to work on /home/airflow/.local/lib/python3.9/site-packages/airflow/example_dags/tutorial_taskflow_api_virtualenv.py
[2024-05-21T05:48:13.990+0000] {processor.py:830} INFO - Processing file /home/airflow/.local/lib/python3.9/site-packages/airflow/example_dags/tutorial_taskflow_api_virtualenv.py for tasks to queue
[2024-05-21T05:48:13.993+0000] {logging_mixin.py:188} INFO - [2024-05-21T05:48:13.992+0000] {dagbag.py:540} INFO - Filling up the DagBag from /home/airflow/.local/lib/python3.9/site-packages/airflow/example_dags/tutorial_taskflow_api_virtualenv.py
[2024-05-21T05:48:14.008+0000] {processor.py:840} INFO - DAG(s) 'tutorial_taskflow_api_virtualenv' retrieved from /home/airflow/.local/lib/python3.9/site-packages/airflow/example_dags/tutorial_taskflow_api_virtualenv.py
[2024-05-21T05:48:14.030+0000] {logging_mixin.py:188} INFO - [2024-05-21T05:48:14.029+0000] {dag.py:3047} INFO - Sync 1 DAGs
[2024-05-21T05:48:14.043+0000] {logging_mixin.py:188} INFO - [2024-05-21T05:48:14.043+0000] {dag.py:3834} INFO - Setting next_dagrun for tutorial_taskflow_api_virtualenv to None, run_after=None
[2024-05-21T05:48:14.067+0000] {processor.py:183} INFO - Processing /home/airflow/.local/lib/python3.9/site-packages/airflow/example_dags/tutorial_taskflow_api_virtualenv.py took 0.082 seconds
[2024-05-21T05:48:44.707+0000] {processor.py:161} INFO - Started process (PID=113) to work on /home/airflow/.local/lib/python3.9/site-packages/airflow/example_dags/tutorial_taskflow_api_virtualenv.py
[2024-05-21T05:48:44.708+0000] {processor.py:830} INFO - Processing file /home/airflow/.local/lib/python3.9/site-packages/airflow/example_dags/tutorial_taskflow_api_virtualenv.py for tasks to queue
[2024-05-21T05:48:44.710+0000] {logging_mixin.py:188} INFO - [2024-05-21T05:48:44.709+0000] {dagbag.py:540} INFO - Filling up the DagBag from /home/airflow/.local/lib/python3.9/site-packages/airflow/example_dags/tutorial_taskflow_api_virtualenv.py
[2024-05-21T05:48:44.717+0000] {processor.py:840} INFO - DAG(s) 'tutorial_taskflow_api_virtualenv' retrieved from /home/airflow/.local/lib/python3.9/site-packages/airflow/example_dags/tutorial_taskflow_api_virtualenv.py
[2024-05-21T05:48:44.788+0000] {logging_mixin.py:188} INFO - [2024-05-21T05:48:44.788+0000] {dag.py:3047} INFO - Sync 1 DAGs
[2024-05-21T05:48:44.797+0000] {logging_mixin.py:188} INFO - [2024-05-21T05:48:44.797+0000] {dag.py:3834} INFO - Setting next_dagrun for tutorial_taskflow_api_virtualenv to None, run_after=None
[2024-05-21T05:48:44.813+0000] {processor.py:183} INFO - Processing /home/airflow/.local/lib/python3.9/site-packages/airflow/example_dags/tutorial_taskflow_api_virtualenv.py took 0.108 seconds
[2024-05-21T05:49:15.278+0000] {processor.py:161} INFO - Started process (PID=170) to work on /home/airflow/.local/lib/python3.9/site-packages/airflow/example_dags/tutorial_taskflow_api_virtualenv.py
[2024-05-21T05:49:15.279+0000] {processor.py:830} INFO - Processing file /home/airflow/.local/lib/python3.9/site-packages/airflow/example_dags/tutorial_taskflow_api_virtualenv.py for tasks to queue
[2024-05-21T05:49:15.281+0000] {logging_mixin.py:188} INFO - [2024-05-21T05:49:15.281+0000] {dagbag.py:540} INFO - Filling up the DagBag from /home/airflow/.local/lib/python3.9/site-packages/airflow/example_dags/tutorial_taskflow_api_virtualenv.py
[2024-05-21T05:49:15.289+0000] {processor.py:840} INFO - DAG(s) 'tutorial_taskflow_api_virtualenv' retrieved from /home/airflow/.local/lib/python3.9/site-packages/airflow/example_dags/tutorial_taskflow_api_virtualenv.py
[2024-05-21T05:49:15.305+0000] {logging_mixin.py:188} INFO - [2024-05-21T05:49:15.304+0000] {dag.py:3047} INFO - Sync 1 DAGs
[2024-05-21T05:49:15.314+0000] {logging_mixin.py:188} INFO - [2024-05-21T05:49:15.314+0000] {dag.py:3834} INFO - Setting next_dagrun for tutorial_taskflow_api_virtualenv to None, run_after=None
[2024-05-21T05:49:15.330+0000] {processor.py:183} INFO - Processing /home/airflow/.local/lib/python3.9/site-packages/airflow/example_dags/tutorial_taskflow_api_virtualenv.py took 0.055 seconds
[2024-05-21T05:49:45.795+0000] {processor.py:161} INFO - Started process (PID=231) to work on /home/airflow/.local/lib/python3.9/site-packages/airflow/example_dags/tutorial_taskflow_api_virtualenv.py
[2024-05-21T05:49:45.796+0000] {processor.py:830} INFO - Processing file /home/airflow/.local/lib/python3.9/site-packages/airflow/example_dags/tutorial_taskflow_api_virtualenv.py for tasks to queue
[2024-05-21T05:49:45.798+0000] {logging_mixin.py:188} INFO - [2024-05-21T05:49:45.798+0000] {dagbag.py:540} INFO - Filling up the DagBag from /home/airflow/.local/lib/python3.9/site-packages/airflow/example_dags/tutorial_taskflow_api_virtualenv.py
[2024-05-21T05:49:45.806+0000] {processor.py:840} INFO - DAG(s) 'tutorial_taskflow_api_virtualenv' retrieved from /home/airflow/.local/lib/python3.9/site-packages/airflow/example_dags/tutorial_taskflow_api_virtualenv.py
[2024-05-21T05:49:45.822+0000] {logging_mixin.py:188} INFO - [2024-05-21T05:49:45.821+0000] {dag.py:3047} INFO - Sync 1 DAGs
[2024-05-21T05:49:45.831+0000] {logging_mixin.py:188} INFO - [2024-05-21T05:49:45.831+0000] {dag.py:3834} INFO - Setting next_dagrun for tutorial_taskflow_api_virtualenv to None, run_after=None
[2024-05-21T05:49:45.848+0000] {processor.py:183} INFO - Processing /home/airflow/.local/lib/python3.9/site-packages/airflow/example_dags/tutorial_taskflow_api_virtualenv.py took 0.056 seconds
[2024-05-21T05:50:16.778+0000] {processor.py:161} INFO - Started process (PID=288) to work on /home/airflow/.local/lib/python3.9/site-packages/airflow/example_dags/tutorial_taskflow_api_virtualenv.py
[2024-05-21T05:50:16.779+0000] {processor.py:830} INFO - Processing file /home/airflow/.local/lib/python3.9/site-packages/airflow/example_dags/tutorial_taskflow_api_virtualenv.py for tasks to queue
[2024-05-21T05:50:16.782+0000] {logging_mixin.py:188} INFO - [2024-05-21T05:50:16.781+0000] {dagbag.py:540} INFO - Filling up the DagBag from /home/airflow/.local/lib/python3.9/site-packages/airflow/example_dags/tutorial_taskflow_api_virtualenv.py
[2024-05-21T05:50:16.792+0000] {processor.py:840} INFO - DAG(s) 'tutorial_taskflow_api_virtualenv' retrieved from /home/airflow/.local/lib/python3.9/site-packages/airflow/example_dags/tutorial_taskflow_api_virtualenv.py
[2024-05-21T05:50:16.809+0000] {logging_mixin.py:188} INFO - [2024-05-21T05:50:16.809+0000] {dag.py:3047} INFO - Sync 1 DAGs
[2024-05-21T05:50:16.827+0000] {logging_mixin.py:188} INFO - [2024-05-21T05:50:16.826+0000] {dag.py:3834} INFO - Setting next_dagrun for tutorial_taskflow_api_virtualenv to None, run_after=None
[2024-05-21T05:50:16.848+0000] {processor.py:183} INFO - Processing /home/airflow/.local/lib/python3.9/site-packages/airflow/example_dags/tutorial_taskflow_api_virtualenv.py took 0.073 seconds
[2024-05-21T05:50:47.434+0000] {processor.py:161} INFO - Started process (PID=349) to work on /home/airflow/.local/lib/python3.9/site-packages/airflow/example_dags/tutorial_taskflow_api_virtualenv.py
[2024-05-21T05:50:47.435+0000] {processor.py:830} INFO - Processing file /home/airflow/.local/lib/python3.9/site-packages/airflow/example_dags/tutorial_taskflow_api_virtualenv.py for tasks to queue
[2024-05-21T05:50:47.437+0000] {logging_mixin.py:188} INFO - [2024-05-21T05:50:47.436+0000] {dagbag.py:540} INFO - Filling up the DagBag from /home/airflow/.local/lib/python3.9/site-packages/airflow/example_dags/tutorial_taskflow_api_virtualenv.py
[2024-05-21T05:50:47.445+0000] {processor.py:840} INFO - DAG(s) 'tutorial_taskflow_api_virtualenv' retrieved from /home/airflow/.local/lib/python3.9/site-packages/airflow/example_dags/tutorial_taskflow_api_virtualenv.py
[2024-05-21T05:50:47.463+0000] {logging_mixin.py:188} INFO - [2024-05-21T05:50:47.463+0000] {dag.py:3047} INFO - Sync 1 DAGs
[2024-05-21T05:50:47.473+0000] {logging_mixin.py:188} INFO - [2024-05-21T05:50:47.473+0000] {dag.py:3834} INFO - Setting next_dagrun for tutorial_taskflow_api_virtualenv to None, run_after=None
[2024-05-21T05:50:47.489+0000] {processor.py:183} INFO - Processing /home/airflow/.local/lib/python3.9/site-packages/airflow/example_dags/tutorial_taskflow_api_virtualenv.py took 0.058 seconds
[2024-05-21T05:51:18.045+0000] {processor.py:161} INFO - Started process (PID=406) to work on /home/airflow/.local/lib/python3.9/site-packages/airflow/example_dags/tutorial_taskflow_api_virtualenv.py
[2024-05-21T05:51:18.046+0000] {processor.py:830} INFO - Processing file /home/airflow/.local/lib/python3.9/site-packages/airflow/example_dags/tutorial_taskflow_api_virtualenv.py for tasks to queue
[2024-05-21T05:51:18.048+0000] {logging_mixin.py:188} INFO - [2024-05-21T05:51:18.048+0000] {dagbag.py:540} INFO - Filling up the DagBag from /home/airflow/.local/lib/python3.9/site-packages/airflow/example_dags/tutorial_taskflow_api_virtualenv.py
[2024-05-21T05:51:18.055+0000] {processor.py:840} INFO - DAG(s) 'tutorial_taskflow_api_virtualenv' retrieved from /home/airflow/.local/lib/python3.9/site-packages/airflow/example_dags/tutorial_taskflow_api_virtualenv.py
[2024-05-21T05:51:18.070+0000] {logging_mixin.py:188} INFO - [2024-05-21T05:51:18.069+0000] {dag.py:3047} INFO - Sync 1 DAGs
[2024-05-21T05:51:18.079+0000] {logging_mixin.py:188} INFO - [2024-05-21T05:51:18.079+0000] {dag.py:3834} INFO - Setting next_dagrun for tutorial_taskflow_api_virtualenv to None, run_after=None
[2024-05-21T05:51:18.093+0000] {processor.py:183} INFO - Processing /home/airflow/.local/lib/python3.9/site-packages/airflow/example_dags/tutorial_taskflow_api_virtualenv.py took 0.050 seconds
[2024-05-21T05:51:48.779+0000] {processor.py:161} INFO - Started process (PID=463) to work on /home/airflow/.local/lib/python3.9/site-packages/airflow/example_dags/tutorial_taskflow_api_virtualenv.py
[2024-05-21T05:51:48.780+0000] {processor.py:830} INFO - Processing file /home/airflow/.local/lib/python3.9/site-packages/airflow/example_dags/tutorial_taskflow_api_virtualenv.py for tasks to queue
[2024-05-21T05:51:48.782+0000] {logging_mixin.py:188} INFO - [2024-05-21T05:51:48.781+0000] {dagbag.py:540} INFO - Filling up the DagBag from /home/airflow/.local/lib/python3.9/site-packages/airflow/example_dags/tutorial_taskflow_api_virtualenv.py
[2024-05-21T05:51:48.790+0000] {processor.py:840} INFO - DAG(s) 'tutorial_taskflow_api_virtualenv' retrieved from /home/airflow/.local/lib/python3.9/site-packages/airflow/example_dags/tutorial_taskflow_api_virtualenv.py
[2024-05-21T05:51:48.807+0000] {logging_mixin.py:188} INFO - [2024-05-21T05:51:48.806+0000] {dag.py:3047} INFO - Sync 1 DAGs
[2024-05-21T05:51:48.821+0000] {logging_mixin.py:188} INFO - [2024-05-21T05:51:48.821+0000] {dag.py:3834} INFO - Setting next_dagrun for tutorial_taskflow_api_virtualenv to None, run_after=None
[2024-05-21T05:51:48.840+0000] {processor.py:183} INFO - Processing /home/airflow/.local/lib/python3.9/site-packages/airflow/example_dags/tutorial_taskflow_api_virtualenv.py took 0.064 seconds
