[2024-05-21T03:35:27.908+0000] {processor.py:161} INFO - Started process (PID=69) to work on /home/airflow/.local/lib/python3.9/site-packages/airflow/example_dags/tutorial_objectstorage.py
[2024-05-21T03:35:27.909+0000] {processor.py:830} INFO - Processing file /home/airflow/.local/lib/python3.9/site-packages/airflow/example_dags/tutorial_objectstorage.py for tasks to queue
[2024-05-21T03:35:27.911+0000] {logging_mixin.py:188} INFO - [2024-05-21T03:35:27.911+0000] {dagbag.py:540} INFO - Filling up the DagBag from /home/airflow/.local/lib/python3.9/site-packages/airflow/example_dags/tutorial_objectstorage.py
[2024-05-21T03:35:27.919+0000] {processor.py:840} INFO - DAG(s) 'tutorial_objectstorage' retrieved from /home/airflow/.local/lib/python3.9/site-packages/airflow/example_dags/tutorial_objectstorage.py
[2024-05-21T03:35:27.999+0000] {logging_mixin.py:188} INFO - [2024-05-21T03:35:27.999+0000] {dag.py:3047} INFO - Sync 1 DAGs
[2024-05-21T03:35:28.011+0000] {logging_mixin.py:188} INFO - [2024-05-21T03:35:28.010+0000] {dag.py:3834} INFO - Setting next_dagrun for tutorial_objectstorage to None, run_after=None
[2024-05-21T03:35:28.043+0000] {processor.py:183} INFO - Processing /home/airflow/.local/lib/python3.9/site-packages/airflow/example_dags/tutorial_objectstorage.py took 0.138 seconds
[2024-05-21T03:36:06.989+0000] {processor.py:161} INFO - Started process (PID=126) to work on /home/airflow/.local/lib/python3.9/site-packages/airflow/example_dags/tutorial_objectstorage.py
[2024-05-21T03:36:06.990+0000] {processor.py:830} INFO - Processing file /home/airflow/.local/lib/python3.9/site-packages/airflow/example_dags/tutorial_objectstorage.py for tasks to queue
[2024-05-21T03:36:06.992+0000] {logging_mixin.py:188} INFO - [2024-05-21T03:36:06.992+0000] {dagbag.py:540} INFO - Filling up the DagBag from /home/airflow/.local/lib/python3.9/site-packages/airflow/example_dags/tutorial_objectstorage.py
[2024-05-21T03:36:06.999+0000] {processor.py:840} INFO - DAG(s) 'tutorial_objectstorage' retrieved from /home/airflow/.local/lib/python3.9/site-packages/airflow/example_dags/tutorial_objectstorage.py
[2024-05-21T03:36:07.019+0000] {logging_mixin.py:188} INFO - [2024-05-21T03:36:07.018+0000] {dag.py:3047} INFO - Sync 1 DAGs
[2024-05-21T03:36:07.032+0000] {logging_mixin.py:188} INFO - [2024-05-21T03:36:07.031+0000] {dag.py:3834} INFO - Setting next_dagrun for tutorial_objectstorage to None, run_after=None
[2024-05-21T03:36:07.064+0000] {processor.py:183} INFO - Processing /home/airflow/.local/lib/python3.9/site-packages/airflow/example_dags/tutorial_objectstorage.py took 0.078 seconds
[2024-05-21T03:36:42.193+0000] {processor.py:161} INFO - Started process (PID=189) to work on /home/airflow/.local/lib/python3.9/site-packages/airflow/example_dags/tutorial_objectstorage.py
[2024-05-21T03:36:42.201+0000] {processor.py:830} INFO - Processing file /home/airflow/.local/lib/python3.9/site-packages/airflow/example_dags/tutorial_objectstorage.py for tasks to queue
[2024-05-21T03:36:42.259+0000] {logging_mixin.py:188} INFO - [2024-05-21T03:36:42.259+0000] {dagbag.py:540} INFO - Filling up the DagBag from /home/airflow/.local/lib/python3.9/site-packages/airflow/example_dags/tutorial_objectstorage.py
[2024-05-21T03:36:42.306+0000] {processor.py:840} INFO - DAG(s) 'tutorial_objectstorage' retrieved from /home/airflow/.local/lib/python3.9/site-packages/airflow/example_dags/tutorial_objectstorage.py
[2024-05-21T03:36:42.430+0000] {logging_mixin.py:188} INFO - [2024-05-21T03:36:42.430+0000] {dag.py:3047} INFO - Sync 1 DAGs
[2024-05-21T03:36:42.538+0000] {logging_mixin.py:188} INFO - [2024-05-21T03:36:42.535+0000] {dag.py:3834} INFO - Setting next_dagrun for tutorial_objectstorage to None, run_after=None
[2024-05-21T03:36:42.612+0000] {processor.py:183} INFO - Processing /home/airflow/.local/lib/python3.9/site-packages/airflow/example_dags/tutorial_objectstorage.py took 0.424 seconds
[2024-05-21T03:37:37.837+0000] {processor.py:161} INFO - Started process (PID=253) to work on /home/airflow/.local/lib/python3.9/site-packages/airflow/example_dags/tutorial_objectstorage.py
[2024-05-21T03:37:37.839+0000] {processor.py:830} INFO - Processing file /home/airflow/.local/lib/python3.9/site-packages/airflow/example_dags/tutorial_objectstorage.py for tasks to queue
[2024-05-21T03:37:37.842+0000] {logging_mixin.py:188} INFO - [2024-05-21T03:37:37.842+0000] {dagbag.py:540} INFO - Filling up the DagBag from /home/airflow/.local/lib/python3.9/site-packages/airflow/example_dags/tutorial_objectstorage.py
[2024-05-21T03:37:37.857+0000] {processor.py:840} INFO - DAG(s) 'tutorial_objectstorage' retrieved from /home/airflow/.local/lib/python3.9/site-packages/airflow/example_dags/tutorial_objectstorage.py
[2024-05-21T03:37:37.903+0000] {logging_mixin.py:188} INFO - [2024-05-21T03:37:37.903+0000] {dag.py:3047} INFO - Sync 1 DAGs
[2024-05-21T03:37:37.930+0000] {logging_mixin.py:188} INFO - [2024-05-21T03:37:37.930+0000] {dag.py:3834} INFO - Setting next_dagrun for tutorial_objectstorage to None, run_after=None
[2024-05-21T03:37:37.996+0000] {processor.py:183} INFO - Processing /home/airflow/.local/lib/python3.9/site-packages/airflow/example_dags/tutorial_objectstorage.py took 0.163 seconds
[2024-05-21T03:38:30.087+0000] {processor.py:161} INFO - Started process (PID=310) to work on /home/airflow/.local/lib/python3.9/site-packages/airflow/example_dags/tutorial_objectstorage.py
[2024-05-21T03:38:30.089+0000] {processor.py:830} INFO - Processing file /home/airflow/.local/lib/python3.9/site-packages/airflow/example_dags/tutorial_objectstorage.py for tasks to queue
[2024-05-21T03:38:30.095+0000] {logging_mixin.py:188} INFO - [2024-05-21T03:38:30.093+0000] {dagbag.py:540} INFO - Filling up the DagBag from /home/airflow/.local/lib/python3.9/site-packages/airflow/example_dags/tutorial_objectstorage.py
[2024-05-21T03:38:30.118+0000] {processor.py:840} INFO - DAG(s) 'tutorial_objectstorage' retrieved from /home/airflow/.local/lib/python3.9/site-packages/airflow/example_dags/tutorial_objectstorage.py
[2024-05-21T03:38:30.164+0000] {logging_mixin.py:188} INFO - [2024-05-21T03:38:30.164+0000] {dag.py:3047} INFO - Sync 1 DAGs
[2024-05-21T03:38:30.203+0000] {logging_mixin.py:188} INFO - [2024-05-21T03:38:30.203+0000] {dag.py:3834} INFO - Setting next_dagrun for tutorial_objectstorage to None, run_after=None
[2024-05-21T03:38:30.272+0000] {processor.py:183} INFO - Processing /home/airflow/.local/lib/python3.9/site-packages/airflow/example_dags/tutorial_objectstorage.py took 0.189 seconds
[2024-05-21T03:39:02.086+0000] {processor.py:161} INFO - Started process (PID=375) to work on /home/airflow/.local/lib/python3.9/site-packages/airflow/example_dags/tutorial_objectstorage.py
[2024-05-21T03:39:02.095+0000] {processor.py:830} INFO - Processing file /home/airflow/.local/lib/python3.9/site-packages/airflow/example_dags/tutorial_objectstorage.py for tasks to queue
[2024-05-21T03:39:02.101+0000] {logging_mixin.py:188} INFO - [2024-05-21T03:39:02.100+0000] {dagbag.py:540} INFO - Filling up the DagBag from /home/airflow/.local/lib/python3.9/site-packages/airflow/example_dags/tutorial_objectstorage.py
[2024-05-21T03:39:02.132+0000] {processor.py:840} INFO - DAG(s) 'tutorial_objectstorage' retrieved from /home/airflow/.local/lib/python3.9/site-packages/airflow/example_dags/tutorial_objectstorage.py
[2024-05-21T03:39:02.206+0000] {logging_mixin.py:188} INFO - [2024-05-21T03:39:02.206+0000] {dag.py:3047} INFO - Sync 1 DAGs
[2024-05-21T03:39:02.255+0000] {logging_mixin.py:188} INFO - [2024-05-21T03:39:02.254+0000] {dag.py:3834} INFO - Setting next_dagrun for tutorial_objectstorage to None, run_after=None
[2024-05-21T03:39:02.374+0000] {processor.py:183} INFO - Processing /home/airflow/.local/lib/python3.9/site-packages/airflow/example_dags/tutorial_objectstorage.py took 0.324 seconds
[2024-05-21T05:48:14.662+0000] {processor.py:161} INFO - Started process (PID=69) to work on /home/airflow/.local/lib/python3.9/site-packages/airflow/example_dags/tutorial_objectstorage.py
[2024-05-21T05:48:14.664+0000] {processor.py:830} INFO - Processing file /home/airflow/.local/lib/python3.9/site-packages/airflow/example_dags/tutorial_objectstorage.py for tasks to queue
[2024-05-21T05:48:14.666+0000] {logging_mixin.py:188} INFO - [2024-05-21T05:48:14.666+0000] {dagbag.py:540} INFO - Filling up the DagBag from /home/airflow/.local/lib/python3.9/site-packages/airflow/example_dags/tutorial_objectstorage.py
[2024-05-21T05:48:14.671+0000] {processor.py:840} INFO - DAG(s) 'tutorial_objectstorage' retrieved from /home/airflow/.local/lib/python3.9/site-packages/airflow/example_dags/tutorial_objectstorage.py
[2024-05-21T05:48:14.682+0000] {logging_mixin.py:188} INFO - [2024-05-21T05:48:14.682+0000] {dag.py:3047} INFO - Sync 1 DAGs
[2024-05-21T05:48:14.694+0000] {logging_mixin.py:188} INFO - [2024-05-21T05:48:14.694+0000] {dag.py:3834} INFO - Setting next_dagrun for tutorial_objectstorage to None, run_after=None
[2024-05-21T05:48:14.711+0000] {processor.py:183} INFO - Processing /home/airflow/.local/lib/python3.9/site-packages/airflow/example_dags/tutorial_objectstorage.py took 0.051 seconds
[2024-05-21T05:48:45.663+0000] {processor.py:161} INFO - Started process (PID=126) to work on /home/airflow/.local/lib/python3.9/site-packages/airflow/example_dags/tutorial_objectstorage.py
[2024-05-21T05:48:45.664+0000] {processor.py:830} INFO - Processing file /home/airflow/.local/lib/python3.9/site-packages/airflow/example_dags/tutorial_objectstorage.py for tasks to queue
[2024-05-21T05:48:45.665+0000] {logging_mixin.py:188} INFO - [2024-05-21T05:48:45.665+0000] {dagbag.py:540} INFO - Filling up the DagBag from /home/airflow/.local/lib/python3.9/site-packages/airflow/example_dags/tutorial_objectstorage.py
[2024-05-21T05:48:45.671+0000] {processor.py:840} INFO - DAG(s) 'tutorial_objectstorage' retrieved from /home/airflow/.local/lib/python3.9/site-packages/airflow/example_dags/tutorial_objectstorage.py
[2024-05-21T05:48:45.741+0000] {logging_mixin.py:188} INFO - [2024-05-21T05:48:45.741+0000] {dag.py:3047} INFO - Sync 1 DAGs
[2024-05-21T05:48:45.750+0000] {logging_mixin.py:188} INFO - [2024-05-21T05:48:45.749+0000] {dag.py:3834} INFO - Setting next_dagrun for tutorial_objectstorage to None, run_after=None
[2024-05-21T05:48:45.764+0000] {processor.py:183} INFO - Processing /home/airflow/.local/lib/python3.9/site-packages/airflow/example_dags/tutorial_objectstorage.py took 0.104 seconds
[2024-05-21T05:49:16.100+0000] {processor.py:161} INFO - Started process (PID=183) to work on /home/airflow/.local/lib/python3.9/site-packages/airflow/example_dags/tutorial_objectstorage.py
[2024-05-21T05:49:16.102+0000] {processor.py:830} INFO - Processing file /home/airflow/.local/lib/python3.9/site-packages/airflow/example_dags/tutorial_objectstorage.py for tasks to queue
[2024-05-21T05:49:16.104+0000] {logging_mixin.py:188} INFO - [2024-05-21T05:49:16.103+0000] {dagbag.py:540} INFO - Filling up the DagBag from /home/airflow/.local/lib/python3.9/site-packages/airflow/example_dags/tutorial_objectstorage.py
[2024-05-21T05:49:16.109+0000] {processor.py:840} INFO - DAG(s) 'tutorial_objectstorage' retrieved from /home/airflow/.local/lib/python3.9/site-packages/airflow/example_dags/tutorial_objectstorage.py
[2024-05-21T05:49:16.125+0000] {logging_mixin.py:188} INFO - [2024-05-21T05:49:16.124+0000] {dag.py:3047} INFO - Sync 1 DAGs
[2024-05-21T05:49:16.134+0000] {logging_mixin.py:188} INFO - [2024-05-21T05:49:16.134+0000] {dag.py:3834} INFO - Setting next_dagrun for tutorial_objectstorage to None, run_after=None
[2024-05-21T05:49:16.152+0000] {processor.py:183} INFO - Processing /home/airflow/.local/lib/python3.9/site-packages/airflow/example_dags/tutorial_objectstorage.py took 0.054 seconds
[2024-05-21T05:49:46.452+0000] {processor.py:161} INFO - Started process (PID=244) to work on /home/airflow/.local/lib/python3.9/site-packages/airflow/example_dags/tutorial_objectstorage.py
[2024-05-21T05:49:46.453+0000] {processor.py:830} INFO - Processing file /home/airflow/.local/lib/python3.9/site-packages/airflow/example_dags/tutorial_objectstorage.py for tasks to queue
[2024-05-21T05:49:46.455+0000] {logging_mixin.py:188} INFO - [2024-05-21T05:49:46.455+0000] {dagbag.py:540} INFO - Filling up the DagBag from /home/airflow/.local/lib/python3.9/site-packages/airflow/example_dags/tutorial_objectstorage.py
[2024-05-21T05:49:46.462+0000] {processor.py:840} INFO - DAG(s) 'tutorial_objectstorage' retrieved from /home/airflow/.local/lib/python3.9/site-packages/airflow/example_dags/tutorial_objectstorage.py
[2024-05-21T05:49:46.480+0000] {logging_mixin.py:188} INFO - [2024-05-21T05:49:46.480+0000] {dag.py:3047} INFO - Sync 1 DAGs
[2024-05-21T05:49:46.490+0000] {logging_mixin.py:188} INFO - [2024-05-21T05:49:46.489+0000] {dag.py:3834} INFO - Setting next_dagrun for tutorial_objectstorage to None, run_after=None
[2024-05-21T05:49:46.508+0000] {processor.py:183} INFO - Processing /home/airflow/.local/lib/python3.9/site-packages/airflow/example_dags/tutorial_objectstorage.py took 0.059 seconds
[2024-05-21T05:50:17.390+0000] {processor.py:161} INFO - Started process (PID=301) to work on /home/airflow/.local/lib/python3.9/site-packages/airflow/example_dags/tutorial_objectstorage.py
[2024-05-21T05:50:17.392+0000] {processor.py:830} INFO - Processing file /home/airflow/.local/lib/python3.9/site-packages/airflow/example_dags/tutorial_objectstorage.py for tasks to queue
[2024-05-21T05:50:17.395+0000] {logging_mixin.py:188} INFO - [2024-05-21T05:50:17.394+0000] {dagbag.py:540} INFO - Filling up the DagBag from /home/airflow/.local/lib/python3.9/site-packages/airflow/example_dags/tutorial_objectstorage.py
[2024-05-21T05:50:17.401+0000] {processor.py:840} INFO - DAG(s) 'tutorial_objectstorage' retrieved from /home/airflow/.local/lib/python3.9/site-packages/airflow/example_dags/tutorial_objectstorage.py
[2024-05-21T05:50:17.420+0000] {logging_mixin.py:188} INFO - [2024-05-21T05:50:17.420+0000] {dag.py:3047} INFO - Sync 1 DAGs
[2024-05-21T05:50:17.432+0000] {logging_mixin.py:188} INFO - [2024-05-21T05:50:17.431+0000] {dag.py:3834} INFO - Setting next_dagrun for tutorial_objectstorage to None, run_after=None
[2024-05-21T05:50:17.452+0000] {processor.py:183} INFO - Processing /home/airflow/.local/lib/python3.9/site-packages/airflow/example_dags/tutorial_objectstorage.py took 0.064 seconds
[2024-05-21T05:50:48.018+0000] {processor.py:161} INFO - Started process (PID=362) to work on /home/airflow/.local/lib/python3.9/site-packages/airflow/example_dags/tutorial_objectstorage.py
[2024-05-21T05:50:48.019+0000] {processor.py:830} INFO - Processing file /home/airflow/.local/lib/python3.9/site-packages/airflow/example_dags/tutorial_objectstorage.py for tasks to queue
[2024-05-21T05:50:48.021+0000] {logging_mixin.py:188} INFO - [2024-05-21T05:50:48.021+0000] {dagbag.py:540} INFO - Filling up the DagBag from /home/airflow/.local/lib/python3.9/site-packages/airflow/example_dags/tutorial_objectstorage.py
[2024-05-21T05:50:48.027+0000] {processor.py:840} INFO - DAG(s) 'tutorial_objectstorage' retrieved from /home/airflow/.local/lib/python3.9/site-packages/airflow/example_dags/tutorial_objectstorage.py
[2024-05-21T05:50:48.045+0000] {logging_mixin.py:188} INFO - [2024-05-21T05:50:48.045+0000] {dag.py:3047} INFO - Sync 1 DAGs
[2024-05-21T05:50:48.054+0000] {logging_mixin.py:188} INFO - [2024-05-21T05:50:48.054+0000] {dag.py:3834} INFO - Setting next_dagrun for tutorial_objectstorage to None, run_after=None
[2024-05-21T05:50:48.069+0000] {processor.py:183} INFO - Processing /home/airflow/.local/lib/python3.9/site-packages/airflow/example_dags/tutorial_objectstorage.py took 0.053 seconds
[2024-05-21T05:51:18.562+0000] {processor.py:161} INFO - Started process (PID=419) to work on /home/airflow/.local/lib/python3.9/site-packages/airflow/example_dags/tutorial_objectstorage.py
[2024-05-21T05:51:18.563+0000] {processor.py:830} INFO - Processing file /home/airflow/.local/lib/python3.9/site-packages/airflow/example_dags/tutorial_objectstorage.py for tasks to queue
[2024-05-21T05:51:18.565+0000] {logging_mixin.py:188} INFO - [2024-05-21T05:51:18.564+0000] {dagbag.py:540} INFO - Filling up the DagBag from /home/airflow/.local/lib/python3.9/site-packages/airflow/example_dags/tutorial_objectstorage.py
[2024-05-21T05:51:18.570+0000] {processor.py:840} INFO - DAG(s) 'tutorial_objectstorage' retrieved from /home/airflow/.local/lib/python3.9/site-packages/airflow/example_dags/tutorial_objectstorage.py
[2024-05-21T05:51:18.585+0000] {logging_mixin.py:188} INFO - [2024-05-21T05:51:18.585+0000] {dag.py:3047} INFO - Sync 1 DAGs
[2024-05-21T05:51:18.596+0000] {logging_mixin.py:188} INFO - [2024-05-21T05:51:18.595+0000] {dag.py:3834} INFO - Setting next_dagrun for tutorial_objectstorage to None, run_after=None
[2024-05-21T05:51:18.612+0000] {processor.py:183} INFO - Processing /home/airflow/.local/lib/python3.9/site-packages/airflow/example_dags/tutorial_objectstorage.py took 0.053 seconds
[2024-05-21T05:51:49.498+0000] {processor.py:161} INFO - Started process (PID=476) to work on /home/airflow/.local/lib/python3.9/site-packages/airflow/example_dags/tutorial_objectstorage.py
[2024-05-21T05:51:49.499+0000] {processor.py:830} INFO - Processing file /home/airflow/.local/lib/python3.9/site-packages/airflow/example_dags/tutorial_objectstorage.py for tasks to queue
[2024-05-21T05:51:49.501+0000] {logging_mixin.py:188} INFO - [2024-05-21T05:51:49.501+0000] {dagbag.py:540} INFO - Filling up the DagBag from /home/airflow/.local/lib/python3.9/site-packages/airflow/example_dags/tutorial_objectstorage.py
[2024-05-21T05:51:49.507+0000] {processor.py:840} INFO - DAG(s) 'tutorial_objectstorage' retrieved from /home/airflow/.local/lib/python3.9/site-packages/airflow/example_dags/tutorial_objectstorage.py
[2024-05-21T05:51:49.525+0000] {logging_mixin.py:188} INFO - [2024-05-21T05:51:49.525+0000] {dag.py:3047} INFO - Sync 1 DAGs
[2024-05-21T05:51:49.536+0000] {logging_mixin.py:188} INFO - [2024-05-21T05:51:49.536+0000] {dag.py:3834} INFO - Setting next_dagrun for tutorial_objectstorage to None, run_after=None
[2024-05-21T05:51:49.552+0000] {processor.py:183} INFO - Processing /home/airflow/.local/lib/python3.9/site-packages/airflow/example_dags/tutorial_objectstorage.py took 0.056 seconds
