[2024-05-21T03:35:29.846+0000] {processor.py:161} INFO - Started process (PID=84) to work on /home/airflow/.local/lib/python3.9/site-packages/airflow/example_dags/subdags/subdag.py
[2024-05-21T03:35:29.847+0000] {processor.py:830} INFO - Processing file /home/airflow/.local/lib/python3.9/site-packages/airflow/example_dags/subdags/subdag.py for tasks to queue
[2024-05-21T03:35:29.849+0000] {logging_mixin.py:188} INFO - [2024-05-21T03:35:29.849+0000] {dagbag.py:540} INFO - Filling up the DagBag from /home/airflow/.local/lib/python3.9/site-packages/airflow/example_dags/subdags/subdag.py
[2024-05-21T03:35:29.859+0000] {processor.py:842} WARNING - No viable dags retrieved from /home/airflow/.local/lib/python3.9/site-packages/airflow/example_dags/subdags/subdag.py
[2024-05-21T03:35:29.875+0000] {processor.py:183} INFO - Processing /home/airflow/.local/lib/python3.9/site-packages/airflow/example_dags/subdags/subdag.py took 0.032 seconds
[2024-05-21T03:36:09.643+0000] {processor.py:161} INFO - Started process (PID=147) to work on /home/airflow/.local/lib/python3.9/site-packages/airflow/example_dags/subdags/subdag.py
[2024-05-21T03:36:09.645+0000] {processor.py:830} INFO - Processing file /home/airflow/.local/lib/python3.9/site-packages/airflow/example_dags/subdags/subdag.py for tasks to queue
[2024-05-21T03:36:09.664+0000] {logging_mixin.py:188} INFO - [2024-05-21T03:36:09.662+0000] {dagbag.py:540} INFO - Filling up the DagBag from /home/airflow/.local/lib/python3.9/site-packages/airflow/example_dags/subdags/subdag.py
[2024-05-21T03:36:09.690+0000] {processor.py:842} WARNING - No viable dags retrieved from /home/airflow/.local/lib/python3.9/site-packages/airflow/example_dags/subdags/subdag.py
[2024-05-21T03:36:09.744+0000] {processor.py:183} INFO - Processing /home/airflow/.local/lib/python3.9/site-packages/airflow/example_dags/subdags/subdag.py took 0.124 seconds
[2024-05-21T03:36:46.788+0000] {processor.py:161} INFO - Started process (PID=204) to work on /home/airflow/.local/lib/python3.9/site-packages/airflow/example_dags/subdags/subdag.py
[2024-05-21T03:36:46.812+0000] {processor.py:830} INFO - Processing file /home/airflow/.local/lib/python3.9/site-packages/airflow/example_dags/subdags/subdag.py for tasks to queue
[2024-05-21T03:36:46.815+0000] {logging_mixin.py:188} INFO - [2024-05-21T03:36:46.814+0000] {dagbag.py:540} INFO - Filling up the DagBag from /home/airflow/.local/lib/python3.9/site-packages/airflow/example_dags/subdags/subdag.py
[2024-05-21T03:36:46.817+0000] {processor.py:842} WARNING - No viable dags retrieved from /home/airflow/.local/lib/python3.9/site-packages/airflow/example_dags/subdags/subdag.py
[2024-05-21T03:36:47.066+0000] {processor.py:183} INFO - Processing /home/airflow/.local/lib/python3.9/site-packages/airflow/example_dags/subdags/subdag.py took 0.282 seconds
[2024-05-21T03:37:39.161+0000] {processor.py:161} INFO - Started process (PID=268) to work on /home/airflow/.local/lib/python3.9/site-packages/airflow/example_dags/subdags/subdag.py
[2024-05-21T03:37:39.163+0000] {processor.py:830} INFO - Processing file /home/airflow/.local/lib/python3.9/site-packages/airflow/example_dags/subdags/subdag.py for tasks to queue
[2024-05-21T03:37:39.165+0000] {logging_mixin.py:188} INFO - [2024-05-21T03:37:39.165+0000] {dagbag.py:540} INFO - Filling up the DagBag from /home/airflow/.local/lib/python3.9/site-packages/airflow/example_dags/subdags/subdag.py
[2024-05-21T03:37:39.168+0000] {processor.py:842} WARNING - No viable dags retrieved from /home/airflow/.local/lib/python3.9/site-packages/airflow/example_dags/subdags/subdag.py
[2024-05-21T03:37:39.186+0000] {processor.py:183} INFO - Processing /home/airflow/.local/lib/python3.9/site-packages/airflow/example_dags/subdags/subdag.py took 0.028 seconds
[2024-05-21T03:38:34.281+0000] {processor.py:161} INFO - Started process (PID=331) to work on /home/airflow/.local/lib/python3.9/site-packages/airflow/example_dags/subdags/subdag.py
[2024-05-21T03:38:34.282+0000] {processor.py:830} INFO - Processing file /home/airflow/.local/lib/python3.9/site-packages/airflow/example_dags/subdags/subdag.py for tasks to queue
[2024-05-21T03:38:34.285+0000] {logging_mixin.py:188} INFO - [2024-05-21T03:38:34.285+0000] {dagbag.py:540} INFO - Filling up the DagBag from /home/airflow/.local/lib/python3.9/site-packages/airflow/example_dags/subdags/subdag.py
[2024-05-21T03:38:34.289+0000] {processor.py:842} WARNING - No viable dags retrieved from /home/airflow/.local/lib/python3.9/site-packages/airflow/example_dags/subdags/subdag.py
[2024-05-21T03:38:34.437+0000] {processor.py:183} INFO - Processing /home/airflow/.local/lib/python3.9/site-packages/airflow/example_dags/subdags/subdag.py took 0.160 seconds
[2024-05-21T03:39:05.784+0000] {processor.py:161} INFO - Started process (PID=397) to work on /home/airflow/.local/lib/python3.9/site-packages/airflow/example_dags/subdags/subdag.py
[2024-05-21T03:39:05.789+0000] {processor.py:830} INFO - Processing file /home/airflow/.local/lib/python3.9/site-packages/airflow/example_dags/subdags/subdag.py for tasks to queue
[2024-05-21T03:39:05.793+0000] {logging_mixin.py:188} INFO - [2024-05-21T03:39:05.793+0000] {dagbag.py:540} INFO - Filling up the DagBag from /home/airflow/.local/lib/python3.9/site-packages/airflow/example_dags/subdags/subdag.py
[2024-05-21T03:39:05.800+0000] {processor.py:842} WARNING - No viable dags retrieved from /home/airflow/.local/lib/python3.9/site-packages/airflow/example_dags/subdags/subdag.py
[2024-05-21T03:39:05.829+0000] {processor.py:183} INFO - Processing /home/airflow/.local/lib/python3.9/site-packages/airflow/example_dags/subdags/subdag.py took 0.051 seconds
[2024-05-21T05:48:15.445+0000] {processor.py:161} INFO - Started process (PID=84) to work on /home/airflow/.local/lib/python3.9/site-packages/airflow/example_dags/subdags/subdag.py
[2024-05-21T05:48:15.446+0000] {processor.py:830} INFO - Processing file /home/airflow/.local/lib/python3.9/site-packages/airflow/example_dags/subdags/subdag.py for tasks to queue
[2024-05-21T05:48:15.448+0000] {logging_mixin.py:188} INFO - [2024-05-21T05:48:15.448+0000] {dagbag.py:540} INFO - Filling up the DagBag from /home/airflow/.local/lib/python3.9/site-packages/airflow/example_dags/subdags/subdag.py
[2024-05-21T05:48:15.450+0000] {processor.py:842} WARNING - No viable dags retrieved from /home/airflow/.local/lib/python3.9/site-packages/airflow/example_dags/subdags/subdag.py
[2024-05-21T05:48:15.466+0000] {processor.py:183} INFO - Processing /home/airflow/.local/lib/python3.9/site-packages/airflow/example_dags/subdags/subdag.py took 0.023 seconds
[2024-05-21T05:48:46.756+0000] {processor.py:161} INFO - Started process (PID=141) to work on /home/airflow/.local/lib/python3.9/site-packages/airflow/example_dags/subdags/subdag.py
[2024-05-21T05:48:46.757+0000] {processor.py:830} INFO - Processing file /home/airflow/.local/lib/python3.9/site-packages/airflow/example_dags/subdags/subdag.py for tasks to queue
[2024-05-21T05:48:46.759+0000] {logging_mixin.py:188} INFO - [2024-05-21T05:48:46.759+0000] {dagbag.py:540} INFO - Filling up the DagBag from /home/airflow/.local/lib/python3.9/site-packages/airflow/example_dags/subdags/subdag.py
[2024-05-21T05:48:46.761+0000] {processor.py:842} WARNING - No viable dags retrieved from /home/airflow/.local/lib/python3.9/site-packages/airflow/example_dags/subdags/subdag.py
[2024-05-21T05:48:46.772+0000] {processor.py:183} INFO - Processing /home/airflow/.local/lib/python3.9/site-packages/airflow/example_dags/subdags/subdag.py took 0.018 seconds
[2024-05-21T05:49:17.185+0000] {processor.py:161} INFO - Started process (PID=198) to work on /home/airflow/.local/lib/python3.9/site-packages/airflow/example_dags/subdags/subdag.py
[2024-05-21T05:49:17.186+0000] {processor.py:830} INFO - Processing file /home/airflow/.local/lib/python3.9/site-packages/airflow/example_dags/subdags/subdag.py for tasks to queue
[2024-05-21T05:49:17.188+0000] {logging_mixin.py:188} INFO - [2024-05-21T05:49:17.188+0000] {dagbag.py:540} INFO - Filling up the DagBag from /home/airflow/.local/lib/python3.9/site-packages/airflow/example_dags/subdags/subdag.py
[2024-05-21T05:49:17.190+0000] {processor.py:842} WARNING - No viable dags retrieved from /home/airflow/.local/lib/python3.9/site-packages/airflow/example_dags/subdags/subdag.py
[2024-05-21T05:49:17.203+0000] {processor.py:183} INFO - Processing /home/airflow/.local/lib/python3.9/site-packages/airflow/example_dags/subdags/subdag.py took 0.021 seconds
[2024-05-21T05:49:47.364+0000] {processor.py:161} INFO - Started process (PID=259) to work on /home/airflow/.local/lib/python3.9/site-packages/airflow/example_dags/subdags/subdag.py
[2024-05-21T05:49:47.366+0000] {processor.py:830} INFO - Processing file /home/airflow/.local/lib/python3.9/site-packages/airflow/example_dags/subdags/subdag.py for tasks to queue
[2024-05-21T05:49:47.368+0000] {logging_mixin.py:188} INFO - [2024-05-21T05:49:47.368+0000] {dagbag.py:540} INFO - Filling up the DagBag from /home/airflow/.local/lib/python3.9/site-packages/airflow/example_dags/subdags/subdag.py
[2024-05-21T05:49:47.370+0000] {processor.py:842} WARNING - No viable dags retrieved from /home/airflow/.local/lib/python3.9/site-packages/airflow/example_dags/subdags/subdag.py
[2024-05-21T05:49:47.382+0000] {processor.py:183} INFO - Processing /home/airflow/.local/lib/python3.9/site-packages/airflow/example_dags/subdags/subdag.py took 0.020 seconds
[2024-05-21T05:50:18.152+0000] {processor.py:161} INFO - Started process (PID=316) to work on /home/airflow/.local/lib/python3.9/site-packages/airflow/example_dags/subdags/subdag.py
[2024-05-21T05:50:18.153+0000] {processor.py:830} INFO - Processing file /home/airflow/.local/lib/python3.9/site-packages/airflow/example_dags/subdags/subdag.py for tasks to queue
[2024-05-21T05:50:18.155+0000] {logging_mixin.py:188} INFO - [2024-05-21T05:50:18.155+0000] {dagbag.py:540} INFO - Filling up the DagBag from /home/airflow/.local/lib/python3.9/site-packages/airflow/example_dags/subdags/subdag.py
[2024-05-21T05:50:18.158+0000] {processor.py:842} WARNING - No viable dags retrieved from /home/airflow/.local/lib/python3.9/site-packages/airflow/example_dags/subdags/subdag.py
[2024-05-21T05:50:18.170+0000] {processor.py:183} INFO - Processing /home/airflow/.local/lib/python3.9/site-packages/airflow/example_dags/subdags/subdag.py took 0.021 seconds
[2024-05-21T05:50:48.695+0000] {processor.py:161} INFO - Started process (PID=377) to work on /home/airflow/.local/lib/python3.9/site-packages/airflow/example_dags/subdags/subdag.py
[2024-05-21T05:50:48.696+0000] {processor.py:830} INFO - Processing file /home/airflow/.local/lib/python3.9/site-packages/airflow/example_dags/subdags/subdag.py for tasks to queue
[2024-05-21T05:50:48.698+0000] {logging_mixin.py:188} INFO - [2024-05-21T05:50:48.697+0000] {dagbag.py:540} INFO - Filling up the DagBag from /home/airflow/.local/lib/python3.9/site-packages/airflow/example_dags/subdags/subdag.py
[2024-05-21T05:50:48.700+0000] {processor.py:842} WARNING - No viable dags retrieved from /home/airflow/.local/lib/python3.9/site-packages/airflow/example_dags/subdags/subdag.py
[2024-05-21T05:50:48.710+0000] {processor.py:183} INFO - Processing /home/airflow/.local/lib/python3.9/site-packages/airflow/example_dags/subdags/subdag.py took 0.018 seconds
[2024-05-21T05:51:19.333+0000] {processor.py:161} INFO - Started process (PID=434) to work on /home/airflow/.local/lib/python3.9/site-packages/airflow/example_dags/subdags/subdag.py
[2024-05-21T05:51:19.335+0000] {processor.py:830} INFO - Processing file /home/airflow/.local/lib/python3.9/site-packages/airflow/example_dags/subdags/subdag.py for tasks to queue
[2024-05-21T05:51:19.336+0000] {logging_mixin.py:188} INFO - [2024-05-21T05:51:19.336+0000] {dagbag.py:540} INFO - Filling up the DagBag from /home/airflow/.local/lib/python3.9/site-packages/airflow/example_dags/subdags/subdag.py
[2024-05-21T05:51:19.338+0000] {processor.py:842} WARNING - No viable dags retrieved from /home/airflow/.local/lib/python3.9/site-packages/airflow/example_dags/subdags/subdag.py
[2024-05-21T05:51:19.351+0000] {processor.py:183} INFO - Processing /home/airflow/.local/lib/python3.9/site-packages/airflow/example_dags/subdags/subdag.py took 0.020 seconds
[2024-05-21T05:51:50.242+0000] {processor.py:161} INFO - Started process (PID=491) to work on /home/airflow/.local/lib/python3.9/site-packages/airflow/example_dags/subdags/subdag.py
[2024-05-21T05:51:50.244+0000] {processor.py:830} INFO - Processing file /home/airflow/.local/lib/python3.9/site-packages/airflow/example_dags/subdags/subdag.py for tasks to queue
[2024-05-21T05:51:50.246+0000] {logging_mixin.py:188} INFO - [2024-05-21T05:51:50.246+0000] {dagbag.py:540} INFO - Filling up the DagBag from /home/airflow/.local/lib/python3.9/site-packages/airflow/example_dags/subdags/subdag.py
[2024-05-21T05:51:50.248+0000] {processor.py:842} WARNING - No viable dags retrieved from /home/airflow/.local/lib/python3.9/site-packages/airflow/example_dags/subdags/subdag.py
[2024-05-21T05:51:50.260+0000] {processor.py:183} INFO - Processing /home/airflow/.local/lib/python3.9/site-packages/airflow/example_dags/subdags/subdag.py took 0.021 seconds
